Welcome to the CBC MILP Solver 
Version: 2.10.3 
Build Date: Dec 15 2019 

command line - /home/cdmonsalvea/AI_OR_Workflow/.venv/lib/python3.10/site-packages/pulp/solverdir/cbc/linux/64/cbc /tmp/4858a70fce1246059b86e4d4832ed4f8-pulp.mps -sec 3600 -timeMode elapsed -branch -printingOptions all -solution /tmp/4858a70fce1246059b86e4d4832ed4f8-pulp.sol (default strategy 1)
At line 2 NAME          MODEL
At line 3 ROWS
At line 229 COLUMNS
At line 38196 RHS
At line 38421 BOUNDS
At line 38534 ENDATA
Problem MODEL has 224 rows, 12656 columns and 25200 elements
Coin0008I MODEL read with 0 errors
seconds was changed from 1e+100 to 3600
Option for timeMode changed from cpu to elapsed
Continuous objective value is 7.89179e+07 - 0.01 seconds
Cgl0004I processed model has 224 rows, 12656 columns (112 integer (112 of which binary)) and 25200 elements
Cbc0038I Initial state - 111 integers unsatisfied sum - 15.2471
Cbc0038I Pass   1: suminf.    0.38541 (1) obj. 9.01132e+08 iterations 112
Cbc0038I Solution found of 9.02e+08
Cbc0038I Relaxing continuous gives 7.69619e+08
Cbc0038I Before mini branch and bound, 1 integers at bound fixed and 12321 continuous
Cbc0038I Full problem 224 rows 12656 columns, reduced to 217 rows 322 columns
Cbc0038I Mini branch and bound improved solution from 7.69619e+08 to 3.57951e+08 (0.11 seconds)
Cbc0038I Freeing continuous variables gives a solution of 3.27374e+08
Cbc0038I Round again with cutoff of 3.02528e+08
Cbc0038I Pass   2: suminf.    5.12035 (47) obj. 3.02528e+08 iterations 197
Cbc0038I Pass   3: suminf.    2.40775 (33) obj. 3.02528e+08 iterations 72
Cbc0038I Pass   4: suminf.    0.48135 (9) obj. 3.02528e+08 iterations 119
Cbc0038I Pass   5: suminf.    0.57090 (9) obj. 3.02528e+08 iterations 38
Cbc0038I Pass   6: suminf.    0.70834 (8) obj. 3.02528e+08 iterations 61
Cbc0038I Pass   7: suminf.    0.68737 (8) obj. 3.02528e+08 iterations 4
Cbc0038I Pass   8: suminf.    0.87749 (7) obj. 3.02528e+08 iterations 42
Cbc0038I Pass   9: suminf.    0.87728 (7) obj. 3.02528e+08 iterations 1
Cbc0038I Pass  10: suminf.    0.96313 (8) obj. 3.02528e+08 iterations 26
Cbc0038I Pass  11: suminf.    0.96313 (8) obj. 3.02528e+08 iterations 0
Cbc0038I Pass  12: suminf.    1.47111 (13) obj. 3.02528e+08 iterations 31
Cbc0038I Pass  13: suminf.    1.46314 (14) obj. 3.02528e+08 iterations 3
Cbc0038I Pass  14: suminf.    4.13872 (26) obj. 3.02528e+08 iterations 49
Cbc0038I Pass  15: suminf.    4.13872 (26) obj. 3.02528e+08 iterations 0
Cbc0038I Pass  16: suminf.    5.07194 (26) obj. 3.02528e+08 iterations 28
Cbc0038I Pass  17: suminf.    4.05331 (26) obj. 3.02528e+08 iterations 10
Cbc0038I Pass  18: suminf.    3.94904 (26) obj. 3.02528e+08 iterations 17
Cbc0038I Pass  19: suminf.    3.93307 (25) obj. 3.02528e+08 iterations 4
Cbc0038I Pass  20: suminf.    4.30066 (25) obj. 3.02528e+08 iterations 13
Cbc0038I Pass  21: suminf.    3.67154 (25) obj. 3.02528e+08 iterations 7
Cbc0038I Pass  22: suminf.    3.83587 (25) obj. 3.02528e+08 iterations 15
Cbc0038I Pass  23: suminf.    3.76830 (25) obj. 3.02528e+08 iterations 3
Cbc0038I Pass  24: suminf.    3.26474 (24) obj. 3.02528e+08 iterations 5
Cbc0038I Pass  25: suminf.    4.30066 (25) obj. 3.02528e+08 iterations 14
Cbc0038I Pass  26: suminf.    4.06461 (26) obj. 3.02528e+08 iterations 9
Cbc0038I Pass  27: suminf.    4.10620 (25) obj. 3.02528e+08 iterations 20
Cbc0038I Pass  28: suminf.    3.76830 (25) obj. 3.02528e+08 iterations 3
Cbc0038I Pass  29: suminf.    3.65975 (25) obj. 3.02528e+08 iterations 3
Cbc0038I Pass  30: suminf.    4.10620 (25) obj. 3.02528e+08 iterations 12
Cbc0038I Pass  31: suminf.    1.76081 (15) obj. 3.02528e+08 iterations 113
Cbc0038I No solution found this major pass
Cbc0038I Before mini branch and bound, 0 integers at bound fixed and 12249 continuous
Cbc0038I Full problem 224 rows 12656 columns, reduced to 184 rows 357 columns
Cbc0038I Mini branch and bound improved solution from 3.27374e+08 to 3.026e+08 (0.33 seconds)
Cbc0038I Freeing continuous variables gives a solution of 2.94023e+08
Cbc0038I Round again with cutoff of 2.51002e+08
Cbc0038I Pass  31: suminf.    5.94827 (58) obj. 2.51002e+08 iterations 18
Cbc0038I Pass  32: suminf.    1.73768 (30) obj. 2.51002e+08 iterations 142
Cbc0038I Pass  33: suminf.    3.77800 (39) obj. 2.51002e+08 iterations 117
Cbc0038I Pass  34: suminf.    3.76876 (39) obj. 2.51002e+08 iterations 2
Cbc0038I Pass  35: suminf.    5.89103 (45) obj. 2.51002e+08 iterations 74
Cbc0038I Pass  36: suminf.    5.79225 (43) obj. 2.51002e+08 iterations 2
Cbc0038I Pass  37: suminf.    5.40953 (43) obj. 2.51002e+08 iterations 2
Cbc0038I Pass  38: suminf.    5.99188 (44) obj. 2.51002e+08 iterations 10
Cbc0038I Pass  39: suminf.    5.98649 (44) obj. 2.51002e+08 iterations 2
Cbc0038I Pass  40: suminf.    5.46283 (43) obj. 2.51002e+08 iterations 20
Cbc0038I Pass  41: suminf.    5.31172 (44) obj. 2.51002e+08 iterations 2
Cbc0038I Pass  42: suminf.    5.14181 (43) obj. 2.51002e+08 iterations 4
Cbc0038I Pass  43: suminf.    5.97013 (44) obj. 2.51002e+08 iterations 18
Cbc0038I Pass  44: suminf.    5.93370 (45) obj. 2.51002e+08 iterations 2
Cbc0038I Pass  45: suminf.    5.73928 (43) obj. 2.51002e+08 iterations 15
Cbc0038I Pass  46: suminf.    5.35489 (45) obj. 2.51002e+08 iterations 10
Cbc0038I Pass  47: suminf.    5.97013 (44) obj. 2.51002e+08 iterations 8
Cbc0038I Pass  48: suminf.    3.66069 (36) obj. 2.51002e+08 iterations 84
Cbc0038I Pass  49: suminf.    5.68211 (42) obj. 2.51002e+08 iterations 51
Cbc0038I Pass  50: suminf.    5.41654 (41) obj. 2.51002e+08 iterations 5
Cbc0038I Pass  51: suminf.    5.34395 (43) obj. 2.51002e+08 iterations 12
Cbc0038I Pass  52: suminf.    5.33857 (44) obj. 2.51002e+08 iterations 1
Cbc0038I Pass  53: suminf.    5.44102 (42) obj. 2.51002e+08 iterations 20
Cbc0038I Pass  54: suminf.    4.63175 (41) obj. 2.51002e+08 iterations 7
Cbc0038I Pass  55: suminf.    5.44102 (42) obj. 2.51002e+08 iterations 13
Cbc0038I Pass  56: suminf.    2.89573 (38) obj. 2.51002e+08 iterations 117
Cbc0038I Pass  57: suminf.    5.19946 (45) obj. 2.51002e+08 iterations 40
Cbc0038I Pass  58: suminf.    5.17909 (43) obj. 2.51002e+08 iterations 2
Cbc0038I Pass  59: suminf.    5.12768 (43) obj. 2.51002e+08 iterations 14
Cbc0038I Pass  60: suminf.    5.09125 (43) obj. 2.51002e+08 iterations 3
Cbc0038I No solution found this major pass
Cbc0038I Before mini branch and bound, 1 integers at bound fixed and 12313 continuous
Cbc0038I Full problem 224 rows 12656 columns, reduced to 145 rows 254 columns
Cbc0038I Mini branch and bound did not improve solution (0.56 seconds)
Cbc0038I After 0.56 seconds - Feasibility pump exiting with objective of 2.94023e+08 - took 0.49 seconds
Cbc0012I Integer solution of 2.9402342e+08 found by feasibility pump after 0 iterations and 0 nodes (0.56 seconds)
Cbc0012I Integer solution of 2.9396019e+08 found by DiveCoefficient after 175 iterations and 0 nodes (0.97 seconds)
Cbc0031I 141 added rows had average density of 150.10638
Cbc0013I At root node, 141 cuts changed objective from 78917859 to 2.5153527e+08 in 7 passes
Cbc0014I Cut generator 0 (Probing) - 1 row cuts average 112.0 elements, 0 column cuts (0 active)  in 0.049 seconds - new frequency is -100
Cbc0014I Cut generator 1 (Gomory) - 115 row cuts average 118.8 elements, 0 column cuts (0 active)  in 0.034 seconds - new frequency is -100
Cbc0014I Cut generator 2 (Knapsack) - 0 row cuts average 0.0 elements, 0 column cuts (0 active)  in 0.002 seconds - new frequency is -100
Cbc0014I Cut generator 3 (Clique) - 0 row cuts average 0.0 elements, 0 column cuts (0 active)  in 0.000 seconds - new frequency is -100
Cbc0014I Cut generator 4 (MixedIntegerRounding2) - 0 row cuts average 0.0 elements, 0 column cuts (0 active)  in 0.011 seconds - new frequency is -100
Cbc0014I Cut generator 5 (FlowCover) - 0 row cuts average 0.0 elements, 0 column cuts (0 active)  in 0.038 seconds - new frequency is -100
Cbc0014I Cut generator 6 (TwoMirCuts) - 156 row cuts average 153.6 elements, 0 column cuts (0 active)  in 0.038 seconds - new frequency is 1
Cbc0010I After 0 nodes, 1 on tree, 2.9396019e+08 best solution, best possible 2.5153527e+08 (0.99 seconds)
Cbc0012I Integer solution of 2.9306968e+08 found by DiveCoefficient after 178 iterations and 1 nodes (1.09 seconds)
Cbc0012I Integer solution of 2.9226603e+08 found by DiveCoefficient after 179 iterations and 2 nodes (1.15 seconds)
Cbc0012I Integer solution of 2.9217774e+08 found by DiveCoefficient after 182 iterations and 3 nodes (1.30 seconds)
Cbc0012I Integer solution of 2.9040887e+08 found by DiveCoefficient after 186 iterations and 5 nodes (1.63 seconds)
Cbc0012I Integer solution of 2.8960239e+08 found by DiveCoefficient after 189 iterations and 7 nodes (1.80 seconds)
Cbc0012I Integer solution of 2.8821586e+08 found by DiveCoefficient after 190 iterations and 8 nodes (1.89 seconds)
Cbc0012I Integer solution of 2.8773973e+08 found by DiveCoefficient after 192 iterations and 9 nodes (1.98 seconds)
Cbc0012I Integer solution of 2.8702468e+08 found by DiveCoefficient after 196 iterations and 12 nodes (2.09 seconds)
Cbc0038I Full problem 224 rows 12656 columns, reduced to 174 rows 6967 columns - 1 fixed gives 174, 6966 - still too large
Cbc0038I Full problem 224 rows 12656 columns, reduced to 174 rows 6966 columns - too large
Cbc0012I Integer solution of 2.7658965e+08 found by rounding after 321 iterations and 58 nodes (2.70 seconds)
Cbc0012I Integer solution of 2.729e+08 found by rounding after 337 iterations and 63 nodes (2.72 seconds)
Cbc0012I Integer solution of 2.721943e+08 found by rounding after 346 iterations and 67 nodes (2.74 seconds)
Cbc0004I Integer solution of 2.6942159e+08 found after 348 iterations and 68 nodes (2.75 seconds)
Cbc0004I Integer solution of 2.6841267e+08 found after 368 iterations and 75 nodes (2.81 seconds)
Cbc0038I Full problem 224 rows 12656 columns, reduced to 165 rows 5950 columns
Cbc0010I After 100 nodes, 36 on tree, 2.6841267e+08 best solution, best possible 2.5153527e+08 (3.05 seconds)
Cbc0010I After 200 nodes, 45 on tree, 2.6841267e+08 best solution, best possible 2.5153527e+08 (3.38 seconds)
Cbc0038I Full problem 224 rows 12656 columns, reduced to 172 rows 6747 columns
Cbc0010I After 300 nodes, 75 on tree, 2.6841267e+08 best solution, best possible 2.5153527e+08 (3.76 seconds)
Cbc0038I Full problem 224 rows 12656 columns, reduced to 164 rows 5837 columns
Cbc0010I After 400 nodes, 97 on tree, 2.6841267e+08 best solution, best possible 2.5153527e+08 (4.10 seconds)
Cbc0004I Integer solution of 2.6823043e+08 found after 1383 iterations and 430 nodes (4.19 seconds)
Cbc0038I Full problem 224 rows 12656 columns, reduced to 167 rows 6178 columns
Cbc0010I After 500 nodes, 101 on tree, 2.6823043e+08 best solution, best possible 2.5153527e+08 (4.42 seconds)
Cbc0038I Full problem 224 rows 12656 columns, reduced to 172 rows 6745 columns
Cbc0010I After 600 nodes, 144 on tree, 2.6823043e+08 best solution, best possible 2.5153527e+08 (4.79 seconds)
Cbc0038I Full problem 224 rows 12656 columns, reduced to 167 rows 6180 columns
Cbc0010I After 700 nodes, 180 on tree, 2.6823043e+08 best solution, best possible 2.5153527e+08 (5.32 seconds)
Cbc0010I After 800 nodes, 192 on tree, 2.6823043e+08 best solution, best possible 2.5153527e+08 (5.89 seconds)
Cbc0038I Full problem 224 rows 12656 columns, reduced to 168 rows 6294 columns
Cbc0010I After 900 nodes, 233 on tree, 2.6823043e+08 best solution, best possible 2.5153527e+08 (6.41 seconds)
Cbc0038I Full problem 224 rows 12656 columns, reduced to 172 rows 6747 columns
Cbc0010I After 1000 nodes, 249 on tree, 2.6823043e+08 best solution, best possible 2.5153527e+08 (7.03 seconds)
Cbc0010I After 1100 nodes, 265 on tree, 2.6823043e+08 best solution, best possible 2.5153527e+08 (7.60 seconds)
Cbc0038I Full problem 224 rows 12656 columns, reduced to 172 rows 6746 columns
Cbc0010I After 1200 nodes, 263 on tree, 2.6823043e+08 best solution, best possible 2.5153527e+08 (8.31 seconds)
Cbc0010I After 1300 nodes, 260 on tree, 2.6823043e+08 best solution, best possible 2.5153527e+08 (9.17 seconds)
Cbc0010I After 1400 nodes, 256 on tree, 2.6823043e+08 best solution, best possible 2.5153527e+08 (10.03 seconds)
Cbc0010I After 1500 nodes, 261 on tree, 2.6823043e+08 best solution, best possible 2.5153527e+08 (10.87 seconds)
Cbc0010I After 1600 nodes, 260 on tree, 2.6823043e+08 best solution, best possible 2.5153527e+08 (11.69 seconds)
Cbc0010I After 1700 nodes, 257 on tree, 2.6823043e+08 best solution, best possible 2.5153527e+08 (12.65 seconds)
Cbc0010I After 1800 nodes, 258 on tree, 2.6823043e+08 best solution, best possible 2.5153527e+08 (13.58 seconds)
Cbc0010I After 1900 nodes, 254 on tree, 2.6823043e+08 best solution, best possible 2.5153527e+08 (14.44 seconds)
Cbc0010I After 2000 nodes, 258 on tree, 2.6823043e+08 best solution, best possible 2.5153527e+08 (15.29 seconds)
Cbc0010I After 2100 nodes, 260 on tree, 2.6823043e+08 best solution, best possible 2.5153527e+08 (16.31 seconds)
Cbc0010I After 2200 nodes, 260 on tree, 2.6823043e+08 best solution, best possible 2.5153527e+08 (17.25 seconds)
Cbc0010I After 2300 nodes, 258 on tree, 2.6823043e+08 best solution, best possible 2.5153527e+08 (18.10 seconds)
Cbc0038I Full problem 224 rows 12656 columns, reduced to 178 rows 7429 columns - 1 fixed gives 178, 7428 - still too large
Cbc0038I Full problem 224 rows 12656 columns, reduced to 178 rows 7428 columns - too large
Cbc0010I After 2400 nodes, 255 on tree, 2.6823043e+08 best solution, best possible 2.5153527e+08 (18.97 seconds)
Cbc0010I After 2500 nodes, 260 on tree, 2.6823043e+08 best solution, best possible 2.5153527e+08 (19.86 seconds)
Cbc0010I After 2600 nodes, 253 on tree, 2.6823043e+08 best solution, best possible 2.5153527e+08 (20.74 seconds)
Cbc0010I After 2700 nodes, 253 on tree, 2.6823043e+08 best solution, best possible 2.5153527e+08 (21.75 seconds)
Cbc0010I After 2800 nodes, 256 on tree, 2.6823043e+08 best solution, best possible 2.5153527e+08 (22.51 seconds)
Cbc0010I After 2900 nodes, 236 on tree, 2.6823043e+08 best solution, best possible 2.5153527e+08 (23.37 seconds)
Cbc0004I Integer solution of 2.6816297e+08 found after 11157 iterations and 2937 nodes (23.63 seconds)
Cbc0038I Full problem 224 rows 12656 columns, reduced to 169 rows 6404 columns
Cbc0010I After 3000 nodes, 231 on tree, 2.6816297e+08 best solution, best possible 2.5153527e+08 (24.26 seconds)
Cbc0010I After 3100 nodes, 251 on tree, 2.6816297e+08 best solution, best possible 2.5153527e+08 (25.25 seconds)
Cbc0010I After 3200 nodes, 282 on tree, 2.6816297e+08 best solution, best possible 2.5153527e+08 (26.05 seconds)
Cbc0010I After 3300 nodes, 287 on tree, 2.6816297e+08 best solution, best possible 2.5153527e+08 (26.92 seconds)
Cbc0010I After 3400 nodes, 311 on tree, 2.6816297e+08 best solution, best possible 2.5153527e+08 (27.83 seconds)
Cbc0004I Integer solution of 2.6790751e+08 found after 13461 iterations and 3497 nodes (28.60 seconds)
Cbc0010I After 3500 nodes, 313 on tree, 2.6790751e+08 best solution, best possible 2.5153527e+08 (28.61 seconds)
Cbc0038I Full problem 224 rows 12656 columns, reduced to 168 rows 6291 columns
Cbc0010I After 3600 nodes, 306 on tree, 2.6790751e+08 best solution, best possible 2.5153527e+08 (29.51 seconds)
Cbc0010I After 3700 nodes, 338 on tree, 2.6790751e+08 best solution, best possible 2.5153527e+08 (30.11 seconds)
Cbc0010I After 3800 nodes, 351 on tree, 2.6790751e+08 best solution, best possible 2.5153527e+08 (30.79 seconds)
Cbc0010I After 3900 nodes, 374 on tree, 2.6790751e+08 best solution, best possible 2.5153527e+08 (31.52 seconds)
Cbc0010I After 4000 nodes, 387 on tree, 2.6790751e+08 best solution, best possible 2.5153527e+08 (32.34 seconds)
Cbc0010I After 4100 nodes, 409 on tree, 2.6790751e+08 best solution, best possible 2.5153527e+08 (33.24 seconds)
Cbc0038I Full problem 224 rows 12656 columns, reduced to 169 rows 6409 columns
Cbc0010I After 4200 nodes, 427 on tree, 2.6790751e+08 best solution, best possible 2.5153527e+08 (34.09 seconds)
Cbc0010I After 4300 nodes, 452 on tree, 2.6790751e+08 best solution, best possible 2.5153527e+08 (34.91 seconds)
Cbc0010I After 4400 nodes, 477 on tree, 2.6790751e+08 best solution, best possible 2.5153527e+08 (35.64 seconds)
Cbc0010I After 4500 nodes, 498 on tree, 2.6790751e+08 best solution, best possible 2.5153527e+08 (36.43 seconds)
Cbc0010I After 4600 nodes, 502 on tree, 2.6790751e+08 best solution, best possible 2.5153527e+08 (37.10 seconds)
Cbc0010I After 4700 nodes, 506 on tree, 2.6790751e+08 best solution, best possible 2.5153527e+08 (38.26 seconds)
Cbc0038I Full problem 224 rows 12656 columns, reduced to 165 rows 5954 columns
Cbc0010I After 4800 nodes, 507 on tree, 2.6790751e+08 best solution, best possible 2.5153527e+08 (39.03 seconds)
Cbc0010I After 4900 nodes, 514 on tree, 2.6790751e+08 best solution, best possible 2.5153527e+08 (39.96 seconds)
Cbc0010I After 5000 nodes, 518 on tree, 2.6790751e+08 best solution, best possible 2.5153527e+08 (40.88 seconds)
Cbc0010I After 5100 nodes, 523 on tree, 2.6790751e+08 best solution, best possible 2.5153527e+08 (41.49 seconds)
Cbc0010I After 5200 nodes, 519 on tree, 2.6790751e+08 best solution, best possible 2.5153527e+08 (42.07 seconds)
Cbc0010I After 5300 nodes, 519 on tree, 2.6790751e+08 best solution, best possible 2.5153527e+08 (42.75 seconds)
Cbc0010I After 5400 nodes, 507 on tree, 2.6790751e+08 best solution, best possible 2.5153527e+08 (43.30 seconds)
Cbc0010I After 5500 nodes, 467 on tree, 2.6790751e+08 best solution, best possible 2.5153527e+08 (43.94 seconds)
Cbc0010I After 5600 nodes, 435 on tree, 2.6790751e+08 best solution, best possible 2.5153527e+08 (44.51 seconds)
Cbc0010I After 5700 nodes, 399 on tree, 2.6790751e+08 best solution, best possible 2.5153527e+08 (45.32 seconds)
Cbc0010I After 5800 nodes, 369 on tree, 2.6790751e+08 best solution, best possible 2.5153527e+08 (46.25 seconds)
Cbc0010I After 5900 nodes, 362 on tree, 2.6790751e+08 best solution, best possible 2.5153527e+08 (47.32 seconds)
Cbc0038I Full problem 224 rows 12656 columns, reduced to 159 rows 5273 columns
Cbc0010I After 6000 nodes, 343 on tree, 2.6790751e+08 best solution, best possible 2.5153527e+08 (48.38 seconds)
Cbc0004I Integer solution of 2.6752031e+08 found after 23586 iterations and 6043 nodes (48.80 seconds)
Cbc0010I After 6100 nodes, 335 on tree, 2.6752031e+08 best solution, best possible 2.5153527e+08 (49.46 seconds)
Cbc0010I After 6200 nodes, 334 on tree, 2.6752031e+08 best solution, best possible 2.5153527e+08 (50.58 seconds)
Cbc0010I After 6300 nodes, 350 on tree, 2.6752031e+08 best solution, best possible 2.5153527e+08 (51.82 seconds)
Cbc0010I After 6400 nodes, 362 on tree, 2.6752031e+08 best solution, best possible 2.5153527e+08 (52.94 seconds)
Cbc0010I After 6500 nodes, 375 on tree, 2.6752031e+08 best solution, best possible 2.5153527e+08 (54.11 seconds)
Cbc0038I Full problem 224 rows 12656 columns, reduced to 178 rows 7427 columns - 2 fixed gives 178, 7425 - still too large
Cbc0038I Full problem 224 rows 12656 columns, reduced to 178 rows 7425 columns - too large
Cbc0010I After 6600 nodes, 404 on tree, 2.6752031e+08 best solution, best possible 2.5153527e+08 (55.15 seconds)
Cbc0010I After 6700 nodes, 424 on tree, 2.6752031e+08 best solution, best possible 2.5153527e+08 (56.01 seconds)
Cbc0010I After 6800 nodes, 442 on tree, 2.6752031e+08 best solution, best possible 2.5153527e+08 (57.02 seconds)
Cbc0010I After 6900 nodes, 457 on tree, 2.6752031e+08 best solution, best possible 2.5153527e+08 (58.03 seconds)
Cbc0010I After 7000 nodes, 462 on tree, 2.6752031e+08 best solution, best possible 2.5153527e+08 (59.12 seconds)
Cbc0010I After 7100 nodes, 483 on tree, 2.6752031e+08 best solution, best possible 2.5153527e+08 (60.23 seconds)
Cbc0038I Full problem 224 rows 12656 columns, reduced to 175 rows 7089 columns - 1 fixed gives 175, 7088 - still too large
Cbc0038I Full problem 224 rows 12656 columns, reduced to 175 rows 7088 columns - too large
Cbc0010I After 7200 nodes, 488 on tree, 2.6752031e+08 best solution, best possible 2.5153527e+08 (61.38 seconds)
Cbc0010I After 7300 nodes, 508 on tree, 2.6752031e+08 best solution, best possible 2.5153527e+08 (62.74 seconds)
Cbc0010I After 7400 nodes, 530 on tree, 2.6752031e+08 best solution, best possible 2.5153527e+08 (63.81 seconds)
Cbc0010I After 7500 nodes, 547 on tree, 2.6752031e+08 best solution, best possible 2.5153527e+08 (64.97 seconds)
Cbc0010I After 7600 nodes, 559 on tree, 2.6752031e+08 best solution, best possible 2.5153527e+08 (65.96 seconds)
Cbc0010I After 7700 nodes, 568 on tree, 2.6752031e+08 best solution, best possible 2.5153527e+08 (67.16 seconds)
Cbc0038I Full problem 224 rows 12656 columns, reduced to 172 rows 6749 columns
Cbc0010I After 7800 nodes, 580 on tree, 2.6752031e+08 best solution, best possible 2.5153527e+08 (68.49 seconds)
Cbc0010I After 7900 nodes, 591 on tree, 2.6752031e+08 best solution, best possible 2.5153527e+08 (69.77 seconds)
Cbc0010I After 8000 nodes, 607 on tree, 2.6752031e+08 best solution, best possible 2.5153527e+08 (71.10 seconds)
Cbc0010I After 8100 nodes, 613 on tree, 2.6752031e+08 best solution, best possible 2.5153527e+08 (72.13 seconds)
Cbc0010I After 8200 nodes, 611 on tree, 2.6752031e+08 best solution, best possible 2.5153527e+08 (73.40 seconds)
Cbc0010I After 8300 nodes, 627 on tree, 2.6752031e+08 best solution, best possible 2.5153527e+08 (74.65 seconds)
Cbc0010I After 8400 nodes, 636 on tree, 2.6752031e+08 best solution, best possible 2.5153527e+08 (75.87 seconds)
Cbc0010I After 8500 nodes, 642 on tree, 2.6752031e+08 best solution, best possible 2.5153527e+08 (77.22 seconds)
Cbc0010I After 8600 nodes, 637 on tree, 2.6752031e+08 best solution, best possible 2.5153527e+08 (78.30 seconds)
Cbc0010I After 8700 nodes, 629 on tree, 2.6752031e+08 best solution, best possible 2.5153527e+08 (79.38 seconds)
Cbc0010I After 8800 nodes, 641 on tree, 2.6752031e+08 best solution, best possible 2.5153527e+08 (80.59 seconds)
Cbc0010I After 8900 nodes, 639 on tree, 2.6752031e+08 best solution, best possible 2.5153527e+08 (81.80 seconds)
Cbc0010I After 9000 nodes, 636 on tree, 2.6752031e+08 best solution, best possible 2.5153527e+08 (83.11 seconds)
Cbc0010I After 9100 nodes, 614 on tree, 2.6752031e+08 best solution, best possible 2.5153527e+08 (84.07 seconds)
Cbc0010I After 9200 nodes, 577 on tree, 2.6752031e+08 best solution, best possible 2.5153527e+08 (84.89 seconds)
Cbc0010I After 9300 nodes, 547 on tree, 2.6752031e+08 best solution, best possible 2.5153527e+08 (85.93 seconds)
Cbc0010I After 9400 nodes, 524 on tree, 2.6752031e+08 best solution, best possible 2.5153527e+08 (87.07 seconds)
Cbc0010I After 9500 nodes, 487 on tree, 2.6752031e+08 best solution, best possible 2.5153527e+08 (88.19 seconds)
Cbc0010I After 9600 nodes, 459 on tree, 2.6752031e+08 best solution, best possible 2.5153527e+08 (89.41 seconds)
Cbc0010I After 9700 nodes, 428 on tree, 2.6752031e+08 best solution, best possible 2.5153527e+08 (90.65 seconds)
Cbc0010I After 9800 nodes, 396 on tree, 2.6752031e+08 best solution, best possible 2.5153527e+08 (91.68 seconds)
Cbc0010I After 9900 nodes, 370 on tree, 2.6752031e+08 best solution, best possible 2.5153527e+08 (93.02 seconds)
Cbc0010I After 10000 nodes, 334 on tree, 2.6752031e+08 best solution, best possible 2.5153527e+08 (94.05 seconds)
Cbc0010I After 10100 nodes, 312 on tree, 2.6752031e+08 best solution, best possible 2.5153527e+08 (95.23 seconds)
Cbc0010I After 10200 nodes, 281 on tree, 2.6752031e+08 best solution, best possible 2.5153527e+08 (96.61 seconds)
Cbc0010I After 10300 nodes, 254 on tree, 2.6752031e+08 best solution, best possible 2.5153527e+08 (97.99 seconds)
Cbc0010I After 10400 nodes, 213 on tree, 2.6752031e+08 best solution, best possible 2.5153527e+08 (99.00 seconds)
Cbc0010I After 10500 nodes, 201 on tree, 2.6752031e+08 best solution, best possible 2.5153527e+08 (100.74 seconds)
Cbc0010I After 10600 nodes, 179 on tree, 2.6752031e+08 best solution, best possible 2.5153527e+08 (102.59 seconds)
Cbc0010I After 10700 nodes, 149 on tree, 2.6752031e+08 best solution, best possible 2.5153527e+08 (104.11 seconds)
Cbc0010I After 10800 nodes, 125 on tree, 2.6752031e+08 best solution, best possible 2.5153527e+08 (105.46 seconds)
Cbc0010I After 10900 nodes, 111 on tree, 2.6752031e+08 best solution, best possible 2.5153527e+08 (107.44 seconds)
Cbc0010I After 11000 nodes, 77 on tree, 2.6752031e+08 best solution, best possible 2.5153527e+08 (109.20 seconds)
Cbc0010I After 11100 nodes, 124 on tree, 2.6752031e+08 best solution, best possible 2.5834305e+08 (112.39 seconds)
Cbc0010I After 11200 nodes, 174 on tree, 2.6752031e+08 best solution, best possible 2.592304e+08 (114.64 seconds)
Cbc0010I After 11300 nodes, 224 on tree, 2.6752031e+08 best solution, best possible 2.5985085e+08 (116.48 seconds)
Cbc0010I After 11400 nodes, 274 on tree, 2.6752031e+08 best solution, best possible 2.6019086e+08 (118.05 seconds)
Cbc0010I After 11500 nodes, 324 on tree, 2.6752031e+08 best solution, best possible 2.6045592e+08 (119.15 seconds)
Cbc0010I After 11600 nodes, 374 on tree, 2.6752031e+08 best solution, best possible 2.6070699e+08 (120.18 seconds)
Cbc0010I After 11700 nodes, 424 on tree, 2.6752031e+08 best solution, best possible 2.6090871e+08 (120.88 seconds)
Cbc0010I After 11800 nodes, 474 on tree, 2.6752031e+08 best solution, best possible 2.6110408e+08 (121.58 seconds)
Cbc0010I After 11900 nodes, 524 on tree, 2.6752031e+08 best solution, best possible 2.6123809e+08 (122.21 seconds)
Cbc0010I After 12000 nodes, 574 on tree, 2.6752031e+08 best solution, best possible 2.6135424e+08 (122.80 seconds)
Cbc0010I After 12100 nodes, 624 on tree, 2.6752031e+08 best solution, best possible 2.6149854e+08 (123.41 seconds)
Cbc0010I After 12200 nodes, 674 on tree, 2.6752031e+08 best solution, best possible 2.6165033e+08 (123.99 seconds)
Cbc0010I After 12300 nodes, 724 on tree, 2.6752031e+08 best solution, best possible 2.6174497e+08 (124.70 seconds)
Cbc0010I After 12400 nodes, 774 on tree, 2.6752031e+08 best solution, best possible 2.6184862e+08 (125.27 seconds)
Cbc0010I After 12500 nodes, 824 on tree, 2.6752031e+08 best solution, best possible 2.6196188e+08 (126.09 seconds)
Cbc0010I After 12600 nodes, 874 on tree, 2.6752031e+08 best solution, best possible 2.6202901e+08 (126.74 seconds)
Cbc0010I After 12700 nodes, 924 on tree, 2.6752031e+08 best solution, best possible 2.6208413e+08 (127.42 seconds)
Cbc0010I After 12800 nodes, 974 on tree, 2.6752031e+08 best solution, best possible 2.6215555e+08 (128.00 seconds)
Cbc0010I After 12900 nodes, 1024 on tree, 2.6752031e+08 best solution, best possible 2.6222281e+08 (128.69 seconds)
Cbc0010I After 13000 nodes, 1074 on tree, 2.6752031e+08 best solution, best possible 2.6227244e+08 (129.26 seconds)
Cbc0010I After 13100 nodes, 1082 on tree, 2.6752031e+08 best solution, best possible 2.6227244e+08 (130.29 seconds)
Cbc0010I After 13200 nodes, 1077 on tree, 2.6752031e+08 best solution, best possible 2.6227244e+08 (131.37 seconds)
Cbc0010I After 13300 nodes, 1079 on tree, 2.6752031e+08 best solution, best possible 2.6227244e+08 (132.40 seconds)
Cbc0010I After 13400 nodes, 1072 on tree, 2.6752031e+08 best solution, best possible 2.6227244e+08 (133.52 seconds)
Cbc0010I After 13500 nodes, 1076 on tree, 2.6752031e+08 best solution, best possible 2.6227244e+08 (134.58 seconds)
Cbc0010I After 13600 nodes, 1074 on tree, 2.6752031e+08 best solution, best possible 2.6227244e+08 (135.55 seconds)
Cbc0010I After 13700 nodes, 1071 on tree, 2.6752031e+08 best solution, best possible 2.6227244e+08 (136.59 seconds)
Cbc0010I After 13800 nodes, 1069 on tree, 2.6752031e+08 best solution, best possible 2.6227244e+08 (137.68 seconds)
Cbc0010I After 13900 nodes, 1074 on tree, 2.6752031e+08 best solution, best possible 2.6227244e+08 (138.60 seconds)
Cbc0010I After 14000 nodes, 1066 on tree, 2.6752031e+08 best solution, best possible 2.6227244e+08 (139.75 seconds)
Cbc0010I After 14100 nodes, 1116 on tree, 2.6752031e+08 best solution, best possible 2.6232028e+08 (140.51 seconds)
Cbc0010I After 14200 nodes, 1166 on tree, 2.6752031e+08 best solution, best possible 2.6237437e+08 (141.20 seconds)
Cbc0010I After 14300 nodes, 1216 on tree, 2.6752031e+08 best solution, best possible 2.624288e+08 (141.94 seconds)
Cbc0038I Full problem 224 rows 12656 columns, reduced to 177 rows 7316 columns - 1 fixed gives 177, 7315 - still too large
Cbc0038I Full problem 224 rows 12656 columns, reduced to 177 rows 7315 columns - too large
Cbc0010I After 14400 nodes, 1266 on tree, 2.6752031e+08 best solution, best possible 2.6248153e+08 (142.63 seconds)
Cbc0010I After 14500 nodes, 1316 on tree, 2.6752031e+08 best solution, best possible 2.6251753e+08 (143.40 seconds)
Cbc0010I After 14600 nodes, 1366 on tree, 2.6752031e+08 best solution, best possible 2.6256337e+08 (144.11 seconds)
Cbc0010I After 14700 nodes, 1416 on tree, 2.6752031e+08 best solution, best possible 2.6260647e+08 (144.74 seconds)
Cbc0010I After 14800 nodes, 1466 on tree, 2.6752031e+08 best solution, best possible 2.6264196e+08 (145.34 seconds)
Cbc0010I After 14900 nodes, 1516 on tree, 2.6752031e+08 best solution, best possible 2.6268255e+08 (145.92 seconds)
Cbc0010I After 15000 nodes, 1566 on tree, 2.6752031e+08 best solution, best possible 2.6270966e+08 (146.52 seconds)
Cbc0010I After 15100 nodes, 1616 on tree, 2.6752031e+08 best solution, best possible 2.6274381e+08 (147.11 seconds)
Cbc0010I After 15200 nodes, 1666 on tree, 2.6752031e+08 best solution, best possible 2.627751e+08 (147.67 seconds)
Cbc0010I After 15300 nodes, 1716 on tree, 2.6752031e+08 best solution, best possible 2.6279883e+08 (148.25 seconds)
Cbc0010I After 15400 nodes, 1766 on tree, 2.6752031e+08 best solution, best possible 2.6283012e+08 (148.79 seconds)
Cbc0010I After 15500 nodes, 1816 on tree, 2.6752031e+08 best solution, best possible 2.6285639e+08 (149.39 seconds)
Cbc0010I After 15600 nodes, 1866 on tree, 2.6752031e+08 best solution, best possible 2.6288235e+08 (149.93 seconds)
Cbc0010I After 15700 nodes, 1916 on tree, 2.6752031e+08 best solution, best possible 2.629181e+08 (150.53 seconds)
Cbc0010I After 15800 nodes, 1966 on tree, 2.6752031e+08 best solution, best possible 2.6294036e+08 (150.99 seconds)
Cbc0010I After 15900 nodes, 2016 on tree, 2.6752031e+08 best solution, best possible 2.6296632e+08 (151.43 seconds)
Cbc0010I After 16000 nodes, 2066 on tree, 2.6752031e+08 best solution, best possible 2.6299464e+08 (151.88 seconds)
Cbc0010I After 16100 nodes, 2116 on tree, 2.6752031e+08 best solution, best possible 2.6301649e+08 (152.29 seconds)
Cbc0010I After 16200 nodes, 2166 on tree, 2.6752031e+08 best solution, best possible 2.6304129e+08 (152.75 seconds)
Cbc0010I After 16300 nodes, 2216 on tree, 2.6752031e+08 best solution, best possible 2.6306095e+08 (153.26 seconds)
Cbc0010I After 16400 nodes, 2266 on tree, 2.6752031e+08 best solution, best possible 2.6308612e+08 (153.72 seconds)
Cbc0010I After 16500 nodes, 2316 on tree, 2.6752031e+08 best solution, best possible 2.6311063e+08 (154.13 seconds)
Cbc0010I After 16600 nodes, 2366 on tree, 2.6752031e+08 best solution, best possible 2.6313572e+08 (154.55 seconds)
Cbc0010I After 16700 nodes, 2416 on tree, 2.6752031e+08 best solution, best possible 2.631539e+08 (155.00 seconds)
Cbc0010I After 16800 nodes, 2466 on tree, 2.6752031e+08 best solution, best possible 2.6317675e+08 (155.45 seconds)
Cbc0010I After 16900 nodes, 2516 on tree, 2.6752031e+08 best solution, best possible 2.6319816e+08 (155.89 seconds)
Cbc0010I After 17000 nodes, 2566 on tree, 2.6752031e+08 best solution, best possible 2.6322086e+08 (156.32 seconds)
Cbc0010I After 17100 nodes, 2563 on tree, 2.6752031e+08 best solution, best possible 2.6322086e+08 (157.10 seconds)
Cbc0010I After 17200 nodes, 2559 on tree, 2.6752031e+08 best solution, best possible 2.6322086e+08 (158.00 seconds)
Cbc0010I After 17300 nodes, 2557 on tree, 2.6752031e+08 best solution, best possible 2.6322086e+08 (158.94 seconds)
Cbc0010I After 17400 nodes, 2558 on tree, 2.6752031e+08 best solution, best possible 2.6322086e+08 (159.90 seconds)
Cbc0010I After 17500 nodes, 2551 on tree, 2.6752031e+08 best solution, best possible 2.6322086e+08 (160.77 seconds)
Cbc0010I After 17600 nodes, 2546 on tree, 2.6752031e+08 best solution, best possible 2.6322086e+08 (161.49 seconds)
Cbc0010I After 17700 nodes, 2549 on tree, 2.6752031e+08 best solution, best possible 2.6322086e+08 (162.31 seconds)
Cbc0010I After 17800 nodes, 2537 on tree, 2.6752031e+08 best solution, best possible 2.6322086e+08 (163.34 seconds)
Cbc0010I After 17900 nodes, 2524 on tree, 2.6752031e+08 best solution, best possible 2.6322086e+08 (164.44 seconds)
Cbc0010I After 18000 nodes, 2519 on tree, 2.6752031e+08 best solution, best possible 2.6322086e+08 (165.41 seconds)
Cbc0010I After 18100 nodes, 2569 on tree, 2.6752031e+08 best solution, best possible 2.6324706e+08 (166.10 seconds)
Cbc0010I After 18200 nodes, 2619 on tree, 2.6752031e+08 best solution, best possible 2.6326533e+08 (166.52 seconds)
Cbc0010I After 18300 nodes, 2669 on tree, 2.6752031e+08 best solution, best possible 2.6328473e+08 (166.90 seconds)
Cbc0010I After 18400 nodes, 2719 on tree, 2.6752031e+08 best solution, best possible 2.6330843e+08 (167.27 seconds)
Cbc0010I After 18500 nodes, 2769 on tree, 2.6752031e+08 best solution, best possible 2.6332227e+08 (167.72 seconds)
Cbc0010I After 18600 nodes, 2819 on tree, 2.6752031e+08 best solution, best possible 2.6334065e+08 (168.13 seconds)
Cbc0010I After 18700 nodes, 2869 on tree, 2.6752031e+08 best solution, best possible 2.6335936e+08 (168.52 seconds)
Cbc0010I After 18800 nodes, 2919 on tree, 2.6752031e+08 best solution, best possible 2.6337686e+08 (168.94 seconds)
Cbc0010I After 18900 nodes, 2969 on tree, 2.6752031e+08 best solution, best possible 2.6339241e+08 (169.39 seconds)
Cbc0010I After 19000 nodes, 3019 on tree, 2.6752031e+08 best solution, best possible 2.6341233e+08 (169.82 seconds)
Cbc0010I After 19100 nodes, 3069 on tree, 2.6752031e+08 best solution, best possible 2.6343712e+08 (170.24 seconds)
Cbc0010I After 19200 nodes, 3119 on tree, 2.6752031e+08 best solution, best possible 2.6345135e+08 (170.64 seconds)
Cbc0010I After 19300 nodes, 3169 on tree, 2.6752031e+08 best solution, best possible 2.6347104e+08 (171.06 seconds)
Cbc0010I After 19400 nodes, 3219 on tree, 2.6752031e+08 best solution, best possible 2.6348957e+08 (171.48 seconds)
Cbc0010I After 19500 nodes, 3269 on tree, 2.6752031e+08 best solution, best possible 2.6350439e+08 (171.89 seconds)
Cbc0010I After 19600 nodes, 3319 on tree, 2.6752031e+08 best solution, best possible 2.6351848e+08 (172.36 seconds)
Cbc0010I After 19700 nodes, 3369 on tree, 2.6752031e+08 best solution, best possible 2.6353754e+08 (172.84 seconds)
Cbc0010I After 19800 nodes, 3419 on tree, 2.6752031e+08 best solution, best possible 2.6355966e+08 (173.31 seconds)
Cbc0010I After 19900 nodes, 3469 on tree, 2.6752031e+08 best solution, best possible 2.6357697e+08 (173.76 seconds)
Cbc0010I After 20000 nodes, 3519 on tree, 2.6752031e+08 best solution, best possible 2.6359614e+08 (174.25 seconds)
Cbc0010I After 20100 nodes, 3569 on tree, 2.6752031e+08 best solution, best possible 2.6361281e+08 (174.65 seconds)
Cbc0010I After 20200 nodes, 3619 on tree, 2.6752031e+08 best solution, best possible 2.6362692e+08 (175.06 seconds)
Cbc0010I After 20300 nodes, 3669 on tree, 2.6752031e+08 best solution, best possible 2.6364168e+08 (175.52 seconds)
Cbc0010I After 20400 nodes, 3719 on tree, 2.6752031e+08 best solution, best possible 2.6365999e+08 (175.88 seconds)
Cbc0010I After 20500 nodes, 3769 on tree, 2.6752031e+08 best solution, best possible 2.6367921e+08 (176.29 seconds)
Cbc0010I After 20600 nodes, 3819 on tree, 2.6752031e+08 best solution, best possible 2.6369428e+08 (176.70 seconds)
Cbc0010I After 20700 nodes, 3869 on tree, 2.6752031e+08 best solution, best possible 2.637081e+08 (177.12 seconds)
Cbc0010I After 20800 nodes, 3919 on tree, 2.6752031e+08 best solution, best possible 2.6372036e+08 (177.57 seconds)
Cbc0010I After 20900 nodes, 3969 on tree, 2.6752031e+08 best solution, best possible 2.6373994e+08 (178.07 seconds)
Cbc0010I After 21000 nodes, 4019 on tree, 2.6752031e+08 best solution, best possible 2.6375345e+08 (178.57 seconds)
Cbc0010I After 21100 nodes, 4020 on tree, 2.6752031e+08 best solution, best possible 2.6375345e+08 (179.26 seconds)
Cbc0010I After 21200 nodes, 4006 on tree, 2.6752031e+08 best solution, best possible 2.6375345e+08 (180.33 seconds)
Cbc0010I After 21300 nodes, 4004 on tree, 2.6752031e+08 best solution, best possible 2.6375345e+08 (181.31 seconds)
Cbc0010I After 21400 nodes, 3998 on tree, 2.6752031e+08 best solution, best possible 2.6375345e+08 (182.38 seconds)
Cbc0010I After 21500 nodes, 3995 on tree, 2.6752031e+08 best solution, best possible 2.6375345e+08 (183.35 seconds)
Cbc0010I After 21600 nodes, 3991 on tree, 2.6752031e+08 best solution, best possible 2.6375345e+08 (184.29 seconds)
Cbc0038I Full problem 224 rows 12656 columns, reduced to 171 rows 6636 columns
Cbc0010I After 21700 nodes, 3982 on tree, 2.6752031e+08 best solution, best possible 2.6375345e+08 (185.15 seconds)
Cbc0010I After 21800 nodes, 3975 on tree, 2.6752031e+08 best solution, best possible 2.6375345e+08 (186.09 seconds)
Cbc0010I After 21900 nodes, 3973 on tree, 2.6752031e+08 best solution, best possible 2.6375345e+08 (187.08 seconds)
Cbc0010I After 22000 nodes, 3965 on tree, 2.6752031e+08 best solution, best possible 2.6375345e+08 (187.98 seconds)
Cbc0010I After 22100 nodes, 4015 on tree, 2.6752031e+08 best solution, best possible 2.6376748e+08 (188.69 seconds)
Cbc0010I After 22200 nodes, 4065 on tree, 2.6752031e+08 best solution, best possible 2.63781e+08 (189.07 seconds)
Cbc0010I After 22300 nodes, 4115 on tree, 2.6752031e+08 best solution, best possible 2.6379588e+08 (189.40 seconds)
Cbc0010I After 22400 nodes, 4165 on tree, 2.6752031e+08 best solution, best possible 2.6381079e+08 (189.75 seconds)
Cbc0010I After 22500 nodes, 4215 on tree, 2.6752031e+08 best solution, best possible 2.6382327e+08 (190.15 seconds)
Cbc0010I After 22600 nodes, 4265 on tree, 2.6752031e+08 best solution, best possible 2.6383706e+08 (190.54 seconds)
Cbc0010I After 22700 nodes, 4315 on tree, 2.6752031e+08 best solution, best possible 2.6385163e+08 (190.98 seconds)
Cbc0010I After 22800 nodes, 4365 on tree, 2.6752031e+08 best solution, best possible 2.638653e+08 (191.38 seconds)
Cbc0010I After 22900 nodes, 4415 on tree, 2.6752031e+08 best solution, best possible 2.6387795e+08 (191.76 seconds)
Cbc0010I After 23000 nodes, 4465 on tree, 2.6752031e+08 best solution, best possible 2.6389439e+08 (192.17 seconds)
Cbc0010I After 23100 nodes, 4515 on tree, 2.6752031e+08 best solution, best possible 2.6390937e+08 (192.53 seconds)
Cbc0010I After 23200 nodes, 4565 on tree, 2.6752031e+08 best solution, best possible 2.6392407e+08 (192.99 seconds)
Cbc0010I After 23300 nodes, 4615 on tree, 2.6752031e+08 best solution, best possible 2.6393505e+08 (193.41 seconds)
Cbc0010I After 23400 nodes, 4665 on tree, 2.6752031e+08 best solution, best possible 2.639487e+08 (193.85 seconds)
Cbc0010I After 23500 nodes, 4715 on tree, 2.6752031e+08 best solution, best possible 2.6396086e+08 (194.23 seconds)
Cbc0010I After 23600 nodes, 4765 on tree, 2.6752031e+08 best solution, best possible 2.6397412e+08 (194.63 seconds)
Cbc0010I After 23700 nodes, 4815 on tree, 2.6752031e+08 best solution, best possible 2.6398844e+08 (195.04 seconds)
Cbc0010I After 23800 nodes, 4865 on tree, 2.6752031e+08 best solution, best possible 2.6400067e+08 (195.42 seconds)
Cbc0010I After 23900 nodes, 4915 on tree, 2.6752031e+08 best solution, best possible 2.6401819e+08 (195.77 seconds)
Cbc0010I After 24000 nodes, 4965 on tree, 2.6752031e+08 best solution, best possible 2.6402905e+08 (196.15 seconds)
Cbc0010I After 24100 nodes, 5015 on tree, 2.6752031e+08 best solution, best possible 2.6404706e+08 (196.52 seconds)
Cbc0010I After 24200 nodes, 5065 on tree, 2.6752031e+08 best solution, best possible 2.6406247e+08 (196.86 seconds)
Cbc0010I After 24300 nodes, 5115 on tree, 2.6752031e+08 best solution, best possible 2.6407502e+08 (197.23 seconds)
Cbc0010I After 24400 nodes, 5165 on tree, 2.6752031e+08 best solution, best possible 2.6408839e+08 (197.62 seconds)
Cbc0010I After 24500 nodes, 5215 on tree, 2.6752031e+08 best solution, best possible 2.6410179e+08 (197.97 seconds)
Cbc0010I After 24600 nodes, 5265 on tree, 2.6752031e+08 best solution, best possible 2.6411428e+08 (198.37 seconds)
Cbc0010I After 24700 nodes, 5315 on tree, 2.6752031e+08 best solution, best possible 2.6413095e+08 (198.74 seconds)
Cbc0010I After 24800 nodes, 5365 on tree, 2.6752031e+08 best solution, best possible 2.6414027e+08 (199.09 seconds)
Cbc0010I After 24900 nodes, 5415 on tree, 2.6752031e+08 best solution, best possible 2.6415234e+08 (199.45 seconds)
Cbc0010I After 25000 nodes, 5465 on tree, 2.6752031e+08 best solution, best possible 2.6416425e+08 (199.80 seconds)
Cbc0010I After 25100 nodes, 5462 on tree, 2.6752031e+08 best solution, best possible 2.6416425e+08 (200.59 seconds)
Cbc0038I Full problem 224 rows 12656 columns, reduced to 171 rows 6635 columns
Cbc0010I After 25200 nodes, 5452 on tree, 2.6752031e+08 best solution, best possible 2.6416425e+08 (201.60 seconds)
Cbc0010I After 25300 nodes, 5441 on tree, 2.6752031e+08 best solution, best possible 2.6416425e+08 (202.64 seconds)
Cbc0010I After 25400 nodes, 5434 on tree, 2.6752031e+08 best solution, best possible 2.6416425e+08 (203.70 seconds)
Cbc0010I After 25500 nodes, 5403 on tree, 2.6752031e+08 best solution, best possible 2.6416425e+08 (204.72 seconds)
Cbc0010I After 25600 nodes, 5400 on tree, 2.6752031e+08 best solution, best possible 2.6416425e+08 (205.68 seconds)
Cbc0010I After 25700 nodes, 5403 on tree, 2.6752031e+08 best solution, best possible 2.6416425e+08 (206.70 seconds)
Cbc0010I After 25800 nodes, 5388 on tree, 2.6752031e+08 best solution, best possible 2.6416425e+08 (207.83 seconds)
Cbc0010I After 25900 nodes, 5386 on tree, 2.6752031e+08 best solution, best possible 2.6416425e+08 (208.91 seconds)
Cbc0010I After 26000 nodes, 5369 on tree, 2.6752031e+08 best solution, best possible 2.6416425e+08 (210.06 seconds)
Cbc0010I After 26100 nodes, 5410 on tree, 2.6752031e+08 best solution, best possible 2.6417629e+08 (211.32 seconds)
Cbc0010I After 26200 nodes, 5456 on tree, 2.6752031e+08 best solution, best possible 2.6418971e+08 (212.18 seconds)
Cbc0010I After 26300 nodes, 5506 on tree, 2.6752031e+08 best solution, best possible 2.6420126e+08 (212.72 seconds)
Cbc0010I After 26400 nodes, 5556 on tree, 2.6752031e+08 best solution, best possible 2.6421224e+08 (213.31 seconds)
Cbc0010I After 26500 nodes, 5605 on tree, 2.6752031e+08 best solution, best possible 2.6422441e+08 (213.89 seconds)
Cbc0010I After 26600 nodes, 5654 on tree, 2.6752031e+08 best solution, best possible 2.6423759e+08 (214.42 seconds)
Cbc0010I After 26700 nodes, 5704 on tree, 2.6752031e+08 best solution, best possible 2.6424802e+08 (214.97 seconds)
Cbc0010I After 26800 nodes, 5753 on tree, 2.6752031e+08 best solution, best possible 2.6426199e+08 (215.55 seconds)
Cbc0010I After 26900 nodes, 5803 on tree, 2.6752031e+08 best solution, best possible 2.6427258e+08 (216.13 seconds)
Cbc0010I After 27000 nodes, 5853 on tree, 2.6752031e+08 best solution, best possible 2.6428394e+08 (216.71 seconds)
Cbc0010I After 27100 nodes, 5903 on tree, 2.6752031e+08 best solution, best possible 2.6429403e+08 (217.32 seconds)
Cbc0010I After 27200 nodes, 5953 on tree, 2.6752031e+08 best solution, best possible 2.6430446e+08 (217.91 seconds)
Cbc0010I After 27300 nodes, 6003 on tree, 2.6752031e+08 best solution, best possible 2.6431623e+08 (218.56 seconds)
Cbc0010I After 27400 nodes, 6053 on tree, 2.6752031e+08 best solution, best possible 2.6432685e+08 (219.21 seconds)
Cbc0010I After 27500 nodes, 6102 on tree, 2.6752031e+08 best solution, best possible 2.6433639e+08 (219.85 seconds)
Cbc0010I After 27600 nodes, 6152 on tree, 2.6752031e+08 best solution, best possible 2.64346e+08 (220.44 seconds)
Cbc0010I After 27700 nodes, 6201 on tree, 2.6752031e+08 best solution, best possible 2.6435632e+08 (221.04 seconds)
Cbc0010I After 27800 nodes, 6250 on tree, 2.6752031e+08 best solution, best possible 2.6436975e+08 (221.66 seconds)
Cbc0010I After 27900 nodes, 6300 on tree, 2.6752031e+08 best solution, best possible 2.6437904e+08 (222.35 seconds)
Cbc0010I After 28000 nodes, 6348 on tree, 2.6752031e+08 best solution, best possible 2.6439018e+08 (223.04 seconds)
Cbc0010I After 28100 nodes, 6398 on tree, 2.6752031e+08 best solution, best possible 2.6440247e+08 (223.68 seconds)
Cbc0010I After 28200 nodes, 6447 on tree, 2.6752031e+08 best solution, best possible 2.6441182e+08 (224.36 seconds)
Cbc0010I After 28300 nodes, 6496 on tree, 2.6752031e+08 best solution, best possible 2.6442282e+08 (225.02 seconds)
Cbc0010I After 28400 nodes, 6546 on tree, 2.6752031e+08 best solution, best possible 2.6443259e+08 (225.76 seconds)
Cbc0010I After 28500 nodes, 6595 on tree, 2.6752031e+08 best solution, best possible 2.6444381e+08 (226.39 seconds)
Cbc0010I After 28600 nodes, 6642 on tree, 2.6752031e+08 best solution, best possible 2.6445353e+08 (227.14 seconds)
Cbc0010I After 28700 nodes, 6692 on tree, 2.6752031e+08 best solution, best possible 2.6446781e+08 (227.82 seconds)
Cbc0038I Full problem 224 rows 12656 columns, reduced to 173 rows 6862 columns
Cbc0010I After 28800 nodes, 6739 on tree, 2.6752031e+08 best solution, best possible 2.6447931e+08 (228.53 seconds)
Cbc0010I After 28900 nodes, 6787 on tree, 2.6752031e+08 best solution, best possible 2.6449302e+08 (229.21 seconds)
Cbc0010I After 29000 nodes, 6837 on tree, 2.6752031e+08 best solution, best possible 2.6450515e+08 (229.93 seconds)
Cbc0010I After 29100 nodes, 6832 on tree, 2.6752031e+08 best solution, best possible 2.6450515e+08 (230.69 seconds)
Cbc0010I After 29200 nodes, 6815 on tree, 2.6752031e+08 best solution, best possible 2.6450515e+08 (231.65 seconds)
Cbc0010I After 29300 nodes, 6808 on tree, 2.6752031e+08 best solution, best possible 2.6450515e+08 (232.53 seconds)
Cbc0010I After 29400 nodes, 6792 on tree, 2.6752031e+08 best solution, best possible 2.6450515e+08 (233.53 seconds)
Cbc0010I After 29500 nodes, 6767 on tree, 2.6752031e+08 best solution, best possible 2.6450515e+08 (234.47 seconds)
Cbc0010I After 29600 nodes, 6731 on tree, 2.6752031e+08 best solution, best possible 2.6450515e+08 (235.19 seconds)
Cbc0010I After 29700 nodes, 6717 on tree, 2.6752031e+08 best solution, best possible 2.6450515e+08 (236.26 seconds)
Cbc0010I After 29800 nodes, 6704 on tree, 2.6752031e+08 best solution, best possible 2.6450515e+08 (237.38 seconds)
Cbc0010I After 29900 nodes, 6693 on tree, 2.6752031e+08 best solution, best possible 2.6450515e+08 (238.50 seconds)
Cbc0010I After 30000 nodes, 6675 on tree, 2.6752031e+08 best solution, best possible 2.6450515e+08 (239.60 seconds)
Cbc0010I After 30100 nodes, 6693 on tree, 2.6752031e+08 best solution, best possible 2.6451777e+08 (241.05 seconds)
Cbc0010I After 30200 nodes, 6737 on tree, 2.6752031e+08 best solution, best possible 2.6452738e+08 (242.60 seconds)
Cbc0010I After 30300 nodes, 6781 on tree, 2.6752031e+08 best solution, best possible 2.6453698e+08 (244.47 seconds)
Cbc0010I After 30400 nodes, 6828 on tree, 2.6752031e+08 best solution, best possible 2.6454775e+08 (246.51 seconds)
Cbc0010I After 30500 nodes, 6876 on tree, 2.6752031e+08 best solution, best possible 2.6455723e+08 (248.40 seconds)
Cbc0010I After 30600 nodes, 6920 on tree, 2.6752031e+08 best solution, best possible 2.6456962e+08 (250.02 seconds)
Cbc0010I After 30700 nodes, 6965 on tree, 2.6752031e+08 best solution, best possible 2.6458175e+08 (251.77 seconds)
Cbc0010I After 30800 nodes, 7008 on tree, 2.6752031e+08 best solution, best possible 2.6459622e+08 (253.49 seconds)
Cbc0010I After 30900 nodes, 7052 on tree, 2.6752031e+08 best solution, best possible 2.6460786e+08 (255.19 seconds)
Cbc0010I After 31000 nodes, 7097 on tree, 2.6752031e+08 best solution, best possible 2.6461881e+08 (256.80 seconds)
Cbc0010I After 31100 nodes, 7144 on tree, 2.6752031e+08 best solution, best possible 2.6463124e+08 (258.02 seconds)
Cbc0010I After 31200 nodes, 7190 on tree, 2.6752031e+08 best solution, best possible 2.6464357e+08 (259.24 seconds)
Cbc0010I After 31300 nodes, 7235 on tree, 2.6752031e+08 best solution, best possible 2.6465593e+08 (260.36 seconds)
Cbc0010I After 31400 nodes, 7280 on tree, 2.6752031e+08 best solution, best possible 2.6467194e+08 (261.45 seconds)
Cbc0010I After 31500 nodes, 7326 on tree, 2.6752031e+08 best solution, best possible 2.6468374e+08 (262.52 seconds)
Cbc0010I After 31600 nodes, 7374 on tree, 2.6752031e+08 best solution, best possible 2.6469457e+08 (263.54 seconds)
Cbc0010I After 31700 nodes, 7418 on tree, 2.6752031e+08 best solution, best possible 2.6470432e+08 (264.49 seconds)
Cbc0010I After 31800 nodes, 7464 on tree, 2.6752031e+08 best solution, best possible 2.6471518e+08 (265.64 seconds)
Cbc0010I After 31900 nodes, 7509 on tree, 2.6752031e+08 best solution, best possible 2.6472562e+08 (266.78 seconds)
Cbc0010I After 32000 nodes, 7553 on tree, 2.6752031e+08 best solution, best possible 2.6473502e+08 (268.07 seconds)
Cbc0010I After 32100 nodes, 7600 on tree, 2.6752031e+08 best solution, best possible 2.6474549e+08 (269.30 seconds)
Cbc0010I After 32200 nodes, 7639 on tree, 2.6752031e+08 best solution, best possible 2.6475639e+08 (270.39 seconds)
Cbc0010I After 32300 nodes, 7687 on tree, 2.6752031e+08 best solution, best possible 2.6476561e+08 (271.43 seconds)
Cbc0038I Full problem 224 rows 12656 columns, reduced to 173 rows 6863 columns
Cbc0010I After 32400 nodes, 7727 on tree, 2.6752031e+08 best solution, best possible 2.6477763e+08 (272.65 seconds)
Cbc0010I After 32500 nodes, 7770 on tree, 2.6752031e+08 best solution, best possible 2.6478879e+08 (273.89 seconds)
Cbc0010I After 32600 nodes, 7809 on tree, 2.6752031e+08 best solution, best possible 2.6479776e+08 (275.06 seconds)
Cbc0010I After 32700 nodes, 7843 on tree, 2.6752031e+08 best solution, best possible 2.6481028e+08 (276.14 seconds)
Cbc0010I After 32800 nodes, 7871 on tree, 2.6752031e+08 best solution, best possible 2.6482135e+08 (277.26 seconds)
Cbc0010I After 32900 nodes, 7904 on tree, 2.6752031e+08 best solution, best possible 2.6483129e+08 (278.31 seconds)
Cbc0010I After 33000 nodes, 7936 on tree, 2.6752031e+08 best solution, best possible 2.6484107e+08 (279.38 seconds)
Cbc0010I After 33100 nodes, 7931 on tree, 2.6752031e+08 best solution, best possible 2.6484107e+08 (280.19 seconds)
Cbc0010I After 33200 nodes, 7914 on tree, 2.6752031e+08 best solution, best possible 2.6484107e+08 (281.39 seconds)
Cbc0010I After 33300 nodes, 7890 on tree, 2.6752031e+08 best solution, best possible 2.6484107e+08 (282.45 seconds)
Cbc0010I After 33400 nodes, 7854 on tree, 2.6752031e+08 best solution, best possible 2.6484107e+08 (283.15 seconds)
Cbc0010I After 33500 nodes, 7829 on tree, 2.6752031e+08 best solution, best possible 2.6484107e+08 (284.08 seconds)
Cbc0010I After 33600 nodes, 7816 on tree, 2.6752031e+08 best solution, best possible 2.6484107e+08 (285.21 seconds)
Cbc0010I After 33700 nodes, 7802 on tree, 2.6752031e+08 best solution, best possible 2.6484107e+08 (286.36 seconds)
Cbc0010I After 33800 nodes, 7784 on tree, 2.6752031e+08 best solution, best possible 2.6484107e+08 (287.39 seconds)
Cbc0010I After 33900 nodes, 7771 on tree, 2.6752031e+08 best solution, best possible 2.6484107e+08 (288.58 seconds)
Cbc0010I After 34000 nodes, 7756 on tree, 2.6752031e+08 best solution, best possible 2.6484107e+08 (289.69 seconds)
Cbc0010I After 34100 nodes, 7780 on tree, 2.6752031e+08 best solution, best possible 2.6485445e+08 (291.45 seconds)
Cbc0010I After 34200 nodes, 7802 on tree, 2.6752031e+08 best solution, best possible 2.6486375e+08 (293.10 seconds)
Cbc0010I After 34300 nodes, 7824 on tree, 2.6752031e+08 best solution, best possible 2.6487522e+08 (294.79 seconds)
Cbc0010I After 34400 nodes, 7846 on tree, 2.6752031e+08 best solution, best possible 2.6488557e+08 (296.49 seconds)
Cbc0010I After 34500 nodes, 7868 on tree, 2.6752031e+08 best solution, best possible 2.6489431e+08 (298.16 seconds)
Cbc0010I After 34600 nodes, 7888 on tree, 2.6752031e+08 best solution, best possible 2.6490494e+08 (299.68 seconds)
Cbc0010I After 34700 nodes, 7911 on tree, 2.6752031e+08 best solution, best possible 2.6491607e+08 (301.26 seconds)
Cbc0010I After 34800 nodes, 7926 on tree, 2.6752031e+08 best solution, best possible 2.649265e+08 (302.71 seconds)
Cbc0010I After 34900 nodes, 7951 on tree, 2.6752031e+08 best solution, best possible 2.6493834e+08 (304.25 seconds)
Cbc0010I After 35000 nodes, 7967 on tree, 2.6752031e+08 best solution, best possible 2.6494896e+08 (305.94 seconds)
Cbc0010I After 35100 nodes, 7986 on tree, 2.6752031e+08 best solution, best possible 2.6496225e+08 (307.53 seconds)
Cbc0010I After 35200 nodes, 8007 on tree, 2.6752031e+08 best solution, best possible 2.6497101e+08 (308.95 seconds)
Cbc0010I After 35300 nodes, 8021 on tree, 2.6752031e+08 best solution, best possible 2.6497944e+08 (310.37 seconds)
Cbc0010I After 35400 nodes, 8042 on tree, 2.6752031e+08 best solution, best possible 2.6498752e+08 (311.84 seconds)
Cbc0010I After 35500 nodes, 8059 on tree, 2.6752031e+08 best solution, best possible 2.6499708e+08 (313.24 seconds)
Cbc0010I After 35600 nodes, 8066 on tree, 2.6752031e+08 best solution, best possible 2.6500971e+08 (314.82 seconds)
Cbc0010I After 35700 nodes, 8082 on tree, 2.6752031e+08 best solution, best possible 2.6502147e+08 (316.29 seconds)
Cbc0010I After 35800 nodes, 8098 on tree, 2.6752031e+08 best solution, best possible 2.6503437e+08 (317.76 seconds)
Cbc0010I After 35900 nodes, 8115 on tree, 2.6752031e+08 best solution, best possible 2.6504251e+08 (319.25 seconds)
Cbc0038I Full problem 224 rows 12656 columns, reduced to 174 rows 6977 columns - 1 fixed gives 174, 6976 - still too large
Cbc0038I Full problem 224 rows 12656 columns, reduced to 174 rows 6976 columns - too large
Cbc0010I After 36000 nodes, 8138 on tree, 2.6752031e+08 best solution, best possible 2.6505582e+08 (320.87 seconds)
Cbc0010I After 36100 nodes, 8154 on tree, 2.6752031e+08 best solution, best possible 2.6506588e+08 (322.31 seconds)
Cbc0010I After 36200 nodes, 8178 on tree, 2.6752031e+08 best solution, best possible 2.6508156e+08 (323.76 seconds)
Cbc0010I After 36300 nodes, 8191 on tree, 2.6752031e+08 best solution, best possible 2.6509362e+08 (324.99 seconds)
Cbc0010I After 36400 nodes, 8209 on tree, 2.6752031e+08 best solution, best possible 2.651027e+08 (326.11 seconds)
Cbc0010I After 36500 nodes, 8237 on tree, 2.6752031e+08 best solution, best possible 2.6511299e+08 (327.47 seconds)
Cbc0010I After 36600 nodes, 8259 on tree, 2.6752031e+08 best solution, best possible 2.6512268e+08 (328.86 seconds)
Cbc0010I After 36700 nodes, 8269 on tree, 2.6752031e+08 best solution, best possible 2.6513321e+08 (329.90 seconds)
Cbc0010I After 36800 nodes, 8289 on tree, 2.6752031e+08 best solution, best possible 2.6514394e+08 (331.21 seconds)
Cbc0010I After 36900 nodes, 8309 on tree, 2.6752031e+08 best solution, best possible 2.6515278e+08 (332.46 seconds)
Cbc0010I After 37000 nodes, 8326 on tree, 2.6752031e+08 best solution, best possible 2.65165e+08 (333.67 seconds)
Cbc0010I After 37100 nodes, 8316 on tree, 2.6752031e+08 best solution, best possible 2.6516544e+08 (334.67 seconds)
Cbc0010I After 37200 nodes, 8308 on tree, 2.6752031e+08 best solution, best possible 2.6516544e+08 (335.83 seconds)
Cbc0010I After 37300 nodes, 8287 on tree, 2.6752031e+08 best solution, best possible 2.6516544e+08 (336.94 seconds)
Cbc0010I After 37400 nodes, 8264 on tree, 2.6752031e+08 best solution, best possible 2.6516544e+08 (337.87 seconds)
Cbc0010I After 37500 nodes, 8228 on tree, 2.6752031e+08 best solution, best possible 2.6516544e+08 (338.52 seconds)
Cbc0010I After 37600 nodes, 8209 on tree, 2.6752031e+08 best solution, best possible 2.6516544e+08 (339.57 seconds)
Cbc0010I After 37700 nodes, 8196 on tree, 2.6752031e+08 best solution, best possible 2.6516544e+08 (340.68 seconds)
Cbc0010I After 37800 nodes, 8171 on tree, 2.6752031e+08 best solution, best possible 2.6516544e+08 (341.73 seconds)
Cbc0010I After 37900 nodes, 8153 on tree, 2.6752031e+08 best solution, best possible 2.6516544e+08 (342.76 seconds)
Cbc0010I After 38000 nodes, 8137 on tree, 2.6752031e+08 best solution, best possible 2.6516544e+08 (343.88 seconds)
Cbc0010I After 38100 nodes, 8155 on tree, 2.6752031e+08 best solution, best possible 2.6517482e+08 (345.12 seconds)
Cbc0010I After 38200 nodes, 8172 on tree, 2.6752031e+08 best solution, best possible 2.6518307e+08 (346.55 seconds)
Cbc0010I After 38300 nodes, 8179 on tree, 2.6752031e+08 best solution, best possible 2.6519428e+08 (347.76 seconds)
Cbc0010I After 38400 nodes, 8196 on tree, 2.6752031e+08 best solution, best possible 2.6520612e+08 (349.07 seconds)
Cbc0010I After 38500 nodes, 8207 on tree, 2.6752031e+08 best solution, best possible 2.6521503e+08 (350.34 seconds)
Cbc0010I After 38600 nodes, 8224 on tree, 2.6752031e+08 best solution, best possible 2.6522611e+08 (351.73 seconds)
Cbc0010I After 38700 nodes, 8247 on tree, 2.6752031e+08 best solution, best possible 2.6523692e+08 (353.24 seconds)
Cbc0010I After 38800 nodes, 8265 on tree, 2.6752031e+08 best solution, best possible 2.6524712e+08 (354.71 seconds)
Cbc0010I After 38900 nodes, 8282 on tree, 2.6752031e+08 best solution, best possible 2.6525728e+08 (356.03 seconds)
Cbc0010I After 39000 nodes, 8294 on tree, 2.6752031e+08 best solution, best possible 2.6526816e+08 (357.25 seconds)
Cbc0010I After 39100 nodes, 8303 on tree, 2.6752031e+08 best solution, best possible 2.6528017e+08 (358.30 seconds)
Cbc0010I After 39200 nodes, 8318 on tree, 2.6752031e+08 best solution, best possible 2.6529231e+08 (359.32 seconds)
Cbc0010I After 39300 nodes, 8331 on tree, 2.6752031e+08 best solution, best possible 2.6530167e+08 (360.39 seconds)
Cbc0010I After 39400 nodes, 8344 on tree, 2.6752031e+08 best solution, best possible 2.653102e+08 (361.56 seconds)
Cbc0010I After 39500 nodes, 8355 on tree, 2.6752031e+08 best solution, best possible 2.65321e+08 (362.63 seconds)
Cbc0038I Full problem 224 rows 12656 columns, reduced to 175 rows 7089 columns - 1 fixed gives 175, 7088 - still too large
Cbc0038I Full problem 224 rows 12656 columns, reduced to 175 rows 7088 columns - too large
Cbc0010I After 39600 nodes, 8364 on tree, 2.6752031e+08 best solution, best possible 2.6533109e+08 (363.83 seconds)
Cbc0010I After 39700 nodes, 8379 on tree, 2.6752031e+08 best solution, best possible 2.6534278e+08 (365.11 seconds)
Cbc0010I After 39800 nodes, 8387 on tree, 2.6752031e+08 best solution, best possible 2.6535319e+08 (366.32 seconds)
Cbc0010I After 39900 nodes, 8397 on tree, 2.6752031e+08 best solution, best possible 2.6536597e+08 (367.51 seconds)
Cbc0010I After 40000 nodes, 8408 on tree, 2.6752031e+08 best solution, best possible 2.6537653e+08 (368.68 seconds)
Cbc0010I After 40100 nodes, 8418 on tree, 2.6752031e+08 best solution, best possible 2.653852e+08 (369.97 seconds)
Cbc0010I After 40200 nodes, 8427 on tree, 2.6752031e+08 best solution, best possible 2.6539453e+08 (371.09 seconds)
Cbc0010I After 40300 nodes, 8437 on tree, 2.6752031e+08 best solution, best possible 2.6540697e+08 (372.35 seconds)
Cbc0010I After 40400 nodes, 8440 on tree, 2.6752031e+08 best solution, best possible 2.6541775e+08 (373.47 seconds)
Cbc0010I After 40500 nodes, 8444 on tree, 2.6752031e+08 best solution, best possible 2.6542736e+08 (374.63 seconds)
Cbc0010I After 40600 nodes, 8457 on tree, 2.6752031e+08 best solution, best possible 2.6543726e+08 (375.90 seconds)
Cbc0010I After 40700 nodes, 8462 on tree, 2.6752031e+08 best solution, best possible 2.6544505e+08 (377.32 seconds)
Cbc0010I After 40800 nodes, 8482 on tree, 2.6752031e+08 best solution, best possible 2.6545525e+08 (378.98 seconds)
Cbc0010I After 40900 nodes, 8496 on tree, 2.6752031e+08 best solution, best possible 2.6546724e+08 (380.43 seconds)
Cbc0010I After 41000 nodes, 8499 on tree, 2.6752031e+08 best solution, best possible 2.654777e+08 (381.70 seconds)
Cbc0010I After 41100 nodes, 8484 on tree, 2.6752031e+08 best solution, best possible 2.654777e+08 (382.60 seconds)
Cbc0010I After 41200 nodes, 8464 on tree, 2.6752031e+08 best solution, best possible 2.654777e+08 (383.55 seconds)
Cbc0010I After 41300 nodes, 8442 on tree, 2.6752031e+08 best solution, best possible 2.654777e+08 (384.52 seconds)
Cbc0010I After 41400 nodes, 8419 on tree, 2.6752031e+08 best solution, best possible 2.654777e+08 (385.53 seconds)
Cbc0010I After 41500 nodes, 8390 on tree, 2.6752031e+08 best solution, best possible 2.654777e+08 (386.39 seconds)
Cbc0010I After 41600 nodes, 8354 on tree, 2.6752031e+08 best solution, best possible 2.654777e+08 (387.07 seconds)
Cbc0010I After 41700 nodes, 8329 on tree, 2.6752031e+08 best solution, best possible 2.654777e+08 (388.06 seconds)
Cbc0010I After 41800 nodes, 8300 on tree, 2.6752031e+08 best solution, best possible 2.654777e+08 (389.14 seconds)
Cbc0010I After 41900 nodes, 8277 on tree, 2.6752031e+08 best solution, best possible 2.654777e+08 (390.27 seconds)
Cbc0010I After 42000 nodes, 8254 on tree, 2.6752031e+08 best solution, best possible 2.654777e+08 (391.47 seconds)
Cbc0010I After 42100 nodes, 8263 on tree, 2.6752031e+08 best solution, best possible 2.6549145e+08 (393.05 seconds)
Cbc0010I After 42200 nodes, 8271 on tree, 2.6752031e+08 best solution, best possible 2.6550419e+08 (394.53 seconds)
Cbc0010I After 42300 nodes, 8274 on tree, 2.6752031e+08 best solution, best possible 2.6551604e+08 (396.12 seconds)
Cbc0010I After 42400 nodes, 8274 on tree, 2.6752031e+08 best solution, best possible 2.6552866e+08 (397.75 seconds)
Cbc0010I After 42500 nodes, 8271 on tree, 2.6752031e+08 best solution, best possible 2.6554018e+08 (399.40 seconds)
Cbc0010I After 42600 nodes, 8269 on tree, 2.6752031e+08 best solution, best possible 2.6555219e+08 (400.85 seconds)
Cbc0010I After 42700 nodes, 8267 on tree, 2.6752031e+08 best solution, best possible 2.6556139e+08 (402.43 seconds)
Cbc0010I After 42800 nodes, 8260 on tree, 2.6752031e+08 best solution, best possible 2.6557103e+08 (403.91 seconds)
Cbc0010I After 42900 nodes, 8258 on tree, 2.6752031e+08 best solution, best possible 2.6558303e+08 (405.61 seconds)
Cbc0010I After 43000 nodes, 8247 on tree, 2.6752031e+08 best solution, best possible 2.6559328e+08 (406.99 seconds)
Cbc0010I After 43100 nodes, 8235 on tree, 2.6752031e+08 best solution, best possible 2.6560517e+08 (408.35 seconds)
Cbc0010I After 43200 nodes, 8227 on tree, 2.6752031e+08 best solution, best possible 2.6561332e+08 (409.87 seconds)
Cbc0010I After 43300 nodes, 8218 on tree, 2.6752031e+08 best solution, best possible 2.6562287e+08 (411.32 seconds)
Cbc0010I After 43400 nodes, 8210 on tree, 2.6752031e+08 best solution, best possible 2.6563488e+08 (413.06 seconds)
Cbc0010I After 43500 nodes, 8212 on tree, 2.6752031e+08 best solution, best possible 2.6564783e+08 (414.74 seconds)
Cbc0010I After 43600 nodes, 8207 on tree, 2.6752031e+08 best solution, best possible 2.6565951e+08 (416.30 seconds)
Cbc0010I After 43700 nodes, 8209 on tree, 2.6752031e+08 best solution, best possible 2.6566834e+08 (417.90 seconds)
Cbc0010I After 43800 nodes, 8208 on tree, 2.6752031e+08 best solution, best possible 2.656777e+08 (419.40 seconds)
Cbc0010I After 43900 nodes, 8200 on tree, 2.6752031e+08 best solution, best possible 2.6568646e+08 (420.74 seconds)
Cbc0010I After 44000 nodes, 8202 on tree, 2.6752031e+08 best solution, best possible 2.6569654e+08 (422.41 seconds)
Cbc0010I After 44100 nodes, 8197 on tree, 2.6752031e+08 best solution, best possible 2.6570728e+08 (423.92 seconds)
Cbc0010I After 44200 nodes, 8177 on tree, 2.6752031e+08 best solution, best possible 2.6571825e+08 (425.14 seconds)
Cbc0010I After 44300 nodes, 8168 on tree, 2.6752031e+08 best solution, best possible 2.6572545e+08 (426.50 seconds)
Cbc0010I After 44400 nodes, 8163 on tree, 2.6752031e+08 best solution, best possible 2.6573493e+08 (428.04 seconds)
Cbc0010I After 44500 nodes, 8150 on tree, 2.6752031e+08 best solution, best possible 2.6574432e+08 (429.33 seconds)
Cbc0010I After 44600 nodes, 8134 on tree, 2.6752031e+08 best solution, best possible 2.6575366e+08 (430.70 seconds)
Cbc0010I After 44700 nodes, 8135 on tree, 2.6752031e+08 best solution, best possible 2.6576145e+08 (432.36 seconds)
Cbc0010I After 44800 nodes, 8125 on tree, 2.6752031e+08 best solution, best possible 2.6577007e+08 (433.92 seconds)
Cbc0010I After 44900 nodes, 8105 on tree, 2.6752031e+08 best solution, best possible 2.6577824e+08 (435.02 seconds)
Cbc0010I After 45000 nodes, 8088 on tree, 2.6752031e+08 best solution, best possible 2.6578704e+08 (436.41 seconds)
Cbc0010I After 45100 nodes, 8060 on tree, 2.6752031e+08 best solution, best possible 2.6578704e+08 (437.53 seconds)
Cbc0010I After 45200 nodes, 8029 on tree, 2.6752031e+08 best solution, best possible 2.6578704e+08 (438.46 seconds)
Cbc0010I After 45300 nodes, 7992 on tree, 2.6752031e+08 best solution, best possible 2.6578704e+08 (439.28 seconds)
Cbc0010I After 45400 nodes, 7949 on tree, 2.6752031e+08 best solution, best possible 2.6578704e+08 (439.85 seconds)
Cbc0010I After 45500 nodes, 7909 on tree, 2.6752031e+08 best solution, best possible 2.6578704e+08 (440.49 seconds)
Cbc0010I After 45600 nodes, 7873 on tree, 2.6752031e+08 best solution, best possible 2.6578704e+08 (441.25 seconds)
Cbc0010I After 45700 nodes, 7838 on tree, 2.6752031e+08 best solution, best possible 2.6578704e+08 (442.12 seconds)
Cbc0010I After 45800 nodes, 7812 on tree, 2.6752031e+08 best solution, best possible 2.6578704e+08 (443.20 seconds)
Cbc0010I After 45900 nodes, 7777 on tree, 2.6752031e+08 best solution, best possible 2.6578704e+08 (444.23 seconds)
Cbc0010I After 46000 nodes, 7743 on tree, 2.6752031e+08 best solution, best possible 2.6578704e+08 (445.21 seconds)
Cbc0010I After 46100 nodes, 7735 on tree, 2.6752031e+08 best solution, best possible 2.657962e+08 (446.67 seconds)
Cbc0010I After 46200 nodes, 7720 on tree, 2.6752031e+08 best solution, best possible 2.6580362e+08 (447.98 seconds)
Cbc0010I After 46300 nodes, 7705 on tree, 2.6752031e+08 best solution, best possible 2.6581067e+08 (449.30 seconds)
Cbc0010I After 46400 nodes, 7694 on tree, 2.6752031e+08 best solution, best possible 2.6581751e+08 (450.73 seconds)
Cbc0010I After 46500 nodes, 7683 on tree, 2.6752031e+08 best solution, best possible 2.6582596e+08 (452.06 seconds)
Cbc0010I After 46600 nodes, 7669 on tree, 2.6752031e+08 best solution, best possible 2.6583561e+08 (453.41 seconds)
Cbc0010I After 46700 nodes, 7656 on tree, 2.6752031e+08 best solution, best possible 2.6584301e+08 (454.75 seconds)
Cbc0010I After 46800 nodes, 7648 on tree, 2.6752031e+08 best solution, best possible 2.6585035e+08 (456.22 seconds)
Cbc0038I Full problem 224 rows 12656 columns, reduced to 175 rows 7089 columns - 2 fixed gives 175, 7087 - still too large
Cbc0038I Full problem 224 rows 12656 columns, reduced to 175 rows 7087 columns - too large
Cbc0010I After 46900 nodes, 7633 on tree, 2.6752031e+08 best solution, best possible 2.6586044e+08 (457.59 seconds)
Cbc0010I After 47000 nodes, 7620 on tree, 2.6752031e+08 best solution, best possible 2.6587007e+08 (458.92 seconds)
Cbc0010I After 47100 nodes, 7603 on tree, 2.6752031e+08 best solution, best possible 2.6587904e+08 (460.09 seconds)
Cbc0010I After 47200 nodes, 7586 on tree, 2.6752031e+08 best solution, best possible 2.6588842e+08 (461.37 seconds)
Cbc0010I After 47300 nodes, 7563 on tree, 2.6752031e+08 best solution, best possible 2.6589842e+08 (462.39 seconds)
Cbc0010I After 47400 nodes, 7547 on tree, 2.6752031e+08 best solution, best possible 2.6590999e+08 (463.61 seconds)
Cbc0010I After 47500 nodes, 7530 on tree, 2.6752031e+08 best solution, best possible 2.6591726e+08 (464.82 seconds)
Cbc0010I After 47600 nodes, 7519 on tree, 2.6752031e+08 best solution, best possible 2.6592483e+08 (465.95 seconds)
Cbc0010I After 47700 nodes, 7507 on tree, 2.6752031e+08 best solution, best possible 2.6593533e+08 (467.14 seconds)
Cbc0010I After 47800 nodes, 7490 on tree, 2.6752031e+08 best solution, best possible 2.6594351e+08 (468.35 seconds)
Cbc0010I After 47900 nodes, 7474 on tree, 2.6752031e+08 best solution, best possible 2.6595353e+08 (469.56 seconds)
Cbc0010I After 48000 nodes, 7456 on tree, 2.6752031e+08 best solution, best possible 2.6596592e+08 (470.76 seconds)
Cbc0010I After 48100 nodes, 7443 on tree, 2.6752031e+08 best solution, best possible 2.6597463e+08 (471.98 seconds)
Cbc0010I After 48200 nodes, 7433 on tree, 2.6752031e+08 best solution, best possible 2.6598506e+08 (473.30 seconds)
Cbc0010I After 48300 nodes, 7418 on tree, 2.6752031e+08 best solution, best possible 2.6599749e+08 (474.46 seconds)
Cbc0010I After 48400 nodes, 7405 on tree, 2.6752031e+08 best solution, best possible 2.6600525e+08 (475.80 seconds)
Cbc0010I After 48500 nodes, 7390 on tree, 2.6752031e+08 best solution, best possible 2.6601628e+08 (476.88 seconds)
Cbc0010I After 48600 nodes, 7373 on tree, 2.6752031e+08 best solution, best possible 2.6602542e+08 (478.05 seconds)
Cbc0010I After 48700 nodes, 7350 on tree, 2.6752031e+08 best solution, best possible 2.6603619e+08 (479.29 seconds)
Cbc0010I After 48800 nodes, 7333 on tree, 2.6752031e+08 best solution, best possible 2.660481e+08 (480.53 seconds)
Cbc0010I After 48900 nodes, 7311 on tree, 2.6752031e+08 best solution, best possible 2.6606261e+08 (481.73 seconds)
Cbc0010I After 49000 nodes, 7301 on tree, 2.6752031e+08 best solution, best possible 2.6607754e+08 (482.92 seconds)
Cbc0010I After 49100 nodes, 7263 on tree, 2.6752031e+08 best solution, best possible 2.6607754e+08 (483.75 seconds)
Cbc0010I After 49200 nodes, 7217 on tree, 2.6752031e+08 best solution, best possible 2.6607754e+08 (484.31 seconds)
Cbc0010I After 49300 nodes, 7175 on tree, 2.6752031e+08 best solution, best possible 2.6607754e+08 (484.94 seconds)
Cbc0010I After 49400 nodes, 7130 on tree, 2.6752031e+08 best solution, best possible 2.6607754e+08 (485.58 seconds)
Cbc0010I After 49500 nodes, 7085 on tree, 2.6752031e+08 best solution, best possible 2.6607754e+08 (486.27 seconds)
Cbc0010I After 49600 nodes, 7049 on tree, 2.6752031e+08 best solution, best possible 2.6607754e+08 (487.11 seconds)
Cbc0010I After 49700 nodes, 7004 on tree, 2.6752031e+08 best solution, best possible 2.6607754e+08 (487.74 seconds)
Cbc0010I After 49800 nodes, 6961 on tree, 2.6752031e+08 best solution, best possible 2.6607754e+08 (488.44 seconds)
Cbc0010I After 49900 nodes, 6919 on tree, 2.6752031e+08 best solution, best possible 2.6607754e+08 (489.10 seconds)
Cbc0010I After 50000 nodes, 6873 on tree, 2.6752031e+08 best solution, best possible 2.6607754e+08 (489.74 seconds)
Cbc0010I After 50100 nodes, 6854 on tree, 2.6752031e+08 best solution, best possible 2.6608924e+08 (490.86 seconds)
Cbc0010I After 50200 nodes, 6834 on tree, 2.6752031e+08 best solution, best possible 2.6610423e+08 (491.93 seconds)
Cbc0010I After 50300 nodes, 6811 on tree, 2.6752031e+08 best solution, best possible 2.6611743e+08 (493.01 seconds)
Cbc0010I After 50400 nodes, 6795 on tree, 2.6752031e+08 best solution, best possible 2.6613568e+08 (494.11 seconds)
Cbc0010I After 50500 nodes, 6779 on tree, 2.6752031e+08 best solution, best possible 2.6615434e+08 (495.33 seconds)
Cbc0010I After 50600 nodes, 6761 on tree, 2.6752031e+08 best solution, best possible 2.6616804e+08 (496.48 seconds)
Cbc0010I After 50700 nodes, 6742 on tree, 2.6752031e+08 best solution, best possible 2.661784e+08 (497.48 seconds)
Cbc0010I After 50800 nodes, 6727 on tree, 2.6752031e+08 best solution, best possible 2.6619048e+08 (498.58 seconds)
Cbc0010I After 50900 nodes, 6707 on tree, 2.6752031e+08 best solution, best possible 2.661999e+08 (499.63 seconds)
Cbc0010I After 51000 nodes, 6689 on tree, 2.6752031e+08 best solution, best possible 2.6621381e+08 (500.87 seconds)
Cbc0010I After 51100 nodes, 6670 on tree, 2.6752031e+08 best solution, best possible 2.6622769e+08 (502.00 seconds)
Cbc0010I After 51200 nodes, 6645 on tree, 2.6752031e+08 best solution, best possible 2.6623703e+08 (502.98 seconds)
Cbc0010I After 51300 nodes, 6621 on tree, 2.6752031e+08 best solution, best possible 2.6625083e+08 (504.08 seconds)
Cbc0010I After 51400 nodes, 6598 on tree, 2.6752031e+08 best solution, best possible 2.6625954e+08 (505.13 seconds)
Cbc0010I After 51500 nodes, 6574 on tree, 2.6752031e+08 best solution, best possible 2.6627173e+08 (506.34 seconds)
Cbc0010I After 51600 nodes, 6550 on tree, 2.6752031e+08 best solution, best possible 2.6628331e+08 (507.51 seconds)
Cbc0010I After 51700 nodes, 6526 on tree, 2.6752031e+08 best solution, best possible 2.6629354e+08 (508.53 seconds)
Cbc0010I After 51800 nodes, 6502 on tree, 2.6752031e+08 best solution, best possible 2.6630353e+08 (509.63 seconds)
Cbc0010I After 51900 nodes, 6475 on tree, 2.6752031e+08 best solution, best possible 2.6631159e+08 (510.56 seconds)
Cbc0010I After 52000 nodes, 6447 on tree, 2.6752031e+08 best solution, best possible 2.6632364e+08 (511.65 seconds)
Cbc0010I After 52100 nodes, 6419 on tree, 2.6752031e+08 best solution, best possible 2.6633489e+08 (512.66 seconds)
Cbc0010I After 52200 nodes, 6387 on tree, 2.6752031e+08 best solution, best possible 2.6634759e+08 (513.71 seconds)
Cbc0010I After 52300 nodes, 6359 on tree, 2.6752031e+08 best solution, best possible 2.6635974e+08 (514.78 seconds)
Cbc0010I After 52400 nodes, 6328 on tree, 2.6752031e+08 best solution, best possible 2.6637059e+08 (515.70 seconds)
Cbc0010I After 52500 nodes, 6296 on tree, 2.6752031e+08 best solution, best possible 2.6638126e+08 (516.64 seconds)
Cbc0010I After 52600 nodes, 6264 on tree, 2.6752031e+08 best solution, best possible 2.6639033e+08 (517.54 seconds)
Cbc0010I After 52700 nodes, 6236 on tree, 2.6752031e+08 best solution, best possible 2.6639992e+08 (518.62 seconds)
Cbc0010I After 52800 nodes, 6207 on tree, 2.6752031e+08 best solution, best possible 2.6641029e+08 (519.69 seconds)
Cbc0010I After 52900 nodes, 6180 on tree, 2.6752031e+08 best solution, best possible 2.6642172e+08 (520.82 seconds)
Cbc0010I After 53000 nodes, 6147 on tree, 2.6752031e+08 best solution, best possible 2.6643247e+08 (521.89 seconds)
Cbc0010I After 53100 nodes, 6102 on tree, 2.6752031e+08 best solution, best possible 2.6643247e+08 (522.34 seconds)
Cbc0010I After 53200 nodes, 6053 on tree, 2.6752031e+08 best solution, best possible 2.6643247e+08 (522.72 seconds)
Cbc0010I After 53300 nodes, 6003 on tree, 2.6752031e+08 best solution, best possible 2.6643247e+08 (523.03 seconds)
Cbc0010I After 53400 nodes, 5953 on tree, 2.6752031e+08 best solution, best possible 2.6643247e+08 (523.46 seconds)
Cbc0010I After 53500 nodes, 5907 on tree, 2.6752031e+08 best solution, best possible 2.6643247e+08 (523.95 seconds)
Cbc0010I After 53600 nodes, 5860 on tree, 2.6752031e+08 best solution, best possible 2.6643247e+08 (524.42 seconds)
Cbc0010I After 53700 nodes, 5811 on tree, 2.6752031e+08 best solution, best possible 2.6643247e+08 (524.89 seconds)
Cbc0010I After 53800 nodes, 5763 on tree, 2.6752031e+08 best solution, best possible 2.6643247e+08 (525.41 seconds)
Cbc0010I After 53900 nodes, 5713 on tree, 2.6752031e+08 best solution, best possible 2.6643247e+08 (525.88 seconds)
Cbc0010I After 54000 nodes, 5664 on tree, 2.6752031e+08 best solution, best possible 2.6643247e+08 (526.27 seconds)
Cbc0038I Full problem 224 rows 12656 columns, reduced to 165 rows 5959 columns
Cbc0010I After 54100 nodes, 5625 on tree, 2.6752031e+08 best solution, best possible 2.6644443e+08 (527.15 seconds)
Cbc0010I After 54200 nodes, 5591 on tree, 2.6752031e+08 best solution, best possible 2.6645131e+08 (528.16 seconds)
Cbc0010I After 54300 nodes, 5556 on tree, 2.6752031e+08 best solution, best possible 2.6646178e+08 (529.10 seconds)
Cbc0010I After 54400 nodes, 5523 on tree, 2.6752031e+08 best solution, best possible 2.6646992e+08 (530.09 seconds)
Cbc0010I After 54500 nodes, 5490 on tree, 2.6752031e+08 best solution, best possible 2.6648148e+08 (530.96 seconds)
Cbc0010I After 54600 nodes, 5457 on tree, 2.6752031e+08 best solution, best possible 2.664934e+08 (531.81 seconds)
Cbc0010I After 54700 nodes, 5421 on tree, 2.6752031e+08 best solution, best possible 2.6650372e+08 (532.74 seconds)
Cbc0010I After 54800 nodes, 5380 on tree, 2.6752031e+08 best solution, best possible 2.6651563e+08 (533.43 seconds)
Cbc0010I After 54900 nodes, 5338 on tree, 2.6752031e+08 best solution, best possible 2.6652369e+08 (534.26 seconds)
Cbc0010I After 55000 nodes, 5299 on tree, 2.6752031e+08 best solution, best possible 2.665348e+08 (535.09 seconds)
Cbc0010I After 55100 nodes, 5261 on tree, 2.6752031e+08 best solution, best possible 2.665456e+08 (535.97 seconds)
Cbc0010I After 55200 nodes, 5226 on tree, 2.6752031e+08 best solution, best possible 2.6655922e+08 (536.93 seconds)
Cbc0010I After 55300 nodes, 5184 on tree, 2.6752031e+08 best solution, best possible 2.6657169e+08 (537.67 seconds)
Cbc0010I After 55400 nodes, 5143 on tree, 2.6752031e+08 best solution, best possible 2.6658125e+08 (538.47 seconds)
Cbc0010I After 55500 nodes, 5100 on tree, 2.6752031e+08 best solution, best possible 2.6659207e+08 (539.20 seconds)
Cbc0010I After 55600 nodes, 5055 on tree, 2.6752031e+08 best solution, best possible 2.666039e+08 (539.98 seconds)
Cbc0010I After 55700 nodes, 5012 on tree, 2.6752031e+08 best solution, best possible 2.666172e+08 (540.78 seconds)
Cbc0010I After 55800 nodes, 4970 on tree, 2.6752031e+08 best solution, best possible 2.6662906e+08 (541.60 seconds)
Cbc0010I After 55900 nodes, 4926 on tree, 2.6752031e+08 best solution, best possible 2.6664405e+08 (542.24 seconds)
Cbc0010I After 56000 nodes, 4879 on tree, 2.6752031e+08 best solution, best possible 2.6665428e+08 (542.92 seconds)
Cbc0010I After 56100 nodes, 4834 on tree, 2.6752031e+08 best solution, best possible 2.6666737e+08 (543.47 seconds)
Cbc0010I After 56200 nodes, 4791 on tree, 2.6752031e+08 best solution, best possible 2.666789e+08 (544.19 seconds)
Cbc0010I After 56300 nodes, 4746 on tree, 2.6752031e+08 best solution, best possible 2.6668792e+08 (544.88 seconds)
Cbc0010I After 56400 nodes, 4700 on tree, 2.6752031e+08 best solution, best possible 2.6669732e+08 (545.61 seconds)
Cbc0010I After 56500 nodes, 4652 on tree, 2.6752031e+08 best solution, best possible 2.6670899e+08 (546.05 seconds)
Cbc0010I After 56600 nodes, 4602 on tree, 2.6752031e+08 best solution, best possible 2.667183e+08 (546.46 seconds)
Cbc0010I After 56700 nodes, 4553 on tree, 2.6752031e+08 best solution, best possible 2.6672758e+08 (547.05 seconds)
Cbc0010I After 56800 nodes, 4505 on tree, 2.6752031e+08 best solution, best possible 2.6674093e+08 (547.55 seconds)
Cbc0010I After 56900 nodes, 4458 on tree, 2.6752031e+08 best solution, best possible 2.6675063e+08 (548.12 seconds)
Cbc0010I After 57000 nodes, 4412 on tree, 2.6752031e+08 best solution, best possible 2.6676166e+08 (548.64 seconds)
Cbc0010I After 57100 nodes, 4365 on tree, 2.6752031e+08 best solution, best possible 2.6676166e+08 (548.99 seconds)
Cbc0010I After 57200 nodes, 4317 on tree, 2.6752031e+08 best solution, best possible 2.6676166e+08 (549.32 seconds)
Cbc0010I After 57300 nodes, 4268 on tree, 2.6752031e+08 best solution, best possible 2.6676166e+08 (549.76 seconds)
Cbc0010I After 57400 nodes, 4218 on tree, 2.6752031e+08 best solution, best possible 2.6676166e+08 (550.18 seconds)
Cbc0010I After 57500 nodes, 4168 on tree, 2.6752031e+08 best solution, best possible 2.6676166e+08 (550.50 seconds)
Cbc0010I After 57600 nodes, 4118 on tree, 2.6752031e+08 best solution, best possible 2.6676166e+08 (550.87 seconds)
Cbc0010I After 57700 nodes, 4068 on tree, 2.6752031e+08 best solution, best possible 2.6676166e+08 (551.21 seconds)
Cbc0010I After 57800 nodes, 4019 on tree, 2.6752031e+08 best solution, best possible 2.6676166e+08 (551.56 seconds)
Cbc0010I After 57900 nodes, 3969 on tree, 2.6752031e+08 best solution, best possible 2.6676166e+08 (551.87 seconds)
Cbc0010I After 58000 nodes, 3918 on tree, 2.6752031e+08 best solution, best possible 2.6676166e+08 (552.24 seconds)
Cbc0010I After 58100 nodes, 3869 on tree, 2.6752031e+08 best solution, best possible 2.6677343e+08 (552.71 seconds)
Cbc0010I After 58200 nodes, 3819 on tree, 2.6752031e+08 best solution, best possible 2.6678248e+08 (553.16 seconds)
Cbc0010I After 58300 nodes, 3771 on tree, 2.6752031e+08 best solution, best possible 2.6679178e+08 (553.64 seconds)
Cbc0010I After 58400 nodes, 3722 on tree, 2.6752031e+08 best solution, best possible 2.6680377e+08 (554.16 seconds)
Cbc0010I After 58500 nodes, 3674 on tree, 2.6752031e+08 best solution, best possible 2.6681244e+08 (554.66 seconds)
Cbc0010I After 58600 nodes, 3626 on tree, 2.6752031e+08 best solution, best possible 2.6682163e+08 (555.13 seconds)
Cbc0010I After 58700 nodes, 3576 on tree, 2.6752031e+08 best solution, best possible 2.6682845e+08 (555.51 seconds)
Cbc0010I After 58800 nodes, 3526 on tree, 2.6752031e+08 best solution, best possible 2.6683766e+08 (555.90 seconds)
Cbc0010I After 58900 nodes, 3476 on tree, 2.6752031e+08 best solution, best possible 2.6684833e+08 (556.35 seconds)
Cbc0010I After 59000 nodes, 3426 on tree, 2.6752031e+08 best solution, best possible 2.6685676e+08 (556.79 seconds)
Cbc0010I After 59100 nodes, 3377 on tree, 2.6752031e+08 best solution, best possible 2.668667e+08 (557.28 seconds)
Cbc0010I After 59200 nodes, 3328 on tree, 2.6752031e+08 best solution, best possible 2.6687339e+08 (557.75 seconds)
Cbc0010I After 59300 nodes, 3279 on tree, 2.6752031e+08 best solution, best possible 2.6688325e+08 (558.19 seconds)
Cbc0010I After 59400 nodes, 3231 on tree, 2.6752031e+08 best solution, best possible 2.6689011e+08 (558.69 seconds)
Cbc0010I After 59500 nodes, 3183 on tree, 2.6752031e+08 best solution, best possible 2.6689721e+08 (559.12 seconds)
Cbc0010I After 59600 nodes, 3133 on tree, 2.6752031e+08 best solution, best possible 2.6690522e+08 (559.56 seconds)
Cbc0010I After 59700 nodes, 3085 on tree, 2.6752031e+08 best solution, best possible 2.6691536e+08 (559.98 seconds)
Cbc0010I After 59800 nodes, 3035 on tree, 2.6752031e+08 best solution, best possible 2.6692253e+08 (560.41 seconds)
Cbc0010I After 59900 nodes, 2985 on tree, 2.6752031e+08 best solution, best possible 2.6693189e+08 (560.83 seconds)
Cbc0010I After 60000 nodes, 2936 on tree, 2.6752031e+08 best solution, best possible 2.6693989e+08 (561.21 seconds)
Cbc0010I After 60100 nodes, 2886 on tree, 2.6752031e+08 best solution, best possible 2.6694955e+08 (561.52 seconds)
Cbc0010I After 60200 nodes, 2836 on tree, 2.6752031e+08 best solution, best possible 2.6695815e+08 (561.92 seconds)
Cbc0010I After 60300 nodes, 2788 on tree, 2.6752031e+08 best solution, best possible 2.6697007e+08 (562.39 seconds)
Cbc0010I After 60400 nodes, 2739 on tree, 2.6752031e+08 best solution, best possible 2.6698146e+08 (562.80 seconds)
Cbc0010I After 60500 nodes, 2689 on tree, 2.6752031e+08 best solution, best possible 2.6699306e+08 (563.21 seconds)
Cbc0010I After 60600 nodes, 2640 on tree, 2.6752031e+08 best solution, best possible 2.6700216e+08 (563.63 seconds)
Cbc0010I After 60700 nodes, 2591 on tree, 2.6752031e+08 best solution, best possible 2.6701064e+08 (564.03 seconds)
Cbc0010I After 60800 nodes, 2541 on tree, 2.6752031e+08 best solution, best possible 2.6702134e+08 (564.37 seconds)
Cbc0010I After 60900 nodes, 2491 on tree, 2.6752031e+08 best solution, best possible 2.670316e+08 (564.74 seconds)
Cbc0010I After 61000 nodes, 2441 on tree, 2.6752031e+08 best solution, best possible 2.6704298e+08 (565.11 seconds)
Cbc0010I After 61100 nodes, 2391 on tree, 2.6752031e+08 best solution, best possible 2.6704298e+08 (565.40 seconds)
Cbc0010I After 61200 nodes, 2341 on tree, 2.6752031e+08 best solution, best possible 2.6704298e+08 (565.72 seconds)
Cbc0010I After 61300 nodes, 2291 on tree, 2.6752031e+08 best solution, best possible 2.6704298e+08 (566.02 seconds)
Cbc0010I After 61400 nodes, 2241 on tree, 2.6752031e+08 best solution, best possible 2.6704298e+08 (566.28 seconds)
Cbc0038I Full problem 224 rows 12656 columns, reduced to 170 rows 6522 columns
Cbc0010I After 61500 nodes, 2193 on tree, 2.6752031e+08 best solution, best possible 2.6704298e+08 (566.64 seconds)
Cbc0010I After 61600 nodes, 2142 on tree, 2.6752031e+08 best solution, best possible 2.6704298e+08 (566.94 seconds)
Cbc0010I After 61700 nodes, 2092 on tree, 2.6752031e+08 best solution, best possible 2.6704298e+08 (567.24 seconds)
Cbc0010I After 61800 nodes, 2042 on tree, 2.6752031e+08 best solution, best possible 2.6704298e+08 (567.54 seconds)
Cbc0010I After 61900 nodes, 1992 on tree, 2.6752031e+08 best solution, best possible 2.6704298e+08 (567.84 seconds)
Cbc0010I After 62000 nodes, 1942 on tree, 2.6752031e+08 best solution, best possible 2.6704298e+08 (568.19 seconds)
Cbc0010I After 62100 nodes, 1892 on tree, 2.6752031e+08 best solution, best possible 2.6705857e+08 (568.59 seconds)
Cbc0010I After 62200 nodes, 1843 on tree, 2.6752031e+08 best solution, best possible 2.6707352e+08 (568.96 seconds)
Cbc0010I After 62300 nodes, 1793 on tree, 2.6752031e+08 best solution, best possible 2.6708507e+08 (569.30 seconds)
Cbc0010I After 62400 nodes, 1743 on tree, 2.6752031e+08 best solution, best possible 2.6709767e+08 (569.63 seconds)
Cbc0010I After 62500 nodes, 1693 on tree, 2.6752031e+08 best solution, best possible 2.6710946e+08 (569.94 seconds)
Cbc0010I After 62600 nodes, 1643 on tree, 2.6752031e+08 best solution, best possible 2.6712035e+08 (570.25 seconds)
Cbc0010I After 62700 nodes, 1593 on tree, 2.6752031e+08 best solution, best possible 2.671371e+08 (570.63 seconds)
Cbc0010I After 62800 nodes, 1543 on tree, 2.6752031e+08 best solution, best possible 2.6715216e+08 (570.98 seconds)
Cbc0010I After 62900 nodes, 1493 on tree, 2.6752031e+08 best solution, best possible 2.6716743e+08 (571.30 seconds)
Cbc0010I After 63000 nodes, 1443 on tree, 2.6752031e+08 best solution, best possible 2.6718088e+08 (571.63 seconds)
Cbc0010I After 63100 nodes, 1393 on tree, 2.6752031e+08 best solution, best possible 2.6719406e+08 (571.93 seconds)
Cbc0010I After 63200 nodes, 1343 on tree, 2.6752031e+08 best solution, best possible 2.6720531e+08 (572.28 seconds)
Cbc0010I After 63300 nodes, 1293 on tree, 2.6752031e+08 best solution, best possible 2.6721916e+08 (572.59 seconds)
Cbc0010I After 63400 nodes, 1243 on tree, 2.6752031e+08 best solution, best possible 2.6723361e+08 (572.90 seconds)
Cbc0010I After 63500 nodes, 1193 on tree, 2.6752031e+08 best solution, best possible 2.6724275e+08 (573.23 seconds)
Cbc0010I After 63600 nodes, 1143 on tree, 2.6752031e+08 best solution, best possible 2.6725326e+08 (573.57 seconds)
Cbc0010I After 63700 nodes, 1093 on tree, 2.6752031e+08 best solution, best possible 2.6726376e+08 (573.86 seconds)
Cbc0010I After 63800 nodes, 1043 on tree, 2.6752031e+08 best solution, best possible 2.6727245e+08 (574.19 seconds)
Cbc0010I After 63900 nodes, 993 on tree, 2.6752031e+08 best solution, best possible 2.6728149e+08 (574.52 seconds)
Cbc0010I After 64000 nodes, 943 on tree, 2.6752031e+08 best solution, best possible 2.6729301e+08 (574.83 seconds)
Cbc0010I After 64100 nodes, 893 on tree, 2.6752031e+08 best solution, best possible 2.6730356e+08 (575.12 seconds)
Cbc0010I After 64200 nodes, 843 on tree, 2.6752031e+08 best solution, best possible 2.6731386e+08 (575.42 seconds)
Cbc0010I After 64300 nodes, 793 on tree, 2.6752031e+08 best solution, best possible 2.6732479e+08 (575.72 seconds)
Cbc0010I After 64400 nodes, 743 on tree, 2.6752031e+08 best solution, best possible 2.673361e+08 (576.01 seconds)
Cbc0010I After 64500 nodes, 693 on tree, 2.6752031e+08 best solution, best possible 2.6734847e+08 (576.32 seconds)
Cbc0010I After 64600 nodes, 643 on tree, 2.6752031e+08 best solution, best possible 2.6736031e+08 (576.63 seconds)
Cbc0010I After 64700 nodes, 593 on tree, 2.6752031e+08 best solution, best possible 2.673727e+08 (576.94 seconds)
Cbc0010I After 64800 nodes, 543 on tree, 2.6752031e+08 best solution, best possible 2.6738535e+08 (577.23 seconds)
Cbc0010I After 64900 nodes, 493 on tree, 2.6752031e+08 best solution, best possible 2.6740133e+08 (577.52 seconds)
Cbc0010I After 65000 nodes, 443 on tree, 2.6752031e+08 best solution, best possible 2.6741425e+08 (577.82 seconds)
Cbc0010I After 65100 nodes, 393 on tree, 2.6752031e+08 best solution, best possible 2.6741425e+08 (578.11 seconds)
Cbc0010I After 65200 nodes, 343 on tree, 2.6752031e+08 best solution, best possible 2.6741425e+08 (578.41 seconds)
Cbc0010I After 65300 nodes, 293 on tree, 2.6752031e+08 best solution, best possible 2.6741436e+08 (578.72 seconds)
Cbc0010I After 65400 nodes, 243 on tree, 2.6752031e+08 best solution, best possible 2.6741436e+08 (579.02 seconds)
Cbc0010I After 65500 nodes, 193 on tree, 2.6752031e+08 best solution, best possible 2.6741493e+08 (579.33 seconds)
Cbc0010I After 65600 nodes, 143 on tree, 2.6752031e+08 best solution, best possible 2.6741493e+08 (579.64 seconds)
Cbc0010I After 65700 nodes, 93 on tree, 2.6752031e+08 best solution, best possible 2.6741563e+08 (579.92 seconds)
Cbc0010I After 65800 nodes, 43 on tree, 2.6752031e+08 best solution, best possible 2.6741563e+08 (580.20 seconds)
Cbc0001I Search completed - best objective 267520308.1683986, took 242123 iterations and 65885 nodes (580.44 seconds)
Cbc0032I Strong branching done 149120 times (367719 iterations), fathomed 8498 nodes and fixed 35037 variables
Cbc0035I Maximum depth 44, 13002 variables fixed on reduced cost
Cuts at root node changed objective from 7.89179e+07 to 2.51535e+08
Probing was tried 7 times and created 1 cuts of which 0 were active after adding rounds of cuts (0.049 seconds)
Gomory was tried 7 times and created 115 cuts of which 0 were active after adding rounds of cuts (0.034 seconds)
Knapsack was tried 7 times and created 0 cuts of which 0 were active after adding rounds of cuts (0.002 seconds)
Clique was tried 7 times and created 0 cuts of which 0 were active after adding rounds of cuts (0.000 seconds)
MixedIntegerRounding2 was tried 7 times and created 0 cuts of which 0 were active after adding rounds of cuts (0.011 seconds)
FlowCover was tried 7 times and created 0 cuts of which 0 were active after adding rounds of cuts (0.038 seconds)
TwoMirCuts was tried 42937 times and created 156 cuts of which 0 were active after adding rounds of cuts (13.348 seconds)
ZeroHalf was tried 1 times and created 0 cuts of which 0 were active after adding rounds of cuts (0.000 seconds)

Result - Optimal solution found

Objective value:                267520308.16839862
Enumerated nodes:               65885
Total iterations:               242123
Time (CPU seconds):             558.76
Time (Wallclock seconds):       580.46

Option for printingOptions changed from normal to all
Total time (CPU seconds):       558.78   (Wallclock seconds):       580.48

