Welcome to the CBC MILP Solver 
Version: 2.10.3 
Build Date: Dec 15 2019 

command line - /home/cdmonsalvea/AI_OR_Workflow/.venv/lib/python3.10/site-packages/pulp/solverdir/cbc/linux/64/cbc /tmp/04833c46ba3e4604a59596ff5a5e52ea-pulp.mps -sec 3600 -timeMode elapsed -branch -printingOptions all -solution /tmp/04833c46ba3e4604a59596ff5a5e52ea-pulp.sol (default strategy 1)
At line 2 NAME          MODEL
At line 3 ROWS
At line 869 COLUMNS
At line 562038 RHS
At line 562903 BOUNDS
At line 563336 ENDATA
Problem MODEL has 864 rows, 187056 columns and 373680 elements
Coin0008I MODEL read with 0 errors
seconds was changed from 1e+100 to 3600
Option for timeMode changed from cpu to elapsed
Continuous objective value is 5.238e+08 - 0.23 seconds
Cgl0004I processed model has 864 rows, 187056 columns (432 integer (432 of which binary)) and 373680 elements
Cbc0038I Initial state - 432 integers unsatisfied sum - 90.5363
Cbc0038I Pass   1: suminf.    0.38485 (1) obj. 3.01292e+10 iterations 440
Cbc0038I Solution found of 3.01399e+10
Cbc0038I Relaxing continuous gives 9.06087e+09
Cbc0038I Before mini branch and bound, 0 integers at bound fixed and 185761 continuous
Cbc0038I Full problem 864 rows 187056 columns, reduced to 825 rows 1221 columns
Cbc0038I Mini branch and bound improved solution from 9.06087e+09 to 1.69612e+09 (3.06 seconds)
Cbc0038I Freeing continuous variables gives a solution of 1.68067e+09
Cbc0038I Round again with cutoff of 1.56498e+09
Cbc0038I Pass   2: suminf.   26.78406 (126) obj. 1.56498e+09 iterations 1560
Cbc0038I Pass   3: suminf.   24.80116 (127) obj. 1.56498e+09 iterations 40
Cbc0038I Pass   4: suminf.   24.36274 (124) obj. 1.56498e+09 iterations 20
Cbc0038I Pass   5: suminf.   19.64953 (114) obj. 1.56498e+09 iterations 60
Cbc0038I Pass   6: suminf.   11.94099 (91) obj. 1.56498e+09 iterations 147
Cbc0038I Pass   7: suminf.    7.42710 (70) obj. 1.56498e+09 iterations 163
Cbc0038I Pass   8: suminf.    7.30430 (69) obj. 1.56498e+09 iterations 16
Cbc0038I Pass   9: suminf.    4.39516 (43) obj. 1.56498e+09 iterations 170
Cbc0038I Pass  10: suminf.    4.26824 (45) obj. 1.56498e+09 iterations 18
Cbc0038I Pass  11: suminf.    2.42381 (24) obj. 1.56498e+09 iterations 158
Cbc0038I Pass  12: suminf.    2.32392 (25) obj. 1.56498e+09 iterations 11
Cbc0038I Pass  13: suminf.    1.85962 (15) obj. 1.56498e+09 iterations 80
Cbc0038I Pass  14: suminf.    1.74497 (14) obj. 1.56498e+09 iterations 9
Cbc0038I Pass  15: suminf.    1.29617 (7) obj. 1.56498e+09 iterations 59
Cbc0038I Pass  16: suminf.    1.16140 (9) obj. 1.56498e+09 iterations 12
Cbc0038I Pass  17: suminf.    1.03140 (4) obj. 1.56498e+09 iterations 39
Cbc0038I Pass  18: suminf.    0.93584 (5) obj. 1.56498e+09 iterations 10
Cbc0038I Pass  19: suminf.    0.97168 (3) obj. 1.56498e+09 iterations 36
Cbc0038I Pass  20: suminf.    0.72139 (3) obj. 1.56498e+09 iterations 44
Cbc0038I Pass  21: suminf.    7.16051 (26) obj. 1.56498e+09 iterations 456
Cbc0038I Pass  22: suminf.    4.92053 (20) obj. 1.56498e+09 iterations 31
Cbc0038I Pass  23: suminf.    1.12516 (5) obj. 1.56498e+09 iterations 91
Cbc0038I Pass  24: suminf.    1.10353 (5) obj. 1.56498e+09 iterations 5
Cbc0038I Pass  25: suminf.    0.97829 (4) obj. 1.56498e+09 iterations 25
Cbc0038I Pass  26: suminf.    0.94551 (4) obj. 1.56498e+09 iterations 6
Cbc0038I Pass  27: suminf.    1.04459 (3) obj. 1.56498e+09 iterations 22
Cbc0038I Pass  28: suminf.    0.79470 (3) obj. 1.56498e+09 iterations 39
Cbc0038I Pass  29: suminf.    3.12174 (13) obj. 1.56498e+09 iterations 454
Cbc0038I Pass  30: suminf.    1.31790 (6) obj. 1.56498e+09 iterations 45
Cbc0038I Pass  31: suminf.    1.30042 (5) obj. 1.56498e+09 iterations 3
Cbc0038I Rounding solution of 1.62096e+09 is better than previous of 1.68067e+09

Cbc0038I Before mini branch and bound, 0 integers at bound fixed and 185557 continuous
Cbc0038I Full problem 864 rows 187056 columns, reduced to 718 rows 1303 columns
Cbc0038I Mini branch and bound improved solution from 1.62096e+09 to 1.4382e+09 (9.05 seconds)
Cbc0038I Freeing continuous variables gives a solution of 1.40453e+09
Cbc0038I Round again with cutoff of 1.22838e+09
Cbc0038I Pass  31: suminf.   36.38122 (184) obj. 1.22838e+09 iterations 85
Cbc0038I Pass  32: suminf.   34.12196 (174) obj. 1.22838e+09 iterations 51
Cbc0038I Pass  33: suminf.   26.24424 (159) obj. 1.22838e+09 iterations 106
Cbc0038I Pass  34: suminf.   20.66055 (146) obj. 1.22838e+09 iterations 93
Cbc0038I Pass  35: suminf.   16.69641 (129) obj. 1.22838e+09 iterations 122
Cbc0038I Pass  36: suminf.   16.16905 (125) obj. 1.22838e+09 iterations 22
Cbc0038I Pass  37: suminf.   11.95235 (103) obj. 1.22838e+09 iterations 138
Cbc0038I Pass  38: suminf.   11.79852 (104) obj. 1.22838e+09 iterations 13
Cbc0038I Pass  39: suminf.    9.47857 (88) obj. 1.22838e+09 iterations 105
Cbc0038I Pass  40: suminf.    9.37467 (85) obj. 1.22838e+09 iterations 12
Cbc0038I Pass  41: suminf.    7.87879 (77) obj. 1.22838e+09 iterations 62
Cbc0038I Pass  42: suminf.    7.77124 (76) obj. 1.22838e+09 iterations 8
Cbc0038I Pass  43: suminf.    7.04882 (69) obj. 1.22838e+09 iterations 79
Cbc0038I Pass  44: suminf.    6.96721 (71) obj. 1.22838e+09 iterations 14
Cbc0038I Pass  45: suminf.    6.39054 (67) obj. 1.22838e+09 iterations 90
Cbc0038I Pass  46: suminf.    6.36673 (67) obj. 1.22838e+09 iterations 4
Cbc0038I Pass  47: suminf.    6.41699 (63) obj. 1.22838e+09 iterations 86
Cbc0038I Pass  48: suminf.    6.39928 (63) obj. 1.22838e+09 iterations 3
Cbc0038I Pass  49: suminf.    6.10102 (60) obj. 1.22838e+09 iterations 49
Cbc0038I Pass  50: suminf.    6.08403 (60) obj. 1.22838e+09 iterations 3
Cbc0038I Pass  51: suminf.    6.26744 (62) obj. 1.22838e+09 iterations 81
Cbc0038I Pass  52: suminf.    6.25546 (62) obj. 1.22838e+09 iterations 5
Cbc0038I Pass  53: suminf.    6.98218 (58) obj. 1.22838e+09 iterations 64
Cbc0038I Pass  54: suminf.    6.88209 (58) obj. 1.22838e+09 iterations 5
Cbc0038I Pass  55: suminf.    8.82134 (72) obj. 1.22838e+09 iterations 81
Cbc0038I Pass  56: suminf.    8.70895 (71) obj. 1.22838e+09 iterations 3
Cbc0038I Pass  57: suminf.    8.58340 (72) obj. 1.22838e+09 iterations 23
Cbc0038I Pass  58: suminf.    8.48035 (71) obj. 1.22838e+09 iterations 2
Cbc0038I Pass  59: suminf.    8.67199 (72) obj. 1.22838e+09 iterations 10
Cbc0038I Pass  60: suminf.    8.66200 (71) obj. 1.22838e+09 iterations 1
Cbc0038I No solution found this major pass
Cbc0038I Before mini branch and bound, 0 integers at bound fixed and 185768 continuous
Cbc0038I Full problem 864 rows 187056 columns, reduced to 617 rows 984 columns
Cbc0038I Mini branch and bound improved solution from 1.40453e+09 to 1.39618e+09 (12.70 seconds)
Cbc0038I Freeing continuous variables gives a solution of 1.39141e+09
Cbc0038I Round again with cutoff of 1.01701e+09
Cbc0038I Pass  60: suminf.   43.76359 (227) obj. 1.01701e+09 iterations 55
Cbc0038I Pass  61: suminf.   41.35716 (223) obj. 1.01701e+09 iterations 72
Cbc0038I Pass  62: suminf.   33.63244 (201) obj. 1.01701e+09 iterations 97
Cbc0038I Pass  63: suminf.   30.27421 (191) obj. 1.01701e+09 iterations 48
Cbc0038I Pass  64: suminf.   29.74691 (188) obj. 1.01701e+09 iterations 7
Cbc0038I Pass  65: suminf.   27.68884 (185) obj. 1.01701e+09 iterations 41
Cbc0038I Pass  66: suminf.   27.65148 (182) obj. 1.01701e+09 iterations 6
Cbc0038I Pass  67: suminf.   24.99920 (177) obj. 1.01701e+09 iterations 82
Cbc0038I Pass  68: suminf.   24.98957 (176) obj. 1.01701e+09 iterations 2
Cbc0038I Pass  69: suminf.   22.59878 (166) obj. 1.01701e+09 iterations 68
Cbc0038I Pass  70: suminf.   22.57289 (166) obj. 1.01701e+09 iterations 5
Cbc0038I Pass  71: suminf.   20.93398 (165) obj. 1.01701e+09 iterations 63
Cbc0038I Pass  72: suminf.   20.90878 (165) obj. 1.01701e+09 iterations 4
Cbc0038I Pass  73: suminf.   18.24462 (154) obj. 1.01701e+09 iterations 107
Cbc0038I Pass  74: suminf.   18.23625 (154) obj. 1.01701e+09 iterations 6
Cbc0038I Pass  75: suminf.   17.55003 (153) obj. 1.01701e+09 iterations 20
Cbc0038I Pass  76: suminf.   17.45782 (153) obj. 1.01701e+09 iterations 8
Cbc0038I Pass  77: suminf.   17.31472 (150) obj. 1.01701e+09 iterations 21
Cbc0038I Pass  78: suminf.   17.21367 (149) obj. 1.01701e+09 iterations 4
Cbc0038I Pass  79: suminf.   17.38693 (152) obj. 1.01701e+09 iterations 70
Cbc0038I Pass  80: suminf.   17.28113 (151) obj. 1.01701e+09 iterations 3
Cbc0038I Pass  81: suminf.   17.99593 (160) obj. 1.01701e+09 iterations 54
Cbc0038I Pass  82: suminf.   17.89306 (159) obj. 1.01701e+09 iterations 2
Cbc0038I Pass  83: suminf.   17.74576 (158) obj. 1.01701e+09 iterations 23
Cbc0038I Pass  84: suminf.   17.62238 (157) obj. 1.01701e+09 iterations 3
Cbc0038I Pass  85: suminf.   17.18319 (157) obj. 1.01701e+09 iterations 15
Cbc0038I Pass  86: suminf.   17.08116 (157) obj. 1.01701e+09 iterations 3
Cbc0038I Pass  87: suminf.   17.84094 (157) obj. 1.01701e+09 iterations 18
Cbc0038I Pass  88: suminf.   17.73882 (157) obj. 1.01701e+09 iterations 1
Cbc0038I Pass  89: suminf.   19.93544 (161) obj. 1.01701e+09 iterations 54
Cbc0038I No solution found this major pass
Cbc0038I Before mini branch and bound, 0 integers at bound fixed and 185866 continuous
Cbc0038I Full problem 864 rows 187056 columns, reduced to 524 rows 799 columns
Cbc0038I Mini branch and bound did not improve solution (15.53 seconds)
Cbc0038I After 15.54 seconds - Feasibility pump exiting with objective of 1.39141e+09 - took 14.35 seconds
Cbc0012I Integer solution of 1.391408e+09 found by feasibility pump after 0 iterations and 0 nodes (15.55 seconds)
Cbc0031I 407 added rows had average density of 433.06143
Cbc0013I At root node, 407 cuts changed objective from 5.2379992e+08 to 1.1436673e+09 in 3 passes
Cbc0014I Cut generator 0 (Probing) - 0 row cuts average 0.0 elements, 0 column cuts (0 active)  in 0.981 seconds - new frequency is -100
Cbc0014I Cut generator 1 (Gomory) - 410 row cuts average 433.1 elements, 0 column cuts (0 active)  in 0.634 seconds - new frequency is -100
Cbc0014I Cut generator 2 (Knapsack) - 0 row cuts average 0.0 elements, 0 column cuts (0 active)  in 0.016 seconds - new frequency is -100
Cbc0014I Cut generator 3 (Clique) - 0 row cuts average 0.0 elements, 0 column cuts (0 active)  in 0.002 seconds - new frequency is -100
Cbc0014I Cut generator 4 (MixedIntegerRounding2) - 13 row cuts average 432.0 elements, 0 column cuts (0 active)  in 0.104 seconds - new frequency is -100
Cbc0014I Cut generator 5 (FlowCover) - 0 row cuts average 0.0 elements, 0 column cuts (0 active)  in 0.446 seconds - new frequency is -100
Cbc0010I After 0 nodes, 1 on tree, 1.391408e+09 best solution, best possible 1.1436673e+09 (24.50 seconds)
Cbc0010I After 100 nodes, 51 on tree, 1.391408e+09 best solution, best possible 1.1436673e+09 (101.50 seconds)
Cbc0010I After 200 nodes, 101 on tree, 1.391408e+09 best solution, best possible 1.1436673e+09 (124.23 seconds)
Cbc0010I After 300 nodes, 151 on tree, 1.391408e+09 best solution, best possible 1.1436673e+09 (131.25 seconds)
Cbc0010I After 400 nodes, 179 on tree, 1.391408e+09 best solution, best possible 1.1436673e+09 (138.26 seconds)
Cbc0010I After 500 nodes, 211 on tree, 1.391408e+09 best solution, best possible 1.1436673e+09 (140.97 seconds)
Cbc0010I After 600 nodes, 254 on tree, 1.391408e+09 best solution, best possible 1.1436673e+09 (147.66 seconds)
Cbc0010I After 700 nodes, 299 on tree, 1.391408e+09 best solution, best possible 1.1436673e+09 (153.05 seconds)
Cbc0010I After 800 nodes, 342 on tree, 1.391408e+09 best solution, best possible 1.1436673e+09 (159.96 seconds)
Cbc0010I After 900 nodes, 388 on tree, 1.391408e+09 best solution, best possible 1.1436673e+09 (164.70 seconds)
Cbc0010I After 1000 nodes, 436 on tree, 1.391408e+09 best solution, best possible 1.1436673e+09 (169.22 seconds)
Cbc0010I After 1100 nodes, 536 on tree, 1.391408e+09 best solution, best possible 1.1436673e+09 (174.62 seconds)
Cbc0038I Full problem 864 rows 187056 columns, reduced to 794 rows 117175 columns - 12 fixed gives 794, 117163 - still too large
Cbc0010I After 1200 nodes, 636 on tree, 1.391408e+09 best solution, best possible 1.1436673e+09 (178.60 seconds)
Cbc0010I After 1300 nodes, 736 on tree, 1.391408e+09 best solution, best possible 1.1436673e+09 (182.46 seconds)
Cbc0010I After 1400 nodes, 737 on tree, 1.391408e+09 best solution, best possible 1.1436673e+09 (186.41 seconds)
Cbc0010I After 1500 nodes, 683 on tree, 1.391408e+09 best solution, best possible 1.1436673e+09 (190.53 seconds)
Cbc0010I After 1600 nodes, 626 on tree, 1.391408e+09 best solution, best possible 1.1436673e+09 (224.35 seconds)
Cbc0010I After 1700 nodes, 630 on tree, 1.391408e+09 best solution, best possible 1.1436673e+09 (261.36 seconds)
Cbc0010I After 1800 nodes, 627 on tree, 1.391408e+09 best solution, best possible 1.1436673e+09 (305.23 seconds)
Cbc0016I Integer solution of 1.3913339e+09 found by strong branching after 10959 iterations and 1836 nodes (335.28 seconds)
Cbc0010I After 1900 nodes, 647 on tree, 1.3913339e+09 best solution, best possible 1.1436673e+09 (342.28 seconds)
Cbc0010I After 2000 nodes, 744 on tree, 1.3913339e+09 best solution, best possible 1.1436673e+09 (355.31 seconds)
Cbc0010I After 2100 nodes, 796 on tree, 1.3913339e+09 best solution, best possible 1.1436673e+09 (360.06 seconds)
Cbc0010I After 2200 nodes, 845 on tree, 1.3913339e+09 best solution, best possible 1.1436673e+09 (362.87 seconds)
Cbc0010I After 2300 nodes, 895 on tree, 1.3913339e+09 best solution, best possible 1.1436673e+09 (366.26 seconds)
Cbc0038I Full problem 864 rows 187056 columns, reduced to 804 rows 107048 columns - 9 fixed gives 804, 107039 - still too large
Cbc0038I Full problem 864 rows 187056 columns, reduced to 804 rows 107039 columns - too large
Cbc0010I After 2400 nodes, 945 on tree, 1.3913339e+09 best solution, best possible 1.1436673e+09 (369.76 seconds)
Cbc0010I After 2500 nodes, 994 on tree, 1.3913339e+09 best solution, best possible 1.1436673e+09 (372.13 seconds)
Cbc0010I After 2600 nodes, 1044 on tree, 1.3913339e+09 best solution, best possible 1.1436673e+09 (374.63 seconds)
Cbc0010I After 2700 nodes, 1094 on tree, 1.3913339e+09 best solution, best possible 1.1436673e+09 (377.08 seconds)
Cbc0010I After 2800 nodes, 1144 on tree, 1.3913339e+09 best solution, best possible 1.1436673e+09 (379.62 seconds)
Cbc0010I After 2900 nodes, 1194 on tree, 1.3913339e+09 best solution, best possible 1.1436673e+09 (382.26 seconds)
Cbc0038I Full problem 864 rows 187056 columns, reduced to 800 rows 79538 columns - 9 fixed gives 800, 79529 - still too large
Cbc0038I Full problem 864 rows 187056 columns, reduced to 800 rows 79529 columns - too large
Cbc0010I After 3000 nodes, 1244 on tree, 1.3913339e+09 best solution, best possible 1.1436673e+09 (385.25 seconds)
Cbc0010I After 3100 nodes, 1294 on tree, 1.3913339e+09 best solution, best possible 1.1436673e+09 (387.74 seconds)
Cbc0010I After 3200 nodes, 1344 on tree, 1.3913339e+09 best solution, best possible 1.1436673e+09 (390.46 seconds)
Cbc0010I After 3300 nodes, 1394 on tree, 1.3913339e+09 best solution, best possible 1.1436673e+09 (392.89 seconds)
Cbc0010I After 3400 nodes, 1444 on tree, 1.3913339e+09 best solution, best possible 1.1436673e+09 (395.38 seconds)
Cbc0010I After 3500 nodes, 1493 on tree, 1.3913339e+09 best solution, best possible 1.1436673e+09 (397.68 seconds)
Cbc0038I Full problem 864 rows 187056 columns, reduced to 328 rows 445 columns
Cbc0010I After 3600 nodes, 1544 on tree, 1.3913339e+09 best solution, best possible 1.1436673e+09 (400.19 seconds)
Cbc0010I After 3700 nodes, 1593 on tree, 1.3913339e+09 best solution, best possible 1.1436673e+09 (402.49 seconds)
Cbc0010I After 3800 nodes, 1643 on tree, 1.3913339e+09 best solution, best possible 1.1436673e+09 (404.95 seconds)
Cbc0010I After 3900 nodes, 1693 on tree, 1.3913339e+09 best solution, best possible 1.1436673e+09 (407.28 seconds)
Cbc0010I After 4000 nodes, 1743 on tree, 1.3913339e+09 best solution, best possible 1.1436673e+09 (409.64 seconds)
Cbc0010I After 4100 nodes, 1793 on tree, 1.3913339e+09 best solution, best possible 1.1436673e+09 (412.02 seconds)
Cbc0038I Full problem 864 rows 187056 columns, reduced to 337 rows 454 columns
Cbc0010I After 4200 nodes, 1843 on tree, 1.3913339e+09 best solution, best possible 1.1436673e+09 (414.58 seconds)
Cbc0010I After 4300 nodes, 1893 on tree, 1.3913339e+09 best solution, best possible 1.1436673e+09 (416.83 seconds)
Cbc0010I After 4400 nodes, 1943 on tree, 1.3913339e+09 best solution, best possible 1.1436673e+09 (419.05 seconds)
Cbc0010I After 4500 nodes, 1993 on tree, 1.3913339e+09 best solution, best possible 1.1436673e+09 (421.31 seconds)
Cbc0010I After 4600 nodes, 2043 on tree, 1.3913339e+09 best solution, best possible 1.1436673e+09 (423.65 seconds)
Cbc0010I After 4700 nodes, 2093 on tree, 1.3913339e+09 best solution, best possible 1.1436673e+09 (426.18 seconds)
Cbc0038I Full problem 864 rows 187056 columns, reduced to 337 rows 454 columns
Cbc0010I After 4800 nodes, 2143 on tree, 1.3913339e+09 best solution, best possible 1.1436673e+09 (428.62 seconds)
Cbc0010I After 4900 nodes, 2193 on tree, 1.3913339e+09 best solution, best possible 1.1436673e+09 (430.85 seconds)
Cbc0010I After 5000 nodes, 2243 on tree, 1.3913339e+09 best solution, best possible 1.1436673e+09 (433.21 seconds)
Cbc0010I After 5100 nodes, 2342 on tree, 1.3913339e+09 best solution, best possible 1.1436673e+09 (439.97 seconds)
Cbc0010I After 5200 nodes, 2442 on tree, 1.3913339e+09 best solution, best possible 1.1436673e+09 (452.73 seconds)
Cbc0012I Integer solution of 1.3669223e+09 found by rounding after 20353 iterations and 5229 nodes (455.47 seconds)
Cbc0012I Integer solution of 1.3608289e+09 found by rounding after 20393 iterations and 5261 nodes (456.91 seconds)
Cbc0012I Integer solution of 1.3606912e+09 found by rounding after 20397 iterations and 5265 nodes (457.04 seconds)
Cbc0010I After 5300 nodes, 2332 on tree, 1.3606912e+09 best solution, best possible 1.1436673e+09 (457.72 seconds)
Cbc0004I Integer solution of 1.3603297e+09 found after 20591 iterations and 5321 nodes (460.97 seconds)
Cbc0004I Integer solution of 1.3596283e+09 found after 20701 iterations and 5358 nodes (465.17 seconds)
Cbc0004I Integer solution of 1.3592668e+09 found after 20721 iterations and 5371 nodes (465.73 seconds)
Cbc0010I After 5400 nodes, 2304 on tree, 1.3592668e+09 best solution, best possible 1.1436673e+09 (466.28 seconds)
Cbc0010I After 5500 nodes, 2205 on tree, 1.3592668e+09 best solution, best possible 1.1436673e+09 (468.54 seconds)
Cbc0010I After 5600 nodes, 2253 on tree, 1.3592668e+09 best solution, best possible 1.1436673e+09 (472.45 seconds)
Cbc0010I After 5700 nodes, 2302 on tree, 1.3592668e+09 best solution, best possible 1.1436673e+09 (475.11 seconds)
Cbc0010I After 5800 nodes, 2352 on tree, 1.3592668e+09 best solution, best possible 1.1436673e+09 (477.62 seconds)
Cbc0010I After 5900 nodes, 2402 on tree, 1.3592668e+09 best solution, best possible 1.1436673e+09 (480.12 seconds)
Cbc0038I Full problem 864 rows 187056 columns, reduced to 348 rows 467 columns
Cbc0010I After 6000 nodes, 2452 on tree, 1.3592668e+09 best solution, best possible 1.1436673e+09 (482.87 seconds)
Cbc0010I After 6100 nodes, 2503 on tree, 1.3592668e+09 best solution, best possible 1.1436673e+09 (485.33 seconds)
Cbc0010I After 6200 nodes, 2552 on tree, 1.3592668e+09 best solution, best possible 1.1436673e+09 (487.78 seconds)
Cbc0010I After 6300 nodes, 2602 on tree, 1.3592668e+09 best solution, best possible 1.1436673e+09 (490.16 seconds)
Cbc0010I After 6400 nodes, 2651 on tree, 1.3592668e+09 best solution, best possible 1.1436673e+09 (492.82 seconds)
Cbc0010I After 6500 nodes, 2703 on tree, 1.3592668e+09 best solution, best possible 1.1436673e+09 (495.11 seconds)
Cbc0038I Full problem 864 rows 187056 columns, reduced to 344 rows 461 columns
Cbc0010I After 6600 nodes, 2752 on tree, 1.3592668e+09 best solution, best possible 1.1436673e+09 (497.92 seconds)
Cbc0010I After 6700 nodes, 2802 on tree, 1.3592668e+09 best solution, best possible 1.1436673e+09 (500.51 seconds)
Cbc0010I After 6800 nodes, 2851 on tree, 1.3592668e+09 best solution, best possible 1.1436673e+09 (503.16 seconds)
Cbc0010I After 6900 nodes, 2901 on tree, 1.3592668e+09 best solution, best possible 1.1436673e+09 (505.73 seconds)
Cbc0010I After 7000 nodes, 2951 on tree, 1.3592668e+09 best solution, best possible 1.1436673e+09 (508.21 seconds)
Cbc0010I After 7100 nodes, 3001 on tree, 1.3592668e+09 best solution, best possible 1.1436673e+09 (510.88 seconds)
Cbc0038I Full problem 864 rows 187056 columns, reduced to 344 rows 461 columns
Cbc0010I After 7200 nodes, 3050 on tree, 1.3592668e+09 best solution, best possible 1.1436673e+09 (513.40 seconds)
Cbc0010I After 7300 nodes, 3100 on tree, 1.3592668e+09 best solution, best possible 1.1436673e+09 (515.93 seconds)
Cbc0010I After 7400 nodes, 3150 on tree, 1.3592668e+09 best solution, best possible 1.1436673e+09 (518.47 seconds)
Cbc0010I After 7500 nodes, 3200 on tree, 1.3592668e+09 best solution, best possible 1.1436673e+09 (520.71 seconds)
Cbc0010I After 7600 nodes, 3250 on tree, 1.3592668e+09 best solution, best possible 1.1436673e+09 (523.26 seconds)
Cbc0010I After 7700 nodes, 3300 on tree, 1.3592668e+09 best solution, best possible 1.1436673e+09 (525.74 seconds)
Cbc0038I Full problem 864 rows 187056 columns, reduced to 344 rows 461 columns
Cbc0010I After 7800 nodes, 3352 on tree, 1.3592668e+09 best solution, best possible 1.1436673e+09 (528.67 seconds)
Cbc0010I After 7900 nodes, 3400 on tree, 1.3592668e+09 best solution, best possible 1.1436673e+09 (531.28 seconds)
Cbc0010I After 8000 nodes, 3450 on tree, 1.3592668e+09 best solution, best possible 1.1436673e+09 (533.80 seconds)
Cbc0010I After 8100 nodes, 3500 on tree, 1.3592668e+09 best solution, best possible 1.1436673e+09 (536.09 seconds)
Cbc0010I After 8200 nodes, 3550 on tree, 1.3592668e+09 best solution, best possible 1.1436673e+09 (538.36 seconds)
Cbc0010I After 8300 nodes, 3601 on tree, 1.3592668e+09 best solution, best possible 1.1436673e+09 (540.76 seconds)
Cbc0010I After 8400 nodes, 3650 on tree, 1.3592668e+09 best solution, best possible 1.1436673e+09 (543.15 seconds)
Cbc0010I After 8500 nodes, 3700 on tree, 1.3592668e+09 best solution, best possible 1.1436673e+09 (545.58 seconds)
Cbc0010I After 8600 nodes, 3750 on tree, 1.3592668e+09 best solution, best possible 1.1436673e+09 (548.00 seconds)
Cbc0010I After 8700 nodes, 3800 on tree, 1.3592668e+09 best solution, best possible 1.1436673e+09 (550.41 seconds)
Cbc0010I After 8800 nodes, 3850 on tree, 1.3592668e+09 best solution, best possible 1.1436673e+09 (552.79 seconds)
Cbc0010I After 8900 nodes, 3900 on tree, 1.3592668e+09 best solution, best possible 1.1436673e+09 (555.05 seconds)
Cbc0010I After 9000 nodes, 3950 on tree, 1.3592668e+09 best solution, best possible 1.1436673e+09 (557.22 seconds)
Cbc0010I After 9100 nodes, 4048 on tree, 1.3592668e+09 best solution, best possible 1.1436673e+09 (564.60 seconds)
Cbc0010I After 9200 nodes, 4148 on tree, 1.3592668e+09 best solution, best possible 1.1436673e+09 (576.44 seconds)
Cbc0012I Integer solution of 1.3561082e+09 found by rounding after 33020 iterations and 9250 nodes (579.52 seconds)
Cbc0012I Integer solution of 1.3560781e+09 found by rounding after 33022 iterations and 9252 nodes (579.62 seconds)
Cbc0010I After 9300 nodes, 4115 on tree, 1.3560781e+09 best solution, best possible 1.1436673e+09 (582.60 seconds)
Cbc0012I Integer solution of 1.3557166e+09 found by rounding after 33188 iterations and 9312 nodes (583.40 seconds)
Cbc0012I Integer solution of 1.3550152e+09 found by rounding after 33292 iterations and 9362 nodes (587.31 seconds)
Cbc0012I Integer solution of 1.3546537e+09 found by rounding after 33316 iterations and 9375 nodes (587.83 seconds)
Cbc0010I After 9400 nodes, 4103 on tree, 1.3546537e+09 best solution, best possible 1.1436673e+09 (588.32 seconds)
Cbc0010I After 9500 nodes, 4003 on tree, 1.3546537e+09 best solution, best possible 1.1436673e+09 (590.32 seconds)
Cbc0010I After 9600 nodes, 4028 on tree, 1.3546537e+09 best solution, best possible 1.1436673e+09 (593.32 seconds)
Cbc0010I After 9700 nodes, 4079 on tree, 1.3546537e+09 best solution, best possible 1.1436673e+09 (595.57 seconds)
Cbc0010I After 9800 nodes, 4129 on tree, 1.3546537e+09 best solution, best possible 1.1436673e+09 (597.93 seconds)
Cbc0010I After 9900 nodes, 4178 on tree, 1.3546537e+09 best solution, best possible 1.1436673e+09 (600.23 seconds)
Cbc0010I After 10000 nodes, 4229 on tree, 1.3546537e+09 best solution, best possible 1.1436673e+09 (602.64 seconds)
Cbc0010I After 10100 nodes, 4278 on tree, 1.3546537e+09 best solution, best possible 1.1436673e+09 (604.91 seconds)
Cbc0010I After 10200 nodes, 4328 on tree, 1.3546537e+09 best solution, best possible 1.1436673e+09 (607.31 seconds)
Cbc0010I After 10300 nodes, 4378 on tree, 1.3546537e+09 best solution, best possible 1.1436673e+09 (609.84 seconds)
Cbc0010I After 10400 nodes, 4428 on tree, 1.3546537e+09 best solution, best possible 1.1436673e+09 (612.29 seconds)
Cbc0010I After 10500 nodes, 4478 on tree, 1.3546537e+09 best solution, best possible 1.1436673e+09 (614.84 seconds)
Cbc0010I After 10600 nodes, 4528 on tree, 1.3546537e+09 best solution, best possible 1.1436673e+09 (617.23 seconds)
Cbc0010I After 10700 nodes, 4578 on tree, 1.3546537e+09 best solution, best possible 1.1436673e+09 (619.61 seconds)
Cbc0038I Full problem 864 rows 187056 columns, reduced to 332 rows 442 columns
Cbc0010I After 10800 nodes, 4628 on tree, 1.3546537e+09 best solution, best possible 1.1436673e+09 (622.17 seconds)
Cbc0010I After 10900 nodes, 4678 on tree, 1.3546537e+09 best solution, best possible 1.1436673e+09 (624.81 seconds)
Cbc0010I After 11000 nodes, 4728 on tree, 1.3546537e+09 best solution, best possible 1.1436673e+09 (627.20 seconds)
Cbc0010I After 11100 nodes, 4772 on tree, 1.3546537e+09 best solution, best possible 1.2170668e+09 (681.17 seconds)
Cbc0010I After 11200 nodes, 4822 on tree, 1.3546537e+09 best solution, best possible 1.2179086e+09 (684.54 seconds)
Cbc0010I After 11300 nodes, 4872 on tree, 1.3546537e+09 best solution, best possible 1.2184696e+09 (687.70 seconds)
Cbc0010I After 11400 nodes, 4922 on tree, 1.3546537e+09 best solution, best possible 1.2187063e+09 (692.26 seconds)
Cbc0010I After 11500 nodes, 4972 on tree, 1.3546537e+09 best solution, best possible 1.2188865e+09 (698.62 seconds)
Cbc0010I After 11600 nodes, 5022 on tree, 1.3546537e+09 best solution, best possible 1.219043e+09 (702.89 seconds)
Cbc0010I After 11700 nodes, 5072 on tree, 1.3546537e+09 best solution, best possible 1.2191567e+09 (710.18 seconds)
Cbc0010I After 11800 nodes, 5122 on tree, 1.3546537e+09 best solution, best possible 1.2192816e+09 (715.86 seconds)
Cbc0010I After 11900 nodes, 5172 on tree, 1.3546537e+09 best solution, best possible 1.2194945e+09 (720.00 seconds)
Cbc0010I After 12000 nodes, 5222 on tree, 1.3546537e+09 best solution, best possible 1.2196014e+09 (722.28 seconds)
Cbc0010I After 12100 nodes, 5272 on tree, 1.3546537e+09 best solution, best possible 1.2197326e+09 (727.96 seconds)
Cbc0010I After 12200 nodes, 5322 on tree, 1.3546537e+09 best solution, best possible 1.2198692e+09 (731.87 seconds)
Cbc0010I After 12300 nodes, 5372 on tree, 1.3546537e+09 best solution, best possible 1.2199587e+09 (734.20 seconds)
Cbc0010I After 12400 nodes, 5422 on tree, 1.3546537e+09 best solution, best possible 1.22012e+09 (738.24 seconds)
Cbc0010I After 12500 nodes, 5472 on tree, 1.3546537e+09 best solution, best possible 1.2202643e+09 (740.51 seconds)
Cbc0010I After 12600 nodes, 5522 on tree, 1.3546537e+09 best solution, best possible 1.2203824e+09 (742.94 seconds)
Cbc0010I After 12700 nodes, 5572 on tree, 1.3546537e+09 best solution, best possible 1.2204894e+09 (746.95 seconds)
Cbc0010I After 12800 nodes, 5622 on tree, 1.3546537e+09 best solution, best possible 1.2205888e+09 (749.20 seconds)
Cbc0010I After 12900 nodes, 5672 on tree, 1.3546537e+09 best solution, best possible 1.2206962e+09 (753.10 seconds)
Cbc0010I After 13000 nodes, 5722 on tree, 1.3546537e+09 best solution, best possible 1.220781e+09 (755.36 seconds)
Cbc0012I Integer solution of 1.3544424e+09 found by rounding after 50646 iterations and 13057 nodes (769.54 seconds)
Cbc0010I After 13100 nodes, 5717 on tree, 1.3544424e+09 best solution, best possible 1.220781e+09 (770.70 seconds)
Cbc0010I After 13200 nodes, 5767 on tree, 1.3544424e+09 best solution, best possible 1.220781e+09 (773.24 seconds)
Cbc0010I After 13300 nodes, 5817 on tree, 1.3544424e+09 best solution, best possible 1.220781e+09 (775.66 seconds)
Cbc0010I After 13400 nodes, 5868 on tree, 1.3544424e+09 best solution, best possible 1.220781e+09 (778.15 seconds)
Cbc0010I After 13500 nodes, 5918 on tree, 1.3544424e+09 best solution, best possible 1.220781e+09 (780.55 seconds)
Cbc0010I After 13600 nodes, 5968 on tree, 1.3544424e+09 best solution, best possible 1.220781e+09 (782.95 seconds)
Cbc0010I After 13700 nodes, 6017 on tree, 1.3544424e+09 best solution, best possible 1.220781e+09 (785.45 seconds)
Cbc0010I After 13800 nodes, 6067 on tree, 1.3544424e+09 best solution, best possible 1.2207831e+09 (787.89 seconds)
Cbc0010I After 13900 nodes, 6117 on tree, 1.3544424e+09 best solution, best possible 1.2207831e+09 (790.41 seconds)
Cbc0010I After 14000 nodes, 6168 on tree, 1.3544424e+09 best solution, best possible 1.2207831e+09 (792.87 seconds)
Cbc0010I After 14100 nodes, 6218 on tree, 1.3544424e+09 best solution, best possible 1.2208718e+09 (796.90 seconds)
Cbc0010I After 14200 nodes, 6268 on tree, 1.3544424e+09 best solution, best possible 1.2209719e+09 (799.24 seconds)
Cbc0010I After 14300 nodes, 6318 on tree, 1.3544424e+09 best solution, best possible 1.2211048e+09 (804.93 seconds)
Cbc0010I After 14400 nodes, 6368 on tree, 1.3544424e+09 best solution, best possible 1.2212375e+09 (807.25 seconds)
Cbc0010I After 14500 nodes, 6418 on tree, 1.3544424e+09 best solution, best possible 1.2213323e+09 (812.99 seconds)
Cbc0010I After 14600 nodes, 6468 on tree, 1.3544424e+09 best solution, best possible 1.2214367e+09 (820.51 seconds)
Cbc0010I After 14700 nodes, 6518 on tree, 1.3544424e+09 best solution, best possible 1.2214966e+09 (826.29 seconds)
Cbc0010I After 14800 nodes, 6568 on tree, 1.3544424e+09 best solution, best possible 1.2215557e+09 (830.61 seconds)
Cbc0010I After 14900 nodes, 6618 on tree, 1.3544424e+09 best solution, best possible 1.2216251e+09 (832.98 seconds)
Cbc0010I After 15000 nodes, 6668 on tree, 1.3544424e+09 best solution, best possible 1.2216947e+09 (835.44 seconds)
Cbc0010I After 15100 nodes, 6718 on tree, 1.3544424e+09 best solution, best possible 1.2217727e+09 (841.35 seconds)
Cbc0010I After 15200 nodes, 6768 on tree, 1.3544424e+09 best solution, best possible 1.2218635e+09 (847.26 seconds)
Cbc0010I After 15300 nodes, 6818 on tree, 1.3544424e+09 best solution, best possible 1.2219414e+09 (856.63 seconds)
Cbc0010I After 15400 nodes, 6868 on tree, 1.3544424e+09 best solution, best possible 1.222016e+09 (860.83 seconds)
Cbc0010I After 15500 nodes, 6918 on tree, 1.3544424e+09 best solution, best possible 1.2220822e+09 (866.64 seconds)
Cbc0010I After 15600 nodes, 6968 on tree, 1.3544424e+09 best solution, best possible 1.2221718e+09 (870.79 seconds)
Cbc0010I After 15700 nodes, 7018 on tree, 1.3544424e+09 best solution, best possible 1.2222611e+09 (875.29 seconds)
Cbc0010I After 15800 nodes, 7067 on tree, 1.3544424e+09 best solution, best possible 1.2223158e+09 (877.83 seconds)
Cbc0010I After 15900 nodes, 7117 on tree, 1.3544424e+09 best solution, best possible 1.2223838e+09 (887.25 seconds)
Cbc0010I After 16000 nodes, 7167 on tree, 1.3544424e+09 best solution, best possible 1.2224461e+09 (893.17 seconds)
Cbc0010I After 16100 nodes, 7217 on tree, 1.3544424e+09 best solution, best possible 1.2225276e+09 (897.40 seconds)
Cbc0010I After 16200 nodes, 7267 on tree, 1.3544424e+09 best solution, best possible 1.222594e+09 (905.10 seconds)
Cbc0010I After 16300 nodes, 7317 on tree, 1.3544424e+09 best solution, best possible 1.2226593e+09 (909.31 seconds)
Cbc0010I After 16400 nodes, 7367 on tree, 1.3544424e+09 best solution, best possible 1.2227281e+09 (913.57 seconds)
Cbc0010I After 16500 nodes, 7417 on tree, 1.3544424e+09 best solution, best possible 1.2228108e+09 (917.84 seconds)
Cbc0010I After 16600 nodes, 7467 on tree, 1.3544424e+09 best solution, best possible 1.2229523e+09 (922.16 seconds)
Cbc0010I After 16700 nodes, 7517 on tree, 1.3544424e+09 best solution, best possible 1.2230444e+09 (926.38 seconds)
Cbc0010I After 16800 nodes, 7567 on tree, 1.3544424e+09 best solution, best possible 1.2231684e+09 (932.43 seconds)
Cbc0010I After 16900 nodes, 7617 on tree, 1.3544424e+09 best solution, best possible 1.2233055e+09 (935.04 seconds)
Cbc0010I After 17000 nodes, 7667 on tree, 1.3544424e+09 best solution, best possible 1.223448e+09 (941.06 seconds)
Cbc0010I After 17100 nodes, 7767 on tree, 1.3544424e+09 best solution, best possible 1.223448e+09 (948.98 seconds)
Cbc0010I After 17200 nodes, 7815 on tree, 1.3544424e+09 best solution, best possible 1.223448e+09 (953.43 seconds)
Cbc0010I After 17300 nodes, 7809 on tree, 1.3544424e+09 best solution, best possible 1.223448e+09 (960.80 seconds)
Cbc0010I After 17400 nodes, 7812 on tree, 1.3544424e+09 best solution, best possible 1.223448e+09 (967.41 seconds)
Cbc0010I After 17500 nodes, 7812 on tree, 1.3544424e+09 best solution, best possible 1.223448e+09 (976.00 seconds)
Cbc0010I After 17600 nodes, 7811 on tree, 1.3544424e+09 best solution, best possible 1.223448e+09 (984.44 seconds)
Cbc0010I After 17700 nodes, 7805 on tree, 1.3544424e+09 best solution, best possible 1.223448e+09 (991.41 seconds)
Cbc0010I After 17800 nodes, 7812 on tree, 1.3544424e+09 best solution, best possible 1.223448e+09 (999.61 seconds)
Cbc0010I After 17900 nodes, 7814 on tree, 1.3544424e+09 best solution, best possible 1.223448e+09 (1008.66 seconds)
Cbc0010I After 18000 nodes, 7810 on tree, 1.3544424e+09 best solution, best possible 1.223448e+09 (1017.33 seconds)
Cbc0010I After 18100 nodes, 7859 on tree, 1.3544424e+09 best solution, best possible 1.2236695e+09 (1020.46 seconds)
Cbc0010I After 18200 nodes, 7909 on tree, 1.3544424e+09 best solution, best possible 1.2238197e+09 (1023.11 seconds)
Cbc0010I After 18300 nodes, 7959 on tree, 1.3544424e+09 best solution, best possible 1.2239565e+09 (1025.63 seconds)
Cbc0010I After 18400 nodes, 8009 on tree, 1.3544424e+09 best solution, best possible 1.2240991e+09 (1029.73 seconds)
Cbc0010I After 18500 nodes, 8059 on tree, 1.3544424e+09 best solution, best possible 1.2242237e+09 (1040.50 seconds)
Cbc0010I After 18600 nodes, 8109 on tree, 1.3544424e+09 best solution, best possible 1.224341e+09 (1046.32 seconds)
Cbc0010I After 18700 nodes, 8159 on tree, 1.3544424e+09 best solution, best possible 1.2244272e+09 (1048.78 seconds)
Cbc0010I After 18800 nodes, 8209 on tree, 1.3544424e+09 best solution, best possible 1.2245328e+09 (1053.12 seconds)
Cbc0010I After 18900 nodes, 8259 on tree, 1.3544424e+09 best solution, best possible 1.2246471e+09 (1057.09 seconds)
Cbc0010I After 19000 nodes, 8309 on tree, 1.3544424e+09 best solution, best possible 1.2247067e+09 (1064.74 seconds)
Cbc0010I After 19100 nodes, 8359 on tree, 1.3544424e+09 best solution, best possible 1.2247857e+09 (1070.75 seconds)
Cbc0010I After 19200 nodes, 8409 on tree, 1.3544424e+09 best solution, best possible 1.2248781e+09 (1073.14 seconds)
Cbc0010I After 19300 nodes, 8459 on tree, 1.3544424e+09 best solution, best possible 1.2249296e+09 (1075.57 seconds)
Cbc0010I After 19400 nodes, 8509 on tree, 1.3544424e+09 best solution, best possible 1.2250079e+09 (1078.27 seconds)
Cbc0010I After 19500 nodes, 8559 on tree, 1.3544424e+09 best solution, best possible 1.2250691e+09 (1084.03 seconds)
Cbc0010I After 19600 nodes, 8609 on tree, 1.3544424e+09 best solution, best possible 1.2251104e+09 (1086.32 seconds)
Cbc0010I After 19700 nodes, 8659 on tree, 1.3544424e+09 best solution, best possible 1.2251787e+09 (1093.67 seconds)
Cbc0010I After 19800 nodes, 8709 on tree, 1.3544424e+09 best solution, best possible 1.2252315e+09 (1096.17 seconds)
Cbc0010I After 19900 nodes, 8759 on tree, 1.3544424e+09 best solution, best possible 1.2252903e+09 (1098.81 seconds)
Cbc0010I After 20000 nodes, 8809 on tree, 1.3544424e+09 best solution, best possible 1.2253542e+09 (1102.94 seconds)
Cbc0010I After 20100 nodes, 8859 on tree, 1.3544424e+09 best solution, best possible 1.2254084e+09 (1105.47 seconds)
Cbc0010I After 20200 nodes, 8909 on tree, 1.3544424e+09 best solution, best possible 1.2254563e+09 (1109.38 seconds)
Cbc0010I After 20300 nodes, 8959 on tree, 1.3544424e+09 best solution, best possible 1.2255053e+09 (1111.83 seconds)
Cbc0010I After 20400 nodes, 9009 on tree, 1.3544424e+09 best solution, best possible 1.225535e+09 (1115.67 seconds)
Cbc0010I After 20500 nodes, 9059 on tree, 1.3544424e+09 best solution, best possible 1.2255568e+09 (1117.99 seconds)
Cbc0010I After 20600 nodes, 9109 on tree, 1.3544424e+09 best solution, best possible 1.2255824e+09 (1121.98 seconds)
Cbc0010I After 20700 nodes, 9159 on tree, 1.3544424e+09 best solution, best possible 1.2256051e+09 (1124.41 seconds)
Cbc0010I After 20800 nodes, 9209 on tree, 1.3544424e+09 best solution, best possible 1.2256304e+09 (1126.66 seconds)
Cbc0010I After 20900 nodes, 9259 on tree, 1.3544424e+09 best solution, best possible 1.2256551e+09 (1129.04 seconds)
Cbc0010I After 21000 nodes, 9309 on tree, 1.3544424e+09 best solution, best possible 1.2256865e+09 (1133.08 seconds)
Cbc0010I After 21100 nodes, 9408 on tree, 1.3544424e+09 best solution, best possible 1.2256865e+09 (1139.43 seconds)
Cbc0010I After 21200 nodes, 9428 on tree, 1.3544424e+09 best solution, best possible 1.2256865e+09 (1145.18 seconds)
Cbc0010I After 21300 nodes, 9435 on tree, 1.3544424e+09 best solution, best possible 1.2256865e+09 (1150.95 seconds)
Cbc0010I After 21400 nodes, 9433 on tree, 1.3544424e+09 best solution, best possible 1.2256865e+09 (1157.72 seconds)
Cbc0010I After 21500 nodes, 9435 on tree, 1.3544424e+09 best solution, best possible 1.2256865e+09 (1165.71 seconds)
Cbc0038I Full problem 864 rows 187056 columns, reduced to 323 rows 427 columns
Cbc0010I After 21600 nodes, 9430 on tree, 1.3544424e+09 best solution, best possible 1.2256865e+09 (1174.48 seconds)
Cbc0010I After 21700 nodes, 9423 on tree, 1.3544424e+09 best solution, best possible 1.2256865e+09 (1183.28 seconds)
Cbc0010I After 21800 nodes, 9431 on tree, 1.3544424e+09 best solution, best possible 1.2256865e+09 (1192.35 seconds)
Cbc0010I After 21900 nodes, 9428 on tree, 1.3544424e+09 best solution, best possible 1.2256865e+09 (1200.64 seconds)
Cbc0010I After 22000 nodes, 9424 on tree, 1.3544424e+09 best solution, best possible 1.2256865e+09 (1207.65 seconds)
Cbc0010I After 22100 nodes, 9474 on tree, 1.3544424e+09 best solution, best possible 1.2257304e+09 (1210.34 seconds)
Cbc0010I After 22200 nodes, 9524 on tree, 1.3544424e+09 best solution, best possible 1.2257704e+09 (1214.53 seconds)
Cbc0010I After 22300 nodes, 9574 on tree, 1.3544424e+09 best solution, best possible 1.2257954e+09 (1218.87 seconds)
Cbc0010I After 22400 nodes, 9624 on tree, 1.3544424e+09 best solution, best possible 1.2258164e+09 (1221.27 seconds)
Cbc0010I After 22500 nodes, 9674 on tree, 1.3544424e+09 best solution, best possible 1.2258556e+09 (1225.18 seconds)
Cbc0010I After 22600 nodes, 9724 on tree, 1.3544424e+09 best solution, best possible 1.225881e+09 (1227.70 seconds)
Cbc0010I After 22700 nodes, 9774 on tree, 1.3544424e+09 best solution, best possible 1.2259035e+09 (1231.71 seconds)
Cbc0010I After 22800 nodes, 9824 on tree, 1.3544424e+09 best solution, best possible 1.2259239e+09 (1234.08 seconds)
Cbc0010I After 22900 nodes, 9874 on tree, 1.3544424e+09 best solution, best possible 1.2259404e+09 (1236.62 seconds)
Cbc0010I After 23000 nodes, 9924 on tree, 1.3544424e+09 best solution, best possible 1.2259563e+09 (1239.15 seconds)
Cbc0010I After 23100 nodes, 9974 on tree, 1.3544424e+09 best solution, best possible 1.2259773e+09 (1241.45 seconds)
Cbc0010I After 23200 nodes, 10024 on tree, 1.3544424e+09 best solution, best possible 1.225999e+09 (1244.03 seconds)
Cbc0010I After 23300 nodes, 10074 on tree, 1.3544424e+09 best solution, best possible 1.2260167e+09 (1246.54 seconds)
Cbc0010I After 23400 nodes, 10124 on tree, 1.3544424e+09 best solution, best possible 1.2260469e+09 (1250.48 seconds)
Cbc0010I After 23500 nodes, 10174 on tree, 1.3544424e+09 best solution, best possible 1.2260693e+09 (1254.42 seconds)
Cbc0010I After 23600 nodes, 10224 on tree, 1.3544424e+09 best solution, best possible 1.226092e+09 (1258.37 seconds)
Cbc0010I After 23700 nodes, 10274 on tree, 1.3544424e+09 best solution, best possible 1.2261134e+09 (1262.36 seconds)
Cbc0010I After 23800 nodes, 10324 on tree, 1.3544424e+09 best solution, best possible 1.2261419e+09 (1264.57 seconds)
Cbc0010I After 23900 nodes, 10374 on tree, 1.3544424e+09 best solution, best possible 1.2261596e+09 (1268.52 seconds)
Cbc0010I After 24000 nodes, 10424 on tree, 1.3544424e+09 best solution, best possible 1.226188e+09 (1274.02 seconds)
Cbc0012I Integer solution of 1.3543099e+09 found by rounding after 104845 iterations and 24035 nodes (1287.79 seconds)
Cbc0012I Integer solution of 1.3539484e+09 found by rounding after 104894 iterations and 24055 nodes (1290.56 seconds)
Cbc0010I After 24100 nodes, 10443 on tree, 1.3539484e+09 best solution, best possible 1.226188e+09 (1292.65 seconds)
Cbc0010I After 24200 nodes, 10469 on tree, 1.3539484e+09 best solution, best possible 1.226188e+09 (1297.33 seconds)
Cbc0010I After 24300 nodes, 10488 on tree, 1.3539484e+09 best solution, best possible 1.226188e+09 (1300.95 seconds)
Cbc0010I After 24400 nodes, 10523 on tree, 1.3539484e+09 best solution, best possible 1.226188e+09 (1304.08 seconds)
Cbc0010I After 24500 nodes, 10557 on tree, 1.3539484e+09 best solution, best possible 1.226188e+09 (1307.09 seconds)
Cbc0010I After 24600 nodes, 10596 on tree, 1.3539484e+09 best solution, best possible 1.226188e+09 (1309.90 seconds)
Cbc0010I After 24700 nodes, 10639 on tree, 1.3539484e+09 best solution, best possible 1.226188e+09 (1312.54 seconds)
Cbc0010I After 24800 nodes, 10681 on tree, 1.3539484e+09 best solution, best possible 1.226188e+09 (1315.22 seconds)
Cbc0010I After 24900 nodes, 10717 on tree, 1.3539484e+09 best solution, best possible 1.226188e+09 (1317.73 seconds)
Cbc0010I After 25000 nodes, 10756 on tree, 1.3539484e+09 best solution, best possible 1.226188e+09 (1320.27 seconds)
Cbc0010I After 25100 nodes, 10854 on tree, 1.3539484e+09 best solution, best possible 1.226188e+09 (1325.83 seconds)
Cbc0012I Integer solution of 1.3539434e+09 found by rounding after 114297 iterations and 25198 nodes (1346.20 seconds)
Cbc0010I After 25200 nodes, 10933 on tree, 1.3539434e+09 best solution, best possible 1.226188e+09 (1346.24 seconds)
Cbc0010I After 25300 nodes, 10915 on tree, 1.3539434e+09 best solution, best possible 1.226188e+09 (1348.66 seconds)
Cbc0010I After 25400 nodes, 10960 on tree, 1.3539434e+09 best solution, best possible 1.226188e+09 (1351.47 seconds)
Cbc0010I After 25500 nodes, 11000 on tree, 1.3539434e+09 best solution, best possible 1.226188e+09 (1354.33 seconds)
Cbc0010I After 25600 nodes, 11034 on tree, 1.3539434e+09 best solution, best possible 1.226188e+09 (1357.16 seconds)
Cbc0010I After 25700 nodes, 11074 on tree, 1.3539434e+09 best solution, best possible 1.226188e+09 (1359.74 seconds)
Cbc0010I After 25800 nodes, 11109 on tree, 1.3539434e+09 best solution, best possible 1.226188e+09 (1362.21 seconds)
Cbc0010I After 25900 nodes, 11142 on tree, 1.3539434e+09 best solution, best possible 1.226188e+09 (1364.90 seconds)
Cbc0010I After 26000 nodes, 11178 on tree, 1.3539434e+09 best solution, best possible 1.226188e+09 (1367.50 seconds)
Cbc0012I Integer solution of 1.3538041e+09 found by rounding after 122013 iterations and 26024 nodes (1380.83 seconds)
Cbc0012I Integer solution of 1.3534427e+09 found by rounding after 122057 iterations and 26043 nodes (1383.07 seconds)
Cbc0010I After 26100 nodes, 11149 on tree, 1.3534427e+09 best solution, best possible 1.226188e+09 (1384.38 seconds)
Cbc0010I After 26200 nodes, 11192 on tree, 1.3534427e+09 best solution, best possible 1.226188e+09 (1387.78 seconds)
Cbc0010I After 26300 nodes, 11242 on tree, 1.3534427e+09 best solution, best possible 1.226188e+09 (1391.90 seconds)
Cbc0010I After 26400 nodes, 11292 on tree, 1.3534427e+09 best solution, best possible 1.226188e+09 (1395.30 seconds)
Cbc0010I After 26500 nodes, 11341 on tree, 1.3534427e+09 best solution, best possible 1.226188e+09 (1398.64 seconds)
Cbc0010I After 26600 nodes, 11391 on tree, 1.3534427e+09 best solution, best possible 1.226188e+09 (1402.44 seconds)
Cbc0010I After 26700 nodes, 11442 on tree, 1.3534427e+09 best solution, best possible 1.226188e+09 (1405.95 seconds)
Cbc0010I After 26800 nodes, 11492 on tree, 1.3534427e+09 best solution, best possible 1.226188e+09 (1409.31 seconds)
Cbc0010I After 26900 nodes, 11542 on tree, 1.3534427e+09 best solution, best possible 1.226188e+09 (1412.70 seconds)
Cbc0010I After 27000 nodes, 11591 on tree, 1.3534427e+09 best solution, best possible 1.226188e+09 (1416.12 seconds)
Cbc0016I Integer solution of 1.3533427e+09 found by strong branching after 126292 iterations and 27039 nodes (1430.81 seconds)
Cbc0010I After 27100 nodes, 11596 on tree, 1.3533427e+09 best solution, best possible 1.226188e+09 (1432.94 seconds)
Cbc0010I After 27200 nodes, 11646 on tree, 1.3533427e+09 best solution, best possible 1.226188e+09 (1436.28 seconds)
Cbc0010I After 27300 nodes, 11695 on tree, 1.3533427e+09 best solution, best possible 1.226188e+09 (1439.69 seconds)
Cbc0010I After 27400 nodes, 11747 on tree, 1.3533427e+09 best solution, best possible 1.226188e+09 (1443.03 seconds)
Cbc0010I After 27500 nodes, 11795 on tree, 1.3533427e+09 best solution, best possible 1.226188e+09 (1446.44 seconds)
Cbc0010I After 27600 nodes, 11844 on tree, 1.3533427e+09 best solution, best possible 1.226188e+09 (1449.86 seconds)
Cbc0010I After 27700 nodes, 11894 on tree, 1.3533427e+09 best solution, best possible 1.226188e+09 (1453.23 seconds)
Cbc0010I After 27800 nodes, 11944 on tree, 1.3533427e+09 best solution, best possible 1.226188e+09 (1456.77 seconds)
Cbc0010I After 27900 nodes, 11993 on tree, 1.3533427e+09 best solution, best possible 1.226188e+09 (1460.15 seconds)
Cbc0010I After 28000 nodes, 12044 on tree, 1.3533427e+09 best solution, best possible 1.226188e+09 (1463.63 seconds)
Cbc0012I Integer solution of 1.3529653e+09 found by rounding after 130065 iterations and 28066 nodes (1477.76 seconds)
Cbc0010I After 28100 nodes, 12002 on tree, 1.3529653e+09 best solution, best possible 1.226188e+09 (1478.66 seconds)
Cbc0010I After 28200 nodes, 12052 on tree, 1.3529653e+09 best solution, best possible 1.226188e+09 (1482.03 seconds)
Cbc0010I After 28300 nodes, 12103 on tree, 1.3529653e+09 best solution, best possible 1.226188e+09 (1485.40 seconds)
Cbc0010I After 28400 nodes, 12153 on tree, 1.3529653e+09 best solution, best possible 1.226188e+09 (1488.76 seconds)
Cbc0010I After 28500 nodes, 12202 on tree, 1.3529653e+09 best solution, best possible 1.226188e+09 (1492.05 seconds)
Cbc0010I After 28600 nodes, 12252 on tree, 1.3529653e+09 best solution, best possible 1.226188e+09 (1495.42 seconds)
Cbc0010I After 28700 nodes, 12302 on tree, 1.3529653e+09 best solution, best possible 1.226188e+09 (1498.86 seconds)
Cbc0010I After 28800 nodes, 12352 on tree, 1.3529653e+09 best solution, best possible 1.226188e+09 (1502.24 seconds)
Cbc0010I After 28900 nodes, 12402 on tree, 1.3529653e+09 best solution, best possible 1.226188e+09 (1505.65 seconds)
Cbc0010I After 29000 nodes, 12453 on tree, 1.3529653e+09 best solution, best possible 1.226188e+09 (1509.38 seconds)
Cbc0010I After 29100 nodes, 12551 on tree, 1.3529653e+09 best solution, best possible 1.226188e+09 (1515.11 seconds)
Cbc0010I After 29200 nodes, 12560 on tree, 1.3529653e+09 best solution, best possible 1.226188e+09 (1521.50 seconds)
Cbc0010I After 29300 nodes, 12551 on tree, 1.3529653e+09 best solution, best possible 1.226188e+09 (1529.03 seconds)
Cbc0010I After 29400 nodes, 12555 on tree, 1.3529653e+09 best solution, best possible 1.226188e+09 (1533.95 seconds)
Cbc0010I After 29500 nodes, 12555 on tree, 1.3529653e+09 best solution, best possible 1.226188e+09 (1539.84 seconds)
Cbc0010I After 29600 nodes, 12550 on tree, 1.3529653e+09 best solution, best possible 1.226188e+09 (1547.19 seconds)
Cbc0010I After 29700 nodes, 12549 on tree, 1.3529653e+09 best solution, best possible 1.226188e+09 (1553.20 seconds)
Cbc0010I After 29800 nodes, 12558 on tree, 1.3529653e+09 best solution, best possible 1.226188e+09 (1560.14 seconds)
Cbc0010I After 29900 nodes, 12549 on tree, 1.3529653e+09 best solution, best possible 1.226188e+09 (1569.03 seconds)
Cbc0010I After 30000 nodes, 12548 on tree, 1.3529653e+09 best solution, best possible 1.226188e+09 (1574.42 seconds)
Cbc0010I After 30100 nodes, 12554 on tree, 1.3529653e+09 best solution, best possible 1.226188e+09 (1579.49 seconds)
Cbc0010I After 30200 nodes, 12554 on tree, 1.3529653e+09 best solution, best possible 1.226188e+09 (1585.78 seconds)
Cbc0010I After 30300 nodes, 12552 on tree, 1.3529653e+09 best solution, best possible 1.226188e+09 (1592.85 seconds)
Cbc0010I After 30400 nodes, 12551 on tree, 1.3529653e+09 best solution, best possible 1.226188e+09 (1599.82 seconds)
Cbc0010I After 30500 nodes, 12552 on tree, 1.3529653e+09 best solution, best possible 1.226188e+09 (1606.60 seconds)
Cbc0010I After 30600 nodes, 12547 on tree, 1.3529653e+09 best solution, best possible 1.226188e+09 (1612.17 seconds)
Cbc0010I After 30700 nodes, 12555 on tree, 1.3529653e+09 best solution, best possible 1.226188e+09 (1617.29 seconds)
Cbc0010I After 30800 nodes, 12556 on tree, 1.3529653e+09 best solution, best possible 1.226188e+09 (1628.85 seconds)
Cbc0010I After 30900 nodes, 12555 on tree, 1.3529653e+09 best solution, best possible 1.226188e+09 (1638.60 seconds)
Cbc0010I After 31000 nodes, 12551 on tree, 1.3529653e+09 best solution, best possible 1.226188e+09 (1647.01 seconds)
Cbc0010I After 31100 nodes, 12556 on tree, 1.3529653e+09 best solution, best possible 1.226188e+09 (1654.07 seconds)
Cbc0010I After 31200 nodes, 12551 on tree, 1.3529653e+09 best solution, best possible 1.226188e+09 (1662.03 seconds)
Cbc0010I After 31300 nodes, 12549 on tree, 1.3529653e+09 best solution, best possible 1.226188e+09 (1670.27 seconds)
Cbc0010I After 31400 nodes, 12551 on tree, 1.3529653e+09 best solution, best possible 1.226188e+09 (1677.10 seconds)
Cbc0010I After 31500 nodes, 12554 on tree, 1.3529653e+09 best solution, best possible 1.226188e+09 (1684.80 seconds)
Cbc0010I After 31600 nodes, 12551 on tree, 1.3529653e+09 best solution, best possible 1.226188e+09 (1692.15 seconds)
Cbc0010I After 31700 nodes, 12549 on tree, 1.3529653e+09 best solution, best possible 1.226188e+09 (1698.20 seconds)
Cbc0010I After 31800 nodes, 12556 on tree, 1.3529653e+09 best solution, best possible 1.226188e+09 (1703.38 seconds)
Cbc0010I After 31900 nodes, 12555 on tree, 1.3529653e+09 best solution, best possible 1.226188e+09 (1710.55 seconds)
Cbc0010I After 32000 nodes, 12554 on tree, 1.3529653e+09 best solution, best possible 1.226188e+09 (1716.83 seconds)
Cbc0010I After 32100 nodes, 12550 on tree, 1.3529653e+09 best solution, best possible 1.226188e+09 (1723.96 seconds)
Cbc0010I After 32200 nodes, 12555 on tree, 1.3529653e+09 best solution, best possible 1.226188e+09 (1731.03 seconds)
Cbc0010I After 32300 nodes, 12550 on tree, 1.3529653e+09 best solution, best possible 1.226188e+09 (1736.39 seconds)
Cbc0038I Full problem 864 rows 187056 columns, reduced to 325 rows 437 columns
Cbc0010I After 32400 nodes, 12551 on tree, 1.3529653e+09 best solution, best possible 1.226188e+09 (1743.57 seconds)
Cbc0010I After 32500 nodes, 12551 on tree, 1.3529653e+09 best solution, best possible 1.226188e+09 (1750.20 seconds)
Cbc0010I After 32600 nodes, 12555 on tree, 1.3529653e+09 best solution, best possible 1.226188e+09 (1756.83 seconds)
Cbc0010I After 32700 nodes, 12551 on tree, 1.3529653e+09 best solution, best possible 1.226188e+09 (1763.50 seconds)
Cbc0010I After 32800 nodes, 12552 on tree, 1.3529653e+09 best solution, best possible 1.226188e+09 (1771.38 seconds)
Cbc0010I After 32900 nodes, 12552 on tree, 1.3529653e+09 best solution, best possible 1.226188e+09 (1779.39 seconds)
Cbc0010I After 33000 nodes, 12552 on tree, 1.3529653e+09 best solution, best possible 1.226188e+09 (1786.83 seconds)
Cbc0010I After 33100 nodes, 12649 on tree, 1.3529653e+09 best solution, best possible 1.226188e+09 (1790.59 seconds)
Cbc0010I After 33200 nodes, 12648 on tree, 1.3529653e+09 best solution, best possible 1.226188e+09 (1794.41 seconds)
Cbc0010I After 33300 nodes, 12656 on tree, 1.3529653e+09 best solution, best possible 1.226188e+09 (1798.55 seconds)
Cbc0010I After 33400 nodes, 12679 on tree, 1.3529653e+09 best solution, best possible 1.226188e+09 (1815.48 seconds)
Cbc0012I Integer solution of 1.3529591e+09 found by rounding after 147766 iterations and 33421 nodes (1822.29 seconds)
Cbc0010I After 33500 nodes, 12703 on tree, 1.3529591e+09 best solution, best possible 1.226188e+09 (1825.16 seconds)
Cbc0010I After 33600 nodes, 12752 on tree, 1.3529591e+09 best solution, best possible 1.226188e+09 (1828.90 seconds)
Cbc0010I After 33700 nodes, 12802 on tree, 1.3529591e+09 best solution, best possible 1.226188e+09 (1832.76 seconds)
Cbc0010I After 33800 nodes, 12852 on tree, 1.3529591e+09 best solution, best possible 1.226188e+09 (1836.10 seconds)
Cbc0010I After 33900 nodes, 12902 on tree, 1.3529591e+09 best solution, best possible 1.226188e+09 (1839.58 seconds)
Cbc0010I After 34000 nodes, 12951 on tree, 1.3529591e+09 best solution, best possible 1.226188e+09 (1843.09 seconds)
Cbc0010I After 34100 nodes, 12934 on tree, 1.3529591e+09 best solution, best possible 1.226188e+09 (1845.69 seconds)
Cbc0010I After 34200 nodes, 12927 on tree, 1.3529591e+09 best solution, best possible 1.226188e+09 (1849.85 seconds)
Cbc0010I After 34300 nodes, 12925 on tree, 1.3529591e+09 best solution, best possible 1.226188e+09 (1853.93 seconds)
Cbc0010I After 34400 nodes, 12971 on tree, 1.3529591e+09 best solution, best possible 1.226188e+09 (1861.15 seconds)
Cbc0010I After 34500 nodes, 13071 on tree, 1.3529591e+09 best solution, best possible 1.226188e+09 (1872.21 seconds)
Cbc0012I Integer solution of 1.3518645e+09 found by rounding after 150753 iterations and 34520 nodes (1873.44 seconds)
Cbc0012I Integer solution of 1.3515031e+09 found by rounding after 150791 iterations and 34541 nodes (1874.28 seconds)
Cbc0012I Integer solution of 1.3509973e+09 found by rounding after 150836 iterations and 34565 nodes (1875.27 seconds)
Cbc0010I After 34600 nodes, 12844 on tree, 1.3509973e+09 best solution, best possible 1.226188e+09 (1875.97 seconds)
Cbc0010I After 34700 nodes, 12782 on tree, 1.3509973e+09 best solution, best possible 1.226188e+09 (1878.33 seconds)
Cbc0010I After 34800 nodes, 12830 on tree, 1.3509973e+09 best solution, best possible 1.226188e+09 (1881.72 seconds)
Cbc0010I After 34900 nodes, 12872 on tree, 1.3509973e+09 best solution, best possible 1.226188e+09 (1884.84 seconds)
Cbc0010I After 35000 nodes, 12908 on tree, 1.3509973e+09 best solution, best possible 1.226188e+09 (1887.97 seconds)
Cbc0012I Integer solution of 1.3500476e+09 found by rounding after 152759 iterations and 35080 nodes (1902.15 seconds)
Cbc0010I After 35100 nodes, 12866 on tree, 1.3500476e+09 best solution, best possible 1.226188e+09 (1902.55 seconds)
Cbc0010I After 35200 nodes, 12860 on tree, 1.3500476e+09 best solution, best possible 1.226188e+09 (1905.34 seconds)
Cbc0010I After 35300 nodes, 12895 on tree, 1.3500476e+09 best solution, best possible 1.226188e+09 (1908.52 seconds)
Cbc0010I After 35400 nodes, 12935 on tree, 1.3500476e+09 best solution, best possible 1.226188e+09 (1911.67 seconds)
Cbc0010I After 35500 nodes, 12971 on tree, 1.3500476e+09 best solution, best possible 1.226188e+09 (1914.57 seconds)
Cbc0010I After 35600 nodes, 13001 on tree, 1.3500476e+09 best solution, best possible 1.226188e+09 (1917.36 seconds)
Cbc0010I After 35700 nodes, 13030 on tree, 1.3500476e+09 best solution, best possible 1.226188e+09 (1920.28 seconds)
Cbc0010I After 35800 nodes, 13064 on tree, 1.3500476e+09 best solution, best possible 1.226188e+09 (1923.27 seconds)
Cbc0010I After 35900 nodes, 13095 on tree, 1.3500476e+09 best solution, best possible 1.226188e+09 (1926.24 seconds)
Cbc0010I After 36000 nodes, 13127 on tree, 1.3500476e+09 best solution, best possible 1.226188e+09 (1929.13 seconds)
Cbc0012I Integer solution of 1.3495663e+09 found by rounding after 159135 iterations and 36038 nodes (1941.96 seconds)
Cbc0010I After 36100 nodes, 13104 on tree, 1.3495663e+09 best solution, best possible 1.226188e+09 (1943.52 seconds)
Cbc0010I After 36200 nodes, 13136 on tree, 1.3495663e+09 best solution, best possible 1.226188e+09 (1946.52 seconds)
Cbc0010I After 36300 nodes, 13170 on tree, 1.3495663e+09 best solution, best possible 1.226188e+09 (1949.51 seconds)
Cbc0010I After 36400 nodes, 13210 on tree, 1.3495663e+09 best solution, best possible 1.226188e+09 (1952.72 seconds)
Cbc0010I After 36500 nodes, 13244 on tree, 1.3495663e+09 best solution, best possible 1.226188e+09 (1955.61 seconds)
Cbc0010I After 36600 nodes, 13276 on tree, 1.3495663e+09 best solution, best possible 1.226188e+09 (1958.77 seconds)
Cbc0010I After 36700 nodes, 13309 on tree, 1.3495663e+09 best solution, best possible 1.226188e+09 (1961.77 seconds)
Cbc0010I After 36800 nodes, 13348 on tree, 1.3495663e+09 best solution, best possible 1.226188e+09 (1964.98 seconds)
Cbc0010I After 36900 nodes, 13381 on tree, 1.3495663e+09 best solution, best possible 1.226188e+09 (1967.98 seconds)
Cbc0010I After 37000 nodes, 13417 on tree, 1.3495663e+09 best solution, best possible 1.226188e+09 (1971.14 seconds)
Cbc0010I After 37100 nodes, 13514 on tree, 1.3495663e+09 best solution, best possible 1.2261886e+09 (1975.77 seconds)
Cbc0010I After 37200 nodes, 13512 on tree, 1.3495663e+09 best solution, best possible 1.2261886e+09 (1979.64 seconds)
Cbc0010I After 37300 nodes, 13506 on tree, 1.3495663e+09 best solution, best possible 1.2261886e+09 (1982.97 seconds)
Cbc0010I After 37400 nodes, 13504 on tree, 1.3495663e+09 best solution, best possible 1.2261886e+09 (1986.27 seconds)
Cbc0010I After 37500 nodes, 13508 on tree, 1.3495663e+09 best solution, best possible 1.2261886e+09 (1989.59 seconds)
Cbc0010I After 37600 nodes, 13505 on tree, 1.3495663e+09 best solution, best possible 1.2261886e+09 (1992.87 seconds)
Cbc0010I After 37700 nodes, 13504 on tree, 1.3495663e+09 best solution, best possible 1.2261886e+09 (1996.17 seconds)
Cbc0010I After 37800 nodes, 13497 on tree, 1.3495663e+09 best solution, best possible 1.2261886e+09 (1999.47 seconds)
Cbc0010I After 37900 nodes, 13501 on tree, 1.3495663e+09 best solution, best possible 1.2261886e+09 (2002.74 seconds)
Cbc0010I After 38000 nodes, 13501 on tree, 1.3495663e+09 best solution, best possible 1.2261886e+09 (2006.03 seconds)
Cbc0010I After 38100 nodes, 13501 on tree, 1.3495663e+09 best solution, best possible 1.2261886e+09 (2009.34 seconds)
Cbc0010I After 38200 nodes, 13501 on tree, 1.3495663e+09 best solution, best possible 1.2261886e+09 (2012.67 seconds)
Cbc0010I After 38300 nodes, 13499 on tree, 1.3495663e+09 best solution, best possible 1.2261886e+09 (2015.95 seconds)
Cbc0010I After 38400 nodes, 13502 on tree, 1.3495663e+09 best solution, best possible 1.2261886e+09 (2019.29 seconds)
Cbc0010I After 38500 nodes, 13498 on tree, 1.3495663e+09 best solution, best possible 1.2261886e+09 (2022.59 seconds)
Cbc0010I After 38600 nodes, 13502 on tree, 1.3495663e+09 best solution, best possible 1.2261886e+09 (2025.84 seconds)
Cbc0010I After 38700 nodes, 13497 on tree, 1.3495663e+09 best solution, best possible 1.2261886e+09 (2030.53 seconds)
Cbc0010I After 38800 nodes, 13501 on tree, 1.3495663e+09 best solution, best possible 1.2261886e+09 (2034.07 seconds)
Cbc0010I After 38900 nodes, 13497 on tree, 1.3495663e+09 best solution, best possible 1.2261886e+09 (2037.92 seconds)
Cbc0010I After 39000 nodes, 13489 on tree, 1.3495663e+09 best solution, best possible 1.2261886e+09 (2043.82 seconds)
Cbc0010I After 39100 nodes, 13500 on tree, 1.3495663e+09 best solution, best possible 1.2261886e+09 (2047.48 seconds)
Cbc0010I After 39200 nodes, 13497 on tree, 1.3495663e+09 best solution, best possible 1.2261886e+09 (2051.06 seconds)
Cbc0010I After 39300 nodes, 13496 on tree, 1.3495663e+09 best solution, best possible 1.2261886e+09 (2054.93 seconds)
Cbc0010I After 39400 nodes, 13495 on tree, 1.3495663e+09 best solution, best possible 1.2261886e+09 (2058.62 seconds)
Cbc0010I After 39500 nodes, 13494 on tree, 1.3495663e+09 best solution, best possible 1.2261886e+09 (2062.94 seconds)
Cbc0038I Full problem 864 rows 187056 columns, reduced to 301 rows 402 columns
Cbc0010I After 39600 nodes, 13520 on tree, 1.3495663e+09 best solution, best possible 1.2261886e+09 (2067.04 seconds)
Cbc0010I After 39700 nodes, 13514 on tree, 1.3495663e+09 best solution, best possible 1.2261886e+09 (2071.88 seconds)
Cbc0010I After 39800 nodes, 13514 on tree, 1.3495663e+09 best solution, best possible 1.2261886e+09 (2077.86 seconds)
Cbc0010I After 39900 nodes, 13518 on tree, 1.3495663e+09 best solution, best possible 1.2261886e+09 (2082.94 seconds)
Cbc0010I After 40000 nodes, 13513 on tree, 1.3495663e+09 best solution, best possible 1.2261886e+09 (2087.35 seconds)
Cbc0010I After 40100 nodes, 13513 on tree, 1.3495663e+09 best solution, best possible 1.2261886e+09 (2092.25 seconds)
Cbc0010I After 40200 nodes, 13511 on tree, 1.3495663e+09 best solution, best possible 1.2261886e+09 (2098.21 seconds)
Cbc0010I After 40300 nodes, 13509 on tree, 1.3495663e+09 best solution, best possible 1.2261886e+09 (2102.79 seconds)
Cbc0010I After 40400 nodes, 13509 on tree, 1.3495663e+09 best solution, best possible 1.2261886e+09 (2107.54 seconds)
Cbc0010I After 40500 nodes, 13507 on tree, 1.3495663e+09 best solution, best possible 1.2261886e+09 (2112.99 seconds)
Cbc0010I After 40600 nodes, 13506 on tree, 1.3495663e+09 best solution, best possible 1.2261886e+09 (2120.45 seconds)
Cbc0010I After 40700 nodes, 13513 on tree, 1.3495663e+09 best solution, best possible 1.2261886e+09 (2128.03 seconds)
Cbc0010I After 40800 nodes, 13507 on tree, 1.3495663e+09 best solution, best possible 1.2261886e+09 (2134.59 seconds)
Cbc0010I After 40900 nodes, 13509 on tree, 1.3495663e+09 best solution, best possible 1.2261886e+09 (2141.05 seconds)
Cbc0010I After 41000 nodes, 13512 on tree, 1.3495663e+09 best solution, best possible 1.2261886e+09 (2147.67 seconds)
Cbc0010I After 41100 nodes, 13612 on tree, 1.3495663e+09 best solution, best possible 1.2261886e+09 (2151.96 seconds)
Cbc0010I After 41200 nodes, 13614 on tree, 1.3495663e+09 best solution, best possible 1.2261886e+09 (2156.04 seconds)
Cbc0010I After 41300 nodes, 13611 on tree, 1.3495663e+09 best solution, best possible 1.2261886e+09 (2159.75 seconds)
Cbc0010I After 41400 nodes, 13611 on tree, 1.3495663e+09 best solution, best possible 1.2261886e+09 (2162.82 seconds)
Cbc0010I After 41500 nodes, 13614 on tree, 1.3495663e+09 best solution, best possible 1.2261886e+09 (2166.17 seconds)
Cbc0010I After 41600 nodes, 13622 on tree, 1.3495663e+09 best solution, best possible 1.2261886e+09 (2171.33 seconds)
Cbc0012I Integer solution of 1.349464e+09 found by rounding after 178428 iterations and 41700 nodes (2192.06 seconds)
Cbc0010I After 41700 nodes, 13636 on tree, 1.349464e+09 best solution, best possible 1.2261886e+09 (2192.07 seconds)
Cbc0010I After 41800 nodes, 13643 on tree, 1.349464e+09 best solution, best possible 1.2261886e+09 (2194.94 seconds)
Cbc0010I After 41900 nodes, 13677 on tree, 1.349464e+09 best solution, best possible 1.2261886e+09 (2197.84 seconds)
Cbc0010I After 42000 nodes, 13710 on tree, 1.349464e+09 best solution, best possible 1.2261886e+09 (2200.66 seconds)
Cbc0012I Integer solution of 1.3492008e+09 found by rounding after 180663 iterations and 42033 nodes (2213.20 seconds)
Cbc0010I After 42100 nodes, 13676 on tree, 1.3492008e+09 best solution, best possible 1.2261886e+09 (2214.97 seconds)
Cbc0010I After 42200 nodes, 13707 on tree, 1.3492008e+09 best solution, best possible 1.2261886e+09 (2217.98 seconds)
Cbc0010I After 42300 nodes, 13743 on tree, 1.3492008e+09 best solution, best possible 1.2261886e+09 (2220.89 seconds)
Cbc0010I After 42400 nodes, 13780 on tree, 1.3492008e+09 best solution, best possible 1.2261886e+09 (2224.02 seconds)
Cbc0010I After 42500 nodes, 13817 on tree, 1.3492008e+09 best solution, best possible 1.2261886e+09 (2227.15 seconds)
Cbc0010I After 42600 nodes, 13856 on tree, 1.3492008e+09 best solution, best possible 1.2261886e+09 (2230.20 seconds)
Cbc0010I After 42700 nodes, 13893 on tree, 1.3492008e+09 best solution, best possible 1.2261886e+09 (2233.23 seconds)
Cbc0010I After 42800 nodes, 13930 on tree, 1.3492008e+09 best solution, best possible 1.2261886e+09 (2236.25 seconds)
Cbc0010I After 42900 nodes, 13969 on tree, 1.3492008e+09 best solution, best possible 1.2261886e+09 (2239.16 seconds)
Cbc0010I After 43000 nodes, 14010 on tree, 1.3492008e+09 best solution, best possible 1.2261886e+09 (2242.27 seconds)
Cbc0010I After 43100 nodes, 13996 on tree, 1.3492008e+09 best solution, best possible 1.2261886e+09 (2246.38 seconds)
Cbc0016I Integer solution of 1.3491255e+09 found by strong branching after 186858 iterations and 43189 nodes (2261.20 seconds)
Cbc0010I After 43200 nodes, 13994 on tree, 1.3491255e+09 best solution, best possible 1.2261886e+09 (2261.44 seconds)
Cbc0010I After 43300 nodes, 14029 on tree, 1.3491255e+09 best solution, best possible 1.2261886e+09 (2264.45 seconds)
Cbc0010I After 43400 nodes, 14062 on tree, 1.3491255e+09 best solution, best possible 1.2261886e+09 (2267.35 seconds)
Cbc0010I After 43500 nodes, 14101 on tree, 1.3491255e+09 best solution, best possible 1.2261886e+09 (2270.32 seconds)
Cbc0010I After 43600 nodes, 14136 on tree, 1.3491255e+09 best solution, best possible 1.2261886e+09 (2273.20 seconds)
Cbc0010I After 43700 nodes, 14172 on tree, 1.3491255e+09 best solution, best possible 1.2261886e+09 (2276.26 seconds)
Cbc0010I After 43800 nodes, 14203 on tree, 1.3491255e+09 best solution, best possible 1.2261886e+09 (2279.10 seconds)
Cbc0010I After 43900 nodes, 14233 on tree, 1.3491255e+09 best solution, best possible 1.2261886e+09 (2281.91 seconds)
Cbc0010I After 44000 nodes, 14264 on tree, 1.3491255e+09 best solution, best possible 1.2261886e+09 (2284.80 seconds)
Cbc0004I Integer solution of 1.3491221e+09 found after 192534 iterations and 44100 nodes (2300.83 seconds)
Cbc0010I After 44100 nodes, 14268 on tree, 1.3491221e+09 best solution, best possible 1.2261886e+09 (2300.83 seconds)
Cbc0010I After 44200 nodes, 14293 on tree, 1.3491221e+09 best solution, best possible 1.2261886e+09 (2303.83 seconds)
Cbc0010I After 44300 nodes, 14330 on tree, 1.3491221e+09 best solution, best possible 1.2261886e+09 (2306.80 seconds)
Cbc0010I After 44400 nodes, 14374 on tree, 1.3491221e+09 best solution, best possible 1.2261886e+09 (2309.95 seconds)
Cbc0010I After 44500 nodes, 14413 on tree, 1.3491221e+09 best solution, best possible 1.2261886e+09 (2313.18 seconds)
Cbc0010I After 44600 nodes, 14448 on tree, 1.3491221e+09 best solution, best possible 1.2261886e+09 (2316.26 seconds)
Cbc0010I After 44700 nodes, 14482 on tree, 1.3491221e+09 best solution, best possible 1.2261886e+09 (2319.41 seconds)
Cbc0010I After 44800 nodes, 14514 on tree, 1.3491221e+09 best solution, best possible 1.2261886e+09 (2322.41 seconds)
Cbc0010I After 44900 nodes, 14549 on tree, 1.3491221e+09 best solution, best possible 1.2261886e+09 (2325.50 seconds)
Cbc0010I After 45000 nodes, 14585 on tree, 1.3491221e+09 best solution, best possible 1.2261911e+09 (2328.41 seconds)
Cbc0010I After 45100 nodes, 14681 on tree, 1.3491221e+09 best solution, best possible 1.2261911e+09 (2333.21 seconds)
Cbc0010I After 45200 nodes, 14677 on tree, 1.3491221e+09 best solution, best possible 1.2261911e+09 (2335.65 seconds)
Cbc0010I After 45300 nodes, 14677 on tree, 1.3491221e+09 best solution, best possible 1.2261911e+09 (2338.18 seconds)
Cbc0010I After 45400 nodes, 14675 on tree, 1.3491221e+09 best solution, best possible 1.2261911e+09 (2340.71 seconds)
Cbc0010I After 45500 nodes, 14672 on tree, 1.3491221e+09 best solution, best possible 1.2261911e+09 (2342.88 seconds)
Cbc0010I After 45600 nodes, 14669 on tree, 1.3491221e+09 best solution, best possible 1.2261911e+09 (2344.97 seconds)
Cbc0010I After 45700 nodes, 14671 on tree, 1.3491221e+09 best solution, best possible 1.2261911e+09 (2349.46 seconds)
Cbc0010I After 45800 nodes, 14674 on tree, 1.3491221e+09 best solution, best possible 1.2261911e+09 (2354.19 seconds)
Cbc0010I After 45900 nodes, 14675 on tree, 1.3491221e+09 best solution, best possible 1.2261911e+09 (2361.39 seconds)
Cbc0010I After 46000 nodes, 14673 on tree, 1.3491221e+09 best solution, best possible 1.2261911e+09 (2367.83 seconds)
Cbc0010I After 46100 nodes, 14668 on tree, 1.3491221e+09 best solution, best possible 1.2261911e+09 (2375.45 seconds)
Cbc0010I After 46200 nodes, 14667 on tree, 1.3491221e+09 best solution, best possible 1.2261911e+09 (2382.84 seconds)
Cbc0010I After 46300 nodes, 14670 on tree, 1.3491221e+09 best solution, best possible 1.2261911e+09 (2387.64 seconds)
Cbc0010I After 46400 nodes, 14669 on tree, 1.3491221e+09 best solution, best possible 1.2261911e+09 (2393.95 seconds)
Cbc0010I After 46500 nodes, 14667 on tree, 1.3491221e+09 best solution, best possible 1.2261911e+09 (2399.85 seconds)
Cbc0010I After 46600 nodes, 14675 on tree, 1.3491221e+09 best solution, best possible 1.2261911e+09 (2403.26 seconds)
Cbc0010I After 46700 nodes, 14672 on tree, 1.3491221e+09 best solution, best possible 1.2261911e+09 (2405.24 seconds)
Cbc0010I After 46800 nodes, 14676 on tree, 1.3491221e+09 best solution, best possible 1.2261911e+09 (2407.73 seconds)
Cbc0038I Full problem 864 rows 187056 columns, reduced to 333 rows 446 columns
Cbc0010I After 46900 nodes, 14673 on tree, 1.3491221e+09 best solution, best possible 1.2261911e+09 (2410.94 seconds)
Cbc0010I After 47000 nodes, 14672 on tree, 1.3491221e+09 best solution, best possible 1.2261911e+09 (2413.07 seconds)
Cbc0010I After 47100 nodes, 14675 on tree, 1.3491221e+09 best solution, best possible 1.2261911e+09 (2416.29 seconds)
Cbc0010I After 47200 nodes, 14671 on tree, 1.3491221e+09 best solution, best possible 1.2261911e+09 (2419.68 seconds)
Cbc0010I After 47300 nodes, 14676 on tree, 1.3491221e+09 best solution, best possible 1.2261911e+09 (2423.28 seconds)
Cbc0010I After 47400 nodes, 14667 on tree, 1.3491221e+09 best solution, best possible 1.2261911e+09 (2427.01 seconds)
Cbc0010I After 47500 nodes, 14666 on tree, 1.3491221e+09 best solution, best possible 1.2261911e+09 (2432.10 seconds)
Cbc0010I After 47600 nodes, 14673 on tree, 1.3491221e+09 best solution, best possible 1.2261911e+09 (2434.40 seconds)
Cbc0010I After 47700 nodes, 14669 on tree, 1.3491221e+09 best solution, best possible 1.2261911e+09 (2437.64 seconds)
Cbc0010I After 47800 nodes, 14670 on tree, 1.3491221e+09 best solution, best possible 1.2261911e+09 (2441.51 seconds)
Cbc0010I After 47900 nodes, 14671 on tree, 1.3491221e+09 best solution, best possible 1.2261911e+09 (2445.62 seconds)
Cbc0010I After 48000 nodes, 14667 on tree, 1.3491221e+09 best solution, best possible 1.2261911e+09 (2447.72 seconds)
Cbc0010I After 48100 nodes, 14674 on tree, 1.3491221e+09 best solution, best possible 1.2261911e+09 (2450.87 seconds)
Cbc0010I After 48200 nodes, 14672 on tree, 1.3491221e+09 best solution, best possible 1.2261911e+09 (2454.20 seconds)
Cbc0010I After 48300 nodes, 14666 on tree, 1.3491221e+09 best solution, best possible 1.2261911e+09 (2458.67 seconds)
Cbc0010I After 48400 nodes, 14668 on tree, 1.3491221e+09 best solution, best possible 1.2261911e+09 (2462.72 seconds)
Cbc0010I After 48500 nodes, 14664 on tree, 1.3491221e+09 best solution, best possible 1.2261911e+09 (2467.40 seconds)
Cbc0010I After 48600 nodes, 14673 on tree, 1.3491221e+09 best solution, best possible 1.2261911e+09 (2472.03 seconds)
Cbc0010I After 48700 nodes, 14673 on tree, 1.3491221e+09 best solution, best possible 1.2261911e+09 (2474.41 seconds)
Cbc0010I After 48800 nodes, 14667 on tree, 1.3491221e+09 best solution, best possible 1.2261911e+09 (2477.70 seconds)
Cbc0010I After 48900 nodes, 14674 on tree, 1.3491221e+09 best solution, best possible 1.2261911e+09 (2480.15 seconds)
Cbc0010I After 49000 nodes, 14670 on tree, 1.3491221e+09 best solution, best possible 1.2261911e+09 (2483.12 seconds)
Cbc0010I After 49100 nodes, 14759 on tree, 1.3491221e+09 best solution, best possible 1.2261911e+09 (2486.27 seconds)
Cbc0010I After 49200 nodes, 14753 on tree, 1.3491221e+09 best solution, best possible 1.2261911e+09 (2488.51 seconds)
Cbc0010I After 49300 nodes, 14758 on tree, 1.3491221e+09 best solution, best possible 1.2261911e+09 (2490.77 seconds)
Cbc0010I After 49400 nodes, 14760 on tree, 1.3491221e+09 best solution, best possible 1.2261911e+09 (2493.84 seconds)
Cbc0010I After 49500 nodes, 14755 on tree, 1.3491221e+09 best solution, best possible 1.2261911e+09 (2496.99 seconds)
Cbc0010I After 49600 nodes, 14755 on tree, 1.3491221e+09 best solution, best possible 1.2261911e+09 (2498.95 seconds)
Cbc0010I After 49700 nodes, 14752 on tree, 1.3491221e+09 best solution, best possible 1.2261911e+09 (2501.21 seconds)
Cbc0010I After 49800 nodes, 14751 on tree, 1.3491221e+09 best solution, best possible 1.2261911e+09 (2503.18 seconds)
Cbc0010I After 49900 nodes, 14752 on tree, 1.3491221e+09 best solution, best possible 1.2261911e+09 (2506.00 seconds)
Cbc0010I After 50000 nodes, 14753 on tree, 1.3491221e+09 best solution, best possible 1.2261911e+09 (2509.10 seconds)
Cbc0010I After 50100 nodes, 14750 on tree, 1.3491221e+09 best solution, best possible 1.2261911e+09 (2512.53 seconds)
Cbc0010I After 50200 nodes, 14752 on tree, 1.3491221e+09 best solution, best possible 1.2261911e+09 (2515.06 seconds)
Cbc0010I After 50300 nodes, 14752 on tree, 1.3491221e+09 best solution, best possible 1.2261911e+09 (2517.77 seconds)
Cbc0010I After 50400 nodes, 14748 on tree, 1.3491221e+09 best solution, best possible 1.2261911e+09 (2520.81 seconds)
Cbc0010I After 50500 nodes, 14747 on tree, 1.3491221e+09 best solution, best possible 1.2261911e+09 (2525.00 seconds)
Cbc0010I After 50600 nodes, 14754 on tree, 1.3491221e+09 best solution, best possible 1.2261911e+09 (2528.63 seconds)
Cbc0010I After 50700 nodes, 14752 on tree, 1.3491221e+09 best solution, best possible 1.2261911e+09 (2532.59 seconds)
Cbc0010I After 50800 nodes, 14750 on tree, 1.3491221e+09 best solution, best possible 1.2261911e+09 (2535.61 seconds)
Cbc0010I After 50900 nodes, 14748 on tree, 1.3491221e+09 best solution, best possible 1.2261911e+09 (2540.16 seconds)
Cbc0010I After 51000 nodes, 14759 on tree, 1.3491221e+09 best solution, best possible 1.2261911e+09 (2543.68 seconds)
Cbc0010I After 51100 nodes, 14747 on tree, 1.3491221e+09 best solution, best possible 1.2261911e+09 (2547.45 seconds)
Cbc0010I After 51200 nodes, 14753 on tree, 1.3491221e+09 best solution, best possible 1.2261911e+09 (2550.46 seconds)
Cbc0010I After 51300 nodes, 14750 on tree, 1.3491221e+09 best solution, best possible 1.2261911e+09 (2553.07 seconds)
Cbc0010I After 51400 nodes, 14746 on tree, 1.3491221e+09 best solution, best possible 1.2261911e+09 (2557.22 seconds)
Cbc0010I After 51500 nodes, 14755 on tree, 1.3491221e+09 best solution, best possible 1.2261911e+09 (2562.02 seconds)
Cbc0010I After 51600 nodes, 14746 on tree, 1.3491221e+09 best solution, best possible 1.2261911e+09 (2566.52 seconds)
Cbc0010I After 51700 nodes, 14743 on tree, 1.3491221e+09 best solution, best possible 1.2261911e+09 (2571.49 seconds)
Cbc0010I After 51800 nodes, 14753 on tree, 1.3491221e+09 best solution, best possible 1.2261911e+09 (2573.91 seconds)
Cbc0010I After 51900 nodes, 14757 on tree, 1.3491221e+09 best solution, best possible 1.2261911e+09 (2577.30 seconds)
Cbc0010I After 52000 nodes, 14749 on tree, 1.3491221e+09 best solution, best possible 1.2261911e+09 (2581.28 seconds)
Cbc0010I After 52100 nodes, 14750 on tree, 1.3491221e+09 best solution, best possible 1.2261911e+09 (2584.37 seconds)
Cbc0010I After 52200 nodes, 14752 on tree, 1.3491221e+09 best solution, best possible 1.2261911e+09 (2587.24 seconds)
Cbc0010I After 52300 nodes, 14749 on tree, 1.3491221e+09 best solution, best possible 1.2261911e+09 (2591.05 seconds)
Cbc0010I After 52400 nodes, 14756 on tree, 1.3491221e+09 best solution, best possible 1.2261911e+09 (2595.14 seconds)
Cbc0010I After 52500 nodes, 14746 on tree, 1.3491221e+09 best solution, best possible 1.2261911e+09 (2598.07 seconds)
Cbc0010I After 52600 nodes, 14746 on tree, 1.3491221e+09 best solution, best possible 1.2261911e+09 (2601.99 seconds)
Cbc0010I After 52700 nodes, 14744 on tree, 1.3491221e+09 best solution, best possible 1.2261911e+09 (2607.60 seconds)
Cbc0010I After 52800 nodes, 14749 on tree, 1.3491221e+09 best solution, best possible 1.2261911e+09 (2612.96 seconds)
Cbc0010I After 52900 nodes, 14743 on tree, 1.3491221e+09 best solution, best possible 1.2261911e+09 (2619.47 seconds)
Cbc0010I After 53000 nodes, 14749 on tree, 1.3491221e+09 best solution, best possible 1.2261911e+09 (2623.66 seconds)
Cbc0010I After 53100 nodes, 14841 on tree, 1.3491221e+09 best solution, best possible 1.2261911e+09 (2626.81 seconds)
Cbc0010I After 53200 nodes, 14835 on tree, 1.3491221e+09 best solution, best possible 1.2261911e+09 (2630.03 seconds)
Cbc0010I After 53300 nodes, 14836 on tree, 1.3491221e+09 best solution, best possible 1.2261911e+09 (2633.40 seconds)
Cbc0010I After 53400 nodes, 14836 on tree, 1.3491221e+09 best solution, best possible 1.2261911e+09 (2636.82 seconds)
Cbc0010I After 53500 nodes, 14835 on tree, 1.3491221e+09 best solution, best possible 1.2261911e+09 (2640.49 seconds)
Cbc0010I After 53600 nodes, 14832 on tree, 1.3491221e+09 best solution, best possible 1.2261911e+09 (2644.84 seconds)
Cbc0010I After 53700 nodes, 14833 on tree, 1.3491221e+09 best solution, best possible 1.2261911e+09 (2649.17 seconds)
Cbc0010I After 53800 nodes, 14835 on tree, 1.3491221e+09 best solution, best possible 1.2261911e+09 (2653.15 seconds)
Cbc0010I After 53900 nodes, 14828 on tree, 1.3491221e+09 best solution, best possible 1.2261911e+09 (2659.29 seconds)
Cbc0038I Full problem 864 rows 187056 columns, reduced to 350 rows 464 columns
Cbc0010I After 54000 nodes, 14832 on tree, 1.3491221e+09 best solution, best possible 1.2261911e+09 (2665.99 seconds)
Cbc0010I After 54100 nodes, 14831 on tree, 1.3491221e+09 best solution, best possible 1.2261911e+09 (2673.61 seconds)
Cbc0010I After 54200 nodes, 14831 on tree, 1.3491221e+09 best solution, best possible 1.2261911e+09 (2681.03 seconds)
Cbc0010I After 54300 nodes, 14835 on tree, 1.3491221e+09 best solution, best possible 1.2261911e+09 (2688.09 seconds)
Cbc0010I After 54400 nodes, 14827 on tree, 1.3491221e+09 best solution, best possible 1.2261911e+09 (2695.98 seconds)
Cbc0010I After 54500 nodes, 14829 on tree, 1.3491221e+09 best solution, best possible 1.2261911e+09 (2703.58 seconds)
Cbc0010I After 54600 nodes, 14821 on tree, 1.3491221e+09 best solution, best possible 1.2261911e+09 (2711.69 seconds)
Cbc0010I After 54700 nodes, 14832 on tree, 1.3491221e+09 best solution, best possible 1.2261911e+09 (2719.21 seconds)
Cbc0010I After 54800 nodes, 14834 on tree, 1.3491221e+09 best solution, best possible 1.2261911e+09 (2726.68 seconds)
Cbc0010I After 54900 nodes, 14829 on tree, 1.3491221e+09 best solution, best possible 1.2261911e+09 (2734.57 seconds)
Cbc0010I After 55000 nodes, 14828 on tree, 1.3491221e+09 best solution, best possible 1.2261911e+09 (2742.46 seconds)
Cbc0010I After 55100 nodes, 14832 on tree, 1.3491221e+09 best solution, best possible 1.2261911e+09 (2750.34 seconds)
Cbc0010I After 55200 nodes, 14826 on tree, 1.3491221e+09 best solution, best possible 1.2261911e+09 (2758.33 seconds)
Cbc0010I After 55300 nodes, 14827 on tree, 1.3491221e+09 best solution, best possible 1.2261911e+09 (2766.70 seconds)
Cbc0010I After 55400 nodes, 14836 on tree, 1.3491221e+09 best solution, best possible 1.2261911e+09 (2773.55 seconds)
Cbc0010I After 55500 nodes, 14836 on tree, 1.3491221e+09 best solution, best possible 1.2261911e+09 (2777.11 seconds)
Cbc0010I After 55600 nodes, 14831 on tree, 1.3491221e+09 best solution, best possible 1.2261911e+09 (2781.98 seconds)
Cbc0010I After 55700 nodes, 14831 on tree, 1.3491221e+09 best solution, best possible 1.2261911e+09 (2788.82 seconds)
Cbc0010I After 55800 nodes, 14828 on tree, 1.3491221e+09 best solution, best possible 1.2261911e+09 (2795.18 seconds)
Cbc0010I After 55900 nodes, 14829 on tree, 1.3491221e+09 best solution, best possible 1.2261911e+09 (2801.72 seconds)
Cbc0010I After 56000 nodes, 14828 on tree, 1.3491221e+09 best solution, best possible 1.2261911e+09 (2808.54 seconds)
Cbc0010I After 56100 nodes, 14828 on tree, 1.3491221e+09 best solution, best possible 1.2261911e+09 (2814.72 seconds)
Cbc0010I After 56200 nodes, 14831 on tree, 1.3491221e+09 best solution, best possible 1.2261911e+09 (2817.86 seconds)
Cbc0010I After 56300 nodes, 14830 on tree, 1.3491221e+09 best solution, best possible 1.2261911e+09 (2821.79 seconds)
Cbc0010I After 56400 nodes, 14825 on tree, 1.3491221e+09 best solution, best possible 1.2261911e+09 (2825.52 seconds)
Cbc0010I After 56500 nodes, 14835 on tree, 1.3491221e+09 best solution, best possible 1.2261911e+09 (2828.16 seconds)
Cbc0010I After 56600 nodes, 14831 on tree, 1.3491221e+09 best solution, best possible 1.2261911e+09 (2830.15 seconds)
Cbc0010I After 56700 nodes, 14829 on tree, 1.3491221e+09 best solution, best possible 1.2261911e+09 (2833.86 seconds)
Cbc0010I After 56800 nodes, 14832 on tree, 1.3491221e+09 best solution, best possible 1.2261911e+09 (2839.25 seconds)
Cbc0010I After 56900 nodes, 14830 on tree, 1.3491221e+09 best solution, best possible 1.2261911e+09 (2844.18 seconds)
Cbc0010I After 57000 nodes, 14830 on tree, 1.3491221e+09 best solution, best possible 1.2261911e+09 (2848.11 seconds)
Cbc0010I After 57100 nodes, 14928 on tree, 1.3491221e+09 best solution, best possible 1.2261911e+09 (2851.64 seconds)
Cbc0010I After 57200 nodes, 14927 on tree, 1.3491221e+09 best solution, best possible 1.2261911e+09 (2858.09 seconds)
Cbc0010I After 57300 nodes, 14920 on tree, 1.3491221e+09 best solution, best possible 1.2261911e+09 (2865.22 seconds)
Cbc0010I After 57400 nodes, 14918 on tree, 1.3491221e+09 best solution, best possible 1.2261911e+09 (2872.88 seconds)
Cbc0010I After 57500 nodes, 14923 on tree, 1.3491221e+09 best solution, best possible 1.2261911e+09 (2881.03 seconds)
Cbc0010I After 57600 nodes, 14917 on tree, 1.3491221e+09 best solution, best possible 1.2261911e+09 (2889.15 seconds)
Cbc0010I After 57700 nodes, 14918 on tree, 1.3491221e+09 best solution, best possible 1.2261911e+09 (2896.75 seconds)
Cbc0010I After 57800 nodes, 14913 on tree, 1.3491221e+09 best solution, best possible 1.2261911e+09 (2905.68 seconds)
Cbc0010I After 57900 nodes, 14924 on tree, 1.3491221e+09 best solution, best possible 1.2261911e+09 (2914.92 seconds)
Cbc0010I After 58000 nodes, 14917 on tree, 1.3491221e+09 best solution, best possible 1.2261911e+09 (2923.25 seconds)
Cbc0010I After 58100 nodes, 14916 on tree, 1.3491221e+09 best solution, best possible 1.2261911e+09 (2933.29 seconds)
Cbc0010I After 58200 nodes, 14919 on tree, 1.3491221e+09 best solution, best possible 1.2261911e+09 (2942.93 seconds)
Cbc0010I After 58300 nodes, 14916 on tree, 1.3491221e+09 best solution, best possible 1.2261911e+09 (2953.77 seconds)
Cbc0010I After 58400 nodes, 14916 on tree, 1.3491221e+09 best solution, best possible 1.2261911e+09 (2964.35 seconds)
Cbc0010I After 58500 nodes, 14918 on tree, 1.3491221e+09 best solution, best possible 1.2261911e+09 (2972.48 seconds)
Cbc0010I After 58600 nodes, 14921 on tree, 1.3491221e+09 best solution, best possible 1.2261911e+09 (2981.87 seconds)
Cbc0010I After 58700 nodes, 14915 on tree, 1.3491221e+09 best solution, best possible 1.2261911e+09 (2993.16 seconds)
Cbc0010I After 58800 nodes, 14916 on tree, 1.3491221e+09 best solution, best possible 1.2261911e+09 (3002.72 seconds)
Cbc0010I After 58900 nodes, 14918 on tree, 1.3491221e+09 best solution, best possible 1.2261911e+09 (3012.47 seconds)
Cbc0010I After 59000 nodes, 14914 on tree, 1.3491221e+09 best solution, best possible 1.2261911e+09 (3022.87 seconds)
Cbc0010I After 59100 nodes, 14912 on tree, 1.3491221e+09 best solution, best possible 1.2261911e+09 (3033.08 seconds)
Cbc0010I After 59200 nodes, 14915 on tree, 1.3491221e+09 best solution, best possible 1.2261911e+09 (3043.21 seconds)
Cbc0010I After 59300 nodes, 14915 on tree, 1.3491221e+09 best solution, best possible 1.2261911e+09 (3054.18 seconds)
Cbc0010I After 59400 nodes, 14912 on tree, 1.3491221e+09 best solution, best possible 1.2261911e+09 (3068.75 seconds)
Cbc0010I After 59500 nodes, 14919 on tree, 1.3491221e+09 best solution, best possible 1.2261911e+09 (3079.59 seconds)
Cbc0010I After 59600 nodes, 14915 on tree, 1.3491221e+09 best solution, best possible 1.2261911e+09 (3091.45 seconds)
Cbc0010I After 59700 nodes, 14912 on tree, 1.3491221e+09 best solution, best possible 1.2261911e+09 (3104.28 seconds)
Cbc0010I After 59800 nodes, 14911 on tree, 1.3491221e+09 best solution, best possible 1.2261911e+09 (3116.11 seconds)
Cbc0010I After 59900 nodes, 14912 on tree, 1.3491221e+09 best solution, best possible 1.2261911e+09 (3129.05 seconds)
Cbc0010I After 60000 nodes, 14907 on tree, 1.3491221e+09 best solution, best possible 1.2261911e+09 (3141.83 seconds)
Cbc0010I After 60100 nodes, 14913 on tree, 1.3491221e+09 best solution, best possible 1.2261911e+09 (3153.49 seconds)
Cbc0010I After 60200 nodes, 14911 on tree, 1.3491221e+09 best solution, best possible 1.2261911e+09 (3164.97 seconds)
Cbc0010I After 60300 nodes, 14908 on tree, 1.3491221e+09 best solution, best possible 1.2261911e+09 (3175.47 seconds)
Cbc0010I After 60400 nodes, 14915 on tree, 1.3491221e+09 best solution, best possible 1.2261911e+09 (3187.13 seconds)
Cbc0010I After 60500 nodes, 14914 on tree, 1.3491221e+09 best solution, best possible 1.2261911e+09 (3200.19 seconds)
Cbc0010I After 60600 nodes, 14914 on tree, 1.3491221e+09 best solution, best possible 1.2261911e+09 (3214.36 seconds)
Cbc0010I After 60700 nodes, 14911 on tree, 1.3491221e+09 best solution, best possible 1.2261911e+09 (3229.63 seconds)
Cbc0010I After 60800 nodes, 14923 on tree, 1.3491221e+09 best solution, best possible 1.2261911e+09 (3241.97 seconds)
Cbc0010I After 60900 nodes, 14920 on tree, 1.3491221e+09 best solution, best possible 1.2261911e+09 (3253.37 seconds)
Cbc0010I After 61000 nodes, 14922 on tree, 1.3491221e+09 best solution, best possible 1.2261911e+09 (3265.36 seconds)
Cbc0010I After 61100 nodes, 15022 on tree, 1.3491221e+09 best solution, best possible 1.2261911e+09 (3274.16 seconds)
Cbc0012I Integer solution of 1.3489871e+09 found by rounding after 251246 iterations and 61176 nodes (3295.30 seconds)
Cbc0010I After 61200 nodes, 15039 on tree, 1.3489871e+09 best solution, best possible 1.2261911e+09 (3295.93 seconds)
Cbc0010I After 61300 nodes, 15079 on tree, 1.3489871e+09 best solution, best possible 1.2261911e+09 (3299.09 seconds)
Cbc0010I After 61400 nodes, 15118 on tree, 1.3489871e+09 best solution, best possible 1.2261911e+09 (3302.31 seconds)
Cbc0010I After 61500 nodes, 15154 on tree, 1.3489871e+09 best solution, best possible 1.2261911e+09 (3305.44 seconds)
Cbc0010I After 61600 nodes, 15193 on tree, 1.3489871e+09 best solution, best possible 1.2261911e+09 (3308.52 seconds)
Cbc0010I After 61700 nodes, 15233 on tree, 1.3489871e+09 best solution, best possible 1.2261911e+09 (3311.54 seconds)
Cbc0010I After 61800 nodes, 15270 on tree, 1.3489871e+09 best solution, best possible 1.2261911e+09 (3314.63 seconds)
Cbc0010I After 61900 nodes, 15309 on tree, 1.3489871e+09 best solution, best possible 1.2261911e+09 (3317.63 seconds)
Cbc0010I After 62000 nodes, 15349 on tree, 1.3489871e+09 best solution, best possible 1.2261911e+09 (3320.62 seconds)
Cbc0004I Integer solution of 1.3487567e+09 found after 255789 iterations and 62025 nodes (3333.00 seconds)
Cbc0010I After 62100 nodes, 15334 on tree, 1.3487567e+09 best solution, best possible 1.2261911e+09 (3335.02 seconds)
Cbc0010I After 62200 nodes, 15364 on tree, 1.3487567e+09 best solution, best possible 1.2261911e+09 (3337.90 seconds)
Cbc0010I After 62300 nodes, 15396 on tree, 1.3487567e+09 best solution, best possible 1.2261911e+09 (3340.97 seconds)
Cbc0010I After 62400 nodes, 15429 on tree, 1.3487567e+09 best solution, best possible 1.2261911e+09 (3343.99 seconds)
Cbc0010I After 62500 nodes, 15464 on tree, 1.3487567e+09 best solution, best possible 1.2261911e+09 (3346.96 seconds)
Cbc0010I After 62600 nodes, 15502 on tree, 1.3487567e+09 best solution, best possible 1.2261911e+09 (3349.87 seconds)
Cbc0010I After 62700 nodes, 15539 on tree, 1.3487567e+09 best solution, best possible 1.2261911e+09 (3352.89 seconds)
Cbc0010I After 62800 nodes, 15573 on tree, 1.3487567e+09 best solution, best possible 1.2261911e+09 (3355.85 seconds)
Cbc0010I After 62900 nodes, 15607 on tree, 1.3487567e+09 best solution, best possible 1.2261911e+09 (3359.07 seconds)
Cbc0010I After 63000 nodes, 15639 on tree, 1.3487567e+09 best solution, best possible 1.2261911e+09 (3362.19 seconds)
Cbc0010I After 63100 nodes, 15628 on tree, 1.3487567e+09 best solution, best possible 1.2261911e+09 (3367.15 seconds)
Cbc0016I Integer solution of 1.3487235e+09 found by strong branching after 262600 iterations and 63138 nodes (3380.73 seconds)
Cbc0010I After 63200 nodes, 15653 on tree, 1.3487235e+09 best solution, best possible 1.2261911e+09 (3382.68 seconds)
Cbc0010I After 63300 nodes, 15689 on tree, 1.3487235e+09 best solution, best possible 1.2261911e+09 (3385.77 seconds)
Cbc0010I After 63400 nodes, 15726 on tree, 1.3487235e+09 best solution, best possible 1.2261911e+09 (3388.91 seconds)
Cbc0010I After 63500 nodes, 15765 on tree, 1.3487235e+09 best solution, best possible 1.2261911e+09 (3391.98 seconds)
Cbc0010I After 63600 nodes, 15804 on tree, 1.3487235e+09 best solution, best possible 1.2261911e+09 (3395.14 seconds)
Cbc0010I After 63700 nodes, 15841 on tree, 1.3487235e+09 best solution, best possible 1.2261911e+09 (3398.28 seconds)
Cbc0010I After 63800 nodes, 15879 on tree, 1.3487235e+09 best solution, best possible 1.2261911e+09 (3401.33 seconds)
Cbc0010I After 63900 nodes, 15919 on tree, 1.3487235e+09 best solution, best possible 1.2261911e+09 (3404.40 seconds)
Cbc0010I After 64000 nodes, 15953 on tree, 1.3487235e+09 best solution, best possible 1.2261912e+09 (3407.28 seconds)
Cbc0010I After 64100 nodes, 15946 on tree, 1.3487235e+09 best solution, best possible 1.2261912e+09 (3411.53 seconds)
Cbc0010I After 64200 nodes, 15939 on tree, 1.3487235e+09 best solution, best possible 1.2261912e+09 (3416.31 seconds)
Cbc0010I After 64300 nodes, 15943 on tree, 1.3487235e+09 best solution, best possible 1.2261912e+09 (3420.99 seconds)
Cbc0010I After 64400 nodes, 15946 on tree, 1.3487235e+09 best solution, best possible 1.2261912e+09 (3426.86 seconds)
Cbc0010I After 64500 nodes, 15936 on tree, 1.3487235e+09 best solution, best possible 1.2261912e+09 (3433.45 seconds)
Cbc0010I After 64600 nodes, 15940 on tree, 1.3487235e+09 best solution, best possible 1.2261912e+09 (3439.58 seconds)
Cbc0010I After 64700 nodes, 15938 on tree, 1.3487235e+09 best solution, best possible 1.2261912e+09 (3443.66 seconds)
Cbc0010I After 64800 nodes, 15941 on tree, 1.3487235e+09 best solution, best possible 1.2261912e+09 (3448.68 seconds)
Cbc0010I After 64900 nodes, 15943 on tree, 1.3487235e+09 best solution, best possible 1.2261912e+09 (3454.70 seconds)
Cbc0010I After 65000 nodes, 15937 on tree, 1.3487235e+09 best solution, best possible 1.2261912e+09 (3460.03 seconds)
Cbc0010I After 65100 nodes, 16035 on tree, 1.3487235e+09 best solution, best possible 1.2261912e+09 (3466.91 seconds)
Cbc0010I After 65200 nodes, 16031 on tree, 1.3487235e+09 best solution, best possible 1.2261912e+09 (3473.17 seconds)
Cbc0010I After 65300 nodes, 16033 on tree, 1.3487235e+09 best solution, best possible 1.2261912e+09 (3481.09 seconds)
Cbc0010I After 65400 nodes, 16030 on tree, 1.3487235e+09 best solution, best possible 1.2261912e+09 (3488.23 seconds)
Cbc0010I After 65500 nodes, 16029 on tree, 1.3487235e+09 best solution, best possible 1.2261912e+09 (3496.08 seconds)
Cbc0010I After 65600 nodes, 16027 on tree, 1.3487235e+09 best solution, best possible 1.2261912e+09 (3503.68 seconds)
Cbc0010I After 65700 nodes, 16031 on tree, 1.3487235e+09 best solution, best possible 1.2261912e+09 (3512.18 seconds)
Cbc0010I After 65800 nodes, 16025 on tree, 1.3487235e+09 best solution, best possible 1.2261912e+09 (3519.91 seconds)
Cbc0010I After 65900 nodes, 16027 on tree, 1.3487235e+09 best solution, best possible 1.2261912e+09 (3527.43 seconds)
Cbc0010I After 66000 nodes, 16023 on tree, 1.3487235e+09 best solution, best possible 1.2261912e+09 (3535.41 seconds)
Cbc0010I After 66100 nodes, 16029 on tree, 1.3487235e+09 best solution, best possible 1.2261912e+09 (3543.29 seconds)
Cbc0010I After 66200 nodes, 16028 on tree, 1.3487235e+09 best solution, best possible 1.2261912e+09 (3551.85 seconds)
Cbc0010I After 66300 nodes, 16026 on tree, 1.3487235e+09 best solution, best possible 1.2261912e+09 (3559.97 seconds)
Cbc0010I After 66400 nodes, 16028 on tree, 1.3487235e+09 best solution, best possible 1.2261912e+09 (3568.26 seconds)
Cbc0010I After 66500 nodes, 16027 on tree, 1.3487235e+09 best solution, best possible 1.2261912e+09 (3576.16 seconds)
Cbc0010I After 66600 nodes, 16022 on tree, 1.3487235e+09 best solution, best possible 1.2261912e+09 (3584.10 seconds)
Cbc0010I After 66700 nodes, 16024 on tree, 1.3487235e+09 best solution, best possible 1.2261912e+09 (3591.97 seconds)
Cbc0010I After 66800 nodes, 16019 on tree, 1.3487235e+09 best solution, best possible 1.2261912e+09 (3599.61 seconds)
Cbc0020I Exiting on maximum time
Cbc0005I Partial search - best objective 1.3487235e+09 (best possible 1.2261912e+09), took 277183 iterations and 66801 nodes (3603.35 seconds)
Cbc0032I Strong branching done 51516 times (124515 iterations), fathomed 1799 nodes and fixed 10936 variables
Cbc0035I Maximum depth 411, 13767 variables fixed on reduced cost
Cuts at root node changed objective from 5.238e+08 to 1.14367e+09
Probing was tried 3 times and created 0 cuts of which 0 were active after adding rounds of cuts (0.981 seconds)
Gomory was tried 3 times and created 410 cuts of which 0 were active after adding rounds of cuts (0.634 seconds)
Knapsack was tried 3 times and created 0 cuts of which 0 were active after adding rounds of cuts (0.016 seconds)
Clique was tried 3 times and created 0 cuts of which 0 were active after adding rounds of cuts (0.002 seconds)
MixedIntegerRounding2 was tried 3 times and created 13 cuts of which 0 were active after adding rounds of cuts (0.104 seconds)
FlowCover was tried 3 times and created 0 cuts of which 0 were active after adding rounds of cuts (0.446 seconds)
TwoMirCuts was tried 1 times and created 0 cuts of which 0 were active after adding rounds of cuts (0.356 seconds)
ZeroHalf was tried 1 times and created 0 cuts of which 0 were active after adding rounds of cuts (0.000 seconds)

Result - Stopped on time limit

Objective value:                1348723508.04729033
Lower bound:                    1226191241.079
Gap:                            0.10
Enumerated nodes:               66801
Total iterations:               277183
Time (CPU seconds):             3600.32
Time (Wallclock seconds):       3603.71

Option for printingOptions changed from normal to all
Total time (CPU seconds):       3600.65   (Wallclock seconds):       3604.09

