Welcome to the CBC MILP Solver 
Version: 2.10.3 
Build Date: Dec 15 2019 

command line - /home/cdmonsalvea/AI_OR_Workflow/.venv/lib/python3.10/site-packages/pulp/solverdir/cbc/linux/64/cbc /tmp/e8ccc640205d473eab6eae69b1300bc3-pulp.mps -sec 600 -threads 12 -timeMode elapsed -branch -printingOptions all -solution /tmp/e8ccc640205d473eab6eae69b1300bc3-pulp.sol (default strategy 1)
At line 2 NAME          MODEL
At line 3 ROWS
At line 201 COLUMNS
At line 48516 RHS
At line 48713 BOUNDS
At line 58416 ENDATA
Problem MODEL has 196 rows, 9702 columns and 19306 elements
Coin0008I MODEL read with 0 errors
seconds was changed from 1e+100 to 600
threads was changed from 0 to 12
Option for timeMode changed from cpu to elapsed
Continuous objective value is 1.22727 - 0.00 seconds
Cgl0004I processed model has 196 rows, 9702 columns (9702 integer (9702 of which binary)) and 19306 elements
Cbc0038I Initial state - 98 integers unsatisfied sum - 1
Cbc0038I Pass   1: suminf.    1.00000 (98) obj. 1.22727 iterations 0
Cbc0038I Pass   2: suminf.    0.81633 (80) obj. 23.0928 iterations 18
Cbc0038I Pass   3: suminf.    0.59184 (58) obj. 49.8173 iterations 22
Cbc0038I Pass   4: suminf.    0.40816 (40) obj. 71.6827 iterations 18
Cbc0038I Pass   5: suminf.    0.29592 (29) obj. 85.045 iterations 11
Cbc0038I Pass   6: suminf.    0.12245 (12) obj. 105.696 iterations 17
Cbc0038I Solution found of 120.273
Cbc0038I Before mini branch and bound, 9604 integers at bound fixed and 0 continuous
Cbc0038I Full problem 196 rows 9702 columns, reduced to 0 rows 0 columns
Cbc0038I Mini branch and bound did not improve solution (0.28 seconds)
Cbc0038I Round again with cutoff of 108.368
Cbc0038I Pass   7: suminf.    1.00000 (98) obj. 1.22727 iterations 0
Cbc0038I Pass   8: suminf.    0.82653 (81) obj. 21.878 iterations 17
Cbc0038I Pass   9: suminf.    0.58163 (57) obj. 51.032 iterations 24
Cbc0038I Pass  10: suminf.    0.43878 (43) obj. 68.0385 iterations 14
Cbc0038I Pass  11: suminf.    0.19388 (19) obj. 97.1925 iterations 24
Cbc0038I Pass  12: suminf.    0.29999 (10) obj. 108.368 iterations 13
Cbc0038I Pass  13: suminf.    0.10204 (10) obj. 108.125 iterations 1
Cbc0038I Pass  14: suminf.    0.29999 (10) obj. 108.368 iterations 13
Cbc0038I Pass  15: suminf.    0.10204 (10) obj. 108.125 iterations 1
Cbc0038I Pass  16: suminf.    0.94783 (11) obj. 108.368 iterations 30
Cbc0038I Pass  17: suminf.    0.22843 (10) obj. 108.368 iterations 13
Cbc0038I Pass  18: suminf.    0.18762 (9) obj. 108.368 iterations 11
Cbc0038I Pass  19: suminf.    0.18762 (9) obj. 108.368 iterations 0
Cbc0038I Pass  20: suminf.    0.20803 (9) obj. 108.368 iterations 11
Cbc0038I Pass  21: suminf.    0.20803 (9) obj. 108.368 iterations 0
Cbc0038I Pass  22: suminf.    0.18762 (9) obj. 108.368 iterations 11
Cbc0038I Pass  23: suminf.    0.70290 (8) obj. 108.368 iterations 81
Cbc0038I Pass  24: suminf.    0.17279 (7) obj. 108.368 iterations 37
Cbc0038I Pass  25: suminf.    0.19320 (7) obj. 108.368 iterations 12
Cbc0038I Pass  26: suminf.    0.19320 (7) obj. 108.368 iterations 0
Cbc0038I Pass  27: suminf.    0.17279 (6) obj. 108.368 iterations 19
Cbc0038I Pass  28: suminf.    0.17279 (6) obj. 108.368 iterations 0
Cbc0038I Pass  29: suminf.    0.15239 (6) obj. 108.368 iterations 19
Cbc0038I Pass  30: suminf.    0.15239 (6) obj. 108.368 iterations 0
Cbc0038I Pass  31: suminf.    0.17279 (6) obj. 108.368 iterations 13
Cbc0038I Pass  32: suminf.    0.41510 (7) obj. 108.368 iterations 95
Cbc0038I Pass  33: suminf.    0.07143 (6) obj. 107.946 iterations 93
Cbc0038I Pass  34: suminf.    0.41510 (6) obj. 108.368 iterations 91
Cbc0038I Pass  35: suminf.    0.08163 (6) obj. 107.959 iterations 84
Cbc0038I Pass  36: suminf.    0.26883 (13) obj. 108.368 iterations 119
Cbc0038I Rounding solution of 96.1322 is better than previous of 120.273

Cbc0038I Before mini branch and bound, 9456 integers at bound fixed and 0 continuous
Cbc0038I Full problem 196 rows 9702 columns, reduced to 74 rows 155 columns
Cbc0038I Mini branch and bound improved solution from 96.1322 to 77.9916 (0.40 seconds)
Cbc0038I Round again with cutoff of 62.6388
Cbc0038I Pass  36: suminf.    1.00000 (98) obj. 1.22727 iterations 0
Cbc0038I Pass  37: suminf.    0.73469 (72) obj. 32.8108 iterations 26
Cbc0038I Pass  38: suminf.    0.48980 (48) obj. 61.9647 iterations 24
Cbc0038I Pass  39: suminf.    0.92019 (48) obj. 62.6388 iterations 38
Cbc0038I Pass  40: suminf.    0.92019 (48) obj. 62.6388 iterations 0
Cbc0038I Pass  41: suminf.    0.92019 (48) obj. 62.6388 iterations 1
Cbc0038I Pass  42: suminf.    0.92019 (48) obj. 62.6388 iterations 0
Cbc0038I Pass  43: suminf.    0.92019 (48) obj. 62.6388 iterations 1
Cbc0038I Pass  44: suminf.    0.80027 (46) obj. 62.6388 iterations 24
Cbc0038I Pass  45: suminf.    0.51020 (46) obj. 62.2828 iterations 14
Cbc0038I Pass  46: suminf.    0.80027 (46) obj. 62.6388 iterations 13
Cbc0038I Pass  47: suminf.    0.51020 (46) obj. 62.2828 iterations 13
Cbc0038I Pass  48: suminf.    0.80027 (46) obj. 62.6388 iterations 13
Cbc0038I Pass  49: suminf.    0.83370 (47) obj. 62.6388 iterations 38
Cbc0038I Pass  50: suminf.    0.49985 (45) obj. 62.6388 iterations 16
Cbc0038I Pass  51: suminf.    0.52026 (45) obj. 62.6388 iterations 2
Cbc0038I Pass  52: suminf.    0.52026 (45) obj. 62.6388 iterations 0
Cbc0038I Pass  53: suminf.    0.49985 (45) obj. 62.6388 iterations 3
Cbc0038I Pass  54: suminf.    0.49985 (45) obj. 62.6388 iterations 0
Cbc0038I Pass  55: suminf.    0.52026 (45) obj. 62.6388 iterations 1
Cbc0038I Pass  56: suminf.    0.57162 (42) obj. 62.6388 iterations 23
Cbc0038I Pass  57: suminf.    0.57162 (42) obj. 62.6388 iterations 29
Cbc0038I Pass  58: suminf.    0.55121 (42) obj. 62.6388 iterations 4
Cbc0038I Pass  59: suminf.    0.55121 (42) obj. 62.6388 iterations 0
Cbc0038I Pass  60: suminf.    0.55121 (42) obj. 62.6388 iterations 3
Cbc0038I Pass  61: suminf.    0.55121 (42) obj. 62.6388 iterations 0
Cbc0038I Pass  62: suminf.    0.53080 (42) obj. 62.6388 iterations 3
Cbc0038I Pass  63: suminf.    0.53080 (42) obj. 62.6388 iterations 0
Cbc0038I Pass  64: suminf.    0.55121 (42) obj. 62.6388 iterations 3
Cbc0038I Pass  65: suminf.    0.73603 (42) obj. 62.6388 iterations 28
Cbc0038I No solution found this major pass
Cbc0038I Before mini branch and bound, 9560 integers at bound fixed and 0 continuous
Cbc0038I Mini branch and bound did not improve solution (0.50 seconds)
Cbc0038I After 0.50 seconds - Feasibility pump exiting with objective of 77.9916 - took 0.24 seconds
Cbc0012I Integer solution of 77.991645 found by feasibility pump after 0 iterations and 0 nodes (0.50 seconds)
Cbc0012I Integer solution of 19.224487 found by DiveCoefficient after 8636 iterations and 0 nodes (3.69 seconds)
Cbc0031I 794 added rows had average density of 17.540302
Cbc0013I At root node, 794 cuts changed objective from 1.2272727 to 19.224487 in 21 passes
Cbc0014I Cut generator 0 (Probing) - 810 row cuts average 2.3 elements, 0 column cuts (490 active)  in 0.585 seconds - new frequency is 1
Cbc0014I Cut generator 1 (Gomory) - 240 row cuts average 190.2 elements, 0 column cuts (0 active)  in 0.366 seconds - new frequency is 1
Cbc0014I Cut generator 2 (Knapsack) - 1197 row cuts average 2.0 elements, 0 column cuts (0 active)  in 0.048 seconds - new frequency is 1
Cbc0014I Cut generator 3 (Clique) - 0 row cuts average 0.0 elements, 0 column cuts (0 active)  in 0.012 seconds - new frequency is -100
Cbc0014I Cut generator 4 (MixedIntegerRounding2) - 917 row cuts average 11.9 elements, 0 column cuts (0 active)  in 0.065 seconds - new frequency is 1
Cbc0014I Cut generator 5 (FlowCover) - 0 row cuts average 0.0 elements, 0 column cuts (0 active)  in 0.004 seconds - new frequency is -100
Cbc0014I Cut generator 6 (TwoMirCuts) - 247 row cuts average 132.0 elements, 0 column cuts (0 active)  in 0.115 seconds - new frequency is 1
Cbc0030I Thread 0 used 0 times,  waiting to start 0.1935029, 0 cpu time, 0 locks, 0 locked, 0 waiting for locks
Cbc0030I Thread 1 used 0 times,  waiting to start 0.17926598, 0 cpu time, 0 locks, 0 locked, 0 waiting for locks
Cbc0030I Thread 2 used 0 times,  waiting to start 0.16303015, 0 cpu time, 0 locks, 0 locked, 0 waiting for locks
Cbc0030I Thread 3 used 0 times,  waiting to start 0.14683199, 0 cpu time, 0 locks, 0 locked, 0 waiting for locks
Cbc0030I Thread 4 used 0 times,  waiting to start 0.13166404, 0 cpu time, 0 locks, 0 locked, 0 waiting for locks
Cbc0030I Thread 5 used 0 times,  waiting to start 0.11649704, 0 cpu time, 0 locks, 0 locked, 0 waiting for locks
Cbc0030I Thread 6 used 0 times,  waiting to start 0.099435091, 0 cpu time, 0 locks, 0 locked, 0 waiting for locks
Cbc0030I Thread 7 used 0 times,  waiting to start 0.081130981, 0 cpu time, 0 locks, 0 locked, 0 waiting for locks
Cbc0030I Thread 8 used 0 times,  waiting to start 0.062918901, 0 cpu time, 0 locks, 0 locked, 0 waiting for locks
Cbc0030I Thread 9 used 0 times,  waiting to start 0.045983076, 0 cpu time, 0 locks, 0 locked, 0 waiting for locks
Cbc0030I Thread 10 used 0 times,  waiting to start 0.027454853, 0 cpu time, 0 locks, 0 locked, 0 waiting for locks
Cbc0030I Thread 11 used 0 times,  waiting to start 0.0097630024, 0 cpu time, 0 locks, 0 locked, 0 waiting for locks
Cbc0030I Main thread 0 waiting for threads,  1 locks, 7.8678131e-06 locked, 9.5367432e-07 waiting for locks
Cbc0001I Search completed - best objective 19.22448730493028, took 8636 iterations and 0 nodes (3.95 seconds)
Cbc0035I Maximum depth 0, 0 variables fixed on reduced cost
Cuts at root node changed objective from 1.22727 to 19.2245
Probing was tried 273 times and created 10530 cuts of which 6370 were active after adding rounds of cuts (7.610 seconds)
Gomory was tried 273 times and created 3120 cuts of which 0 were active after adding rounds of cuts (4.752 seconds)
Knapsack was tried 273 times and created 15561 cuts of which 0 were active after adding rounds of cuts (0.630 seconds)
Clique was tried 273 times and created 0 cuts of which 0 were active after adding rounds of cuts (0.151 seconds)
MixedIntegerRounding2 was tried 273 times and created 11921 cuts of which 0 were active after adding rounds of cuts (0.840 seconds)
FlowCover was tried 273 times and created 0 cuts of which 0 were active after adding rounds of cuts (0.056 seconds)
TwoMirCuts was tried 273 times and created 3211 cuts of which 0 were active after adding rounds of cuts (1.495 seconds)
ZeroHalf was tried 13 times and created 0 cuts of which 0 were active after adding rounds of cuts (0.004 seconds)

Result - Optimal solution found

Objective value:                19.22448730
Enumerated nodes:               0
Total iterations:               8636
Time (CPU seconds):             3.85
Time (Wallclock seconds):       3.97

Option for printingOptions changed from normal to all
Total time (CPU seconds):       3.88   (Wallclock seconds):       3.99

