Welcome to the CBC MILP Solver 
Version: 2.10.3 
Build Date: Dec 15 2019 

command line - /home/cdmonsalvea/AI_OR_Workflow/.venv/lib/python3.10/site-packages/pulp/solverdir/cbc/linux/64/cbc /tmp/e29eb7bf63fe45ac81c804f49c848171-pulp.mps -sec 3600 -timeMode elapsed -branch -printingOptions all -solution /tmp/e29eb7bf63fe45ac81c804f49c848171-pulp.sol (default strategy 1)
At line 2 NAME          MODEL
At line 3 ROWS
At line 175 COLUMNS
At line 22106 RHS
At line 22277 BOUNDS
At line 22363 ENDATA
Problem MODEL has 170 rows, 7310 columns and 14535 elements
Coin0008I MODEL read with 0 errors
seconds was changed from 1e+100 to 3600
Option for timeMode changed from cpu to elapsed
Continuous objective value is 3.02291e+07 - 0.00 seconds
Cgl0004I processed model has 170 rows, 7310 columns (85 integer (85 of which binary)) and 14535 elements
Cbc0038I Initial state - 85 integers unsatisfied sum - 8.96614
Cbc0038I Pass   1: suminf.    0.05075 (1) obj. 7.93403e+08 iterations 86
Cbc0038I Solution found of 7.93805e+08
Cbc0038I Relaxing continuous gives 6.30097e+08
Cbc0038I Before mini branch and bound, 0 integers at bound fixed and 7056 continuous
Cbc0038I Full problem 170 rows 7310 columns, reduced to 168 rows 250 columns
Cbc0038I Mini branch and bound improved solution from 6.30097e+08 to 2.38117e+08 (0.06 seconds)
Cbc0038I Freeing continuous variables gives a solution of 2.00785e+08
Cbc0038I Round again with cutoff of 1.83729e+08
Cbc0038I Pass   2: suminf.    4.71110 (30) obj. 1.83729e+08 iterations 52
Cbc0038I Pass   3: suminf.    3.48832 (28) obj. 1.83729e+08 iterations 18
Cbc0038I Pass   4: suminf.    0.70534 (11) obj. 1.83729e+08 iterations 58
Cbc0038I Pass   5: suminf.    0.00000 (0) obj. 1.83729e+08 iterations 63
Cbc0038I Solution found of 1.83729e+08
Cbc0038I Relaxing continuous gives 1.8322e+08
Cbc0038I Before mini branch and bound, 0 integers at bound fixed and 7037 continuous
Cbc0038I Full problem 170 rows 7310 columns, reduced to 142 rows 239 columns
Cbc0038I Mini branch and bound improved solution from 1.8322e+08 to 1.78838e+08 (0.13 seconds)
Cbc0038I Freeing continuous variables gives a solution of 1.67378e+08
Cbc0038I Round again with cutoff of 1.39948e+08
Cbc0038I Pass   6: suminf.    5.45824 (36) obj. 1.39948e+08 iterations 6
Cbc0038I Pass   7: suminf.    4.62182 (34) obj. 1.39948e+08 iterations 16
Cbc0038I Pass   8: suminf.    1.67664 (26) obj. 1.39948e+08 iterations 75
Cbc0038I Pass   9: suminf.    2.16403 (28) obj. 1.39948e+08 iterations 78
Cbc0038I Pass  10: suminf.    3.64740 (42) obj. 1.39948e+08 iterations 50
Cbc0038I Pass  11: suminf.    3.56509 (42) obj. 1.39948e+08 iterations 3
Cbc0038I Pass  12: suminf.    4.30650 (40) obj. 1.39948e+08 iterations 24
Cbc0038I Pass  13: suminf.    4.26450 (41) obj. 1.39948e+08 iterations 1
Cbc0038I Pass  14: suminf.    4.40227 (41) obj. 1.39948e+08 iterations 17
Cbc0038I Pass  15: suminf.    4.40227 (41) obj. 1.39948e+08 iterations 0
Cbc0038I Pass  16: suminf.    4.30650 (40) obj. 1.39948e+08 iterations 17
Cbc0038I Pass  17: suminf.    4.92153 (41) obj. 1.39948e+08 iterations 49
Cbc0038I Pass  18: suminf.    4.63954 (39) obj. 1.39948e+08 iterations 5
Cbc0038I Pass  19: suminf.    4.51232 (40) obj. 1.39948e+08 iterations 13
Cbc0038I Pass  20: suminf.    4.29634 (41) obj. 1.39948e+08 iterations 5
Cbc0038I Pass  21: suminf.    4.73931 (41) obj. 1.39948e+08 iterations 23
Cbc0038I Pass  22: suminf.    4.69732 (42) obj. 1.39948e+08 iterations 1
Cbc0038I Pass  23: suminf.    4.76043 (41) obj. 1.39948e+08 iterations 19
Cbc0038I Pass  24: suminf.    4.69450 (42) obj. 1.39948e+08 iterations 1
Cbc0038I Pass  25: suminf.    4.42267 (41) obj. 1.39948e+08 iterations 22
Cbc0038I Pass  26: suminf.    4.42267 (41) obj. 1.39948e+08 iterations 0
Cbc0038I Pass  27: suminf.    4.69450 (42) obj. 1.39948e+08 iterations 18
Cbc0038I Pass  28: suminf.    5.19933 (43) obj. 1.39948e+08 iterations 77
Cbc0038I Pass  29: suminf.    5.19933 (43) obj. 1.39948e+08 iterations 0
Cbc0038I Pass  30: suminf.    4.97093 (41) obj. 1.39948e+08 iterations 26
Cbc0038I Pass  31: suminf.    4.68902 (43) obj. 1.39948e+08 iterations 4
Cbc0038I Pass  32: suminf.    4.86144 (42) obj. 1.39948e+08 iterations 16
Cbc0038I Pass  33: suminf.    4.79550 (43) obj. 1.39948e+08 iterations 1
Cbc0038I Pass  34: suminf.    4.85862 (42) obj. 1.39948e+08 iterations 15
Cbc0038I Pass  35: suminf.    4.79268 (43) obj. 1.39948e+08 iterations 1
Cbc0038I No solution found this major pass
Cbc0038I Before mini branch and bound, 0 integers at bound fixed and 7053 continuous
Cbc0038I Full problem 170 rows 7310 columns, reduced to 121 rows 203 columns
Cbc0038I Mini branch and bound did not improve solution (0.27 seconds)
Cbc0038I After 0.27 seconds - Feasibility pump exiting with objective of 1.67378e+08 - took 0.23 seconds
Cbc0012I Integer solution of 1.6737805e+08 found by feasibility pump after 0 iterations and 0 nodes (0.27 seconds)
Cbc0012I Integer solution of 1.6707446e+08 found by DiveCoefficient after 147 iterations and 0 nodes (0.47 seconds)
Cbc0031I 105 added rows had average density of 122.2381
Cbc0013I At root node, 105 cuts changed objective from 30229062 to 1.3454421e+08 in 7 passes
Cbc0014I Cut generator 0 (Probing) - 0 row cuts average 0.0 elements, 0 column cuts (0 active)  in 0.037 seconds - new frequency is -100
Cbc0014I Cut generator 1 (Gomory) - 89 row cuts average 92.6 elements, 0 column cuts (0 active)  in 0.018 seconds - new frequency is -100
Cbc0014I Cut generator 2 (Knapsack) - 0 row cuts average 0.0 elements, 0 column cuts (0 active)  in 0.001 seconds - new frequency is -100
Cbc0014I Cut generator 3 (Clique) - 0 row cuts average 0.0 elements, 0 column cuts (0 active)  in 0.000 seconds - new frequency is -100
Cbc0014I Cut generator 4 (MixedIntegerRounding2) - 0 row cuts average 0.0 elements, 0 column cuts (0 active)  in 0.006 seconds - new frequency is -100
Cbc0014I Cut generator 5 (FlowCover) - 0 row cuts average 0.0 elements, 0 column cuts (0 active)  in 0.019 seconds - new frequency is -100
Cbc0014I Cut generator 6 (TwoMirCuts) - 127 row cuts average 128.5 elements, 0 column cuts (0 active)  in 0.019 seconds - new frequency is 1
Cbc0010I After 0 nodes, 1 on tree, 1.6707446e+08 best solution, best possible 1.3454421e+08 (0.49 seconds)
Cbc0012I Integer solution of 1.6614808e+08 found by DiveCoefficient after 150 iterations and 1 nodes (0.55 seconds)
Cbc0012I Integer solution of 1.6553333e+08 found by DiveCoefficient after 157 iterations and 3 nodes (0.67 seconds)
Cbc0012I Integer solution of 1.6298532e+08 found by DiveCoefficient after 159 iterations and 4 nodes (0.75 seconds)
Cbc0012I Integer solution of 1.6296331e+08 found by DiveCoefficient after 164 iterations and 5 nodes (0.85 seconds)
Cbc0012I Integer solution of 1.6194976e+08 found by DiveCoefficient after 167 iterations and 6 nodes (0.90 seconds)
Cbc0012I Integer solution of 1.6157072e+08 found by DiveCoefficient after 170 iterations and 7 nodes (0.96 seconds)
Cbc0038I Full problem 170 rows 7310 columns, reduced to 134 rows 4194 columns
Cbc0012I Integer solution of 1.5542227e+08 found by rounding after 388 iterations and 64 nodes (1.38 seconds)
Cbc0004I Integer solution of 1.5339575e+08 found after 390 iterations and 66 nodes (1.39 seconds)
Cbc0038I Full problem 170 rows 7310 columns, reduced to 138 rows 4541 columns
Cbc0010I After 100 nodes, 43 on tree, 1.5339575e+08 best solution, best possible 1.3454421e+08 (1.55 seconds)
Cbc0004I Integer solution of 1.5075957e+08 found after 687 iterations and 140 nodes (1.67 seconds)
Cbc0004I Integer solution of 1.5065301e+08 found after 791 iterations and 167 nodes (1.72 seconds)
Cbc0038I Full problem 170 rows 7310 columns, reduced to 124 rows 3331 columns
Cbc0010I After 200 nodes, 67 on tree, 1.5065301e+08 best solution, best possible 1.3454421e+08 (1.80 seconds)
Cbc0038I Full problem 170 rows 7310 columns, reduced to 124 rows 3331 columns
Cbc0010I After 300 nodes, 73 on tree, 1.5065301e+08 best solution, best possible 1.3454421e+08 (1.98 seconds)
Cbc0010I After 400 nodes, 86 on tree, 1.5065301e+08 best solution, best possible 1.3454421e+08 (2.18 seconds)
Cbc0010I After 500 nodes, 91 on tree, 1.5065301e+08 best solution, best possible 1.3454421e+08 (2.35 seconds)
Cbc0038I Full problem 170 rows 7310 columns, reduced to 127 rows 3587 columns
Cbc0038I Full problem 170 rows 7310 columns, reduced to 127 rows 3589 columns
Cbc0010I After 600 nodes, 98 on tree, 1.5065301e+08 best solution, best possible 1.3454421e+08 (2.56 seconds)
Cbc0010I After 700 nodes, 96 on tree, 1.5065301e+08 best solution, best possible 1.3454421e+08 (2.89 seconds)
Cbc0038I Full problem 170 rows 7310 columns, reduced to 129 rows 3763 columns
Cbc0010I After 800 nodes, 85 on tree, 1.5065301e+08 best solution, best possible 1.3454421e+08 (3.30 seconds)
Cbc0010I After 900 nodes, 91 on tree, 1.5065301e+08 best solution, best possible 1.3454421e+08 (3.68 seconds)
Cbc0038I Full problem 170 rows 7310 columns, reduced to 121 rows 3070 columns
Cbc0010I After 1000 nodes, 116 on tree, 1.5065301e+08 best solution, best possible 1.3454421e+08 (4.41 seconds)
Cbc0010I After 1100 nodes, 124 on tree, 1.5065301e+08 best solution, best possible 1.3454421e+08 (4.79 seconds)
Cbc0038I Full problem 170 rows 7310 columns, reduced to 131 rows 3936 columns
Cbc0010I After 1200 nodes, 129 on tree, 1.5065301e+08 best solution, best possible 1.3454421e+08 (5.32 seconds)
Cbc0010I After 1300 nodes, 120 on tree, 1.5065301e+08 best solution, best possible 1.3454421e+08 (5.66 seconds)
Cbc0010I After 1400 nodes, 127 on tree, 1.5065301e+08 best solution, best possible 1.3454421e+08 (6.08 seconds)
Cbc0010I After 1500 nodes, 123 on tree, 1.5065301e+08 best solution, best possible 1.3454421e+08 (6.58 seconds)
Cbc0010I After 1600 nodes, 122 on tree, 1.5065301e+08 best solution, best possible 1.3454421e+08 (7.12 seconds)
Cbc0010I After 1700 nodes, 121 on tree, 1.5065301e+08 best solution, best possible 1.3454421e+08 (7.72 seconds)
Cbc0038I Full problem 170 rows 7310 columns, reduced to 132 rows 4024 columns
Cbc0010I After 1800 nodes, 125 on tree, 1.5065301e+08 best solution, best possible 1.3454421e+08 (8.31 seconds)
Cbc0010I After 1900 nodes, 124 on tree, 1.5065301e+08 best solution, best possible 1.3454421e+08 (8.93 seconds)
Cbc0010I After 2000 nodes, 122 on tree, 1.5065301e+08 best solution, best possible 1.3454421e+08 (9.52 seconds)
Cbc0010I After 2100 nodes, 120 on tree, 1.5065301e+08 best solution, best possible 1.3454421e+08 (10.01 seconds)
Cbc0010I After 2200 nodes, 129 on tree, 1.5065301e+08 best solution, best possible 1.3454421e+08 (10.61 seconds)
Cbc0010I After 2300 nodes, 120 on tree, 1.5065301e+08 best solution, best possible 1.3454421e+08 (11.18 seconds)
Cbc0038I Full problem 170 rows 7310 columns, reduced to 132 rows 4024 columns
Cbc0010I After 2400 nodes, 123 on tree, 1.5065301e+08 best solution, best possible 1.3454421e+08 (11.75 seconds)
Cbc0010I After 2500 nodes, 117 on tree, 1.5065301e+08 best solution, best possible 1.3454421e+08 (12.24 seconds)
Cbc0010I After 2600 nodes, 96 on tree, 1.5065301e+08 best solution, best possible 1.3454421e+08 (12.72 seconds)
Cbc0010I After 2700 nodes, 79 on tree, 1.5065301e+08 best solution, best possible 1.3454421e+08 (13.24 seconds)
Cbc0010I After 2800 nodes, 58 on tree, 1.5065301e+08 best solution, best possible 1.3454421e+08 (13.84 seconds)
Cbc0010I After 2900 nodes, 51 on tree, 1.5065301e+08 best solution, best possible 1.3454421e+08 (14.58 seconds)
Cbc0010I After 3000 nodes, 47 on tree, 1.5065301e+08 best solution, best possible 1.3454421e+08 (15.35 seconds)
Cbc0010I After 3100 nodes, 49 on tree, 1.5065301e+08 best solution, best possible 1.3454421e+08 (16.02 seconds)
Cbc0004I Integer solution of 1.5049198e+08 found after 16665 iterations and 3199 nodes (16.58 seconds)
Cbc0010I After 3200 nodes, 58 on tree, 1.5049198e+08 best solution, best possible 1.3454421e+08 (16.58 seconds)
Cbc0004I Integer solution of 1.5047553e+08 found after 16692 iterations and 3207 nodes (16.61 seconds)
Cbc0010I After 3300 nodes, 81 on tree, 1.5047553e+08 best solution, best possible 1.3454421e+08 (17.10 seconds)
Cbc0010I After 3400 nodes, 123 on tree, 1.5047553e+08 best solution, best possible 1.3454421e+08 (17.44 seconds)
Cbc0010I After 3500 nodes, 138 on tree, 1.5047553e+08 best solution, best possible 1.3454421e+08 (17.88 seconds)
Cbc0004I Integer solution of 1.5036557e+08 found after 18424 iterations and 3544 nodes (18.09 seconds)
Cbc0038I Full problem 170 rows 7310 columns, reduced to 126 rows 3502 columns
Cbc0010I After 3600 nodes, 149 on tree, 1.5036557e+08 best solution, best possible 1.3454421e+08 (18.41 seconds)
Cbc0004I Integer solution of 1.5025901e+08 found after 18673 iterations and 3609 nodes (18.45 seconds)
Cbc0010I After 3700 nodes, 157 on tree, 1.5025901e+08 best solution, best possible 1.3454421e+08 (18.89 seconds)
Cbc0010I After 3800 nodes, 178 on tree, 1.5025901e+08 best solution, best possible 1.3454421e+08 (19.33 seconds)
Cbc0004I Integer solution of 1.500914e+08 found after 19706 iterations and 3827 nodes (19.46 seconds)
Cbc0010I After 3900 nodes, 192 on tree, 1.500914e+08 best solution, best possible 1.3454421e+08 (19.91 seconds)
Cbc0010I After 4000 nodes, 222 on tree, 1.500914e+08 best solution, best possible 1.3454421e+08 (20.33 seconds)
Cbc0010I After 4100 nodes, 246 on tree, 1.500914e+08 best solution, best possible 1.3454421e+08 (20.78 seconds)
Cbc0038I Full problem 170 rows 7310 columns, reduced to 132 rows 4024 columns
Cbc0010I After 4200 nodes, 268 on tree, 1.500914e+08 best solution, best possible 1.3454421e+08 (21.18 seconds)
Cbc0010I After 4300 nodes, 301 on tree, 1.500914e+08 best solution, best possible 1.3454421e+08 (21.55 seconds)
Cbc0010I After 4400 nodes, 312 on tree, 1.500914e+08 best solution, best possible 1.3454421e+08 (21.93 seconds)
Cbc0010I After 4500 nodes, 328 on tree, 1.500914e+08 best solution, best possible 1.3454421e+08 (22.49 seconds)
Cbc0010I After 4600 nodes, 348 on tree, 1.500914e+08 best solution, best possible 1.3454421e+08 (22.97 seconds)
Cbc0010I After 4700 nodes, 362 on tree, 1.500914e+08 best solution, best possible 1.3454421e+08 (23.53 seconds)
Cbc0010I After 4800 nodes, 368 on tree, 1.500914e+08 best solution, best possible 1.3454421e+08 (24.03 seconds)
Cbc0010I After 4900 nodes, 383 on tree, 1.500914e+08 best solution, best possible 1.3454421e+08 (24.59 seconds)
Cbc0010I After 5000 nodes, 403 on tree, 1.500914e+08 best solution, best possible 1.3454421e+08 (25.17 seconds)
Cbc0010I After 5100 nodes, 410 on tree, 1.500914e+08 best solution, best possible 1.3454421e+08 (25.61 seconds)
Cbc0010I After 5200 nodes, 410 on tree, 1.500914e+08 best solution, best possible 1.3454421e+08 (26.08 seconds)
Cbc0010I After 5300 nodes, 416 on tree, 1.500914e+08 best solution, best possible 1.3454421e+08 (26.57 seconds)
Cbc0010I After 5400 nodes, 406 on tree, 1.500914e+08 best solution, best possible 1.3454421e+08 (27.15 seconds)
Cbc0038I Full problem 170 rows 7310 columns, reduced to 138 rows 4540 columns
Cbc0010I After 5500 nodes, 384 on tree, 1.500914e+08 best solution, best possible 1.3454421e+08 (27.59 seconds)
Cbc0010I After 5600 nodes, 360 on tree, 1.500914e+08 best solution, best possible 1.3454421e+08 (28.15 seconds)
Cbc0010I After 5700 nodes, 346 on tree, 1.500914e+08 best solution, best possible 1.3454421e+08 (28.67 seconds)
Cbc0010I After 5800 nodes, 328 on tree, 1.500914e+08 best solution, best possible 1.3454421e+08 (29.15 seconds)
Cbc0010I After 5900 nodes, 312 on tree, 1.500914e+08 best solution, best possible 1.3454421e+08 (29.71 seconds)
Cbc0038I Full problem 170 rows 7310 columns, reduced to 134 rows 4194 columns
Cbc0010I After 6000 nodes, 294 on tree, 1.500914e+08 best solution, best possible 1.3454421e+08 (30.27 seconds)
Cbc0010I After 6100 nodes, 284 on tree, 1.500914e+08 best solution, best possible 1.3454421e+08 (30.90 seconds)
Cbc0010I After 6200 nodes, 270 on tree, 1.500914e+08 best solution, best possible 1.3454421e+08 (31.53 seconds)
Cbc0010I After 6300 nodes, 256 on tree, 1.500914e+08 best solution, best possible 1.3454421e+08 (32.11 seconds)
Cbc0010I After 6400 nodes, 245 on tree, 1.500914e+08 best solution, best possible 1.3454421e+08 (32.71 seconds)
Cbc0010I After 6500 nodes, 235 on tree, 1.500914e+08 best solution, best possible 1.3454421e+08 (33.37 seconds)
Cbc0038I Full problem 170 rows 7310 columns, reduced to 132 rows 4022 columns
Cbc0010I After 6600 nodes, 225 on tree, 1.500914e+08 best solution, best possible 1.3454421e+08 (34.05 seconds)
Cbc0010I After 6700 nodes, 202 on tree, 1.500914e+08 best solution, best possible 1.3454421e+08 (34.72 seconds)
Cbc0010I After 6800 nodes, 198 on tree, 1.500914e+08 best solution, best possible 1.3454421e+08 (35.38 seconds)
Cbc0010I After 6900 nodes, 200 on tree, 1.500914e+08 best solution, best possible 1.3454421e+08 (36.05 seconds)
Cbc0010I After 7000 nodes, 187 on tree, 1.500914e+08 best solution, best possible 1.3454421e+08 (36.71 seconds)
Cbc0010I After 7100 nodes, 173 on tree, 1.500914e+08 best solution, best possible 1.3454421e+08 (37.47 seconds)
Cbc0010I After 7200 nodes, 160 on tree, 1.500914e+08 best solution, best possible 1.3454421e+08 (38.24 seconds)
Cbc0010I After 7300 nodes, 154 on tree, 1.500914e+08 best solution, best possible 1.3454421e+08 (38.82 seconds)
Cbc0010I After 7400 nodes, 151 on tree, 1.500914e+08 best solution, best possible 1.3454421e+08 (39.39 seconds)
Cbc0010I After 7500 nodes, 151 on tree, 1.500914e+08 best solution, best possible 1.3454421e+08 (39.99 seconds)
Cbc0010I After 7600 nodes, 146 on tree, 1.500914e+08 best solution, best possible 1.3454421e+08 (40.69 seconds)
Cbc0010I After 7700 nodes, 137 on tree, 1.500914e+08 best solution, best possible 1.3454421e+08 (41.37 seconds)
Cbc0038I Full problem 170 rows 7310 columns, reduced to 128 rows 3679 columns
Cbc0010I After 7800 nodes, 136 on tree, 1.500914e+08 best solution, best possible 1.3454421e+08 (42.03 seconds)
Cbc0010I After 7900 nodes, 120 on tree, 1.500914e+08 best solution, best possible 1.3454421e+08 (42.80 seconds)
Cbc0010I After 8000 nodes, 110 on tree, 1.500914e+08 best solution, best possible 1.3454421e+08 (43.59 seconds)
Cbc0010I After 8100 nodes, 102 on tree, 1.500914e+08 best solution, best possible 1.3454421e+08 (44.47 seconds)
Cbc0010I After 8200 nodes, 98 on tree, 1.500914e+08 best solution, best possible 1.3454421e+08 (45.18 seconds)
Cbc0010I After 8300 nodes, 89 on tree, 1.500914e+08 best solution, best possible 1.3454421e+08 (45.83 seconds)
Cbc0038I Full problem 170 rows 7310 columns, reduced to 125 rows 3417 columns
Cbc0010I After 8400 nodes, 90 on tree, 1.500914e+08 best solution, best possible 1.3454421e+08 (46.51 seconds)
Cbc0010I After 8500 nodes, 78 on tree, 1.500914e+08 best solution, best possible 1.3454421e+08 (47.18 seconds)
Cbc0010I After 8600 nodes, 77 on tree, 1.500914e+08 best solution, best possible 1.3454421e+08 (47.87 seconds)
Cbc0010I After 8700 nodes, 76 on tree, 1.500914e+08 best solution, best possible 1.3454421e+08 (48.70 seconds)
Cbc0010I After 8800 nodes, 74 on tree, 1.500914e+08 best solution, best possible 1.3454421e+08 (49.35 seconds)
Cbc0010I After 8900 nodes, 70 on tree, 1.500914e+08 best solution, best possible 1.3454421e+08 (50.12 seconds)
Cbc0038I Full problem 170 rows 7310 columns, reduced to 126 rows 3504 columns
Cbc0010I After 9000 nodes, 66 on tree, 1.500914e+08 best solution, best possible 1.3454421e+08 (50.91 seconds)
Cbc0010I After 9100 nodes, 62 on tree, 1.500914e+08 best solution, best possible 1.3454421e+08 (51.62 seconds)
Cbc0010I After 9200 nodes, 61 on tree, 1.500914e+08 best solution, best possible 1.3454421e+08 (52.25 seconds)
Cbc0010I After 9300 nodes, 56 on tree, 1.500914e+08 best solution, best possible 1.3454421e+08 (53.04 seconds)
Cbc0010I After 9400 nodes, 50 on tree, 1.500914e+08 best solution, best possible 1.3454421e+08 (53.77 seconds)
Cbc0010I After 9500 nodes, 50 on tree, 1.500914e+08 best solution, best possible 1.3454421e+08 (54.47 seconds)
Cbc0010I After 9600 nodes, 51 on tree, 1.500914e+08 best solution, best possible 1.3454421e+08 (55.26 seconds)
Cbc0010I After 9700 nodes, 45 on tree, 1.500914e+08 best solution, best possible 1.3454421e+08 (56.04 seconds)
Cbc0010I After 9800 nodes, 47 on tree, 1.500914e+08 best solution, best possible 1.3454421e+08 (56.90 seconds)
Cbc0010I After 9900 nodes, 40 on tree, 1.500914e+08 best solution, best possible 1.3454421e+08 (57.78 seconds)
Cbc0010I After 10000 nodes, 37 on tree, 1.500914e+08 best solution, best possible 1.3454421e+08 (58.55 seconds)
Cbc0010I After 10100 nodes, 35 on tree, 1.500914e+08 best solution, best possible 1.3454421e+08 (59.32 seconds)
Cbc0010I After 10200 nodes, 34 on tree, 1.500914e+08 best solution, best possible 1.3454421e+08 (60.06 seconds)
Cbc0010I After 10300 nodes, 30 on tree, 1.500914e+08 best solution, best possible 1.3454421e+08 (60.72 seconds)
Cbc0010I After 10400 nodes, 31 on tree, 1.500914e+08 best solution, best possible 1.3454421e+08 (61.36 seconds)
Cbc0010I After 10500 nodes, 26 on tree, 1.500914e+08 best solution, best possible 1.3454421e+08 (62.09 seconds)
Cbc0010I After 10600 nodes, 23 on tree, 1.500914e+08 best solution, best possible 1.3454421e+08 (62.66 seconds)
Cbc0010I After 10700 nodes, 26 on tree, 1.500914e+08 best solution, best possible 1.3454421e+08 (63.21 seconds)
Cbc0010I After 10800 nodes, 26 on tree, 1.500914e+08 best solution, best possible 1.3454421e+08 (63.79 seconds)
Cbc0010I After 10900 nodes, 22 on tree, 1.500914e+08 best solution, best possible 1.3454421e+08 (64.46 seconds)
Cbc0010I After 11000 nodes, 17 on tree, 1.500914e+08 best solution, best possible 1.3454421e+08 (65.03 seconds)
Cbc0010I After 11100 nodes, 64 on tree, 1.500914e+08 best solution, best possible 1.4078251e+08 (66.69 seconds)
Cbc0010I After 11200 nodes, 114 on tree, 1.500914e+08 best solution, best possible 1.4161806e+08 (67.53 seconds)
Cbc0010I After 11300 nodes, 164 on tree, 1.500914e+08 best solution, best possible 1.4208459e+08 (68.15 seconds)
Cbc0010I After 11400 nodes, 214 on tree, 1.500914e+08 best solution, best possible 1.4239187e+08 (68.73 seconds)
Cbc0010I After 11500 nodes, 264 on tree, 1.500914e+08 best solution, best possible 1.4264549e+08 (69.29 seconds)
Cbc0010I After 11600 nodes, 314 on tree, 1.500914e+08 best solution, best possible 1.4282565e+08 (69.97 seconds)
Cbc0010I After 11700 nodes, 364 on tree, 1.500914e+08 best solution, best possible 1.430396e+08 (70.40 seconds)
Cbc0010I After 11800 nodes, 414 on tree, 1.500914e+08 best solution, best possible 1.4320246e+08 (70.86 seconds)
Cbc0010I After 11900 nodes, 464 on tree, 1.500914e+08 best solution, best possible 1.4336626e+08 (71.40 seconds)
Cbc0010I After 12000 nodes, 514 on tree, 1.500914e+08 best solution, best possible 1.4348584e+08 (71.90 seconds)
Cbc0010I After 12100 nodes, 564 on tree, 1.500914e+08 best solution, best possible 1.4359111e+08 (72.30 seconds)
Cbc0010I After 12200 nodes, 614 on tree, 1.500914e+08 best solution, best possible 1.4369976e+08 (72.66 seconds)
Cbc0010I After 12300 nodes, 664 on tree, 1.500914e+08 best solution, best possible 1.4380118e+08 (73.09 seconds)
Cbc0010I After 12400 nodes, 714 on tree, 1.500914e+08 best solution, best possible 1.4391213e+08 (73.51 seconds)
Cbc0010I After 12500 nodes, 764 on tree, 1.500914e+08 best solution, best possible 1.4398158e+08 (74.01 seconds)
Cbc0010I After 12600 nodes, 814 on tree, 1.500914e+08 best solution, best possible 1.4405112e+08 (74.48 seconds)
Cbc0010I After 12700 nodes, 864 on tree, 1.500914e+08 best solution, best possible 1.4410889e+08 (74.89 seconds)
Cbc0010I After 12800 nodes, 914 on tree, 1.500914e+08 best solution, best possible 1.4415951e+08 (75.27 seconds)
Cbc0010I After 12900 nodes, 964 on tree, 1.500914e+08 best solution, best possible 1.4421852e+08 (75.63 seconds)
Cbc0010I After 13000 nodes, 1014 on tree, 1.500914e+08 best solution, best possible 1.4426804e+08 (76.04 seconds)
Cbc0010I After 13100 nodes, 1020 on tree, 1.500914e+08 best solution, best possible 1.4426804e+08 (76.32 seconds)
Cbc0010I After 13200 nodes, 1017 on tree, 1.500914e+08 best solution, best possible 1.4426804e+08 (76.61 seconds)
Cbc0010I After 13300 nodes, 1017 on tree, 1.500914e+08 best solution, best possible 1.4426804e+08 (76.89 seconds)
Cbc0010I After 13400 nodes, 1011 on tree, 1.500914e+08 best solution, best possible 1.4426804e+08 (77.25 seconds)
Cbc0010I After 13500 nodes, 1016 on tree, 1.500914e+08 best solution, best possible 1.4426804e+08 (77.62 seconds)
Cbc0010I After 13600 nodes, 1011 on tree, 1.500914e+08 best solution, best possible 1.4426804e+08 (78.15 seconds)
Cbc0010I After 13700 nodes, 1008 on tree, 1.500914e+08 best solution, best possible 1.4426804e+08 (78.64 seconds)
Cbc0010I After 13800 nodes, 1007 on tree, 1.500914e+08 best solution, best possible 1.4426804e+08 (79.11 seconds)
Cbc0010I After 13900 nodes, 1006 on tree, 1.500914e+08 best solution, best possible 1.4426804e+08 (79.57 seconds)
Cbc0010I After 14000 nodes, 1003 on tree, 1.500914e+08 best solution, best possible 1.4426804e+08 (80.05 seconds)
Cbc0010I After 14100 nodes, 1053 on tree, 1.500914e+08 best solution, best possible 1.4431862e+08 (80.46 seconds)
Cbc0010I After 14200 nodes, 1103 on tree, 1.500914e+08 best solution, best possible 1.4436433e+08 (80.83 seconds)
Cbc0010I After 14300 nodes, 1153 on tree, 1.500914e+08 best solution, best possible 1.4443954e+08 (81.21 seconds)
Cbc0038I Full problem 170 rows 7310 columns, reduced to 133 rows 4109 columns
Cbc0010I After 14400 nodes, 1203 on tree, 1.500914e+08 best solution, best possible 1.4448783e+08 (81.57 seconds)
Cbc0010I After 14500 nodes, 1253 on tree, 1.500914e+08 best solution, best possible 1.4454334e+08 (81.97 seconds)
Cbc0010I After 14600 nodes, 1303 on tree, 1.500914e+08 best solution, best possible 1.4459877e+08 (82.29 seconds)
Cbc0010I After 14700 nodes, 1353 on tree, 1.500914e+08 best solution, best possible 1.4465969e+08 (82.59 seconds)
Cbc0010I After 14800 nodes, 1403 on tree, 1.500914e+08 best solution, best possible 1.447081e+08 (82.93 seconds)
Cbc0010I After 14900 nodes, 1453 on tree, 1.500914e+08 best solution, best possible 1.44762e+08 (83.27 seconds)
Cbc0010I After 15000 nodes, 1503 on tree, 1.500914e+08 best solution, best possible 1.4479872e+08 (83.57 seconds)
Cbc0010I After 15100 nodes, 1553 on tree, 1.500914e+08 best solution, best possible 1.4483871e+08 (83.87 seconds)
Cbc0010I After 15200 nodes, 1603 on tree, 1.500914e+08 best solution, best possible 1.4487211e+08 (84.15 seconds)
Cbc0010I After 15300 nodes, 1653 on tree, 1.500914e+08 best solution, best possible 1.4491214e+08 (84.47 seconds)
Cbc0010I After 15400 nodes, 1703 on tree, 1.500914e+08 best solution, best possible 1.449467e+08 (84.81 seconds)
Cbc0010I After 15500 nodes, 1753 on tree, 1.500914e+08 best solution, best possible 1.4499362e+08 (85.09 seconds)
Cbc0010I After 15600 nodes, 1803 on tree, 1.500914e+08 best solution, best possible 1.4503082e+08 (85.42 seconds)
Cbc0010I After 15700 nodes, 1853 on tree, 1.500914e+08 best solution, best possible 1.4506659e+08 (85.72 seconds)
Cbc0010I After 15800 nodes, 1903 on tree, 1.500914e+08 best solution, best possible 1.450971e+08 (86.00 seconds)
Cbc0010I After 15900 nodes, 1953 on tree, 1.500914e+08 best solution, best possible 1.4513879e+08 (86.32 seconds)
Cbc0010I After 16000 nodes, 2003 on tree, 1.500914e+08 best solution, best possible 1.4518441e+08 (86.62 seconds)
Cbc0010I After 16100 nodes, 2053 on tree, 1.500914e+08 best solution, best possible 1.4521392e+08 (86.87 seconds)
Cbc0010I After 16200 nodes, 2103 on tree, 1.500914e+08 best solution, best possible 1.4525358e+08 (87.12 seconds)
Cbc0010I After 16300 nodes, 2153 on tree, 1.500914e+08 best solution, best possible 1.4529108e+08 (87.42 seconds)
Cbc0010I After 16400 nodes, 2203 on tree, 1.500914e+08 best solution, best possible 1.4532105e+08 (87.72 seconds)
Cbc0010I After 16500 nodes, 2253 on tree, 1.500914e+08 best solution, best possible 1.45349e+08 (87.98 seconds)
Cbc0010I After 16600 nodes, 2303 on tree, 1.500914e+08 best solution, best possible 1.4537731e+08 (88.24 seconds)
Cbc0010I After 16700 nodes, 2353 on tree, 1.500914e+08 best solution, best possible 1.4540476e+08 (88.57 seconds)
Cbc0010I After 16800 nodes, 2403 on tree, 1.500914e+08 best solution, best possible 1.454328e+08 (88.87 seconds)
Cbc0010I After 16900 nodes, 2453 on tree, 1.500914e+08 best solution, best possible 1.4545967e+08 (89.20 seconds)
Cbc0010I After 17000 nodes, 2503 on tree, 1.500914e+08 best solution, best possible 1.454932e+08 (89.45 seconds)
Cbc0010I After 17100 nodes, 2502 on tree, 1.500914e+08 best solution, best possible 1.454932e+08 (89.71 seconds)
Cbc0010I After 17200 nodes, 2498 on tree, 1.500914e+08 best solution, best possible 1.454932e+08 (90.08 seconds)
Cbc0010I After 17300 nodes, 2494 on tree, 1.500914e+08 best solution, best possible 1.454932e+08 (90.49 seconds)
Cbc0010I After 17400 nodes, 2485 on tree, 1.500914e+08 best solution, best possible 1.454932e+08 (90.97 seconds)
Cbc0010I After 17500 nodes, 2478 on tree, 1.500914e+08 best solution, best possible 1.454932e+08 (91.48 seconds)
Cbc0010I After 17600 nodes, 2466 on tree, 1.500914e+08 best solution, best possible 1.454932e+08 (91.99 seconds)
Cbc0010I After 17700 nodes, 2461 on tree, 1.500914e+08 best solution, best possible 1.454932e+08 (92.58 seconds)
Cbc0010I After 17800 nodes, 2452 on tree, 1.500914e+08 best solution, best possible 1.454932e+08 (93.12 seconds)
Cbc0004I Integer solution of 1.4995864e+08 found after 91324 iterations and 17828 nodes (93.27 seconds)
Cbc0016I Integer solution of 1.4994219e+08 found by strong branching after 91327 iterations and 17830 nodes (93.28 seconds)
Cbc0010I After 17900 nodes, 2490 on tree, 1.4994219e+08 best solution, best possible 1.454932e+08 (93.77 seconds)
Cbc0038I Full problem 170 rows 7310 columns, reduced to 133 rows 4107 columns
Cbc0010I After 18000 nodes, 2539 on tree, 1.4994219e+08 best solution, best possible 1.454932e+08 (94.45 seconds)
Cbc0010I After 18100 nodes, 2589 on tree, 1.4994219e+08 best solution, best possible 1.45526e+08 (94.75 seconds)
Cbc0010I After 18200 nodes, 2639 on tree, 1.4994219e+08 best solution, best possible 1.4555272e+08 (95.01 seconds)
Cbc0010I After 18300 nodes, 2689 on tree, 1.4994219e+08 best solution, best possible 1.4557432e+08 (95.24 seconds)
Cbc0010I After 18400 nodes, 2739 on tree, 1.4994219e+08 best solution, best possible 1.4560375e+08 (95.51 seconds)
Cbc0010I After 18500 nodes, 2789 on tree, 1.4994219e+08 best solution, best possible 1.456313e+08 (95.79 seconds)
Cbc0010I After 18600 nodes, 2839 on tree, 1.4994219e+08 best solution, best possible 1.4565246e+08 (96.06 seconds)
Cbc0010I After 18700 nodes, 2889 on tree, 1.4994219e+08 best solution, best possible 1.4567876e+08 (96.34 seconds)
Cbc0010I After 18800 nodes, 2939 on tree, 1.4994219e+08 best solution, best possible 1.4570988e+08 (96.61 seconds)
Cbc0010I After 18900 nodes, 2989 on tree, 1.4994219e+08 best solution, best possible 1.4573352e+08 (96.86 seconds)
Cbc0010I After 19000 nodes, 3039 on tree, 1.4994219e+08 best solution, best possible 1.4575864e+08 (97.13 seconds)
Cbc0010I After 19100 nodes, 3089 on tree, 1.4994219e+08 best solution, best possible 1.4578457e+08 (97.46 seconds)
Cbc0010I After 19200 nodes, 3139 on tree, 1.4994219e+08 best solution, best possible 1.458127e+08 (97.77 seconds)
Cbc0010I After 19300 nodes, 3189 on tree, 1.4994219e+08 best solution, best possible 1.4584031e+08 (98.03 seconds)
Cbc0010I After 19400 nodes, 3239 on tree, 1.4994219e+08 best solution, best possible 1.4587275e+08 (98.29 seconds)
Cbc0010I After 19500 nodes, 3289 on tree, 1.4994219e+08 best solution, best possible 1.4589405e+08 (98.56 seconds)
Cbc0010I After 19600 nodes, 3339 on tree, 1.4994219e+08 best solution, best possible 1.4591965e+08 (98.85 seconds)
Cbc0010I After 19700 nodes, 3389 on tree, 1.4994219e+08 best solution, best possible 1.4593788e+08 (99.17 seconds)
Cbc0010I After 19800 nodes, 3439 on tree, 1.4994219e+08 best solution, best possible 1.4595703e+08 (99.47 seconds)
Cbc0010I After 19900 nodes, 3489 on tree, 1.4994219e+08 best solution, best possible 1.4598137e+08 (99.75 seconds)
Cbc0010I After 20000 nodes, 3538 on tree, 1.4994219e+08 best solution, best possible 1.4600748e+08 (100.07 seconds)
Cbc0010I After 20100 nodes, 3588 on tree, 1.4994219e+08 best solution, best possible 1.4602883e+08 (100.35 seconds)
Cbc0010I After 20200 nodes, 3638 on tree, 1.4994219e+08 best solution, best possible 1.4604991e+08 (100.59 seconds)
Cbc0010I After 20300 nodes, 3688 on tree, 1.4994219e+08 best solution, best possible 1.4606551e+08 (100.87 seconds)
Cbc0010I After 20400 nodes, 3738 on tree, 1.4994219e+08 best solution, best possible 1.4608222e+08 (101.14 seconds)
Cbc0010I After 20500 nodes, 3788 on tree, 1.4994219e+08 best solution, best possible 1.4610198e+08 (101.41 seconds)
Cbc0010I After 20600 nodes, 3838 on tree, 1.4994219e+08 best solution, best possible 1.4612089e+08 (101.71 seconds)
Cbc0010I After 20700 nodes, 3888 on tree, 1.4994219e+08 best solution, best possible 1.4614094e+08 (101.96 seconds)
Cbc0010I After 20800 nodes, 3938 on tree, 1.4994219e+08 best solution, best possible 1.4615732e+08 (102.24 seconds)
Cbc0010I After 20900 nodes, 3988 on tree, 1.4994219e+08 best solution, best possible 1.4617601e+08 (102.51 seconds)
Cbc0010I After 21000 nodes, 4038 on tree, 1.4994219e+08 best solution, best possible 1.4619552e+08 (102.77 seconds)
Cbc0010I After 21100 nodes, 4032 on tree, 1.4994219e+08 best solution, best possible 1.4619552e+08 (103.08 seconds)
Cbc0010I After 21200 nodes, 4028 on tree, 1.4994219e+08 best solution, best possible 1.4619552e+08 (103.53 seconds)
Cbc0010I After 21300 nodes, 4022 on tree, 1.4994219e+08 best solution, best possible 1.4619552e+08 (104.06 seconds)
Cbc0010I After 21400 nodes, 4009 on tree, 1.4994219e+08 best solution, best possible 1.4619552e+08 (104.57 seconds)
Cbc0010I After 21500 nodes, 4000 on tree, 1.4994219e+08 best solution, best possible 1.4619552e+08 (105.12 seconds)
Cbc0010I After 21600 nodes, 3984 on tree, 1.4994219e+08 best solution, best possible 1.4619552e+08 (105.57 seconds)
Cbc0004I Integer solution of 1.4984812e+08 found after 107304 iterations and 21637 nodes (105.83 seconds)
Cbc0010I After 21700 nodes, 4008 on tree, 1.4984812e+08 best solution, best possible 1.4619552e+08 (106.36 seconds)
Cbc0010I After 21800 nodes, 4053 on tree, 1.4984812e+08 best solution, best possible 1.4619552e+08 (107.12 seconds)
Cbc0010I After 21900 nodes, 4093 on tree, 1.4984812e+08 best solution, best possible 1.4619552e+08 (107.92 seconds)
Cbc0010I After 22000 nodes, 4128 on tree, 1.4984812e+08 best solution, best possible 1.4619552e+08 (108.69 seconds)
Cbc0010I After 22100 nodes, 4178 on tree, 1.4984812e+08 best solution, best possible 1.4621382e+08 (109.25 seconds)
Cbc0010I After 22200 nodes, 4228 on tree, 1.4984812e+08 best solution, best possible 1.4623355e+08 (109.80 seconds)
Cbc0010I After 22300 nodes, 4278 on tree, 1.4984812e+08 best solution, best possible 1.4625603e+08 (110.27 seconds)
Cbc0010I After 22400 nodes, 4328 on tree, 1.4984812e+08 best solution, best possible 1.4627136e+08 (110.63 seconds)
Cbc0010I After 22500 nodes, 4377 on tree, 1.4984812e+08 best solution, best possible 1.4629112e+08 (110.99 seconds)
Cbc0010I After 22600 nodes, 4426 on tree, 1.4984812e+08 best solution, best possible 1.4631128e+08 (111.40 seconds)
Cbc0010I After 22700 nodes, 4476 on tree, 1.4984812e+08 best solution, best possible 1.4632837e+08 (111.84 seconds)
Cbc0010I After 22800 nodes, 4525 on tree, 1.4984812e+08 best solution, best possible 1.4634503e+08 (112.22 seconds)
Cbc0010I After 22900 nodes, 4575 on tree, 1.4984812e+08 best solution, best possible 1.4636876e+08 (112.68 seconds)
Cbc0010I After 23000 nodes, 4624 on tree, 1.4984812e+08 best solution, best possible 1.4638358e+08 (113.09 seconds)
Cbc0010I After 23100 nodes, 4674 on tree, 1.4984812e+08 best solution, best possible 1.4639741e+08 (113.49 seconds)
Cbc0010I After 23200 nodes, 4724 on tree, 1.4984812e+08 best solution, best possible 1.4641252e+08 (113.84 seconds)
Cbc0010I After 23300 nodes, 4774 on tree, 1.4984812e+08 best solution, best possible 1.4642993e+08 (114.22 seconds)
Cbc0010I After 23400 nodes, 4824 on tree, 1.4984812e+08 best solution, best possible 1.4644563e+08 (114.58 seconds)
Cbc0010I After 23500 nodes, 4874 on tree, 1.4984812e+08 best solution, best possible 1.4646534e+08 (115.02 seconds)
Cbc0010I After 23600 nodes, 4924 on tree, 1.4984812e+08 best solution, best possible 1.4648422e+08 (115.40 seconds)
Cbc0010I After 23700 nodes, 4974 on tree, 1.4984812e+08 best solution, best possible 1.465002e+08 (115.78 seconds)
Cbc0010I After 23800 nodes, 5024 on tree, 1.4984812e+08 best solution, best possible 1.4651597e+08 (116.21 seconds)
Cbc0010I After 23900 nodes, 5073 on tree, 1.4984812e+08 best solution, best possible 1.4652597e+08 (116.62 seconds)
Cbc0010I After 24000 nodes, 5123 on tree, 1.4984812e+08 best solution, best possible 1.4654128e+08 (117.00 seconds)
Cbc0010I After 24100 nodes, 5171 on tree, 1.4984812e+08 best solution, best possible 1.4655807e+08 (117.38 seconds)
Cbc0010I After 24200 nodes, 5221 on tree, 1.4984812e+08 best solution, best possible 1.465691e+08 (117.77 seconds)
Cbc0010I After 24300 nodes, 5270 on tree, 1.4984812e+08 best solution, best possible 1.4658845e+08 (118.13 seconds)
Cbc0010I After 24400 nodes, 5319 on tree, 1.4984812e+08 best solution, best possible 1.4660159e+08 (118.54 seconds)
Cbc0010I After 24500 nodes, 5369 on tree, 1.4984812e+08 best solution, best possible 1.4661599e+08 (118.94 seconds)
Cbc0010I After 24600 nodes, 5415 on tree, 1.4984812e+08 best solution, best possible 1.4663275e+08 (119.31 seconds)
Cbc0010I After 24700 nodes, 5463 on tree, 1.4984812e+08 best solution, best possible 1.4664337e+08 (119.58 seconds)
Cbc0010I After 24800 nodes, 5512 on tree, 1.4984812e+08 best solution, best possible 1.466587e+08 (119.98 seconds)
Cbc0010I After 24900 nodes, 5559 on tree, 1.4984812e+08 best solution, best possible 1.4667134e+08 (120.41 seconds)
Cbc0010I After 25000 nodes, 5606 on tree, 1.4984812e+08 best solution, best possible 1.4668583e+08 (120.73 seconds)
Cbc0010I After 25100 nodes, 5595 on tree, 1.4984812e+08 best solution, best possible 1.4668583e+08 (121.16 seconds)
Cbc0038I Full problem 170 rows 7310 columns, reduced to 131 rows 3935 columns
Cbc0010I After 25200 nodes, 5576 on tree, 1.4984812e+08 best solution, best possible 1.4668583e+08 (121.59 seconds)
Cbc0010I After 25300 nodes, 5565 on tree, 1.4984812e+08 best solution, best possible 1.4668583e+08 (122.18 seconds)
Cbc0010I After 25400 nodes, 5551 on tree, 1.4984812e+08 best solution, best possible 1.4668583e+08 (122.75 seconds)
Cbc0010I After 25500 nodes, 5534 on tree, 1.4984812e+08 best solution, best possible 1.4668583e+08 (123.32 seconds)
Cbc0010I After 25600 nodes, 5513 on tree, 1.4984812e+08 best solution, best possible 1.4668583e+08 (123.83 seconds)
Cbc0010I After 25700 nodes, 5495 on tree, 1.4984812e+08 best solution, best possible 1.4668583e+08 (124.36 seconds)
Cbc0010I After 25800 nodes, 5476 on tree, 1.4984812e+08 best solution, best possible 1.4668583e+08 (124.87 seconds)
Cbc0010I After 25900 nodes, 5465 on tree, 1.4984812e+08 best solution, best possible 1.4668583e+08 (125.46 seconds)
Cbc0010I After 26000 nodes, 5450 on tree, 1.4984812e+08 best solution, best possible 1.4668583e+08 (126.17 seconds)
Cbc0010I After 26100 nodes, 5498 on tree, 1.4984812e+08 best solution, best possible 1.4670053e+08 (126.92 seconds)
Cbc0010I After 26200 nodes, 5548 on tree, 1.4984812e+08 best solution, best possible 1.4671552e+08 (127.60 seconds)
Cbc0010I After 26300 nodes, 5597 on tree, 1.4984812e+08 best solution, best possible 1.4672703e+08 (128.27 seconds)
Cbc0010I After 26400 nodes, 5644 on tree, 1.4984812e+08 best solution, best possible 1.4674168e+08 (129.01 seconds)
Cbc0010I After 26500 nodes, 5692 on tree, 1.4984812e+08 best solution, best possible 1.4675355e+08 (129.65 seconds)
Cbc0010I After 26600 nodes, 5739 on tree, 1.4984812e+08 best solution, best possible 1.4676974e+08 (130.37 seconds)
Cbc0010I After 26700 nodes, 5785 on tree, 1.4984812e+08 best solution, best possible 1.467815e+08 (131.06 seconds)
Cbc0010I After 26800 nodes, 5833 on tree, 1.4984812e+08 best solution, best possible 1.4679548e+08 (131.86 seconds)
Cbc0010I After 26900 nodes, 5880 on tree, 1.4984812e+08 best solution, best possible 1.4680642e+08 (132.59 seconds)
Cbc0010I After 27000 nodes, 5928 on tree, 1.4984812e+08 best solution, best possible 1.4681923e+08 (133.31 seconds)
Cbc0010I After 27100 nodes, 5974 on tree, 1.4984812e+08 best solution, best possible 1.4683241e+08 (134.00 seconds)
Cbc0010I After 27200 nodes, 6024 on tree, 1.4984812e+08 best solution, best possible 1.4684381e+08 (134.70 seconds)
Cbc0010I After 27300 nodes, 6074 on tree, 1.4984812e+08 best solution, best possible 1.4685669e+08 (135.47 seconds)
Cbc0010I After 27400 nodes, 6119 on tree, 1.4984812e+08 best solution, best possible 1.468711e+08 (136.17 seconds)
Cbc0010I After 27500 nodes, 6165 on tree, 1.4984812e+08 best solution, best possible 1.4688314e+08 (136.86 seconds)
Cbc0010I After 27600 nodes, 6209 on tree, 1.4984812e+08 best solution, best possible 1.4689478e+08 (137.61 seconds)
Cbc0010I After 27700 nodes, 6255 on tree, 1.4984812e+08 best solution, best possible 1.4690599e+08 (138.35 seconds)
Cbc0010I After 27800 nodes, 6305 on tree, 1.4984812e+08 best solution, best possible 1.4691467e+08 (139.11 seconds)
Cbc0010I After 27900 nodes, 6349 on tree, 1.4984812e+08 best solution, best possible 1.46929e+08 (139.86 seconds)
Cbc0010I After 28000 nodes, 6397 on tree, 1.4984812e+08 best solution, best possible 1.4694015e+08 (140.64 seconds)
Cbc0010I After 28100 nodes, 6442 on tree, 1.4984812e+08 best solution, best possible 1.4695114e+08 (141.33 seconds)
Cbc0010I After 28200 nodes, 6487 on tree, 1.4984812e+08 best solution, best possible 1.4696246e+08 (142.10 seconds)
Cbc0010I After 28300 nodes, 6534 on tree, 1.4984812e+08 best solution, best possible 1.4697622e+08 (142.86 seconds)
Cbc0010I After 28400 nodes, 6582 on tree, 1.4984812e+08 best solution, best possible 1.4698661e+08 (143.63 seconds)
Cbc0010I After 28500 nodes, 6621 on tree, 1.4984812e+08 best solution, best possible 1.469983e+08 (144.42 seconds)
Cbc0010I After 28600 nodes, 6659 on tree, 1.4984812e+08 best solution, best possible 1.4700726e+08 (145.14 seconds)
Cbc0010I After 28700 nodes, 6697 on tree, 1.4984812e+08 best solution, best possible 1.4701624e+08 (145.91 seconds)
Cbc0038I Full problem 170 rows 7310 columns, reduced to 132 rows 4022 columns
Cbc0010I After 28800 nodes, 6741 on tree, 1.4984812e+08 best solution, best possible 1.4702782e+08 (146.65 seconds)
Cbc0010I After 28900 nodes, 6783 on tree, 1.4984812e+08 best solution, best possible 1.470403e+08 (147.44 seconds)
Cbc0010I After 29000 nodes, 6824 on tree, 1.4984812e+08 best solution, best possible 1.4704883e+08 (148.21 seconds)
Cbc0010I After 29100 nodes, 6816 on tree, 1.4984812e+08 best solution, best possible 1.4704883e+08 (148.74 seconds)
Cbc0010I After 29200 nodes, 6805 on tree, 1.4984812e+08 best solution, best possible 1.4704883e+08 (149.28 seconds)
Cbc0010I After 29300 nodes, 6790 on tree, 1.4984812e+08 best solution, best possible 1.4704883e+08 (149.75 seconds)
Cbc0010I After 29400 nodes, 6765 on tree, 1.4984812e+08 best solution, best possible 1.4704883e+08 (150.08 seconds)
Cbc0010I After 29500 nodes, 6753 on tree, 1.4984812e+08 best solution, best possible 1.4704883e+08 (150.60 seconds)
Cbc0010I After 29600 nodes, 6739 on tree, 1.4984812e+08 best solution, best possible 1.4704883e+08 (151.09 seconds)
Cbc0010I After 29700 nodes, 6721 on tree, 1.4984812e+08 best solution, best possible 1.4704883e+08 (151.62 seconds)
Cbc0010I After 29800 nodes, 6705 on tree, 1.4984812e+08 best solution, best possible 1.4704883e+08 (152.18 seconds)
Cbc0010I After 29900 nodes, 6692 on tree, 1.4984812e+08 best solution, best possible 1.4704883e+08 (152.65 seconds)
Cbc0010I After 30000 nodes, 6672 on tree, 1.4984812e+08 best solution, best possible 1.4704883e+08 (153.21 seconds)
Cbc0010I After 30100 nodes, 6706 on tree, 1.4984812e+08 best solution, best possible 1.470638e+08 (154.06 seconds)
Cbc0010I After 30200 nodes, 6749 on tree, 1.4984812e+08 best solution, best possible 1.4707511e+08 (154.79 seconds)
Cbc0010I After 30300 nodes, 6791 on tree, 1.4984812e+08 best solution, best possible 1.4708353e+08 (155.55 seconds)
Cbc0010I After 30400 nodes, 6828 on tree, 1.4984812e+08 best solution, best possible 1.4709334e+08 (156.32 seconds)
Cbc0010I After 30500 nodes, 6868 on tree, 1.4984812e+08 best solution, best possible 1.4710675e+08 (157.16 seconds)
Cbc0010I After 30600 nodes, 6911 on tree, 1.4984812e+08 best solution, best possible 1.4711658e+08 (157.96 seconds)
Cbc0010I After 30700 nodes, 6953 on tree, 1.4984812e+08 best solution, best possible 1.4712711e+08 (158.79 seconds)
Cbc0010I After 30800 nodes, 6996 on tree, 1.4984812e+08 best solution, best possible 1.4713862e+08 (159.57 seconds)
Cbc0010I After 30900 nodes, 7032 on tree, 1.4984812e+08 best solution, best possible 1.4715e+08 (160.33 seconds)
Cbc0010I After 31000 nodes, 7073 on tree, 1.4984812e+08 best solution, best possible 1.4715976e+08 (161.03 seconds)
Cbc0010I After 31100 nodes, 7114 on tree, 1.4984812e+08 best solution, best possible 1.4716926e+08 (161.77 seconds)
Cbc0010I After 31200 nodes, 7154 on tree, 1.4984812e+08 best solution, best possible 1.4718023e+08 (162.62 seconds)
Cbc0010I After 31300 nodes, 7191 on tree, 1.4984812e+08 best solution, best possible 1.4718811e+08 (163.54 seconds)
Cbc0010I After 31400 nodes, 7230 on tree, 1.4984812e+08 best solution, best possible 1.4719759e+08 (164.33 seconds)
Cbc0010I After 31500 nodes, 7270 on tree, 1.4984812e+08 best solution, best possible 1.4720771e+08 (165.16 seconds)
Cbc0010I After 31600 nodes, 7306 on tree, 1.4984812e+08 best solution, best possible 1.4721797e+08 (165.98 seconds)
Cbc0010I After 31700 nodes, 7346 on tree, 1.4984812e+08 best solution, best possible 1.4722565e+08 (166.85 seconds)
Cbc0010I After 31800 nodes, 7390 on tree, 1.4984812e+08 best solution, best possible 1.4723488e+08 (167.64 seconds)
Cbc0010I After 31900 nodes, 7437 on tree, 1.4984812e+08 best solution, best possible 1.4724433e+08 (168.41 seconds)
Cbc0010I After 32000 nodes, 7483 on tree, 1.4984812e+08 best solution, best possible 1.472545e+08 (169.29 seconds)
Cbc0010I After 32100 nodes, 7529 on tree, 1.4984812e+08 best solution, best possible 1.4726355e+08 (170.07 seconds)
Cbc0010I After 32200 nodes, 7570 on tree, 1.4984812e+08 best solution, best possible 1.4727643e+08 (170.90 seconds)
Cbc0010I After 32300 nodes, 7614 on tree, 1.4984812e+08 best solution, best possible 1.4728634e+08 (171.70 seconds)
Cbc0038I Full problem 170 rows 7310 columns, reduced to 132 rows 4023 columns
Cbc0010I After 32400 nodes, 7655 on tree, 1.4984812e+08 best solution, best possible 1.4729473e+08 (172.45 seconds)
Cbc0010I After 32500 nodes, 7699 on tree, 1.4984812e+08 best solution, best possible 1.4730462e+08 (173.21 seconds)
Cbc0010I After 32600 nodes, 7744 on tree, 1.4984812e+08 best solution, best possible 1.4731242e+08 (174.04 seconds)
Cbc0010I After 32700 nodes, 7787 on tree, 1.4984812e+08 best solution, best possible 1.473238e+08 (174.82 seconds)
Cbc0010I After 32800 nodes, 7826 on tree, 1.4984812e+08 best solution, best possible 1.4733271e+08 (175.55 seconds)
Cbc0010I After 32900 nodes, 7872 on tree, 1.4984812e+08 best solution, best possible 1.4734177e+08 (176.49 seconds)
Cbc0010I After 33000 nodes, 7916 on tree, 1.4984812e+08 best solution, best possible 1.4735146e+08 (177.33 seconds)
Cbc0010I After 33100 nodes, 7906 on tree, 1.4984812e+08 best solution, best possible 1.4735146e+08 (177.74 seconds)
Cbc0010I After 33200 nodes, 7890 on tree, 1.4984812e+08 best solution, best possible 1.4735146e+08 (178.14 seconds)
Cbc0010I After 33300 nodes, 7871 on tree, 1.4984812e+08 best solution, best possible 1.4735146e+08 (178.52 seconds)
Cbc0010I After 33400 nodes, 7844 on tree, 1.4984812e+08 best solution, best possible 1.4735146e+08 (178.81 seconds)
Cbc0010I After 33500 nodes, 7819 on tree, 1.4984812e+08 best solution, best possible 1.4735146e+08 (179.30 seconds)
Cbc0010I After 33600 nodes, 7807 on tree, 1.4984812e+08 best solution, best possible 1.4735146e+08 (179.82 seconds)
Cbc0010I After 33700 nodes, 7787 on tree, 1.4984812e+08 best solution, best possible 1.4735146e+08 (180.38 seconds)
Cbc0010I After 33800 nodes, 7763 on tree, 1.4984812e+08 best solution, best possible 1.4735146e+08 (180.99 seconds)
Cbc0010I After 33900 nodes, 7740 on tree, 1.4984812e+08 best solution, best possible 1.4735146e+08 (181.49 seconds)
Cbc0010I After 34000 nodes, 7712 on tree, 1.4984812e+08 best solution, best possible 1.4735146e+08 (181.93 seconds)
Cbc0010I After 34100 nodes, 7723 on tree, 1.4984812e+08 best solution, best possible 1.4736111e+08 (182.87 seconds)
Cbc0010I After 34200 nodes, 7737 on tree, 1.4984812e+08 best solution, best possible 1.4737014e+08 (183.69 seconds)
Cbc0010I After 34300 nodes, 7754 on tree, 1.4984812e+08 best solution, best possible 1.4737997e+08 (184.56 seconds)
Cbc0010I After 34400 nodes, 7767 on tree, 1.4984812e+08 best solution, best possible 1.4738981e+08 (185.39 seconds)
Cbc0010I After 34500 nodes, 7784 on tree, 1.4984812e+08 best solution, best possible 1.4740003e+08 (186.24 seconds)
Cbc0010I After 34600 nodes, 7806 on tree, 1.4984812e+08 best solution, best possible 1.474096e+08 (187.05 seconds)
Cbc0010I After 34700 nodes, 7826 on tree, 1.4984812e+08 best solution, best possible 1.4742251e+08 (187.84 seconds)
Cbc0010I After 34800 nodes, 7847 on tree, 1.4984812e+08 best solution, best possible 1.4743408e+08 (188.60 seconds)
Cbc0010I After 34900 nodes, 7864 on tree, 1.4984812e+08 best solution, best possible 1.4744444e+08 (189.44 seconds)
Cbc0010I After 35000 nodes, 7879 on tree, 1.4984812e+08 best solution, best possible 1.4745524e+08 (190.26 seconds)
Cbc0010I After 35100 nodes, 7896 on tree, 1.4984812e+08 best solution, best possible 1.4746533e+08 (191.08 seconds)
Cbc0010I After 35200 nodes, 7919 on tree, 1.4984812e+08 best solution, best possible 1.4747599e+08 (191.87 seconds)
Cbc0010I After 35300 nodes, 7933 on tree, 1.4984812e+08 best solution, best possible 1.4748539e+08 (192.62 seconds)
Cbc0010I After 35400 nodes, 7952 on tree, 1.4984812e+08 best solution, best possible 1.4749581e+08 (193.36 seconds)
Cbc0010I After 35500 nodes, 7967 on tree, 1.4984812e+08 best solution, best possible 1.4750851e+08 (194.09 seconds)
Cbc0010I After 35600 nodes, 7981 on tree, 1.4984812e+08 best solution, best possible 1.4751916e+08 (194.82 seconds)
Cbc0010I After 35700 nodes, 7993 on tree, 1.4984812e+08 best solution, best possible 1.4752995e+08 (195.59 seconds)
Cbc0010I After 35800 nodes, 8009 on tree, 1.4984812e+08 best solution, best possible 1.4753966e+08 (196.30 seconds)
Cbc0010I After 35900 nodes, 8021 on tree, 1.4984812e+08 best solution, best possible 1.4754695e+08 (196.95 seconds)
Cbc0038I Full problem 170 rows 7310 columns, reduced to 133 rows 4108 columns
Cbc0010I After 36000 nodes, 8036 on tree, 1.4984812e+08 best solution, best possible 1.4755826e+08 (197.70 seconds)
Cbc0010I After 36100 nodes, 8049 on tree, 1.4984812e+08 best solution, best possible 1.4756726e+08 (198.41 seconds)
Cbc0010I After 36200 nodes, 8058 on tree, 1.4984812e+08 best solution, best possible 1.4757625e+08 (199.14 seconds)
Cbc0010I After 36300 nodes, 8075 on tree, 1.4984812e+08 best solution, best possible 1.4758625e+08 (199.93 seconds)
Cbc0010I After 36400 nodes, 8086 on tree, 1.4984812e+08 best solution, best possible 1.4759796e+08 (200.68 seconds)
Cbc0010I After 36500 nodes, 8095 on tree, 1.4984812e+08 best solution, best possible 1.4761008e+08 (201.38 seconds)
Cbc0010I After 36600 nodes, 8110 on tree, 1.4984812e+08 best solution, best possible 1.4762095e+08 (202.13 seconds)
Cbc0010I After 36700 nodes, 8117 on tree, 1.4984812e+08 best solution, best possible 1.4763089e+08 (202.76 seconds)
Cbc0010I After 36800 nodes, 8126 on tree, 1.4984812e+08 best solution, best possible 1.4763946e+08 (203.52 seconds)
Cbc0010I After 36900 nodes, 8134 on tree, 1.4984812e+08 best solution, best possible 1.4764907e+08 (204.18 seconds)
Cbc0010I After 37000 nodes, 8140 on tree, 1.4984812e+08 best solution, best possible 1.4765995e+08 (204.87 seconds)
Cbc0010I After 37100 nodes, 8116 on tree, 1.4984812e+08 best solution, best possible 1.4765995e+08 (205.29 seconds)
Cbc0010I After 37200 nodes, 8089 on tree, 1.4984812e+08 best solution, best possible 1.4765995e+08 (205.72 seconds)
Cbc0010I After 37300 nodes, 8070 on tree, 1.4984812e+08 best solution, best possible 1.4765995e+08 (206.26 seconds)
Cbc0010I After 37400 nodes, 8036 on tree, 1.4984812e+08 best solution, best possible 1.4765995e+08 (206.81 seconds)
Cbc0010I After 37500 nodes, 8005 on tree, 1.4984812e+08 best solution, best possible 1.4765995e+08 (207.31 seconds)
Cbc0010I After 37600 nodes, 7970 on tree, 1.4984812e+08 best solution, best possible 1.4765995e+08 (207.78 seconds)
Cbc0010I After 37700 nodes, 7938 on tree, 1.4984812e+08 best solution, best possible 1.4765995e+08 (208.26 seconds)
Cbc0010I After 37800 nodes, 7902 on tree, 1.4984812e+08 best solution, best possible 1.4765995e+08 (208.71 seconds)
Cbc0010I After 37900 nodes, 7862 on tree, 1.4984812e+08 best solution, best possible 1.4765995e+08 (209.12 seconds)
Cbc0010I After 38000 nodes, 7816 on tree, 1.4984812e+08 best solution, best possible 1.4765995e+08 (209.50 seconds)
Cbc0010I After 38100 nodes, 7814 on tree, 1.4984812e+08 best solution, best possible 1.4767086e+08 (210.23 seconds)
Cbc0010I After 38200 nodes, 7813 on tree, 1.4984812e+08 best solution, best possible 1.4767783e+08 (210.99 seconds)
Cbc0010I After 38300 nodes, 7815 on tree, 1.4984812e+08 best solution, best possible 1.4768528e+08 (211.74 seconds)
Cbc0010I After 38400 nodes, 7823 on tree, 1.4984812e+08 best solution, best possible 1.4769461e+08 (212.55 seconds)
Cbc0010I After 38500 nodes, 7825 on tree, 1.4984812e+08 best solution, best possible 1.477047e+08 (213.21 seconds)
Cbc0010I After 38600 nodes, 7826 on tree, 1.4984812e+08 best solution, best possible 1.477137e+08 (213.96 seconds)
Cbc0010I After 38700 nodes, 7828 on tree, 1.4984812e+08 best solution, best possible 1.477227e+08 (214.72 seconds)
Cbc0010I After 38800 nodes, 7836 on tree, 1.4984812e+08 best solution, best possible 1.4773387e+08 (215.51 seconds)
Cbc0010I After 38900 nodes, 7849 on tree, 1.4984812e+08 best solution, best possible 1.4774436e+08 (216.23 seconds)
Cbc0010I After 39000 nodes, 7864 on tree, 1.4984812e+08 best solution, best possible 1.4775279e+08 (216.90 seconds)
Cbc0010I After 39100 nodes, 7871 on tree, 1.4984812e+08 best solution, best possible 1.4776485e+08 (217.50 seconds)
Cbc0010I After 39200 nodes, 7881 on tree, 1.4984812e+08 best solution, best possible 1.4777411e+08 (218.10 seconds)
Cbc0010I After 39300 nodes, 7896 on tree, 1.4984812e+08 best solution, best possible 1.4778284e+08 (218.81 seconds)
Cbc0010I After 39400 nodes, 7906 on tree, 1.4984812e+08 best solution, best possible 1.477911e+08 (219.43 seconds)
Cbc0010I After 39500 nodes, 7918 on tree, 1.4984812e+08 best solution, best possible 1.4780052e+08 (220.15 seconds)
Cbc0038I Full problem 170 rows 7310 columns, reduced to 135 rows 4282 columns
Cbc0010I After 39600 nodes, 7936 on tree, 1.4984812e+08 best solution, best possible 1.478077e+08 (220.92 seconds)
Cbc0010I After 39700 nodes, 7951 on tree, 1.4984812e+08 best solution, best possible 1.4781632e+08 (221.67 seconds)
Cbc0010I After 39800 nodes, 7963 on tree, 1.4984812e+08 best solution, best possible 1.4782397e+08 (222.39 seconds)
Cbc0010I After 39900 nodes, 7977 on tree, 1.4984812e+08 best solution, best possible 1.4783413e+08 (223.10 seconds)
Cbc0010I After 40000 nodes, 7987 on tree, 1.4984812e+08 best solution, best possible 1.4784406e+08 (223.79 seconds)
Cbc0010I After 40100 nodes, 7997 on tree, 1.4984812e+08 best solution, best possible 1.4785364e+08 (224.54 seconds)
Cbc0010I After 40200 nodes, 8008 on tree, 1.4984812e+08 best solution, best possible 1.4786099e+08 (225.28 seconds)
Cbc0010I After 40300 nodes, 8024 on tree, 1.4984812e+08 best solution, best possible 1.4786912e+08 (225.99 seconds)
Cbc0010I After 40400 nodes, 8035 on tree, 1.4984812e+08 best solution, best possible 1.4787775e+08 (226.72 seconds)
Cbc0010I After 40500 nodes, 8048 on tree, 1.4984812e+08 best solution, best possible 1.4788421e+08 (227.45 seconds)
Cbc0010I After 40600 nodes, 8061 on tree, 1.4984812e+08 best solution, best possible 1.478929e+08 (228.19 seconds)
Cbc0010I After 40700 nodes, 8074 on tree, 1.4984812e+08 best solution, best possible 1.4790191e+08 (228.89 seconds)
Cbc0010I After 40800 nodes, 8088 on tree, 1.4984812e+08 best solution, best possible 1.4790998e+08 (229.64 seconds)
Cbc0010I After 40900 nodes, 8102 on tree, 1.4984812e+08 best solution, best possible 1.4791793e+08 (230.29 seconds)
Cbc0010I After 41000 nodes, 8104 on tree, 1.4984812e+08 best solution, best possible 1.4792659e+08 (230.92 seconds)
Cbc0010I After 41100 nodes, 8078 on tree, 1.4984812e+08 best solution, best possible 1.4792659e+08 (231.31 seconds)
Cbc0010I After 41200 nodes, 8054 on tree, 1.4984812e+08 best solution, best possible 1.4792659e+08 (231.71 seconds)
Cbc0010I After 41300 nodes, 8025 on tree, 1.4984812e+08 best solution, best possible 1.4792659e+08 (232.06 seconds)
Cbc0010I After 41400 nodes, 7989 on tree, 1.4984812e+08 best solution, best possible 1.4792659e+08 (232.43 seconds)
Cbc0010I After 41500 nodes, 7949 on tree, 1.4984812e+08 best solution, best possible 1.4792659e+08 (232.75 seconds)
Cbc0010I After 41600 nodes, 7909 on tree, 1.4984812e+08 best solution, best possible 1.4792659e+08 (233.04 seconds)
Cbc0010I After 41700 nodes, 7864 on tree, 1.4984812e+08 best solution, best possible 1.4792659e+08 (233.29 seconds)
Cbc0010I After 41800 nodes, 7818 on tree, 1.4984812e+08 best solution, best possible 1.4792659e+08 (233.56 seconds)
Cbc0010I After 41900 nodes, 7792 on tree, 1.4984812e+08 best solution, best possible 1.4792659e+08 (234.02 seconds)
Cbc0010I After 42000 nodes, 7764 on tree, 1.4984812e+08 best solution, best possible 1.4792659e+08 (234.48 seconds)
Cbc0010I After 42100 nodes, 7765 on tree, 1.4984812e+08 best solution, best possible 1.4793356e+08 (235.25 seconds)
Cbc0010I After 42200 nodes, 7767 on tree, 1.4984812e+08 best solution, best possible 1.4794025e+08 (235.93 seconds)
Cbc0010I After 42300 nodes, 7768 on tree, 1.4984812e+08 best solution, best possible 1.4795013e+08 (236.62 seconds)
Cbc0010I After 42400 nodes, 7764 on tree, 1.4984812e+08 best solution, best possible 1.4795965e+08 (237.27 seconds)
Cbc0010I After 42500 nodes, 7758 on tree, 1.4984812e+08 best solution, best possible 1.4796791e+08 (238.00 seconds)
Cbc0010I After 42600 nodes, 7754 on tree, 1.4984812e+08 best solution, best possible 1.4797631e+08 (238.64 seconds)
Cbc0010I After 42700 nodes, 7755 on tree, 1.4984812e+08 best solution, best possible 1.4798518e+08 (239.35 seconds)
Cbc0010I After 42800 nodes, 7757 on tree, 1.4984812e+08 best solution, best possible 1.4799299e+08 (240.08 seconds)
Cbc0010I After 42900 nodes, 7753 on tree, 1.4984812e+08 best solution, best possible 1.4800117e+08 (240.79 seconds)
Cbc0010I After 43000 nodes, 7751 on tree, 1.4984812e+08 best solution, best possible 1.4800928e+08 (241.51 seconds)
Cbc0010I After 43100 nodes, 7749 on tree, 1.4984812e+08 best solution, best possible 1.4801733e+08 (242.15 seconds)
Cbc0010I After 43200 nodes, 7752 on tree, 1.4984812e+08 best solution, best possible 1.4802536e+08 (242.90 seconds)
Cbc0010I After 43300 nodes, 7750 on tree, 1.4984812e+08 best solution, best possible 1.4803497e+08 (243.62 seconds)
Cbc0010I After 43400 nodes, 7748 on tree, 1.4984812e+08 best solution, best possible 1.4804375e+08 (244.31 seconds)
Cbc0010I After 43500 nodes, 7750 on tree, 1.4984812e+08 best solution, best possible 1.4805177e+08 (245.01 seconds)
Cbc0010I After 43600 nodes, 7746 on tree, 1.4984812e+08 best solution, best possible 1.4806045e+08 (245.66 seconds)
Cbc0010I After 43700 nodes, 7741 on tree, 1.4984812e+08 best solution, best possible 1.4806804e+08 (246.39 seconds)
Cbc0010I After 43800 nodes, 7739 on tree, 1.4984812e+08 best solution, best possible 1.4807642e+08 (247.10 seconds)
Cbc0010I After 43900 nodes, 7734 on tree, 1.4984812e+08 best solution, best possible 1.480834e+08 (247.90 seconds)
Cbc0010I After 44000 nodes, 7732 on tree, 1.4984812e+08 best solution, best possible 1.4809231e+08 (248.71 seconds)
Cbc0010I After 44100 nodes, 7727 on tree, 1.4984812e+08 best solution, best possible 1.4809816e+08 (249.48 seconds)
Cbc0010I After 44200 nodes, 7721 on tree, 1.4984812e+08 best solution, best possible 1.4810709e+08 (250.23 seconds)
Cbc0010I After 44300 nodes, 7717 on tree, 1.4984812e+08 best solution, best possible 1.4811578e+08 (250.98 seconds)
Cbc0010I After 44400 nodes, 7712 on tree, 1.4984812e+08 best solution, best possible 1.4812539e+08 (251.70 seconds)
Cbc0010I After 44500 nodes, 7713 on tree, 1.4984812e+08 best solution, best possible 1.4813548e+08 (252.53 seconds)
Cbc0010I After 44600 nodes, 7707 on tree, 1.4984812e+08 best solution, best possible 1.4814564e+08 (253.28 seconds)
Cbc0010I After 44700 nodes, 7700 on tree, 1.4984812e+08 best solution, best possible 1.4815499e+08 (254.04 seconds)
Cbc0010I After 44800 nodes, 7691 on tree, 1.4984812e+08 best solution, best possible 1.4816308e+08 (254.77 seconds)
Cbc0010I After 44900 nodes, 7683 on tree, 1.4984812e+08 best solution, best possible 1.4817198e+08 (255.58 seconds)
Cbc0010I After 45000 nodes, 7672 on tree, 1.4984812e+08 best solution, best possible 1.4817966e+08 (256.32 seconds)
Cbc0010I After 45100 nodes, 7644 on tree, 1.4984812e+08 best solution, best possible 1.4817966e+08 (256.70 seconds)
Cbc0010I After 45200 nodes, 7607 on tree, 1.4984812e+08 best solution, best possible 1.4817966e+08 (257.05 seconds)
Cbc0010I After 45300 nodes, 7571 on tree, 1.4984812e+08 best solution, best possible 1.4817966e+08 (257.38 seconds)
Cbc0010I After 45400 nodes, 7543 on tree, 1.4984812e+08 best solution, best possible 1.4817966e+08 (257.83 seconds)
Cbc0010I After 45500 nodes, 7512 on tree, 1.4984812e+08 best solution, best possible 1.4817966e+08 (258.29 seconds)
Cbc0010I After 45600 nodes, 7476 on tree, 1.4984812e+08 best solution, best possible 1.4817966e+08 (258.72 seconds)
Cbc0010I After 45700 nodes, 7442 on tree, 1.4984812e+08 best solution, best possible 1.4817966e+08 (259.15 seconds)
Cbc0010I After 45800 nodes, 7412 on tree, 1.4984812e+08 best solution, best possible 1.4817966e+08 (259.52 seconds)
Cbc0010I After 45900 nodes, 7375 on tree, 1.4984812e+08 best solution, best possible 1.4817966e+08 (259.91 seconds)
Cbc0010I After 46000 nodes, 7340 on tree, 1.4984812e+08 best solution, best possible 1.4817966e+08 (260.32 seconds)
Cbc0010I After 46100 nodes, 7339 on tree, 1.4984812e+08 best solution, best possible 1.4819078e+08 (261.10 seconds)
Cbc0010I After 46200 nodes, 7334 on tree, 1.4984812e+08 best solution, best possible 1.4820069e+08 (261.85 seconds)
Cbc0010I After 46300 nodes, 7330 on tree, 1.4984812e+08 best solution, best possible 1.4820972e+08 (262.60 seconds)
Cbc0010I After 46400 nodes, 7321 on tree, 1.4984812e+08 best solution, best possible 1.4822106e+08 (263.33 seconds)
Cbc0010I After 46500 nodes, 7309 on tree, 1.4984812e+08 best solution, best possible 1.4822925e+08 (264.03 seconds)
Cbc0010I After 46600 nodes, 7308 on tree, 1.4984812e+08 best solution, best possible 1.4823911e+08 (264.80 seconds)
Cbc0010I After 46700 nodes, 7299 on tree, 1.4984812e+08 best solution, best possible 1.4825023e+08 (265.48 seconds)
Cbc0010I After 46800 nodes, 7289 on tree, 1.4984812e+08 best solution, best possible 1.4825897e+08 (266.15 seconds)
Cbc0038I Full problem 170 rows 7310 columns, reduced to 135 rows 4282 columns
Cbc0010I After 46900 nodes, 7283 on tree, 1.4984812e+08 best solution, best possible 1.4826943e+08 (266.89 seconds)
Cbc0010I After 47000 nodes, 7277 on tree, 1.4984812e+08 best solution, best possible 1.4827633e+08 (267.60 seconds)
Cbc0010I After 47100 nodes, 7274 on tree, 1.4984812e+08 best solution, best possible 1.4828425e+08 (268.30 seconds)
Cbc0010I After 47200 nodes, 7269 on tree, 1.4984812e+08 best solution, best possible 1.4829493e+08 (268.99 seconds)
Cbc0010I After 47300 nodes, 7259 on tree, 1.4984812e+08 best solution, best possible 1.4830466e+08 (269.70 seconds)
Cbc0010I After 47400 nodes, 7249 on tree, 1.4984812e+08 best solution, best possible 1.4831349e+08 (270.43 seconds)
Cbc0010I After 47500 nodes, 7236 on tree, 1.4984812e+08 best solution, best possible 1.4832068e+08 (271.12 seconds)
Cbc0010I After 47600 nodes, 7223 on tree, 1.4984812e+08 best solution, best possible 1.4833147e+08 (271.83 seconds)
Cbc0010I After 47700 nodes, 7213 on tree, 1.4984812e+08 best solution, best possible 1.4833951e+08 (272.48 seconds)
Cbc0010I After 47800 nodes, 7204 on tree, 1.4984812e+08 best solution, best possible 1.4835046e+08 (273.20 seconds)
Cbc0010I After 47900 nodes, 7191 on tree, 1.4984812e+08 best solution, best possible 1.4835894e+08 (273.92 seconds)
Cbc0010I After 48000 nodes, 7176 on tree, 1.4984812e+08 best solution, best possible 1.4837092e+08 (274.62 seconds)
Cbc0010I After 48100 nodes, 7170 on tree, 1.4984812e+08 best solution, best possible 1.4837889e+08 (275.32 seconds)
Cbc0010I After 48200 nodes, 7163 on tree, 1.4984812e+08 best solution, best possible 1.4838675e+08 (276.03 seconds)
Cbc0010I After 48300 nodes, 7150 on tree, 1.4984812e+08 best solution, best possible 1.4839495e+08 (276.71 seconds)
Cbc0010I After 48400 nodes, 7134 on tree, 1.4984812e+08 best solution, best possible 1.4840552e+08 (277.44 seconds)
Cbc0010I After 48500 nodes, 7125 on tree, 1.4984812e+08 best solution, best possible 1.4841288e+08 (278.15 seconds)
Cbc0010I After 48600 nodes, 7117 on tree, 1.4984812e+08 best solution, best possible 1.4842208e+08 (278.85 seconds)
Cbc0010I After 48700 nodes, 7109 on tree, 1.4984812e+08 best solution, best possible 1.4843086e+08 (279.56 seconds)
Cbc0010I After 48800 nodes, 7093 on tree, 1.4984812e+08 best solution, best possible 1.4844307e+08 (280.23 seconds)
Cbc0010I After 48900 nodes, 7080 on tree, 1.4984812e+08 best solution, best possible 1.4845253e+08 (280.92 seconds)
Cbc0010I After 49000 nodes, 7072 on tree, 1.4984812e+08 best solution, best possible 1.4845924e+08 (281.57 seconds)
Cbc0010I After 49100 nodes, 7031 on tree, 1.4984812e+08 best solution, best possible 1.4845924e+08 (281.80 seconds)
Cbc0010I After 49200 nodes, 6995 on tree, 1.4984812e+08 best solution, best possible 1.4845924e+08 (282.10 seconds)
Cbc0010I After 49300 nodes, 6959 on tree, 1.4984812e+08 best solution, best possible 1.4845924e+08 (282.47 seconds)
Cbc0010I After 49400 nodes, 6916 on tree, 1.4984812e+08 best solution, best possible 1.4845924e+08 (282.81 seconds)
Cbc0010I After 49500 nodes, 6874 on tree, 1.4984812e+08 best solution, best possible 1.4845924e+08 (283.14 seconds)
Cbc0010I After 49600 nodes, 6839 on tree, 1.4984812e+08 best solution, best possible 1.4845924e+08 (283.49 seconds)
Cbc0010I After 49700 nodes, 6798 on tree, 1.4984812e+08 best solution, best possible 1.4845924e+08 (283.85 seconds)
Cbc0010I After 49800 nodes, 6753 on tree, 1.4984812e+08 best solution, best possible 1.4845924e+08 (284.16 seconds)
Cbc0010I After 49900 nodes, 6712 on tree, 1.4984812e+08 best solution, best possible 1.4845924e+08 (284.47 seconds)
Cbc0010I After 50000 nodes, 6668 on tree, 1.4984812e+08 best solution, best possible 1.4845924e+08 (284.79 seconds)
Cbc0010I After 50100 nodes, 6651 on tree, 1.4984812e+08 best solution, best possible 1.4847233e+08 (285.46 seconds)
Cbc0010I After 50200 nodes, 6640 on tree, 1.4984812e+08 best solution, best possible 1.4848288e+08 (286.13 seconds)
Cbc0010I After 50300 nodes, 6627 on tree, 1.4984812e+08 best solution, best possible 1.4849132e+08 (286.83 seconds)
Cbc0010I After 50400 nodes, 6611 on tree, 1.4984812e+08 best solution, best possible 1.485006e+08 (287.55 seconds)
Cbc0010I After 50500 nodes, 6594 on tree, 1.4984812e+08 best solution, best possible 1.4850976e+08 (288.23 seconds)
Cbc0010I After 50600 nodes, 6577 on tree, 1.4984812e+08 best solution, best possible 1.4851795e+08 (288.94 seconds)
Cbc0010I After 50700 nodes, 6562 on tree, 1.4984812e+08 best solution, best possible 1.4852766e+08 (289.64 seconds)
Cbc0010I After 50800 nodes, 6544 on tree, 1.4984812e+08 best solution, best possible 1.4853802e+08 (290.34 seconds)
Cbc0010I After 50900 nodes, 6531 on tree, 1.4984812e+08 best solution, best possible 1.4854848e+08 (291.03 seconds)
Cbc0010I After 51000 nodes, 6519 on tree, 1.4984812e+08 best solution, best possible 1.4855936e+08 (291.68 seconds)
Cbc0010I After 51100 nodes, 6500 on tree, 1.4984812e+08 best solution, best possible 1.4856965e+08 (292.43 seconds)
Cbc0010I After 51200 nodes, 6479 on tree, 1.4984812e+08 best solution, best possible 1.4858164e+08 (293.10 seconds)
Cbc0010I After 51300 nodes, 6457 on tree, 1.4984812e+08 best solution, best possible 1.4859252e+08 (293.77 seconds)
Cbc0010I After 51400 nodes, 6441 on tree, 1.4984812e+08 best solution, best possible 1.4860192e+08 (294.46 seconds)
Cbc0010I After 51500 nodes, 6424 on tree, 1.4984812e+08 best solution, best possible 1.4861255e+08 (295.13 seconds)
Cbc0010I After 51600 nodes, 6410 on tree, 1.4984812e+08 best solution, best possible 1.4862304e+08 (295.78 seconds)
Cbc0010I After 51700 nodes, 6390 on tree, 1.4984812e+08 best solution, best possible 1.4863436e+08 (296.41 seconds)
Cbc0010I After 51800 nodes, 6361 on tree, 1.4984812e+08 best solution, best possible 1.4864394e+08 (297.03 seconds)
Cbc0010I After 51900 nodes, 6340 on tree, 1.4984812e+08 best solution, best possible 1.4865404e+08 (297.70 seconds)
Cbc0010I After 52000 nodes, 6319 on tree, 1.4984812e+08 best solution, best possible 1.4866423e+08 (298.38 seconds)
Cbc0010I After 52100 nodes, 6296 on tree, 1.4984812e+08 best solution, best possible 1.4867482e+08 (299.02 seconds)
Cbc0010I After 52200 nodes, 6273 on tree, 1.4984812e+08 best solution, best possible 1.4868433e+08 (299.64 seconds)
Cbc0010I After 52300 nodes, 6248 on tree, 1.4984812e+08 best solution, best possible 1.4869358e+08 (300.23 seconds)
Cbc0010I After 52400 nodes, 6226 on tree, 1.4984812e+08 best solution, best possible 1.4870432e+08 (300.80 seconds)
Cbc0010I After 52500 nodes, 6204 on tree, 1.4984812e+08 best solution, best possible 1.4871505e+08 (301.42 seconds)
Cbc0010I After 52600 nodes, 6180 on tree, 1.4984812e+08 best solution, best possible 1.4872398e+08 (301.97 seconds)
Cbc0010I After 52700 nodes, 6154 on tree, 1.4984812e+08 best solution, best possible 1.4873468e+08 (302.49 seconds)
Cbc0010I After 52800 nodes, 6126 on tree, 1.4984812e+08 best solution, best possible 1.4874306e+08 (303.07 seconds)
Cbc0010I After 52900 nodes, 6096 on tree, 1.4984812e+08 best solution, best possible 1.4875353e+08 (303.61 seconds)
Cbc0010I After 53000 nodes, 6074 on tree, 1.4984812e+08 best solution, best possible 1.4876239e+08 (304.18 seconds)
Cbc0010I After 53100 nodes, 6031 on tree, 1.4984812e+08 best solution, best possible 1.4876239e+08 (304.39 seconds)
Cbc0010I After 53200 nodes, 5983 on tree, 1.4984812e+08 best solution, best possible 1.4876239e+08 (304.63 seconds)
Cbc0010I After 53300 nodes, 5933 on tree, 1.4984812e+08 best solution, best possible 1.4876239e+08 (304.93 seconds)
Cbc0010I After 53400 nodes, 5884 on tree, 1.4984812e+08 best solution, best possible 1.4876239e+08 (305.17 seconds)
Cbc0010I After 53500 nodes, 5835 on tree, 1.4984812e+08 best solution, best possible 1.4876239e+08 (305.43 seconds)
Cbc0010I After 53600 nodes, 5785 on tree, 1.4984812e+08 best solution, best possible 1.4876239e+08 (305.65 seconds)
Cbc0010I After 53700 nodes, 5747 on tree, 1.4984812e+08 best solution, best possible 1.4876239e+08 (305.94 seconds)
Cbc0010I After 53800 nodes, 5716 on tree, 1.4984812e+08 best solution, best possible 1.4876239e+08 (306.31 seconds)
Cbc0010I After 53900 nodes, 5667 on tree, 1.4984812e+08 best solution, best possible 1.4876239e+08 (306.64 seconds)
Cbc0010I After 54000 nodes, 5622 on tree, 1.4984812e+08 best solution, best possible 1.4876239e+08 (307.03 seconds)
Cbc0038I Full problem 170 rows 7310 columns, reduced to 128 rows 3677 columns
Cbc0010I After 54100 nodes, 5578 on tree, 1.4984812e+08 best solution, best possible 1.487711e+08 (307.68 seconds)
Cbc0010I After 54200 nodes, 5536 on tree, 1.4984812e+08 best solution, best possible 1.4878013e+08 (308.22 seconds)
Cbc0010I After 54300 nodes, 5492 on tree, 1.4984812e+08 best solution, best possible 1.487886e+08 (308.80 seconds)
Cbc0010I After 54400 nodes, 5454 on tree, 1.4984812e+08 best solution, best possible 1.4879585e+08 (309.41 seconds)
Cbc0010I After 54500 nodes, 5411 on tree, 1.4984812e+08 best solution, best possible 1.4880863e+08 (309.98 seconds)
Cbc0010I After 54600 nodes, 5371 on tree, 1.4984812e+08 best solution, best possible 1.4881855e+08 (310.56 seconds)
Cbc0010I After 54700 nodes, 5330 on tree, 1.4984812e+08 best solution, best possible 1.488275e+08 (311.16 seconds)
Cbc0010I After 54800 nodes, 5290 on tree, 1.4984812e+08 best solution, best possible 1.4884048e+08 (311.74 seconds)
Cbc0010I After 54900 nodes, 5249 on tree, 1.4984812e+08 best solution, best possible 1.4884903e+08 (312.30 seconds)
Cbc0010I After 55000 nodes, 5207 on tree, 1.4984812e+08 best solution, best possible 1.4885923e+08 (312.89 seconds)
Cbc0010I After 55100 nodes, 5165 on tree, 1.4984812e+08 best solution, best possible 1.488685e+08 (313.41 seconds)
Cbc0010I After 55200 nodes, 5125 on tree, 1.4984812e+08 best solution, best possible 1.4887757e+08 (313.96 seconds)
Cbc0010I After 55300 nodes, 5083 on tree, 1.4984812e+08 best solution, best possible 1.4888536e+08 (314.45 seconds)
Cbc0010I After 55400 nodes, 5039 on tree, 1.4984812e+08 best solution, best possible 1.488947e+08 (314.95 seconds)
Cbc0010I After 55500 nodes, 4996 on tree, 1.4984812e+08 best solution, best possible 1.4890414e+08 (315.44 seconds)
Cbc0010I After 55600 nodes, 4953 on tree, 1.4984812e+08 best solution, best possible 1.4891522e+08 (315.90 seconds)
Cbc0010I After 55700 nodes, 4909 on tree, 1.4984812e+08 best solution, best possible 1.4892554e+08 (316.38 seconds)
Cbc0010I After 55800 nodes, 4870 on tree, 1.4984812e+08 best solution, best possible 1.4893732e+08 (316.90 seconds)
Cbc0010I After 55900 nodes, 4825 on tree, 1.4984812e+08 best solution, best possible 1.4894805e+08 (317.36 seconds)
Cbc0010I After 56000 nodes, 4777 on tree, 1.4984812e+08 best solution, best possible 1.4895639e+08 (317.81 seconds)
Cbc0010I After 56100 nodes, 4733 on tree, 1.4984812e+08 best solution, best possible 1.4896325e+08 (318.28 seconds)
Cbc0010I After 56200 nodes, 4689 on tree, 1.4984812e+08 best solution, best possible 1.4897734e+08 (318.76 seconds)
Cbc0010I After 56300 nodes, 4644 on tree, 1.4984812e+08 best solution, best possible 1.4898773e+08 (319.27 seconds)
Cbc0010I After 56400 nodes, 4597 on tree, 1.4984812e+08 best solution, best possible 1.4899664e+08 (319.67 seconds)
Cbc0010I After 56500 nodes, 4552 on tree, 1.4984812e+08 best solution, best possible 1.4900566e+08 (320.14 seconds)
Cbc0010I After 56600 nodes, 4503 on tree, 1.4984812e+08 best solution, best possible 1.4901408e+08 (320.57 seconds)
Cbc0010I After 56700 nodes, 4458 on tree, 1.4984812e+08 best solution, best possible 1.4902524e+08 (320.98 seconds)
Cbc0010I After 56800 nodes, 4410 on tree, 1.4984812e+08 best solution, best possible 1.4903481e+08 (321.41 seconds)
Cbc0010I After 56900 nodes, 4361 on tree, 1.4984812e+08 best solution, best possible 1.4904397e+08 (321.81 seconds)
Cbc0010I After 57000 nodes, 4315 on tree, 1.4984812e+08 best solution, best possible 1.4905317e+08 (322.23 seconds)
Cbc0010I After 57100 nodes, 4268 on tree, 1.4984812e+08 best solution, best possible 1.4905317e+08 (322.47 seconds)
Cbc0010I After 57200 nodes, 4218 on tree, 1.4984812e+08 best solution, best possible 1.4905317e+08 (322.74 seconds)
Cbc0010I After 57300 nodes, 4168 on tree, 1.4984812e+08 best solution, best possible 1.4905317e+08 (322.98 seconds)
Cbc0010I After 57400 nodes, 4118 on tree, 1.4984812e+08 best solution, best possible 1.4905317e+08 (323.24 seconds)
Cbc0010I After 57500 nodes, 4069 on tree, 1.4984812e+08 best solution, best possible 1.4905317e+08 (323.48 seconds)
Cbc0010I After 57600 nodes, 4021 on tree, 1.4984812e+08 best solution, best possible 1.4905317e+08 (323.80 seconds)
Cbc0010I After 57700 nodes, 3971 on tree, 1.4984812e+08 best solution, best possible 1.4905317e+08 (324.04 seconds)
Cbc0010I After 57800 nodes, 3922 on tree, 1.4984812e+08 best solution, best possible 1.4905317e+08 (324.28 seconds)
Cbc0010I After 57900 nodes, 3872 on tree, 1.4984812e+08 best solution, best possible 1.4905317e+08 (324.54 seconds)
Cbc0010I After 58000 nodes, 3822 on tree, 1.4984812e+08 best solution, best possible 1.4905317e+08 (324.75 seconds)
Cbc0010I After 58100 nodes, 3774 on tree, 1.4984812e+08 best solution, best possible 1.4906363e+08 (325.14 seconds)
Cbc0010I After 58200 nodes, 3730 on tree, 1.4984812e+08 best solution, best possible 1.4907592e+08 (325.54 seconds)
Cbc0010I After 58300 nodes, 3683 on tree, 1.4984812e+08 best solution, best possible 1.4908648e+08 (325.97 seconds)
Cbc0010I After 58400 nodes, 3635 on tree, 1.4984812e+08 best solution, best possible 1.4909984e+08 (326.36 seconds)
Cbc0010I After 58500 nodes, 3588 on tree, 1.4984812e+08 best solution, best possible 1.4911178e+08 (326.75 seconds)
Cbc0010I After 58600 nodes, 3541 on tree, 1.4984812e+08 best solution, best possible 1.4912013e+08 (327.14 seconds)
Cbc0010I After 58700 nodes, 3492 on tree, 1.4984812e+08 best solution, best possible 1.4912959e+08 (327.52 seconds)
Cbc0010I After 58800 nodes, 3443 on tree, 1.4984812e+08 best solution, best possible 1.4914132e+08 (327.90 seconds)
Cbc0010I After 58900 nodes, 3396 on tree, 1.4984812e+08 best solution, best possible 1.4915095e+08 (328.31 seconds)
Cbc0010I After 59000 nodes, 3348 on tree, 1.4984812e+08 best solution, best possible 1.4916213e+08 (328.66 seconds)
Cbc0010I After 59100 nodes, 3301 on tree, 1.4984812e+08 best solution, best possible 1.4917311e+08 (328.99 seconds)
Cbc0010I After 59200 nodes, 3253 on tree, 1.4984812e+08 best solution, best possible 1.4918373e+08 (329.33 seconds)
Cbc0010I After 59300 nodes, 3205 on tree, 1.4984812e+08 best solution, best possible 1.4919248e+08 (329.70 seconds)
Cbc0010I After 59400 nodes, 3155 on tree, 1.4984812e+08 best solution, best possible 1.4920273e+08 (330.04 seconds)
Cbc0010I After 59500 nodes, 3106 on tree, 1.4984812e+08 best solution, best possible 1.4921192e+08 (330.36 seconds)
Cbc0010I After 59600 nodes, 3057 on tree, 1.4984812e+08 best solution, best possible 1.4921983e+08 (330.66 seconds)
Cbc0010I After 59700 nodes, 3007 on tree, 1.4984812e+08 best solution, best possible 1.4923151e+08 (330.93 seconds)
Cbc0010I After 59800 nodes, 2959 on tree, 1.4984812e+08 best solution, best possible 1.4924196e+08 (331.23 seconds)
Cbc0010I After 59900 nodes, 2910 on tree, 1.4984812e+08 best solution, best possible 1.4925502e+08 (331.54 seconds)
Cbc0010I After 60000 nodes, 2862 on tree, 1.4984812e+08 best solution, best possible 1.49267e+08 (331.80 seconds)
Cbc0010I After 60100 nodes, 2812 on tree, 1.4984812e+08 best solution, best possible 1.4927928e+08 (332.10 seconds)
Cbc0010I After 60200 nodes, 2763 on tree, 1.4984812e+08 best solution, best possible 1.4928833e+08 (332.44 seconds)
Cbc0010I After 60300 nodes, 2713 on tree, 1.4984812e+08 best solution, best possible 1.4929823e+08 (332.75 seconds)
Cbc0010I After 60400 nodes, 2664 on tree, 1.4984812e+08 best solution, best possible 1.4930977e+08 (333.03 seconds)
Cbc0010I After 60500 nodes, 2618 on tree, 1.4984812e+08 best solution, best possible 1.4931924e+08 (333.29 seconds)
Cbc0010I After 60600 nodes, 2569 on tree, 1.4984812e+08 best solution, best possible 1.4932929e+08 (333.61 seconds)
Cbc0010I After 60700 nodes, 2520 on tree, 1.4984812e+08 best solution, best possible 1.4934241e+08 (333.88 seconds)
Cbc0010I After 60800 nodes, 2471 on tree, 1.4984812e+08 best solution, best possible 1.4935358e+08 (334.17 seconds)
Cbc0010I After 60900 nodes, 2421 on tree, 1.4984812e+08 best solution, best possible 1.4936327e+08 (334.43 seconds)
Cbc0010I After 61000 nodes, 2375 on tree, 1.4984812e+08 best solution, best possible 1.4937269e+08 (334.70 seconds)
Cbc0010I After 61100 nodes, 2325 on tree, 1.4984812e+08 best solution, best possible 1.4937269e+08 (334.89 seconds)
Cbc0010I After 61200 nodes, 2275 on tree, 1.4984812e+08 best solution, best possible 1.4937269e+08 (335.09 seconds)
Cbc0038I Full problem 170 rows 7310 columns, reduced to 123 rows 3245 columns
Cbc0010I After 61300 nodes, 2225 on tree, 1.4984812e+08 best solution, best possible 1.4937269e+08 (335.31 seconds)
Cbc0010I After 61400 nodes, 2175 on tree, 1.4984812e+08 best solution, best possible 1.4937269e+08 (335.49 seconds)
Cbc0010I After 61500 nodes, 2126 on tree, 1.4984812e+08 best solution, best possible 1.4937269e+08 (335.68 seconds)
Cbc0010I After 61600 nodes, 2076 on tree, 1.4984812e+08 best solution, best possible 1.4937269e+08 (335.91 seconds)
Cbc0010I After 61700 nodes, 2026 on tree, 1.4984812e+08 best solution, best possible 1.4937269e+08 (336.11 seconds)
Cbc0010I After 61800 nodes, 1976 on tree, 1.4984812e+08 best solution, best possible 1.4937269e+08 (336.32 seconds)
Cbc0010I After 61900 nodes, 1926 on tree, 1.4984812e+08 best solution, best possible 1.4937269e+08 (336.51 seconds)
Cbc0010I After 62000 nodes, 1876 on tree, 1.4984812e+08 best solution, best possible 1.4937269e+08 (336.68 seconds)
Cbc0010I After 62100 nodes, 1826 on tree, 1.4984812e+08 best solution, best possible 1.4938268e+08 (336.95 seconds)
Cbc0010I After 62200 nodes, 1777 on tree, 1.4984812e+08 best solution, best possible 1.4939639e+08 (337.22 seconds)
Cbc0010I After 62300 nodes, 1729 on tree, 1.4984812e+08 best solution, best possible 1.4940767e+08 (337.46 seconds)
Cbc0010I After 62400 nodes, 1679 on tree, 1.4984812e+08 best solution, best possible 1.4941714e+08 (337.71 seconds)
Cbc0010I After 62500 nodes, 1630 on tree, 1.4984812e+08 best solution, best possible 1.494298e+08 (337.99 seconds)
Cbc0010I After 62600 nodes, 1580 on tree, 1.4984812e+08 best solution, best possible 1.494417e+08 (338.25 seconds)
Cbc0010I After 62700 nodes, 1531 on tree, 1.4984812e+08 best solution, best possible 1.494535e+08 (338.50 seconds)
Cbc0010I After 62800 nodes, 1483 on tree, 1.4984812e+08 best solution, best possible 1.4946428e+08 (338.76 seconds)
Cbc0010I After 62900 nodes, 1434 on tree, 1.4984812e+08 best solution, best possible 1.4947476e+08 (339.02 seconds)
Cbc0010I After 63000 nodes, 1384 on tree, 1.4984812e+08 best solution, best possible 1.4948461e+08 (339.26 seconds)
Cbc0010I After 63100 nodes, 1335 on tree, 1.4984812e+08 best solution, best possible 1.4949575e+08 (339.50 seconds)
Cbc0010I After 63200 nodes, 1286 on tree, 1.4984812e+08 best solution, best possible 1.4950608e+08 (339.77 seconds)
Cbc0010I After 63300 nodes, 1236 on tree, 1.4984812e+08 best solution, best possible 1.4951859e+08 (339.98 seconds)
Cbc0010I After 63400 nodes, 1186 on tree, 1.4984812e+08 best solution, best possible 1.4952841e+08 (340.19 seconds)
Cbc0010I After 63500 nodes, 1137 on tree, 1.4984812e+08 best solution, best possible 1.495414e+08 (340.39 seconds)
Cbc0010I After 63600 nodes, 1087 on tree, 1.4984812e+08 best solution, best possible 1.49553e+08 (340.61 seconds)
Cbc0010I After 63700 nodes, 1038 on tree, 1.4984812e+08 best solution, best possible 1.4956284e+08 (340.83 seconds)
Cbc0010I After 63800 nodes, 988 on tree, 1.4984812e+08 best solution, best possible 1.4957786e+08 (341.02 seconds)
Cbc0010I After 63900 nodes, 938 on tree, 1.4984812e+08 best solution, best possible 1.4959125e+08 (341.23 seconds)
Cbc0010I After 64000 nodes, 889 on tree, 1.4984812e+08 best solution, best possible 1.4960415e+08 (341.40 seconds)
Cbc0010I After 64100 nodes, 839 on tree, 1.4984812e+08 best solution, best possible 1.4961879e+08 (341.59 seconds)
Cbc0010I After 64200 nodes, 791 on tree, 1.4984812e+08 best solution, best possible 1.496308e+08 (341.79 seconds)
Cbc0010I After 64300 nodes, 742 on tree, 1.4984812e+08 best solution, best possible 1.4964535e+08 (341.99 seconds)
Cbc0010I After 64400 nodes, 693 on tree, 1.4984812e+08 best solution, best possible 1.4965814e+08 (342.17 seconds)
Cbc0010I After 64500 nodes, 643 on tree, 1.4984812e+08 best solution, best possible 1.4967004e+08 (342.34 seconds)
Cbc0010I After 64600 nodes, 593 on tree, 1.4984812e+08 best solution, best possible 1.4968248e+08 (342.52 seconds)
Cbc0010I After 64700 nodes, 543 on tree, 1.4984812e+08 best solution, best possible 1.4969377e+08 (342.70 seconds)
Cbc0010I After 64800 nodes, 493 on tree, 1.4984812e+08 best solution, best possible 1.4970699e+08 (342.89 seconds)
Cbc0010I After 64900 nodes, 443 on tree, 1.4984812e+08 best solution, best possible 1.497234e+08 (343.07 seconds)
Cbc0010I After 65000 nodes, 395 on tree, 1.4984812e+08 best solution, best possible 1.4973547e+08 (343.26 seconds)
Cbc0010I After 65100 nodes, 345 on tree, 1.4984812e+08 best solution, best possible 1.4973547e+08 (343.42 seconds)
Cbc0010I After 65200 nodes, 295 on tree, 1.4984812e+08 best solution, best possible 1.4973547e+08 (343.58 seconds)
Cbc0010I After 65300 nodes, 245 on tree, 1.4984812e+08 best solution, best possible 1.4973547e+08 (343.76 seconds)
Cbc0010I After 65400 nodes, 195 on tree, 1.4984812e+08 best solution, best possible 1.4973547e+08 (343.95 seconds)
Cbc0010I After 65500 nodes, 145 on tree, 1.4984812e+08 best solution, best possible 1.4973547e+08 (344.14 seconds)
Cbc0010I After 65600 nodes, 95 on tree, 1.4984812e+08 best solution, best possible 1.4973602e+08 (344.33 seconds)
Cbc0010I After 65700 nodes, 45 on tree, 1.4984812e+08 best solution, best possible 1.4973602e+08 (344.50 seconds)
Cbc0001I Search completed - best objective 149848116.4121694, took 348884 iterations and 65790 nodes (344.65 seconds)
Cbc0032I Strong branching done 133090 times (410203 iterations), fathomed 9281 nodes and fixed 31129 variables
Cbc0035I Maximum depth 38, 1312 variables fixed on reduced cost
Cuts at root node changed objective from 3.02291e+07 to 1.34544e+08
Probing was tried 7 times and created 0 cuts of which 0 were active after adding rounds of cuts (0.037 seconds)
Gomory was tried 7 times and created 89 cuts of which 0 were active after adding rounds of cuts (0.018 seconds)
Knapsack was tried 7 times and created 0 cuts of which 0 were active after adding rounds of cuts (0.001 seconds)
Clique was tried 7 times and created 0 cuts of which 0 were active after adding rounds of cuts (0.000 seconds)
MixedIntegerRounding2 was tried 7 times and created 0 cuts of which 0 were active after adding rounds of cuts (0.006 seconds)
FlowCover was tried 7 times and created 0 cuts of which 0 were active after adding rounds of cuts (0.019 seconds)
TwoMirCuts was tried 45689 times and created 127 cuts of which 0 were active after adding rounds of cuts (8.580 seconds)
ZeroHalf was tried 1 times and created 0 cuts of which 0 were active after adding rounds of cuts (0.000 seconds)

Result - Optimal solution found

Objective value:                149848116.41216943
Enumerated nodes:               65790
Total iterations:               348884
Time (CPU seconds):             331.81
Time (Wallclock seconds):       344.67

Option for printingOptions changed from normal to all
Total time (CPU seconds):       331.82   (Wallclock seconds):       344.68

