Welcome to the CBC MILP Solver 
Version: 2.10.3 
Build Date: Dec 15 2019 

command line - /home/cdmonsalvea/AI_OR_Workflow/.venv/lib/python3.10/site-packages/pulp/solverdir/cbc/linux/64/cbc /tmp/0327c1c07cb8440cb22e79cb6cd9e574-pulp.mps -sec 60 -threads 12 -timeMode elapsed -branch -printingOptions all -solution /tmp/0327c1c07cb8440cb22e79cb6cd9e574-pulp.sol (default strategy 1)
At line 2 NAME          MODEL
At line 3 ROWS
At line 85 COLUMNS
At line 8206 RHS
At line 8287 BOUNDS
At line 9928 ENDATA
Problem MODEL has 80 rows, 1640 columns and 3240 elements
Coin0008I MODEL read with 0 errors
seconds was changed from 1e+100 to 60
threads was changed from 0 to 12
Option for timeMode changed from cpu to elapsed
Continuous objective value is 1.0931 - 0.00 seconds
Cgl0004I processed model has 80 rows, 1640 columns (1640 integer (1640 of which binary)) and 3240 elements
Cbc0038I Initial state - 40 integers unsatisfied sum - 1
Cbc0038I Pass   1: suminf.    1.00000 (40) obj. 1.0931 iterations 0
Cbc0038I Pass   2: suminf.    0.40000 (16) obj. 26.6717 iterations 24
Cbc0038I Pass   3: suminf.    0.07500 (3) obj. 40.5268 iterations 13
Cbc0038I Solution found of 43.7241
Cbc0038I Before mini branch and bound, 1600 integers at bound fixed and 0 continuous
Cbc0038I Full problem 80 rows 1640 columns, reduced to 0 rows 0 columns
Cbc0038I Mini branch and bound did not improve solution (0.04 seconds)
Cbc0038I Round again with cutoff of 39.461
Cbc0038I Pass   4: suminf.    1.00000 (40) obj. 1.0931 iterations 0
Cbc0038I Pass   5: suminf.    0.50000 (20) obj. 22.4086 iterations 20
Cbc0038I Pass   6: suminf.    0.10001 (5) obj. 39.461 iterations 19
Cbc0038I Pass   7: suminf.    0.10001 (5) obj. 39.461 iterations 0
Cbc0038I Pass   8: suminf.    0.10001 (5) obj. 39.461 iterations 6
Cbc0038I Pass   9: suminf.    0.10001 (5) obj. 39.461 iterations 0
Cbc0038I Pass  10: suminf.    0.47742 (6) obj. 39.461 iterations 45
Cbc0038I Pass  11: suminf.    0.20132 (4) obj. 39.461 iterations 15
Cbc0038I Pass  12: suminf.    0.20132 (4) obj. 39.461 iterations 2
Cbc0038I Pass  13: suminf.    0.20132 (4) obj. 39.461 iterations 0
Cbc0038I Pass  14: suminf.    0.30132 (4) obj. 39.461 iterations 1
Cbc0038I Pass  15: suminf.    0.30132 (4) obj. 39.461 iterations 0
Cbc0038I Pass  16: suminf.    0.40919 (5) obj. 39.461 iterations 78
Cbc0038I Pass  17: suminf.    0.18173 (4) obj. 39.461 iterations 32
Cbc0038I Pass  18: suminf.    0.23173 (4) obj. 39.461 iterations 6
Cbc0038I Pass  19: suminf.    0.23173 (4) obj. 39.461 iterations 0
Cbc0038I Pass  20: suminf.    0.33173 (4) obj. 39.461 iterations 7
Cbc0038I Pass  21: suminf.    0.33173 (4) obj. 39.461 iterations 0
Cbc0038I Pass  22: suminf.    0.23173 (4) obj. 39.461 iterations 9
Cbc0038I Pass  23: suminf.    0.57972 (7) obj. 39.461 iterations 87
Cbc0038I Pass  24: suminf.    0.19728 (6) obj. 39.461 iterations 33
Cbc0038I Pass  25: suminf.    0.34728 (6) obj. 39.461 iterations 14
Cbc0038I Pass  26: suminf.    0.34728 (6) obj. 39.461 iterations 1
Cbc0038I Pass  27: suminf.    0.24728 (6) obj. 39.461 iterations 9
Cbc0038I Pass  28: suminf.    0.24728 (6) obj. 39.461 iterations 1
Cbc0038I Pass  29: suminf.    0.34728 (6) obj. 39.461 iterations 11
Cbc0038I Pass  30: suminf.    0.88253 (7) obj. 39.461 iterations 116
Cbc0038I Pass  31: suminf.    0.15000 (5) obj. 39.4048 iterations 73
Cbc0038I Pass  32: suminf.    0.20145 (5) obj. 39.461 iterations 59
Cbc0038I Pass  33: suminf.    0.17500 (5) obj. 39.4321 iterations 56
Cbc0038I Rounding solution of 35.0686 is better than previous of 43.7241

Cbc0038I Before mini branch and bound, 1485 integers at bound fixed and 0 continuous
Cbc0038I Full problem 80 rows 1640 columns, reduced to 66 rows 144 columns
Cbc0038I Mini branch and bound improved solution from 35.0686 to 22.264 (0.07 seconds)
Cbc0038I Round again with cutoff of 18.0298
Cbc0038I Pass  33: suminf.    1.00000 (40) obj. 1.0931 iterations 0
Cbc0038I Pass  34: suminf.    0.70587 (25) obj. 18.0298 iterations 16
Cbc0038I Pass  35: suminf.    0.70587 (25) obj. 18.0298 iterations 0
Cbc0038I Pass  36: suminf.    0.70587 (25) obj. 18.0298 iterations 5
Cbc0038I Pass  37: suminf.    0.70587 (25) obj. 18.0298 iterations 0
Cbc0038I Pass  38: suminf.    0.70587 (25) obj. 18.0298 iterations 2
Cbc0038I Pass  39: suminf.    0.70587 (25) obj. 18.0298 iterations 0
Cbc0038I Pass  40: suminf.    0.70587 (25) obj. 18.0298 iterations 1
Cbc0038I Pass  41: suminf.    0.70587 (25) obj. 18.0298 iterations 0
Cbc0038I Pass  42: suminf.    0.70587 (25) obj. 18.0298 iterations 4
Cbc0038I Pass  43: suminf.    0.70587 (25) obj. 18.0298 iterations 0
Cbc0038I Pass  44: suminf.    0.70587 (25) obj. 18.0298 iterations 1
Cbc0038I Pass  45: suminf.    0.70587 (25) obj. 18.0298 iterations 0
Cbc0038I Pass  46: suminf.    0.70587 (25) obj. 18.0298 iterations 1
Cbc0038I Pass  47: suminf.    0.89225 (23) obj. 18.0298 iterations 29
Cbc0038I Pass  48: suminf.    0.89225 (23) obj. 18.0298 iterations 18
Cbc0038I Pass  49: suminf.    0.89225 (23) obj. 18.0298 iterations 9
Cbc0038I Pass  50: suminf.    0.89225 (23) obj. 18.0298 iterations 0
Cbc0038I Pass  51: suminf.    0.84225 (23) obj. 18.0298 iterations 3
Cbc0038I Pass  52: suminf.    0.84225 (23) obj. 18.0298 iterations 0
Cbc0038I Pass  53: suminf.    0.89225 (23) obj. 18.0298 iterations 6
Cbc0038I Pass  54: suminf.    0.72611 (20) obj. 18.0298 iterations 59
Cbc0038I Pass  55: suminf.    0.72611 (20) obj. 18.0298 iterations 28
Cbc0038I Pass  56: suminf.    0.67611 (19) obj. 18.0298 iterations 11
Cbc0038I Pass  57: suminf.    0.67611 (19) obj. 18.0298 iterations 2
Cbc0038I Pass  58: suminf.    0.67611 (19) obj. 18.0298 iterations 11
Cbc0038I Pass  59: suminf.    0.67611 (19) obj. 18.0298 iterations 1
Cbc0038I Pass  60: suminf.    0.67611 (19) obj. 18.0298 iterations 7
Cbc0038I Pass  61: suminf.    0.53264 (16) obj. 18.0298 iterations 55
Cbc0038I Pass  62: suminf.    0.52500 (16) obj. 18.0214 iterations 32
Cbc0038I No solution found this major pass
Cbc0038I Before mini branch and bound, 1553 integers at bound fixed and 0 continuous
Cbc0038I Mini branch and bound did not improve solution (0.08 seconds)
Cbc0038I After 0.08 seconds - Feasibility pump exiting with objective of 22.264 - took 0.04 seconds
Cbc0012I Integer solution of 22.263979 found by feasibility pump after 0 iterations and 0 nodes (0.09 seconds)
Cbc0012I Integer solution of 10.932496 found by DiveCoefficient after 1219 iterations and 0 nodes (0.34 seconds)
Cbc0031I 228 added rows had average density of 19.986842
Cbc0013I At root node, 228 cuts changed objective from 1.0931034 to 10.932496 in 11 passes
Cbc0014I Cut generator 0 (Probing) - 366 row cuts average 2.0 elements, 0 column cuts (0 active)  in 0.062 seconds - new frequency is 1
Cbc0014I Cut generator 1 (Gomory) - 146 row cuts average 159.5 elements, 0 column cuts (0 active)  in 0.035 seconds - new frequency is 1
Cbc0014I Cut generator 2 (Knapsack) - 337 row cuts average 2.0 elements, 0 column cuts (0 active)  in 0.016 seconds - new frequency is 1
Cbc0014I Cut generator 3 (Clique) - 0 row cuts average 0.0 elements, 0 column cuts (0 active)  in 0.001 seconds - new frequency is -100
Cbc0014I Cut generator 4 (MixedIntegerRounding2) - 284 row cuts average 49.4 elements, 0 column cuts (0 active)  in 0.016 seconds - new frequency is 1
Cbc0014I Cut generator 5 (FlowCover) - 0 row cuts average 0.0 elements, 0 column cuts (0 active)  in 0.001 seconds - new frequency is -100
Cbc0014I Cut generator 6 (TwoMirCuts) - 190 row cuts average 117.5 elements, 0 column cuts (0 active)  in 0.021 seconds - new frequency is 1
Cbc0030I Thread 0 used 0 times,  waiting to start 0.071761847, 0 cpu time, 0 locks, 0 locked, 0 waiting for locks
Cbc0030I Thread 1 used 0 times,  waiting to start 0.065790892, 0 cpu time, 0 locks, 0 locked, 0 waiting for locks
Cbc0030I Thread 2 used 0 times,  waiting to start 0.05881381, 0 cpu time, 0 locks, 0 locked, 0 waiting for locks
Cbc0030I Thread 3 used 0 times,  waiting to start 0.052807093, 0 cpu time, 0 locks, 0 locked, 0 waiting for locks
Cbc0030I Thread 4 used 0 times,  waiting to start 0.046149969, 0 cpu time, 0 locks, 0 locked, 0 waiting for locks
Cbc0030I Thread 5 used 0 times,  waiting to start 0.039855957, 0 cpu time, 0 locks, 0 locked, 0 waiting for locks
Cbc0030I Thread 6 used 0 times,  waiting to start 0.033881903, 0 cpu time, 0 locks, 0 locked, 0 waiting for locks
Cbc0030I Thread 7 used 0 times,  waiting to start 0.027471066, 0 cpu time, 0 locks, 0 locked, 0 waiting for locks
Cbc0030I Thread 8 used 0 times,  waiting to start 0.021434069, 0 cpu time, 0 locks, 0 locked, 0 waiting for locks
Cbc0030I Thread 9 used 0 times,  waiting to start 0.015107155, 0 cpu time, 0 locks, 0 locked, 0 waiting for locks
Cbc0030I Thread 10 used 0 times,  waiting to start 0.0089590549, 0 cpu time, 0 locks, 0 locked, 0 waiting for locks
Cbc0030I Thread 11 used 0 times,  waiting to start 0.0029220581, 0 cpu time, 0 locks, 0 locked, 0 waiting for locks
Cbc0030I Main thread 0 waiting for threads,  1 locks, 5.0067902e-06 locked, 9.5367432e-07 waiting for locks
Cbc0001I Search completed - best objective 10.93249569110056, took 1219 iterations and 0 nodes (0.45 seconds)
Cbc0035I Maximum depth 0, 0 variables fixed on reduced cost
Cuts at root node changed objective from 1.0931 to 10.9325
Probing was tried 143 times and created 4758 cuts of which 0 were active after adding rounds of cuts (0.804 seconds)
Gomory was tried 143 times and created 1898 cuts of which 0 were active after adding rounds of cuts (0.453 seconds)
Knapsack was tried 143 times and created 4381 cuts of which 0 were active after adding rounds of cuts (0.213 seconds)
Clique was tried 143 times and created 0 cuts of which 0 were active after adding rounds of cuts (0.013 seconds)
MixedIntegerRounding2 was tried 143 times and created 3692 cuts of which 0 were active after adding rounds of cuts (0.206 seconds)
FlowCover was tried 143 times and created 0 cuts of which 0 were active after adding rounds of cuts (0.007 seconds)
TwoMirCuts was tried 143 times and created 2470 cuts of which 0 were active after adding rounds of cuts (0.268 seconds)
ZeroHalf was tried 13 times and created 0 cuts of which 0 were active after adding rounds of cuts (0.001 seconds)

Result - Optimal solution found

Objective value:                10.93249569
Enumerated nodes:               0
Total iterations:               1219
Time (CPU seconds):             0.42
Time (Wallclock seconds):       0.45

Option for printingOptions changed from normal to all
Total time (CPU seconds):       0.43   (Wallclock seconds):       0.46

