Welcome to the CBC MILP Solver 
Version: 2.10.3 
Build Date: Dec 15 2019 

command line - /home/cdmonsalvea/AI_OR_Workflow/.venv/lib/python3.10/site-packages/pulp/solverdir/cbc/linux/64/cbc /tmp/e512dc261ca74aecb3b7ec67108e2c07-pulp.mps -sec 60 -threads 12 -timeMode elapsed -branch -printingOptions all -solution /tmp/e512dc261ca74aecb3b7ec67108e2c07-pulp.sol (default strategy 1)
At line 2 NAME          MODEL
At line 3 ROWS
At line 445 COLUMNS
At line 243106 RHS
At line 243547 BOUNDS
At line 292168 ENDATA
Problem MODEL has 440 rows, 48620 columns and 97020 elements
Coin0008I MODEL read with 0 errors
seconds was changed from 1e+100 to 60
threads was changed from 0 to 12
Option for timeMode changed from cpu to elapsed
Continuous objective value is 1.19655 - 0.03 seconds
Cgl0004I processed model has 440 rows, 48620 columns (48620 integer (48620 of which binary)) and 97020 elements
Cbc0038I Initial state - 220 integers unsatisfied sum - 1
Cbc0038I Pass   1: suminf.    1.00000 (220) obj. 1.19655 iterations 0
Cbc0038I Pass   2: suminf.    0.93182 (205) obj. 19.0632 iterations 15
Cbc0038I Pass   3: suminf.    0.83182 (183) obj. 45.2677 iterations 22
Cbc0038I Pass   4: suminf.    0.70455 (155) obj. 78.6189 iterations 28
Cbc0038I Pass   5: suminf.    0.58182 (128) obj. 110.779 iterations 27
Cbc0038I Pass   6: suminf.    0.50455 (111) obj. 131.028 iterations 17
Cbc0038I Pass   7: suminf.    0.41364 (91) obj. 154.85 iterations 20
Cbc0038I Pass   8: suminf.    0.31364 (69) obj. 181.055 iterations 22
Cbc0038I Pass   9: suminf.    0.22273 (49) obj. 204.877 iterations 20
Cbc0038I Pass  10: suminf.    0.17273 (38) obj. 217.979 iterations 11
Cbc0038I Pass  11: suminf.    0.06818 (15) obj. 245.375 iterations 23
Cbc0038I Solution found of 263.241
Cbc0038I Before mini branch and bound, 48400 integers at bound fixed and 0 continuous
Cbc0038I Full problem 440 rows 48620 columns, reduced to 0 rows 0 columns
Cbc0038I Mini branch and bound did not improve solution (0.91 seconds)
Cbc0038I Round again with cutoff of 237.037
Cbc0038I Pass  12: suminf.    1.00000 (220) obj. 1.19655 iterations 0
Cbc0038I Pass  13: suminf.    0.93182 (205) obj. 19.0632 iterations 15
Cbc0038I Pass  14: suminf.    0.85000 (187) obj. 40.5033 iterations 18
Cbc0038I Pass  15: suminf.    0.74091 (163) obj. 69.09 iterations 24
Cbc0038I Pass  16: suminf.    0.63182 (139) obj. 97.6767 iterations 24
Cbc0038I Pass  17: suminf.    0.54091 (119) obj. 121.499 iterations 20
Cbc0038I Pass  18: suminf.    0.40909 (90) obj. 156.041 iterations 29
Cbc0038I Pass  19: suminf.    0.30909 (68) obj. 182.246 iterations 22
Cbc0038I Pass  20: suminf.    0.24091 (53) obj. 200.112 iterations 15
Cbc0038I Pass  21: suminf.    0.16364 (36) obj. 220.361 iterations 17
Cbc0038I Pass  22: suminf.    0.10001 (23) obj. 237.037 iterations 34
Cbc0038I Pass  23: suminf.    0.10001 (23) obj. 237.037 iterations 0
Cbc0038I Pass  24: suminf.    0.10001 (23) obj. 237.037 iterations 24
Cbc0038I Pass  25: suminf.    0.10001 (23) obj. 237.037 iterations 0
Cbc0038I Pass  26: suminf.    0.20306 (20) obj. 237.037 iterations 66
Cbc0038I Pass  27: suminf.    0.09091 (18) obj. 237.034 iterations 98
Cbc0038I Pass  28: suminf.    0.09361 (18) obj. 237.037 iterations 75
Cbc0038I Pass  29: suminf.    0.08636 (18) obj. 237.028 iterations 76
Cbc0038I Pass  30: suminf.    0.33210 (21) obj. 237.037 iterations 197
Cbc0038I Pass  31: suminf.    0.13392 (20) obj. 237.037 iterations 118
Cbc0038I Pass  32: suminf.    0.15210 (20) obj. 237.037 iterations 34
Cbc0038I Pass  33: suminf.    0.15210 (20) obj. 237.037 iterations 2
Cbc0038I Pass  34: suminf.    0.15210 (20) obj. 237.037 iterations 39
Cbc0038I Pass  35: suminf.    0.15210 (20) obj. 237.037 iterations 2
Cbc0038I Pass  36: suminf.    0.15210 (20) obj. 237.037 iterations 31
Cbc0038I Pass  37: suminf.    0.64046 (20) obj. 237.037 iterations 248
Cbc0038I Pass  38: suminf.    0.14091 (18) obj. 237.01 iterations 306
Cbc0038I Pass  39: suminf.    0.16372 (18) obj. 237.037 iterations 250
Cbc0038I Pass  40: suminf.    0.14545 (18) obj. 237.015 iterations 265
Cbc0038I Pass  41: suminf.    0.53488 (21) obj. 237.037 iterations 398
Cbc0038I Rounding solution of 185.389 is better than previous of 263.241

Cbc0038I Before mini branch and bound, 48005 integers at bound fixed and 0 continuous
Cbc0038I Full problem 440 rows 48620 columns, reduced to 219 rows 453 columns
Cbc0038I Mini branch and bound improved solution from 185.389 to 142.536 (1.61 seconds)
Cbc0038I Round again with cutoff of 114.268
Cbc0038I Pass  41: suminf.    1.00000 (220) obj. 1.19655 iterations 0
Cbc0038I Pass  42: suminf.    0.92273 (203) obj. 21.4455 iterations 17
Cbc0038I Pass  43: suminf.    0.81818 (180) obj. 48.8411 iterations 23
Cbc0038I Pass  44: suminf.    0.75455 (166) obj. 65.5166 iterations 14
Cbc0038I Pass  45: suminf.    0.67727 (149) obj. 85.7656 iterations 17
Cbc0038I Pass  46: suminf.    0.63867 (126) obj. 114.268 iterations 29
Cbc0038I Pass  47: suminf.    0.63867 (126) obj. 114.268 iterations 0
Cbc0038I Pass  48: suminf.    0.63867 (126) obj. 114.268 iterations 26
Cbc0038I Pass  49: suminf.    0.63867 (126) obj. 114.268 iterations 0
Cbc0038I Pass  50: suminf.    0.63867 (126) obj. 114.268 iterations 7
Cbc0038I Pass  51: suminf.    0.63867 (126) obj. 114.268 iterations 0
Cbc0038I Pass  52: suminf.    0.63867 (126) obj. 114.268 iterations 1
Cbc0038I Pass  53: suminf.    0.63867 (126) obj. 114.268 iterations 0
Cbc0038I Pass  54: suminf.    0.63867 (126) obj. 114.268 iterations 1
Cbc0038I Pass  55: suminf.    0.63867 (126) obj. 114.268 iterations 0
Cbc0038I Pass  56: suminf.    0.63867 (126) obj. 114.268 iterations 1
Cbc0038I Pass  57: suminf.    0.63867 (126) obj. 114.268 iterations 0
Cbc0038I Pass  58: suminf.    0.63867 (126) obj. 114.268 iterations 1
Cbc0038I Pass  59: suminf.    0.63502 (113) obj. 114.268 iterations 41
Cbc0038I Pass  60: suminf.    0.55455 (113) obj. 114.172 iterations 56
Cbc0038I Pass  61: suminf.    0.63502 (113) obj. 114.268 iterations 61
Cbc0038I Pass  62: suminf.    0.53182 (113) obj. 114.144 iterations 49
Cbc0038I Pass  63: suminf.    0.63502 (113) obj. 114.268 iterations 54
Cbc0038I Pass  64: suminf.    0.68162 (106) obj. 114.268 iterations 212
Cbc0038I Pass  65: suminf.    0.68162 (106) obj. 114.268 iterations 96
Cbc0038I Pass  66: suminf.    0.62707 (106) obj. 114.268 iterations 57
Cbc0038I Pass  67: suminf.    0.62707 (106) obj. 114.268 iterations 3
Cbc0038I Pass  68: suminf.    0.61798 (106) obj. 114.268 iterations 35
Cbc0038I Pass  69: suminf.    0.61798 (106) obj. 114.268 iterations 2
Cbc0038I Pass  70: suminf.    0.62707 (106) obj. 114.268 iterations 15
Cbc0038I No solution found this major pass
Cbc0038I Before mini branch and bound, 48304 integers at bound fixed and 0 continuous
Cbc0038I Mini branch and bound did not improve solution (2.13 seconds)
Cbc0038I After 2.13 seconds - Feasibility pump exiting with objective of 142.536 - took 1.46 seconds
Cbc0012I Integer solution of 142.53578 found by feasibility pump after 0 iterations and 0 nodes (2.14 seconds)
Cbc0031I 3210 added rows had average density of 7.205919
Cbc0013I At root node, 3210 cuts changed objective from 1.1965517 to 17.227637 in 23 passes
Cbc0014I Cut generator 0 (Probing) - 1865 row cuts average 2.3 elements, 0 column cuts (871 active)  in 4.206 seconds - new frequency is 1
Cbc0014I Cut generator 1 (Gomory) - 79 row cuts average 153.7 elements, 0 column cuts (0 active)  in 1.621 seconds - new frequency is -100
Cbc0014I Cut generator 2 (Knapsack) - 6283 row cuts average 2.0 elements, 0 column cuts (0 active)  in 0.413 seconds - new frequency is 1
Cbc0014I Cut generator 3 (Clique) - 0 row cuts average 0.0 elements, 0 column cuts (0 active)  in 0.080 seconds - new frequency is -100
Cbc0014I Cut generator 4 (MixedIntegerRounding2) - 2926 row cuts average 9.8 elements, 0 column cuts (0 active)  in 0.485 seconds - new frequency is 1
Cbc0014I Cut generator 5 (FlowCover) - 0 row cuts average 0.0 elements, 0 column cuts (0 active)  in 0.022 seconds - new frequency is -100
Cbc0030I Thread 0 used 0 times,  waiting to start 0.55821705, 0 cpu time, 0 locks, 0 locked, 0 waiting for locks
Cbc0030I Thread 1 used 0 times,  waiting to start 0.51392508, 0 cpu time, 0 locks, 0 locked, 0 waiting for locks
Cbc0030I Thread 2 used 0 times,  waiting to start 0.46934891, 0 cpu time, 0 locks, 0 locked, 0 waiting for locks
Cbc0030I Thread 3 used 0 times,  waiting to start 0.42451811, 0 cpu time, 0 locks, 0 locked, 0 waiting for locks
Cbc0030I Thread 4 used 0 times,  waiting to start 0.37908101, 0 cpu time, 0 locks, 0 locked, 0 waiting for locks
Cbc0030I Thread 5 used 0 times,  waiting to start 0.32974696, 0 cpu time, 0 locks, 0 locked, 0 waiting for locks
Cbc0030I Thread 6 used 0 times,  waiting to start 0.27867293, 0 cpu time, 0 locks, 0 locked, 0 waiting for locks
Cbc0030I Thread 7 used 0 times,  waiting to start 0.22860193, 0 cpu time, 0 locks, 0 locked, 0 waiting for locks
Cbc0030I Thread 8 used 0 times,  waiting to start 0.17647719, 0 cpu time, 0 locks, 0 locked, 0 waiting for locks
Cbc0030I Thread 9 used 0 times,  waiting to start 0.1274271, 0 cpu time, 0 locks, 0 locked, 0 waiting for locks
Cbc0030I Thread 10 used 0 times,  waiting to start 0.076162815, 0 cpu time, 0 locks, 0 locked, 0 waiting for locks
Cbc0030I Thread 11 used 0 times,  waiting to start 0.025191069, 0 cpu time, 0 locks, 0 locked, 0 waiting for locks
Cbc0030I Main thread 0 waiting for threads,  1 locks, 7.8678131e-06 locked, 9.5367432e-07 waiting for locks
Cbc0020I Exiting on maximum time
Cbc0005I Partial search - best objective 142.53578 (best possible 17.227637), took 65533 iterations and 0 nodes (64.60 seconds)
Cbc0035I Maximum depth 0, 0 variables fixed on reduced cost
Cuts at root node changed objective from 1.19655 to 17.2276
Probing was tried 299 times and created 24245 cuts of which 11323 were active after adding rounds of cuts (54.673 seconds)
Gomory was tried 299 times and created 1027 cuts of which 0 were active after adding rounds of cuts (21.071 seconds)
Knapsack was tried 299 times and created 81679 cuts of which 0 were active after adding rounds of cuts (5.365 seconds)
Clique was tried 299 times and created 0 cuts of which 0 were active after adding rounds of cuts (1.038 seconds)
MixedIntegerRounding2 was tried 299 times and created 38038 cuts of which 0 were active after adding rounds of cuts (6.305 seconds)
FlowCover was tried 299 times and created 0 cuts of which 0 were active after adding rounds of cuts (0.287 seconds)
TwoMirCuts was tried 13 times and created 0 cuts of which 0 were active after adding rounds of cuts (0.025 seconds)
ZeroHalf was tried 13 times and created 0 cuts of which 0 were active after adding rounds of cuts (0.012 seconds)

Result - Stopped on time limit

Objective value:                142.53577833
Lower bound:                    17.228
Gap:                            7.27
Enumerated nodes:               0
Total iterations:               65533
Time (CPU seconds):             64.29
Time (Wallclock seconds):       64.66

Option for printingOptions changed from normal to all
Total time (CPU seconds):       64.42   (Wallclock seconds):       64.80

