Welcome to the CBC MILP Solver 
Version: 2.10.3 
Build Date: Dec 15 2019 

command line - /home/cdmonsalvea/AI_OR_Workflow/.venv/lib/python3.10/site-packages/pulp/solverdir/cbc/linux/64/cbc /tmp/826c7826cf7d45a19140796cde056195-pulp.mps -sec 60 -threads 12 -timeMode elapsed -branch -printingOptions all -solution /tmp/826c7826cf7d45a19140796cde056195-pulp.sol (default strategy 1)
At line 2 NAME          MODEL
At line 3 ROWS
At line 483 COLUMNS
At line 286806 RHS
At line 287285 BOUNDS
At line 344646 ENDATA
Problem MODEL has 478 rows, 57360 columns and 114481 elements
Coin0008I MODEL read with 0 errors
seconds was changed from 1e+100 to 60
threads was changed from 0 to 12
Option for timeMode changed from cpu to elapsed
Continuous objective value is 1.21379 - 0.02 seconds
Cgl0004I processed model has 478 rows, 57360 columns (57360 integer (57360 of which binary)) and 114481 elements
Cbc0038I Initial state - 239 integers unsatisfied sum - 1
Cbc0038I Pass   1: suminf.    1.00000 (239) obj. 1.21379 iterations 0
Cbc0038I Pass   2: suminf.    0.88703 (212) obj. 33.8491 iterations 27
Cbc0038I Pass   3: suminf.    0.84519 (202) obj. 45.9362 iterations 10
Cbc0038I Pass   4: suminf.    0.77406 (185) obj. 66.4844 iterations 17
Cbc0038I Pass   5: suminf.    0.66109 (158) obj. 99.1197 iterations 27
Cbc0038I Pass   6: suminf.    0.57741 (138) obj. 123.294 iterations 20
Cbc0038I Pass   7: suminf.    0.46025 (110) obj. 157.138 iterations 28
Cbc0038I Pass   8: suminf.    0.38494 (92) obj. 178.895 iterations 18
Cbc0038I Pass   9: suminf.    0.27197 (65) obj. 211.53 iterations 27
Cbc0038I Pass  10: suminf.    0.20502 (49) obj. 230.87 iterations 16
Cbc0038I Pass  11: suminf.    0.13389 (32) obj. 251.418 iterations 17
Cbc0038I Pass  12: suminf.    0.03347 (8) obj. 280.427 iterations 24
Cbc0038I Solution found of 290.097
Cbc0038I Before mini branch and bound, 57121 integers at bound fixed and 0 continuous
Cbc0038I Full problem 478 rows 57360 columns, reduced to 0 rows 0 columns
Cbc0038I Mini branch and bound did not improve solution (1.15 seconds)
Cbc0038I Round again with cutoff of 261.208
Cbc0038I Pass  13: suminf.    1.00000 (239) obj. 1.21379 iterations 0
Cbc0038I Pass  14: suminf.    0.90795 (217) obj. 27.8055 iterations 22
Cbc0038I Pass  15: suminf.    0.86192 (206) obj. 41.1014 iterations 11
Cbc0038I Pass  16: suminf.    0.76151 (182) obj. 70.1105 iterations 24
Cbc0038I Pass  17: suminf.    0.70293 (168) obj. 87.0325 iterations 14
Cbc0038I Pass  18: suminf.    0.62762 (150) obj. 108.789 iterations 18
Cbc0038I Pass  19: suminf.    0.51464 (123) obj. 141.425 iterations 27
Cbc0038I Pass  20: suminf.    0.40586 (97) obj. 172.851 iterations 26
Cbc0038I Pass  21: suminf.    0.32218 (77) obj. 197.026 iterations 20
Cbc0038I Pass  22: suminf.    0.24686 (59) obj. 218.782 iterations 18
Cbc0038I Pass  23: suminf.    0.20084 (48) obj. 232.078 iterations 11
Cbc0038I Pass  24: suminf.    0.10042 (24) obj. 261.087 iterations 24
Cbc0038I Pass  25: suminf.    0.19999 (24) obj. 261.208 iterations 30
Cbc0038I Pass  26: suminf.    0.10042 (24) obj. 261.087 iterations 1
Cbc0038I Pass  27: suminf.    0.19999 (24) obj. 261.208 iterations 18
Cbc0038I Pass  28: suminf.    0.10042 (24) obj. 261.087 iterations 1
Cbc0038I Pass  29: suminf.    0.19999 (24) obj. 261.208 iterations 1
Cbc0038I Pass  30: suminf.    0.66127 (24) obj. 261.208 iterations 138
Cbc0038I Pass  31: suminf.    0.13199 (23) obj. 261.208 iterations 87
Cbc0038I Pass  32: suminf.    0.14036 (23) obj. 261.208 iterations 26
Cbc0038I Pass  33: suminf.    0.14036 (23) obj. 261.208 iterations 4
Cbc0038I Pass  34: suminf.    0.14036 (23) obj. 261.208 iterations 144
Cbc0038I Pass  35: suminf.    0.14036 (23) obj. 261.208 iterations 3
Cbc0038I Pass  36: suminf.    0.14036 (23) obj. 261.208 iterations 101
Cbc0038I Pass  37: suminf.    0.14036 (23) obj. 261.208 iterations 3
Cbc0038I Pass  38: suminf.    0.13199 (23) obj. 261.208 iterations 78
Cbc0038I Pass  39: suminf.    0.13199 (23) obj. 261.208 iterations 3
Cbc0038I Pass  40: suminf.    0.14036 (23) obj. 261.208 iterations 50
Cbc0038I Pass  41: suminf.    0.14036 (23) obj. 261.208 iterations 6
Cbc0038I Pass  42: suminf.    0.14036 (23) obj. 261.208 iterations 85
Cbc0038I Rounding solution of 231.953 is better than previous of 290.097

Cbc0038I Before mini branch and bound, 56956 integers at bound fixed and 0 continuous
Cbc0038I Full problem 478 rows 57360 columns, reduced to 63 rows 126 columns
Cbc0038I Mini branch and bound improved solution from 231.953 to 218.221 (1.85 seconds)
Cbc0038I Round again with cutoff of 174.82
Cbc0038I Pass  42: suminf.    1.00000 (239) obj. 1.21379 iterations 0
Cbc0038I Pass  43: suminf.    0.92050 (220) obj. 24.1794 iterations 19
Cbc0038I Pass  44: suminf.    0.85356 (204) obj. 43.5188 iterations 16
Cbc0038I Pass  45: suminf.    0.75314 (180) obj. 72.5279 iterations 24
Cbc0038I Pass  46: suminf.    0.71130 (170) obj. 84.6151 iterations 10
Cbc0038I Pass  47: suminf.    0.58996 (141) obj. 119.668 iterations 29
Cbc0038I Pass  48: suminf.    0.48954 (117) obj. 148.677 iterations 24
Cbc0038I Pass  49: suminf.    0.76749 (96) obj. 174.82 iterations 27
Cbc0038I Pass  50: suminf.    0.76749 (96) obj. 174.82 iterations 0
Cbc0038I Pass  51: suminf.    0.76749 (96) obj. 174.82 iterations 28
Cbc0038I Pass  52: suminf.    0.76749 (96) obj. 174.82 iterations 0
Cbc0038I Pass  53: suminf.    0.76749 (96) obj. 174.82 iterations 1
Cbc0038I Pass  54: suminf.    0.76749 (96) obj. 174.82 iterations 0
Cbc0038I Pass  55: suminf.    0.76749 (96) obj. 174.82 iterations 1
Cbc0038I Pass  56: suminf.    0.67418 (87) obj. 174.82 iterations 123
Cbc0038I Pass  57: suminf.    0.67418 (87) obj. 174.82 iterations 22
Cbc0038I Pass  58: suminf.    0.63233 (87) obj. 174.82 iterations 41
Cbc0038I Pass  59: suminf.    0.63233 (87) obj. 174.82 iterations 1
Cbc0038I Pass  60: suminf.    0.63233 (87) obj. 174.82 iterations 22
Cbc0038I Pass  61: suminf.    0.63233 (87) obj. 174.82 iterations 1
Cbc0038I Pass  62: suminf.    0.63233 (87) obj. 174.82 iterations 22
Cbc0038I Pass  63: suminf.    0.80106 (80) obj. 174.82 iterations 183
Cbc0038I Pass  64: suminf.    0.80106 (80) obj. 174.82 iterations 96
Cbc0038I Pass  65: suminf.    0.80106 (80) obj. 174.82 iterations 26
Cbc0038I Pass  66: suminf.    0.80106 (80) obj. 174.82 iterations 1
Cbc0038I Pass  67: suminf.    0.78433 (79) obj. 174.82 iterations 23
Cbc0038I Pass  68: suminf.    0.78433 (79) obj. 174.82 iterations 1
Cbc0038I Pass  69: suminf.    0.77596 (79) obj. 174.82 iterations 30
Cbc0038I Pass  70: suminf.    0.77596 (79) obj. 174.82 iterations 1
Cbc0038I Pass  71: suminf.    0.78433 (79) obj. 174.82 iterations 56
Cbc0038I No solution found this major pass
Cbc0038I Before mini branch and bound, 57011 integers at bound fixed and 0 continuous
Cbc0038I Mini branch and bound did not improve solution (2.49 seconds)
Cbc0038I After 2.49 seconds - Feasibility pump exiting with objective of 218.221 - took 1.64 seconds
Cbc0012I Integer solution of 218.22103 found by feasibility pump after 0 iterations and 0 nodes (2.50 seconds)
Cbc0031I 3218 added rows had average density of 6.6783717
Cbc0013I At root node, 3218 cuts changed objective from 1.2137931 to 17.484889 in 20 passes
Cbc0014I Cut generator 0 (Probing) - 1508 row cuts average 2.2 elements, 0 column cuts (742 active)  in 4.412 seconds - new frequency is 1
Cbc0014I Cut generator 1 (Gomory) - 66 row cuts average 162.1 elements, 0 column cuts (0 active)  in 1.533 seconds - new frequency is -100
Cbc0014I Cut generator 2 (Knapsack) - 5271 row cuts average 2.0 elements, 0 column cuts (0 active)  in 0.382 seconds - new frequency is 1
Cbc0014I Cut generator 3 (Clique) - 0 row cuts average 0.0 elements, 0 column cuts (0 active)  in 0.069 seconds - new frequency is -100
Cbc0014I Cut generator 4 (MixedIntegerRounding2) - 2790 row cuts average 9.0 elements, 0 column cuts (0 active)  in 0.475 seconds - new frequency is 1
Cbc0014I Cut generator 5 (FlowCover) - 0 row cuts average 0.0 elements, 0 column cuts (0 active)  in 0.022 seconds - new frequency is -100
Cbc0014I Cut generator 7 (ZeroHalf) - 474 row cuts average 42.7 elements, 0 column cuts (0 active)  in 6.846 seconds - new frequency is 1
Cbc0030I Thread 0 used 0 times,  waiting to start 0.75834799, 0 cpu time, 0 locks, 0 locked, 0 waiting for locks
Cbc0030I Thread 1 used 0 times,  waiting to start 0.69754815, 0 cpu time, 0 locks, 0 locked, 0 waiting for locks
Cbc0030I Thread 2 used 0 times,  waiting to start 0.636096, 0 cpu time, 0 locks, 0 locked, 0 waiting for locks
Cbc0030I Thread 3 used 0 times,  waiting to start 0.57522511, 0 cpu time, 0 locks, 0 locked, 0 waiting for locks
Cbc0030I Thread 4 used 0 times,  waiting to start 0.51342201, 0 cpu time, 0 locks, 0 locked, 0 waiting for locks
Cbc0030I Thread 5 used 0 times,  waiting to start 0.44702697, 0 cpu time, 0 locks, 0 locked, 0 waiting for locks
Cbc0030I Thread 6 used 0 times,  waiting to start 0.37950301, 0 cpu time, 0 locks, 0 locked, 0 waiting for locks
Cbc0030I Thread 7 used 0 times,  waiting to start 0.31032801, 0 cpu time, 0 locks, 0 locked, 0 waiting for locks
Cbc0030I Thread 8 used 0 times,  waiting to start 0.2398169, 0 cpu time, 0 locks, 0 locked, 0 waiting for locks
Cbc0030I Thread 9 used 0 times,  waiting to start 0.165869, 0 cpu time, 0 locks, 0 locked, 0 waiting for locks
Cbc0030I Thread 10 used 0 times,  waiting to start 0.094808102, 0 cpu time, 0 locks, 0 locked, 0 waiting for locks
Cbc0030I Thread 11 used 0 times,  waiting to start 0.026850939, 0 cpu time, 0 locks, 0 locked, 0 waiting for locks
Cbc0030I Main thread 0 waiting for threads,  1 locks, 8.1062317e-06 locked, 9.5367432e-07 waiting for locks
Cbc0020I Exiting on maximum time
Cbc0005I Partial search - best objective 218.22103 (best possible 17.484889), took 50932 iterations and 0 nodes (62.79 seconds)
Cbc0035I Maximum depth 0, 0 variables fixed on reduced cost
Cuts at root node changed objective from 1.21379 to 17.4849
Probing was tried 260 times and created 19604 cuts of which 9646 were active after adding rounds of cuts (57.350 seconds)
Gomory was tried 260 times and created 858 cuts of which 0 were active after adding rounds of cuts (19.925 seconds)
Knapsack was tried 260 times and created 68523 cuts of which 0 were active after adding rounds of cuts (4.971 seconds)
Clique was tried 260 times and created 0 cuts of which 0 were active after adding rounds of cuts (0.891 seconds)
MixedIntegerRounding2 was tried 260 times and created 36270 cuts of which 0 were active after adding rounds of cuts (6.169 seconds)
FlowCover was tried 260 times and created 0 cuts of which 0 were active after adding rounds of cuts (0.280 seconds)
TwoMirCuts was tried 13 times and created 0 cuts of which 0 were active after adding rounds of cuts (0.029 seconds)
ZeroHalf was tried 260 times and created 6162 cuts of which 0 were active after adding rounds of cuts (88.995 seconds)

Result - Stopped on time limit

Objective value:                218.22103190
Lower bound:                    17.485
Gap:                            11.48
Enumerated nodes:               0
Total iterations:               50932
Time (CPU seconds):             62.43
Time (Wallclock seconds):       62.85

Option for printingOptions changed from normal to all
Total time (CPU seconds):       62.60   (Wallclock seconds):       63.02

