Welcome to the CBC MILP Solver 
Version: 2.10.3 
Build Date: Dec 15 2019 

command line - /home/cdmonsalvea/AI_OR_Workflow/.venv/lib/python3.10/site-packages/pulp/solverdir/cbc/linux/64/cbc /tmp/6e372b48204540eea84ec79fe38d2fb8-pulp.mps -sec 60 -threads 12 -timeMode elapsed -branch -printingOptions all -solution /tmp/6e372b48204540eea84ec79fe38d2fb8-pulp.sol (default strategy 1)
At line 2 NAME          MODEL
At line 3 ROWS
At line 425 COLUMNS
At line 221556 RHS
At line 221977 BOUNDS
At line 266288 ENDATA
Problem MODEL has 420 rows, 44310 columns and 88410 elements
Coin0008I MODEL read with 0 errors
seconds was changed from 1e+100 to 60
threads was changed from 0 to 12
Option for timeMode changed from cpu to elapsed
Continuous objective value is 1.18793 - 0.01 seconds
Cgl0004I processed model has 420 rows, 44310 columns (44310 integer (44310 of which binary)) and 88410 elements
Cbc0038I Initial state - 210 integers unsatisfied sum - 1
Cbc0038I Pass   1: suminf.    1.00000 (210) obj. 1.18793 iterations 0
Cbc0038I Pass   2: suminf.    0.94286 (198) obj. 15.3752 iterations 12
Cbc0038I Pass   3: suminf.    0.81429 (171) obj. 47.2966 iterations 27
Cbc0038I Pass   4: suminf.    0.70476 (148) obj. 74.4889 iterations 23
Cbc0038I Pass   5: suminf.    0.60000 (126) obj. 100.499 iterations 22
Cbc0038I Pass   6: suminf.    0.52381 (110) obj. 119.415 iterations 16
Cbc0038I Pass   7: suminf.    0.39048 (82) obj. 152.519 iterations 28
Cbc0038I Pass   8: suminf.    0.32857 (69) obj. 167.889 iterations 13
Cbc0038I Pass   9: suminf.    0.25238 (53) obj. 186.805 iterations 16
Cbc0038I Pass  10: suminf.    0.13810 (29) obj. 215.18 iterations 24
Cbc0038I Pass  11: suminf.    0.03810 (8) obj. 240.007 iterations 21
Cbc0038I Solution found of 249.466
Cbc0038I Before mini branch and bound, 44100 integers at bound fixed and 0 continuous
Cbc0038I Full problem 420 rows 44310 columns, reduced to 0 rows 0 columns
Cbc0038I Mini branch and bound did not improve solution (0.83 seconds)
Cbc0038I Round again with cutoff of 224.638
Cbc0038I Pass  12: suminf.    1.00000 (210) obj. 1.18793 iterations 0
Cbc0038I Pass  13: suminf.    0.87143 (183) obj. 33.1093 iterations 27
Cbc0038I Pass  14: suminf.    0.73810 (155) obj. 66.213 iterations 28
Cbc0038I Pass  15: suminf.    0.65714 (138) obj. 86.3117 iterations 17
Cbc0038I Pass  16: suminf.    0.58095 (122) obj. 105.228 iterations 16
Cbc0038I Pass  17: suminf.    0.51905 (109) obj. 120.598 iterations 13
Cbc0038I Pass  18: suminf.    0.43810 (92) obj. 140.696 iterations 17
Cbc0038I Pass  19: suminf.    0.30476 (64) obj. 173.8 iterations 28
Cbc0038I Pass  20: suminf.    0.19048 (40) obj. 202.175 iterations 24
Cbc0038I Pass  21: suminf.    0.13810 (29) obj. 215.18 iterations 11
Cbc0038I Pass  22: suminf.    0.10001 (22) obj. 224.638 iterations 23
Cbc0038I Pass  23: suminf.    0.10001 (22) obj. 224.638 iterations 0
Cbc0038I Pass  24: suminf.    0.10001 (22) obj. 224.638 iterations 24
Cbc0038I Pass  25: suminf.    0.10001 (22) obj. 224.638 iterations 0
Cbc0038I Pass  26: suminf.    0.10001 (22) obj. 224.638 iterations 0
Cbc0038I Pass  27: suminf.    0.14911 (20) obj. 224.638 iterations 86
Cbc0038I Pass  28: suminf.    0.14911 (20) obj. 224.638 iterations 21
Cbc0038I Pass  29: suminf.    0.13959 (19) obj. 224.638 iterations 16
Cbc0038I Pass  30: suminf.    0.13959 (19) obj. 224.638 iterations 0
Cbc0038I Pass  31: suminf.    0.13959 (19) obj. 224.638 iterations 19
Cbc0038I Pass  32: suminf.    0.13959 (19) obj. 224.638 iterations 0
Cbc0038I Pass  33: suminf.    0.13959 (19) obj. 224.638 iterations 9
Cbc0038I Pass  34: suminf.    0.24392 (19) obj. 224.638 iterations 143
Cbc0038I Pass  35: suminf.    0.11118 (18) obj. 224.638 iterations 87
Cbc0038I Pass  36: suminf.    0.11118 (18) obj. 224.638 iterations 22
Cbc0038I Pass  37: suminf.    0.11118 (18) obj. 224.638 iterations 3
Cbc0038I Pass  38: suminf.    0.09213 (17) obj. 224.638 iterations 55
Cbc0038I Pass  39: suminf.    0.09213 (17) obj. 224.638 iterations 3
Cbc0038I Pass  40: suminf.    0.10166 (17) obj. 224.638 iterations 44
Cbc0038I Pass  41: suminf.    0.10166 (17) obj. 224.638 iterations 3
Cbc0038I Rounding solution of 196.022 is better than previous of 249.466

Cbc0038I Before mini branch and bound, 43954 integers at bound fixed and 0 continuous
Cbc0038I Full problem 420 rows 44310 columns, reduced to 62 rows 124 columns
Cbc0038I Mini branch and bound improved solution from 196.022 to 189.409 (1.33 seconds)
Cbc0038I Round again with cutoff of 151.765
Cbc0038I Pass  41: suminf.    1.00000 (210) obj. 1.18793 iterations 0
Cbc0038I Pass  42: suminf.    0.89048 (187) obj. 28.3802 iterations 23
Cbc0038I Pass  43: suminf.    0.80952 (170) obj. 48.4789 iterations 17
Cbc0038I Pass  44: suminf.    0.75238 (158) obj. 62.6662 iterations 12
Cbc0038I Pass  45: suminf.    0.70476 (148) obj. 74.4889 iterations 10
Cbc0038I Pass  46: suminf.    0.63810 (134) obj. 91.0408 iterations 14
Cbc0038I Pass  47: suminf.    0.56190 (118) obj. 109.957 iterations 16
Cbc0038I Pass  48: suminf.    0.45714 (96) obj. 135.967 iterations 22
Cbc0038I Pass  49: suminf.    0.75568 (83) obj. 151.765 iterations 33
Cbc0038I Pass  50: suminf.    0.39524 (83) obj. 151.337 iterations 1
Cbc0038I Pass  51: suminf.    0.75568 (83) obj. 151.765 iterations 12
Cbc0038I Pass  52: suminf.    0.39524 (83) obj. 151.337 iterations 1
Cbc0038I Pass  53: suminf.    0.75568 (83) obj. 151.765 iterations 2
Cbc0038I Pass  54: suminf.    0.39524 (83) obj. 151.337 iterations 1
Cbc0038I Pass  55: suminf.    0.75568 (83) obj. 151.765 iterations 2
Cbc0038I Pass  56: suminf.    0.39524 (83) obj. 151.337 iterations 1
Cbc0038I Pass  57: suminf.    0.75568 (83) obj. 151.765 iterations 1
Cbc0038I Pass  58: suminf.    0.44337 (71) obj. 151.765 iterations 91
Cbc0038I Pass  59: suminf.    0.44337 (71) obj. 151.765 iterations 34
Cbc0038I Pass  60: suminf.    0.42433 (71) obj. 151.765 iterations 26
Cbc0038I Pass  61: suminf.    0.42433 (71) obj. 151.765 iterations 0
Cbc0038I Pass  62: suminf.    0.40528 (70) obj. 151.765 iterations 33
Cbc0038I Pass  63: suminf.    0.40528 (70) obj. 151.765 iterations 0
Cbc0038I Pass  64: suminf.    0.41480 (70) obj. 151.765 iterations 33
Cbc0038I Pass  65: suminf.    0.41480 (70) obj. 151.765 iterations 2
Cbc0038I Pass  66: suminf.    0.42433 (70) obj. 151.765 iterations 32
Cbc0038I Pass  67: suminf.    0.42433 (70) obj. 151.765 iterations 1
Cbc0038I Pass  68: suminf.    0.41480 (70) obj. 151.765 iterations 16
Cbc0038I Pass  69: suminf.    1.11993 (67) obj. 151.765 iterations 80
Cbc0038I Pass  70: suminf.    0.35238 (65) obj. 151.734 iterations 101
Cbc0038I No solution found this major pass
Cbc0038I Before mini branch and bound, 43984 integers at bound fixed and 0 continuous
Cbc0038I Mini branch and bound did not improve solution (1.82 seconds)
Cbc0038I After 1.82 seconds - Feasibility pump exiting with objective of 189.409 - took 1.21 seconds
Cbc0012I Integer solution of 189.4092 found by feasibility pump after 0 iterations and 0 nodes (1.82 seconds)
Cbc0031I 3248 added rows had average density of 6.7795567
Cbc0013I At root node, 3248 cuts changed objective from 1.187931 to 17.025163 in 24 passes
Cbc0014I Cut generator 0 (Probing) - 2017 row cuts average 2.2 elements, 0 column cuts (689 active)  in 3.883 seconds - new frequency is 1
Cbc0014I Cut generator 1 (Gomory) - 108 row cuts average 98.5 elements, 0 column cuts (0 active)  in 1.628 seconds - new frequency is -100
Cbc0014I Cut generator 2 (Knapsack) - 6276 row cuts average 2.0 elements, 0 column cuts (0 active)  in 0.400 seconds - new frequency is 1
Cbc0014I Cut generator 3 (Clique) - 0 row cuts average 0.0 elements, 0 column cuts (0 active)  in 0.081 seconds - new frequency is -100
Cbc0014I Cut generator 4 (MixedIntegerRounding2) - 2904 row cuts average 9.5 elements, 0 column cuts (0 active)  in 0.446 seconds - new frequency is 1
Cbc0014I Cut generator 5 (FlowCover) - 0 row cuts average 0.0 elements, 0 column cuts (0 active)  in 0.022 seconds - new frequency is -100
Cbc0030I Thread 0 used 0 times,  waiting to start 0.5029881, 0 cpu time, 0 locks, 0 locked, 0 waiting for locks
Cbc0030I Thread 1 used 0 times,  waiting to start 0.45616889, 0 cpu time, 0 locks, 0 locked, 0 waiting for locks
Cbc0030I Thread 2 used 0 times,  waiting to start 0.41278601, 0 cpu time, 0 locks, 0 locked, 0 waiting for locks
Cbc0030I Thread 3 used 0 times,  waiting to start 0.37153196, 0 cpu time, 0 locks, 0 locked, 0 waiting for locks
Cbc0030I Thread 4 used 0 times,  waiting to start 0.33063889, 0 cpu time, 0 locks, 0 locked, 0 waiting for locks
Cbc0030I Thread 5 used 0 times,  waiting to start 0.28968501, 0 cpu time, 0 locks, 0 locked, 0 waiting for locks
Cbc0030I Thread 6 used 0 times,  waiting to start 0.24887109, 0 cpu time, 0 locks, 0 locked, 0 waiting for locks
Cbc0030I Thread 7 used 0 times,  waiting to start 0.20552397, 0 cpu time, 0 locks, 0 locked, 0 waiting for locks
Cbc0030I Thread 8 used 0 times,  waiting to start 0.15956807, 0 cpu time, 0 locks, 0 locked, 0 waiting for locks
Cbc0030I Thread 9 used 0 times,  waiting to start 0.11381388, 0 cpu time, 0 locks, 0 locked, 0 waiting for locks
Cbc0030I Thread 10 used 0 times,  waiting to start 0.068210125, 0 cpu time, 0 locks, 0 locked, 0 waiting for locks
Cbc0030I Thread 11 used 0 times,  waiting to start 0.022315979, 0 cpu time, 0 locks, 0 locked, 0 waiting for locks
Cbc0030I Main thread 0 waiting for threads,  1 locks, 8.1062317e-06 locked, 9.5367432e-07 waiting for locks
Cbc0020I Exiting on maximum time
Cbc0005I Partial search - best objective 189.4092 (best possible 17.025163), took 67774 iterations and 0 nodes (61.53 seconds)
Cbc0035I Maximum depth 0, 0 variables fixed on reduced cost
Cuts at root node changed objective from 1.18793 to 17.0252
Probing was tried 312 times and created 26221 cuts of which 8957 were active after adding rounds of cuts (50.475 seconds)
Gomory was tried 312 times and created 1404 cuts of which 0 were active after adding rounds of cuts (21.161 seconds)
Knapsack was tried 312 times and created 81588 cuts of which 0 were active after adding rounds of cuts (5.205 seconds)
Clique was tried 312 times and created 0 cuts of which 0 were active after adding rounds of cuts (1.057 seconds)
MixedIntegerRounding2 was tried 312 times and created 37752 cuts of which 0 were active after adding rounds of cuts (5.799 seconds)
FlowCover was tried 312 times and created 0 cuts of which 0 were active after adding rounds of cuts (0.286 seconds)
TwoMirCuts was tried 13 times and created 0 cuts of which 0 were active after adding rounds of cuts (0.024 seconds)
ZeroHalf was tried 13 times and created 0 cuts of which 0 were active after adding rounds of cuts (0.016 seconds)

Result - Stopped on time limit

Objective value:                189.40919949
Lower bound:                    17.025
Gap:                            10.13
Enumerated nodes:               0
Total iterations:               67774
Time (CPU seconds):             61.28
Time (Wallclock seconds):       61.58

Option for printingOptions changed from normal to all
Total time (CPU seconds):       61.38   (Wallclock seconds):       61.70

