Welcome to the CBC MILP Solver 
Version: 2.10.3 
Build Date: Dec 15 2019 

command line - /home/cdmonsalvea/AI_OR_Workflow/.venv/lib/python3.10/site-packages/pulp/solverdir/cbc/linux/64/cbc /tmp/a436a714787744a38514135f398c86ea-pulp.mps -sec 60 -threads 12 -timeMode elapsed -branch -printingOptions all -solution /tmp/a436a714787744a38514135f398c86ea-pulp.sol (default strategy 1)
At line 2 NAME          MODEL
At line 3 ROWS
At line 117 COLUMNS
At line 15966 RHS
At line 16079 BOUNDS
At line 19272 ENDATA
Problem MODEL has 112 rows, 3192 columns and 6328 elements
Coin0008I MODEL read with 0 errors
seconds was changed from 1e+100 to 60
threads was changed from 0 to 12
Option for timeMode changed from cpu to elapsed
Continuous objective value is 1.05 - 0.00 seconds
Cgl0004I processed model has 112 rows, 3192 columns (3192 integer (3192 of which binary)) and 6328 elements
Cbc0038I Initial state - 56 integers unsatisfied sum - 1
Cbc0038I Pass   1: suminf.    1.00000 (56) obj. 1.05 iterations 0
Cbc0038I Pass   2: suminf.    0.82143 (46) obj. 11.3625 iterations 10
Cbc0038I Pass   3: suminf.    0.41071 (23) obj. 35.0812 iterations 23
Cbc0038I Solution found of 58.8
Cbc0038I Before mini branch and bound, 3136 integers at bound fixed and 0 continuous
Cbc0038I Full problem 112 rows 3192 columns, reduced to 0 rows 0 columns
Cbc0038I Mini branch and bound did not improve solution (0.06 seconds)
Cbc0038I Round again with cutoff of 53.025
Cbc0038I Pass   4: suminf.    1.00000 (56) obj. 1.05 iterations 0
Cbc0038I Pass   5: suminf.    0.51786 (29) obj. 28.8938 iterations 27
Cbc0038I Pass   6: suminf.    0.12500 (7) obj. 51.5812 iterations 22
Cbc0038I Pass   7: suminf.    0.49999 (6) obj. 53.025 iterations 13
Cbc0038I Pass   8: suminf.    0.10714 (6) obj. 52.6125 iterations 1
Cbc0038I Pass   9: suminf.    0.68124 (9) obj. 53.025 iterations 59
Cbc0038I Pass  10: suminf.    0.14286 (7) obj. 52.887 iterations 39
Cbc0038I Pass  11: suminf.    0.27424 (6) obj. 53.025 iterations 49
Cbc0038I Pass  12: suminf.    0.14286 (6) obj. 52.887 iterations 44
Cbc0038I Pass  13: suminf.    0.27424 (6) obj. 53.025 iterations 46
Cbc0038I Pass  14: suminf.    0.26966 (10) obj. 53.025 iterations 68
Cbc0038I Pass  15: suminf.    0.16071 (8) obj. 52.9825 iterations 49
Cbc0038I Pass  16: suminf.    0.20116 (6) obj. 53.025 iterations 57
Cbc0038I Pass  17: suminf.    0.12500 (6) obj. 52.945 iterations 54
Cbc0038I Pass  18: suminf.    0.20116 (6) obj. 53.025 iterations 52
Cbc0038I Pass  19: suminf.    1.07652 (5) obj. 53.025 iterations 99
Cbc0038I Pass  20: suminf.    0.08929 (3) obj. 52.6469 iterations 67
Cbc0038I Pass  21: suminf.    0.44941 (3) obj. 53.025 iterations 85
Cbc0038I Pass  22: suminf.    0.10714 (3) obj. 52.6656 iterations 85
Cbc0038I Pass  23: suminf.    0.33195 (8) obj. 53.025 iterations 104
Cbc0038I Pass  24: suminf.    0.14286 (6) obj. 52.9586 iterations 83
Cbc0038I Pass  25: suminf.    0.20611 (5) obj. 53.025 iterations 83
Cbc0038I Pass  26: suminf.    0.10714 (5) obj. 52.9211 iterations 95
Cbc0038I Pass  27: suminf.    0.20611 (5) obj. 53.025 iterations 82
Cbc0038I Pass  28: suminf.    0.73605 (9) obj. 53.025 iterations 122
Cbc0038I Pass  29: suminf.    0.16071 (7) obj. 52.7893 iterations 86
Cbc0038I Pass  30: suminf.    0.38520 (7) obj. 53.025 iterations 91
Cbc0038I Pass  31: suminf.    0.16071 (7) obj. 52.7893 iterations 86
Cbc0038I Pass  32: suminf.    0.96543 (7) obj. 53.025 iterations 118
Cbc0038I Pass  33: suminf.    0.32510 (6) obj. 53.025 iterations 52
Cbc0038I Rounding solution of 46.2531 is better than previous of 58.8

Cbc0038I Before mini branch and bound, 2959 integers at bound fixed and 0 continuous
Cbc0038I Full problem 112 rows 3192 columns, reduced to 92 rows 218 columns
Cbc0038I Mini branch and bound improved solution from 46.2531 to 31.6676 (0.12 seconds)
Cbc0038I Round again with cutoff of 25.544
Cbc0038I Pass  33: suminf.    1.00000 (56) obj. 1.05 iterations 0
Cbc0038I Pass  34: suminf.    0.82143 (46) obj. 11.3625 iterations 10
Cbc0038I Pass  35: suminf.    0.81519 (33) obj. 25.544 iterations 14
Cbc0038I Pass  36: suminf.    0.81519 (33) obj. 25.544 iterations 0
Cbc0038I Pass  37: suminf.    0.81519 (33) obj. 25.544 iterations 20
Cbc0038I Pass  38: suminf.    0.81519 (33) obj. 25.544 iterations 0
Cbc0038I Pass  39: suminf.    0.81519 (33) obj. 25.544 iterations 1
Cbc0038I Pass  40: suminf.    0.81519 (33) obj. 25.544 iterations 0
Cbc0038I Pass  41: suminf.    0.81519 (33) obj. 25.544 iterations 1
Cbc0038I Pass  42: suminf.    0.74588 (31) obj. 25.544 iterations 14
Cbc0038I Pass  43: suminf.    0.74588 (31) obj. 25.544 iterations 11
Cbc0038I Pass  44: suminf.    0.74588 (31) obj. 25.544 iterations 5
Cbc0038I Pass  45: suminf.    0.74588 (31) obj. 25.544 iterations 0
Cbc0038I Pass  46: suminf.    0.74588 (31) obj. 25.544 iterations 6
Cbc0038I Pass  47: suminf.    0.74588 (31) obj. 25.544 iterations 0
Cbc0038I Pass  48: suminf.    0.74588 (31) obj. 25.544 iterations 5
Cbc0038I Pass  49: suminf.    0.74588 (31) obj. 25.544 iterations 0
Cbc0038I Pass  50: suminf.    0.74588 (31) obj. 25.544 iterations 5
Cbc0038I Pass  51: suminf.    0.76167 (28) obj. 25.544 iterations 29
Cbc0038I Pass  52: suminf.    0.58929 (28) obj. 25.363 iterations 17
Cbc0038I Pass  53: suminf.    0.76167 (28) obj. 25.544 iterations 27
Cbc0038I Pass  54: suminf.    0.58929 (28) obj. 25.363 iterations 21
Cbc0038I Pass  55: suminf.    0.76167 (28) obj. 25.544 iterations 25
Cbc0038I Pass  56: suminf.    0.58012 (28) obj. 25.544 iterations 39
Cbc0038I Pass  57: suminf.    0.58012 (28) obj. 25.544 iterations 36
Cbc0038I Pass  58: suminf.    0.58012 (28) obj. 25.544 iterations 0
Cbc0038I Pass  59: suminf.    1.29822 (30) obj. 25.544 iterations 42
Cbc0038I Pass  60: suminf.    0.61895 (28) obj. 25.544 iterations 23
Cbc0038I Pass  61: suminf.    0.61895 (28) obj. 25.544 iterations 1
Cbc0038I Pass  62: suminf.    0.92687 (30) obj. 25.544 iterations 40
Cbc0038I No solution found this major pass
Cbc0038I Before mini branch and bound, 3074 integers at bound fixed and 0 continuous
Cbc0038I Mini branch and bound did not improve solution (0.16 seconds)
Cbc0038I After 0.16 seconds - Feasibility pump exiting with objective of 31.6676 - took 0.11 seconds
Cbc0012I Integer solution of 31.667571 found by feasibility pump after 0 iterations and 0 nodes (0.16 seconds)
Cbc0012I Integer solution of 14.219256 found by DiveCoefficient after 2214 iterations and 0 nodes (0.79 seconds)
Cbc0031I 349 added rows had average density of 23.547278
Cbc0013I At root node, 349 cuts changed objective from 1.05 to 14.219256 in 18 passes
Cbc0014I Cut generator 0 (Probing) - 527 row cuts average 2.0 elements, 0 column cuts (214 active)  in 0.147 seconds - new frequency is 1
Cbc0014I Cut generator 1 (Gomory) - 155 row cuts average 156.7 elements, 0 column cuts (0 active)  in 0.083 seconds - new frequency is -100
Cbc0014I Cut generator 2 (Knapsack) - 260 row cuts average 2.0 elements, 0 column cuts (0 active)  in 0.011 seconds - new frequency is 1
Cbc0014I Cut generator 3 (Clique) - 0 row cuts average 0.0 elements, 0 column cuts (0 active)  in 0.003 seconds - new frequency is -100
Cbc0014I Cut generator 4 (MixedIntegerRounding2) - 394 row cuts average 25.7 elements, 0 column cuts (0 active)  in 0.027 seconds - new frequency is 1
Cbc0014I Cut generator 5 (FlowCover) - 0 row cuts average 0.0 elements, 0 column cuts (0 active)  in 0.002 seconds - new frequency is -100
Cbc0014I Cut generator 6 (TwoMirCuts) - 233 row cuts average 147.7 elements, 0 column cuts (0 active)  in 0.039 seconds - new frequency is 1
Cbc0030I Thread 0 used 0 times,  waiting to start 0.095308065, 0 cpu time, 0 locks, 0 locked, 0 waiting for locks
Cbc0030I Thread 1 used 0 times,  waiting to start 0.086745977, 0 cpu time, 0 locks, 0 locked, 0 waiting for locks
Cbc0030I Thread 2 used 0 times,  waiting to start 0.078408003, 0 cpu time, 0 locks, 0 locked, 0 waiting for locks
Cbc0030I Thread 3 used 0 times,  waiting to start 0.07012105, 0 cpu time, 0 locks, 0 locked, 0 waiting for locks
Cbc0030I Thread 4 used 0 times,  waiting to start 0.061808825, 0 cpu time, 0 locks, 0 locked, 0 waiting for locks
Cbc0030I Thread 5 used 0 times,  waiting to start 0.053413868, 0 cpu time, 0 locks, 0 locked, 0 waiting for locks
Cbc0030I Thread 6 used 0 times,  waiting to start 0.045234919, 0 cpu time, 0 locks, 0 locked, 0 waiting for locks
Cbc0030I Thread 7 used 0 times,  waiting to start 0.036864042, 0 cpu time, 0 locks, 0 locked, 0 waiting for locks
Cbc0030I Thread 8 used 0 times,  waiting to start 0.028666019, 0 cpu time, 0 locks, 0 locked, 0 waiting for locks
Cbc0030I Thread 9 used 0 times,  waiting to start 0.020329952, 0 cpu time, 0 locks, 0 locked, 0 waiting for locks
Cbc0030I Thread 10 used 0 times,  waiting to start 0.012177944, 0 cpu time, 0 locks, 0 locked, 0 waiting for locks
Cbc0030I Thread 11 used 0 times,  waiting to start 0.0039157867, 0 cpu time, 0 locks, 0 locked, 0 waiting for locks
Cbc0030I Main thread 0 waiting for threads,  1 locks, 5.0067902e-06 locked, 9.5367432e-07 waiting for locks
Cbc0001I Search completed - best objective 14.21925582672962, took 2214 iterations and 0 nodes (0.93 seconds)
Cbc0035I Maximum depth 0, 0 variables fixed on reduced cost
Cuts at root node changed objective from 1.05 to 14.2193
Probing was tried 234 times and created 6851 cuts of which 2782 were active after adding rounds of cuts (1.907 seconds)
Gomory was tried 234 times and created 2015 cuts of which 0 were active after adding rounds of cuts (1.085 seconds)
Knapsack was tried 234 times and created 3380 cuts of which 0 were active after adding rounds of cuts (0.142 seconds)
Clique was tried 234 times and created 0 cuts of which 0 were active after adding rounds of cuts (0.038 seconds)
MixedIntegerRounding2 was tried 234 times and created 5122 cuts of which 0 were active after adding rounds of cuts (0.353 seconds)
FlowCover was tried 234 times and created 0 cuts of which 0 were active after adding rounds of cuts (0.022 seconds)
TwoMirCuts was tried 234 times and created 3029 cuts of which 0 were active after adding rounds of cuts (0.509 seconds)
ZeroHalf was tried 13 times and created 0 cuts of which 0 were active after adding rounds of cuts (0.001 seconds)

Result - Optimal solution found

Objective value:                14.21925583
Enumerated nodes:               0
Total iterations:               2214
Time (CPU seconds):             0.86
Time (Wallclock seconds):       0.93

Option for printingOptions changed from normal to all
Total time (CPU seconds):       0.87   (Wallclock seconds):       0.94

