Welcome to the CBC MILP Solver 
Version: 2.10.3 
Build Date: Dec 15 2019 

command line - /home/cdmonsalvea/AI_OR_Workflow/.venv/lib/python3.10/site-packages/pulp/solverdir/cbc/linux/64/cbc /tmp/fa382cc0fd9e46c4b2432a26f9a09fee-pulp.mps -threads 12 -timeMode elapsed -branch -printingOptions all -solution /tmp/fa382cc0fd9e46c4b2432a26f9a09fee-pulp.sol (default strategy 1)
At line 2 NAME          MODEL
At line 3 ROWS
At line 437 COLUMNS
At line 3894 RHS
At line 4327 BOUNDS
At line 5192 ENDATA
Problem MODEL has 432 rows, 864 columns and 864 elements
Coin0008I MODEL read with 0 errors
threads was changed from 0 to 12
Option for timeMode changed from cpu to elapsed
Continuous objective value is 7.52515e+08 - 0.00 seconds
Cgl0003I 0 fixed, 864 tightened bounds, 405 strengthened rows, 0 substitutions
Cgl0003I 0 fixed, 0 tightened bounds, 368 strengthened rows, 0 substitutions
Cgl0004I processed model has 432 rows, 864 columns (864 integer (0 of which binary)) and 864 elements
Cbc0012I Integer solution of 1.8463517e+09 found by greedy cover after 0 iterations and 0 nodes (0.02 seconds)
Cbc0038I Full problem 432 rows 864 columns, reduced to 27 rows 54 columns
Cbc0012I Integer solution of 1.7950481e+09 found by DiveCoefficient after 118 iterations and 0 nodes (0.15 seconds)
Cbc0031I 75 added rows had average density of 2
Cbc0013I At root node, 75 cuts changed objective from 1.7155143e+09 to 1.7950481e+09 in 19 passes
Cbc0014I Cut generator 0 (Probing) - 0 row cuts average 0.0 elements, 1 column cuts (1 active)  in 0.094 seconds - new frequency is -100
Cbc0014I Cut generator 1 (Gomory) - 130 row cuts average 2.0 elements, 0 column cuts (0 active)  in 0.002 seconds - new frequency is 1
Cbc0014I Cut generator 2 (Knapsack) - 0 row cuts average 0.0 elements, 0 column cuts (0 active)  in 0.003 seconds - new frequency is -100
Cbc0014I Cut generator 3 (Clique) - 0 row cuts average 0.0 elements, 0 column cuts (0 active)  in 0.000 seconds - new frequency is -100
Cbc0014I Cut generator 4 (MixedIntegerRounding2) - 79 row cuts average 2.0 elements, 0 column cuts (0 active)  in 0.004 seconds - new frequency is 1
Cbc0014I Cut generator 5 (FlowCover) - 0 row cuts average 0.0 elements, 0 column cuts (0 active)  in 0.003 seconds - new frequency is -100
Cbc0014I Cut generator 6 (TwoMirCuts) - 132 row cuts average 2.0 elements, 0 column cuts (0 active)  in 0.005 seconds - new frequency is 1
Cbc0030I Thread 0 used 0 times,  waiting to start 0.0092749596, 0 cpu time, 0 locks, 0 locked, 0 waiting for locks
Cbc0030I Thread 1 used 0 times,  waiting to start 0.0095019341, 0 cpu time, 0 locks, 0 locked, 0 waiting for locks
Cbc0030I Thread 2 used 0 times,  waiting to start 0.0088191032, 0 cpu time, 0 locks, 0 locked, 0 waiting for locks
Cbc0030I Thread 3 used 0 times,  waiting to start 0.00812006, 0 cpu time, 0 locks, 0 locked, 0 waiting for locks
Cbc0030I Thread 4 used 0 times,  waiting to start 0.0073678493, 0 cpu time, 0 locks, 0 locked, 0 waiting for locks
Cbc0030I Thread 5 used 0 times,  waiting to start 0.0066950321, 0 cpu time, 0 locks, 0 locked, 0 waiting for locks
Cbc0030I Thread 6 used 0 times,  waiting to start 0.0060119629, 0 cpu time, 0 locks, 0 locked, 0 waiting for locks
Cbc0030I Thread 7 used 0 times,  waiting to start 0.0053369999, 0 cpu time, 0 locks, 0 locked, 0 waiting for locks
Cbc0030I Thread 8 used 0 times,  waiting to start 0.0046479702, 0 cpu time, 0 locks, 0 locked, 0 waiting for locks
Cbc0030I Thread 9 used 0 times,  waiting to start 0.0039389133, 0 cpu time, 0 locks, 0 locked, 0 waiting for locks
Cbc0030I Thread 10 used 0 times,  waiting to start 0.0032451153, 0 cpu time, 0 locks, 0 locked, 0 waiting for locks
Cbc0030I Thread 11 used 0 times,  waiting to start 0.0025298595, 0 cpu time, 0 locks, 0 locked, 0 waiting for locks
Cbc0030I Main thread 0 waiting for threads,  1 locks, 5.9604645e-06 locked, 0 waiting for locks
Cbc0001I Search completed - best objective 1795048096.5, took 118 iterations and 0 nodes (0.17 seconds)
Cbc0035I Maximum depth 0, 0 variables fixed on reduced cost
Cuts at root node changed objective from 1.71551e+09 to 1.79505e+09
Probing was tried 247 times and created 1 cuts of which 0 were active after adding rounds of cuts (1.218 seconds)
Gomory was tried 247 times and created 1690 cuts of which 0 were active after adding rounds of cuts (0.031 seconds)
Knapsack was tried 247 times and created 0 cuts of which 0 were active after adding rounds of cuts (0.034 seconds)
Clique was tried 247 times and created 0 cuts of which 0 were active after adding rounds of cuts (0.002 seconds)
MixedIntegerRounding2 was tried 247 times and created 1027 cuts of which 0 were active after adding rounds of cuts (0.046 seconds)
FlowCover was tried 247 times and created 0 cuts of which 0 were active after adding rounds of cuts (0.037 seconds)
TwoMirCuts was tried 247 times and created 1716 cuts of which 0 were active after adding rounds of cuts (0.070 seconds)
ZeroHalf was tried 13 times and created 0 cuts of which 0 were active after adding rounds of cuts (0.000 seconds)

Result - Optimal solution found

Objective value:                1795048096.50000000
Enumerated nodes:               0
Total iterations:               118
Time (CPU seconds):             0.16
Time (Wallclock seconds):       0.17

Option for printingOptions changed from normal to all
Total time (CPU seconds):       0.16   (Wallclock seconds):       0.18

